<?xml version="1.0" encoding="UTF-8" ?>
<testsuite errors="1" failures="0" hostname="Eugenio" name="miEjB.BookFacadeTest" tests="0" time="49.102" timestamp="2013-07-29T20:04:50">
  <properties>
    <property name="libs.jsp-compiler.javadoc" value="" />
    <property name="netbeans.autoupdate.country" value="US" />
    <property name="nb.wait.for.caches" value="true" />
    <property name="javac.test.classpath" value="../miLibreria/dist/miLibreria.jar:build/classes:C:\Program Files\NetBeans 7.3.1\platform\modules\ext\junit-4.10.jar" />
    <property name="libs.jsf20.maven-pom" value="" />
    <property name="libs.j2me_ant_ext.javadoc" value="" />
    <property name="source.root" value="src" />
    <property name="libs.junit.javadoc" value="C:\Program Files\NetBeans 7.3.1\java\docs\junit-3.8.2-api.zip" />
    <property name="libs.nokiaS80-ant-utils.javadoc" value="" />
    <property name="ant.core.lib" value="C:\Program Files\NetBeans 7.3.1\java\ant\lib\ant.jar" />
    <property name="libs.jakarta_slide_ant_webdav.javadoc" value="" />
    <property name="javadoc.windowtitle" value="" />
    <property name="libs.jsp-compilation.javadoc" value="" />
    <property name="user.dir" value="C:\Users\Eugenio\Documents\NetBeansProjects\miEJB" />
    <property name="libs.javaee-api-7.0.src" value="" />
    <property name="libs.hibernate-persistence.javadoc" value="" />
    <property name="libs.JMUnit4CLDC10.javadoc" value="C:\Program Files\NetBeans 7.3.1\mobility\modules\docs\jmunit-1.2.1-api.zip" />
    <property name="java.vm.version" value="23.6-b04" />
    <property name="libs.jstl11.maven-pom" value="" />
    <property name="libs.MySQLDriver.classpath" value="C:\Program Files\NetBeans 7.3.1\ide\modules\ext\mysql-connector-java-5.1.23-bin.jar" />
    <property name="libs.eclipselinkmodelgen.src" value="" />
    <property name="libs.jstl11.src" value="" />
    <property name="javadoc.notree" value="false" />
    <property name="netbeans.autoupdate.version" value="1.23" />
    <property name="libs.EclipseLink-GlassFish-v3.classpath" value="C:\Program Files\Glassfish\glassfish\modules\org.eclipse.persistence.antlr.jar;C:\Program Files\Glassfish\glassfish\modules\org.eclipse.persistence.asm.jar;C:\Program Files\Glassfish\glassfish\modules\org.eclipse.persistence.core.jar;C:\Program Files\Glassfish\glassfish\modules\org.eclipse.persistence.dbws.jar;C:\Program Files\Glassfish\glassfish\modules\org.eclipse.persistence.jpa.jar;C:\Program Files\Glassfish\glassfish\modules\org.eclipse.persistence.jpa.jpql.jar;C:\Program Files\Glassfish\glassfish\modules\org.eclipse.persistence.jpa.modelgen.processor.jar;C:\Program Files\Glassfish\glassfish\modules\org.eclipse.persistence.moxy.jar;C:\Program Files\Glassfish\glassfish\modules\org.eclipse.persistence.oracle.jar;C:\Program Files\Glassfish\glassfish\modules\javax.persistence.jar" />
    <property name="libs.javaee-web-api-6.0.classpath" value="C:\Program Files\NetBeans 7.3.1\enterprise\modules\ext\javaee-web-api-6.0.jar" />
    <property name="libs.hibernate-support.maven-pom" value="" />
    <property name="libs.hibernate-support.javadoc" value="" />
    <property name="libs.Java-EE-GlassFish-v3-Prelude.javadoc" value="C:\Program Files\NetBeans 7.3.1\enterprise\docs\javaee-doc-api.jar" />
    <property name="jdk.home" value="C:\Program Files\Java\jdk1.7.0_10" />
    <property name="libs.javac-api.src" value="" />
    <property name="javadoc.noindex" value="false" />
    <property name="sun.os.patch.level" value="" />
    <property name="libs.Java-EE-GlassFish-v3-Prelude.src" value="" />
    <property name="java.vm.specification.name" value="Java Virtual Machine Specification" />
    <property name="libs.semc-ant-utils.classpath" value="C:\Program Files\NetBeans 7.3.1\mobility\modules\ext\org-netbeans-modules-j2me-cdc-project-semc.jar" />
    <property name="nb.show.statistics.ui" value="usageStatisticsEnabled" />
    <property name="libs.nokiadeployment.classpath" value="C:\Program Files\NetBeans 7.3.1\mobility\modules\org-netbeans-modules-mobility-deployment-nokia.jar" />
    <property name="netbeans.autoupdate.variant" value="" />
    <property name="have.tests" value="true" />
    <property name="libs.nokiaS80-ant-utils.maven-pom" value="" />
    <property name="org.xml.sax.driver" value="com.sun.org.apache.xerces.internal.jaxp.SAXParserImpl$JAXPSAXParser" />
    <property name="j2ee.server.instance" value="[C:\Program Files\Glassfish\glassfish;C:\Program Files\Glassfish\glassfish\domains\dominio_pruebas]deployer:gfv3ee6wc:localhost:4848" />
    <property name="libs.javac-api.javadoc" value="" />
    <property name="os.name" value="Windows 8" />
    <property name="libs.beans-binding.classpath" value="C:\Program Files\NetBeans 7.3.1\java\modules\ext\beansbinding-1.2.1.jar" />
    <property name="libs.javaee-endorsed-api-7.0.maven-pom" value="" />
    <property name="ap.proc.none.internal" value="" />
    <property name="libs.restapi.javadoc" value="C:\Program Files\NetBeans 7.3.1\enterprise\docs\jsr311-api-1.1.1-javadoc.zip" />
    <property name="libs.JWSAntTasks.maven-pom" value="" />
    <property name="libs.testng.src" value="" />
    <property name="libs.ojec-ant-utils.src" value="" />
    <property name="libs.spring-webmvc3.0.src" value="" />
    <property name="libs.restapi.classpath" value="C:\Program Files\NetBeans 7.3.1\enterprise\modules\ext\rest\jsr311-api-1.1.1.jar" />
    <property name="runmain.jvmargs" value="" />
    <property name="java.vendor.url.bug" value="http://bugreport.sun.com/bugreport/" />
    <property name="libs.jaxb.maven-pom" value="" />
    <property name="os.arch" value="amd64" />
    <property name="libs.eclipselink.src" value="" />
    <property name="user.name" value="Eugenio" />
    <property name="j2ee.compile.on.save" value="true" />
    <property name="libs.jsf12.javadoc" value="C:\Program Files\NetBeans 7.3.1\enterprise\docs\javaee-doc-api.jar" />
    <property name="libs.Comet-GlassFish-v3.javadoc" value="" />
    <property name="libs.spring-webmvc3.0.maven-pom" value="" />
    <property name="libs.swing-layout.maven-pom" value="" />
    <property name="sun.java.command" value="org.apache.tools.ant.taskdefs.optional.junit.JUnitTestRunner miEjB.BookFacadeTest filtertrace=true haltOnError=false haltOnFailure=false showoutput=true outputtoformatters=true logfailedtests=true logtestlistenerevents=true formatter=org.apache.tools.ant.taskdefs.optional.junit.BriefJUnitResultFormatter formatter=org.apache.tools.ant.taskdefs.optional.junit.XMLJUnitResultFormatter,C:\Users\Eugenio\Documents\NetBeansProjects\miEJB\build\test\results\TEST-miEjB.BookFacadeTest.xml crashfile=C:\Users\Eugenio\Documents\NetBeansProjects\miEJB\build\junitvmwatcher2621019548940826445.properties propsfile=C:\Users\Eugenio\Documents\NetBeansProjects\miEJB\build\junit3374421092662238159.properties" />
    <property name="build.classes.dir" value="build/classes" />
    <property name="netbeans.accept_license_class" value="org.netbeans.license.AcceptLicense" />
    <property name="ap.supported.internal" value="true" />
    <property name="libs.javaee-endorsed-api-7.0.javadoc" value="C:\Program Files\NetBeans 7.3.1\enterprise\docs\javaee-doc-api.jar" />
    <property name="libs.jaxws21.javadoc" value="C:\Program Files\NetBeans 7.3.1\java\docs\jaxws-api-doc.zip" />
    <property name="project.miLibreria" value="../miLibreria" />
    <property name="includes" value="**" />
    <property name="j2ee.platform.wsimport.classpath" value="C:/Program Files/Glassfish/glassfish/modules/webservices-osgi.jar:C:/Program Files/Glassfish/glassfish/modules/endorsed/webservices-api-osgi.jar:C:/Program Files/Glassfish/glassfish/modules/jaxb-osgi.jar:C:/Program Files/Glassfish/glassfish/modules/endorsed/jaxb-api-osgi.jar" />
    <property name="libs.ojec-ant-utils.maven-pom" value="" />
    <property name="user.country" value="US" />
    <property name="libs.jstl11.javadoc" value="C:\Program Files\NetBeans 7.3.1\enterprise\docs\javaee-doc-api.jar" />
    <property name="libs.JMUnit4CLDC11.src" value="" />
    <property name="javadoc.encoding" value="UTF-8" />
    <property name="javac.classpath" value="../miLibreria/dist/miLibreria.jar" />
    <property name="libs.jsp-compilation-syscp.src" value="" />
    <property name="libs.JAVADB_DRIVER_LABEL.src" value="" />
    <property name="debug-transport" value="dt_shmem" />
    <property name="meta.inf" value="src/conf" />
    <property name="netbeans.home" value="C:\Program Files\NetBeans 7.3.1\platform" />
    <property name="build.compiler.emacs" value="true" />
    <property name="libs.javaee-web-api-6.0.src" value="" />
    <property name="libs.ejb3-persistence.src" value="" />
    <property name="do.package.with.custom.manifest.not.directory.deploy" value="true" />
    <property name="libs.jsp-compilation-syscp.classpath" value="C:\Program Files\NetBeans 7.3.1\java\ant\lib\ant.jar;C:\Program Files\NetBeans 7.3.1\enterprise\modules\ext\servlet3.1-jsp2.3-api.jar;C:\Program Files\NetBeans 7.3.1\enterprise\modules\ext\glassfish-jspparser-4.0.jar;C:\Program Files\NetBeans 7.3.1\enterprise\modules\ext\standard.jar;C:\Program Files\NetBeans 7.3.1\enterprise\modules\ext\jsf-2_2\javax.faces.jar" />
    <property name="libs.nokiaS80-ant-utils.src" value="" />
    <property name="libs.cdc-pp-awt-layout.javadoc" value="" />
    <property name="libs.j2me_ant_ext.classpath" value="C:\Program Files\NetBeans 7.3.1\mobility\modules\org-netbeans-modules-mobility-antext.jar;C:\Program Files\NetBeans 7.3.1\java\modules\org-netbeans-modules-classfile.jar" />
    <property name="java.endorsed.dirs" value="C:\Program Files\Java\jdk1.7.0_10\jre\lib\endorsed" />
    <property name="user.language.format" value="es" />
    <property name="libs.Comet-GlassFish-v3.maven-pom" value="" />
    <property name="netbeans.dynamic.classpath" value="C:\Program Files\NetBeans 7.3.1\platform\core\core.jar;C:\Program Files\NetBeans 7.3.1\platform\core\org-openide-filesystems.jar;C:\Program Files\NetBeans 7.3.1\platform\core\locale\core_ja.jar;C:\Program Files\NetBeans 7.3.1\platform\core\locale\core_pt_BR.jar;C:\Program Files\NetBeans 7.3.1\platform\core\locale\core_ru.jar;C:\Program Files\NetBeans 7.3.1\platform\core\locale\core_zh_CN.jar;C:\Program Files\NetBeans 7.3.1\platform\core\locale\org-openide-filesystems_ja.jar;C:\Program Files\NetBeans 7.3.1\platform\core\locale\org-openide-filesystems_pt_BR.jar;C:\Program Files\NetBeans 7.3.1\platform\core\locale\org-openide-filesystems_ru.jar;C:\Program Files\NetBeans 7.3.1\platform\core\locale\org-openide-filesystems_zh_CN.jar;C:\Program Files\NetBeans 7.3.1\nb\core\org-netbeans-upgrader.jar;C:\Program Files\NetBeans 7.3.1\nb\core\locale\core_nb.jar;C:\Program Files\NetBeans 7.3.1\nb\core\locale\org-netbeans-upgrader_ja.jar;C:\Program Files\NetBeans 7.3.1\nb\core\locale\org-netbeans-upgrader_pt_BR.jar;C:\Program Files\NetBeans 7.3.1\nb\core\locale\org-netbeans-upgrader_ru.jar;C:\Program Files\NetBeans 7.3.1\nb\core\locale\org-netbeans-upgrader_zh_CN.jar" />
    <property name="libs.cdc-agui-swing-layout.maven-pom" value="" />
    <property name="libs.cdc-pp-awt-layout.src" value="C:\Program Files\NetBeans 7.3.1\mobility\sources\cdc-pp-awt-layout-src.zip" />
    <property name="java.vm.specification.version" value="1.7" />
    <property name="libs.jakarta_slide_ant_webdav.src" value="" />
    <property name="libs.primefaces.classpath" value="C:\Program Files\NetBeans 7.3.1\enterprise\modules\ext\primefaces\primefaces-3.5.jar" />
    <property name="libs.javaee-api-6.0.classpath" value="C:\Program Files\NetBeans 7.3.1\enterprise\modules\ext\javaee-api-6.0.jar" />
    <property name="libs.sjmc-ant-utils.maven-pom" value="" />
    <property name="libs.JMUnit4CLDC10.maven-pom" value="" />
    <property name="netbeans.productversion" value="NetBeans IDE 7.3.1 (Build 201306052037)" />
    <property name="libs.hibernate-persistence.classpath" value="C:\Program Files\NetBeans 7.3.1\java\modules\ext\hibernate\antlr-2.7.6.jar;C:\Program Files\NetBeans 7.3.1\java\modules\ext\hibernate\asm.jar;C:\Program Files\NetBeans 7.3.1\java\modules\ext\hibernate\asm-attrs.jar;C:\Program Files\NetBeans 7.3.1\java\modules\ext\hibernate\cglib-2.1.3.jar;C:\Program Files\NetBeans 7.3.1\java\modules\ext\hibernate\commons-collections-2.1.1.jar;C:\Program Files\NetBeans 7.3.1\ide\modules\org-apache-commons-logging.jar;C:\Program Files\NetBeans 7.3.1\java\modules\ext\hibernate\dom4j-1.6.1.jar;C:\Program Files\NetBeans 7.3.1\java\modules\ext\hibernate\ehcache-1.2.3.jar;C:\Program Files\NetBeans 7.3.1\java\modules\ext\hibernate\jdbc2_0-stdext.jar;C:\Program Files\NetBeans 7.3.1\java\modules\ext\hibernate\jta.jar;C:\Program Files\NetBeans 7.3.1\java\modules\ext\hibernate\hibernate3.jar;C:\Program Files\NetBeans 7.3.1\java\modules\ext\hibernate\hibernate-tools.jar;C:\Program Files\NetBeans 7.3.1\java\modules\ext\hibernate\hibernate-annotations.jar;C:\Program Files\NetBeans 7.3.1\java\modules\ext\hibernate\hibernate-commons-annotations.jar;C:\Program Files\NetBeans 7.3.1\java\modules\ext\hibernate\hibernate-entitymanager.jar;C:\Program Files\NetBeans 7.3.1\java\modules\ext\hibernate\javassist.jar;C:\Program Files\NetBeans 7.3.1\java\modules\ext\hibernate\ejb3-persistence.jar" />
    <property name="libs.jaxws21.src" value="" />
    <property name="meta.inf.excludes" value="sun-cmp-mappings.xml" />
    <property name="netbeans.autoupdate.language" value="en" />
    <property name="libs.jakarta_slide_ant_webdav.classpath" value="C:\Program Files\NetBeans 7.3.1\mobility\modules\ext\commons-httpclient-3.0.1.jar;C:\Program Files\NetBeans 7.3.1\ide\modules\org-apache-commons-logging.jar;C:\Program Files\NetBeans 7.3.1\mobility\modules\ext\jdom-1.0.jar;C:\Program Files\NetBeans 7.3.1\mobility\modules\ext\jakarta-slide-webdavlib-2.1.jar;C:\Program Files\NetBeans 7.3.1\mobility\modules\ext\jakarta-slide-ant-webdav-2.1.jar" />
    <property name="java.vendor" value="Oracle Corporation" />
    <property name="libs.JMUnit4CLDC10.src" value="" />
    <property name="libs.javaee-api-6.0.javadoc" value="C:\Program Files\NetBeans 7.3.1\enterprise\docs\javaee-doc-api.jar" />
    <property name="javac.debug" value="true" />
    <property name="javadoc.splitindex" value="true" />
    <property name="file.separator" value="\" />
    <property name="libs.Java-EE-GlassFish-v3-Prelude.maven-pom" value="" />
    <property name="libs.junit_4.maven-pom" value="" />
    <property name="resource.dir" value="setup" />
    <property name="javac.test.processorpath" value="../miLibreria/dist/miLibreria.jar:build/classes:C:\Program Files\NetBeans 7.3.1\platform\modules\ext\junit-4.10.jar" />
    <property name="netbeans.buildnumber" value="201306052037" />
    <property name="libs.JWSAntTasks.javadoc" value="" />
    <property name="build.generated.sources.dir" value="build/generated-sources" />
    <property name="user.variant" value="" />
    <property name="libs.eclipselinkmodelgen.classpath" value="C:\Program Files\NetBeans 7.3.1\java\modules\ext\eclipselink\org.eclipse.persistence.jpa.modelgen_2.5.0.v20130507-3faac2b.jar" />
    <property name="libs.javaee-endorsed-api-7.0.src" value="" />
    <property name="sun.java.launcher" value="SUN_STANDARD" />
    <property name="libs.junit.classpath" value="C:\Program Files\NetBeans 7.3.1\java\modules\ext\junit-3.8.2.jar" />
    <property name="libs.jaxb.javadoc" value="C:\Program Files\NetBeans 7.3.1\ide\docs\jaxb-api-doc.zip" />
    <property name="libs.struts.classpath" value="C:\Program Files\NetBeans 7.3.1\enterprise\modules\ext\struts\antlr-2.7.2.jar;C:\Program Files\NetBeans 7.3.1\enterprise\modules\ext\struts\bsf-2.3.0.jar;C:\Program Files\NetBeans 7.3.1\enterprise\modules\ext\struts\commons-beanutils-1.8.0.jar;C:\Program Files\NetBeans 7.3.1\enterprise\modules\ext\struts\commons-chain-1.2.jar;C:\Program Files\NetBeans 7.3.1\enterprise\modules\ext\struts\commons-digester-1.8.jar;C:\Program Files\NetBeans 7.3.1\enterprise\modules\ext\struts\commons-fileupload-1.1.1.jar;C:\Program Files\NetBeans 7.3.1\enterprise\modules\ext\struts\commons-io-1.1.jar;C:\Program Files\NetBeans 7.3.1\enterprise\modules\ext\struts\commons-logging-1.0.4.jar;C:\Program Files\NetBeans 7.3.1\enterprise\modules\ext\struts\commons-validator-1.3.1.jar;C:\Program Files\NetBeans 7.3.1\enterprise\modules\ext\struts\jstl-1.0.2.jar;C:\Program Files\NetBeans 7.3.1\enterprise\modules\ext\struts\oro-2.0.8.jar;C:\Program Files\NetBeans 7.3.1\enterprise\modules\ext\struts\standard-1.0.6.jar;C:\Program Files\NetBeans 7.3.1\enterprise\modules\ext\struts\struts-core-1.3.10.jar;C:\Program Files\NetBeans 7.3.1\enterprise\modules\ext\struts\struts-el-1.3.10.jar;C:\Program Files\NetBeans 7.3.1\enterprise\modules\ext\struts\struts-extras-1.3.10.jar;C:\Program Files\NetBeans 7.3.1\enterprise\modules\ext\struts\struts-faces-1.3.10.jar;C:\Program Files\NetBeans 7.3.1\enterprise\modules\ext\struts\struts-mailreader-dao-1.3.10.jar;C:\Program Files\NetBeans 7.3.1\enterprise\modules\ext\struts\struts-scripting-1.3.10.jar;C:\Program Files\NetBeans 7.3.1\enterprise\modules\ext\struts\struts-taglib-1.3.10.jar;C:\Program Files\NetBeans 7.3.1\enterprise\modules\ext\struts\struts-tiles-1.3.10.jar" />
    <property name="ant.home" value="C:\Program Files\NetBeans 7.3.1\java\ant" />
    <property name="libs.junit_4.src" value="C:\Program Files\NetBeans 7.3.1\java\docs\junit-4.10-sources.jar" />
    <property name="libs.testng.classpath" value="C:\Program Files\NetBeans 7.3.1\platform\modules\ext\testng-6.5.1-dist.jar" />
    <property name="libs.absolutelayout.maven-pom" value="" />
    <property name="ant.java.version" value="1.7" />
    <property name="java.library.path" value="C:\Program Files\Java\jdk1.7.0_10\jre\bin;C:\Windows\Sun\Java\bin;C:\Windows\system32;C:\Windows;C:\Program Files (x86)\TIBCO\studio-community-3.5\tibrv\8.3\bin;C:\Program Files (x86)\Intel\iCLS Client\;C:\Program Files\Intel\iCLS Client\;C:\Windows\system32;C:\Windows;C:\Windows\System32\Wbem;C:\Windows\System32\WindowsPowerShell\v1.0\;C:\Program Files\Intel\Intel(R) Management Engine Components\DAL;C:\Program Files\Intel\Intel(R) Management Engine Components\IPT;C:\Program Files (x86)\Intel\Intel(R) Management Engine Components\DAL;C:\Program Files (x86)\Intel\Intel(R) Management Engine Components\IPT;C:\Program Files (x86)\Microsoft ASP.NET\ASP.NET Web Pages\v1.0\;C:\Program Files (x86)\Windows Kits\8.0\Windows Performance Toolkit\;C:\Program Files\Microsoft SQL Server\110\Tools\Binn\;C:\Program Files\MATLAB\R2011b\runtime\win64;C:\Program Files\MATLAB\R2011b\bin;C:\Program Files\Microsoft SQL Server\110\DTS\Binn\;C:\Program Files (x86)\Microsoft SQL Server\110\Tools\Binn\ManagementStudio\;C:\Program Files (x86)\Microsoft SQL Server\110\Tools\Binn\;C:\Program Files (x86)\Microsoft Visual Studio 10.0\Common7\IDE\Pr;C:\Program Files\Microsoft\Web Platform Installer\;C:\Program Files (x86)\Microsoft SDKs\Windows Azure\CLI\wbin;C:\Users\Eugenio\AppData\Roaming\npm\;." />
    <property name="javadoc.author" value="false" />
    <property name="libs.metro.maven-pom" value="" />
    <property name="libs.EclipseLink-GlassFish-v3.src" value="" />
    <property name="java.util.logging.config.class" value="org.netbeans.core.startup.TopLogging" />
    <property name="libs.PostgreSQLDriver.src" value="" />
    <property name="sun.arch.data.model" value="64" />
    <property name="basedir" value="C:\Users\Eugenio\Documents\NetBeansProjects\miEJB" />
    <property name="libs.jpa20-persistence.maven-pom" value="" />
    <property name="build.ear.classes.dir" value="build/classes" />
    <property name="jar.compress" value="false" />
    <property name="libs.javaee-web-api-7.0.classpath" value="C:\Program Files\NetBeans 7.3.1\enterprise\modules\ext\javaee-web-api-7.0.jar" />
    <property name="libs.jstl11.classpath" value="C:\Program Files\NetBeans 7.3.1\enterprise\modules\ext\standard.jar;C:\Program Files\NetBeans 7.3.1\enterprise\modules\ext\jstl.jar" />
    <property name="path.separator" value=";" />
    <property name="libs.javaee-web-api-6.0.javadoc" value="C:\Program Files\NetBeans 7.3.1\enterprise\docs\javaee-doc-api.jar" />
    <property name="ant.junit.enabletestlistenerevents" value="true" />
    <property name="sun.io.unicode.encoding" value="UnicodeLittle" />
    <property name="libs.semc-ant-utils.javadoc" value="" />
    <property name="libs.jaxws21.classpath" value="C:\Program Files\NetBeans 7.3.1\ide\modules\ext\jaxb\jaxb-impl.jar;C:\Program Files\NetBeans 7.3.1\ide\modules\ext\jaxb\jaxb-xjc.jar;C:\Program Files\NetBeans 7.3.1\java\modules\ext\jaxws22\FastInfoset.jar;C:\Program Files\NetBeans 7.3.1\java\modules\ext\jaxws22\gmbal-api-only.jar;C:\Program Files\NetBeans 7.3.1\java\modules\ext\jaxws22\ha-api.jar;C:\Program Files\NetBeans 7.3.1\java\modules\ext\jaxws22\javax.mail_1.4.jar;C:\Program Files\NetBeans 7.3.1\java\modules\ext\jaxws22\jaxws-rt.jar;C:\Program Files\NetBeans 7.3.1\java\modules\ext\jaxws22\jaxws-tools.jar;C:\Program Files\NetBeans 7.3.1\java\modules\ext\jaxws22\management-api.jar;C:\Program Files\NetBeans 7.3.1\java\modules\ext\jaxws22\mimepull.jar;C:\Program Files\NetBeans 7.3.1\java\modules\ext\jaxws22\policy.jar;C:\Program Files\NetBeans 7.3.1\java\modules\ext\jaxws22\saaj-impl.jar;C:\Program Files\NetBeans 7.3.1\java\modules\ext\jaxws22\stax-ex.jar;C:\Program Files\NetBeans 7.3.1\java\modules\ext\jaxws22\stax2-api.jar;C:\Program Files\NetBeans 7.3.1\java\modules\ext\jaxws22\streambuffer.jar;C:\Program Files\NetBeans 7.3.1\java\modules\ext\jaxws22\woodstox-core-asl.jar;C:\Program Files\NetBeans 7.3.1\java\modules\ext\jaxws22\api\jaxws-api.jar;C:\Program Files\NetBeans 7.3.1\java\modules\ext\jaxws22\api\jsr181-api.jar;C:\Program Files\NetBeans 7.3.1\java\modules\ext\jaxws22\api\javax.annotation.jar;C:\Program Files\NetBeans 7.3.1\java\modules\ext\jaxws22\api\saaj-api.jar;C:\Program Files\NetBeans 7.3.1\ide\modules\ext\jaxb\activation.jar;C:\Program Files\NetBeans 7.3.1\ide\modules\ext\jaxb\api\jaxb-api.jar;C:\Program Files\NetBeans 7.3.1\ide\modules\ext\jaxb\api\jsr173_1.0_api.jar" />
    <property name="libs.struts.src" value="" />
    <property name="apple.awt.graphics.UseQuartz" value="true" />
    <property name="user.language" value="en" />
    <property name="j2ee.platform.classpath" value="C:/Program Files/Glassfish/mq/lib/jaxm-api.jar:C:/Program Files/Glassfish/glassfish/modules/endorsed/javax.annotation-api.jar:C:/Program Files/Glassfish/glassfish/modules/endorsed/jaxb-api-osgi.jar:C:/Program Files/Glassfish/glassfish/modules/endorsed/webservices-api-osgi.jar:C:/Program Files/Glassfish/glassfish/modules/bean-validator.jar:C:/Program Files/Glassfish/glassfish/modules/javax.batch-api.jar:C:/Program Files/Glassfish/glassfish/modules/javax.ejb-api.jar:C:/Program Files/Glassfish/glassfish/modules/javax.el.jar:C:/Program Files/Glassfish/glassfish/modules/javax.enterprise.concurrent-api.jar:C:/Program Files/Glassfish/glassfish/modules/javax.enterprise.concurrent.jar:C:/Program Files/Glassfish/glassfish/modules/javax.enterprise.deploy-api.jar:C:/Program Files/Glassfish/glassfish/modules/javax.faces.jar:C:/Program Files/Glassfish/glassfish/modules/javax.inject.jar:C:/Program Files/Glassfish/glassfish/modules/javax.interceptor-api.jar:C:/Program Files/Glassfish/glassfish/modules/javax.jms-api.jar:C:/Program Files/Glassfish/glassfish/modules/javax.json.jar:C:/Program Files/Glassfish/glassfish/modules/javax.mail.jar:C:/Program Files/Glassfish/glassfish/modules/javax.management.j2ee-api.jar:C:/Program Files/Glassfish/glassfish/modules/javax.persistence.jar:C:/Program Files/Glassfish/glassfish/modules/javax.resource-api.jar:C:/Program Files/Glassfish/glassfish/modules/javax.security.auth.message-api.jar:C:/Program Files/Glassfish/glassfish/modules/javax.security.jacc-api.jar:C:/Program Files/Glassfish/glassfish/modules/javax.servlet-api.jar:C:/Program Files/Glassfish/glassfish/modules/javax.servlet.jsp-api.jar:C:/Program Files/Glassfish/glassfish/modules/javax.servlet.jsp.jar:C:/Program Files/Glassfish/glassfish/modules/javax.servlet.jsp.jstl-api.jar:C:/Program Files/Glassfish/glassfish/modules/javax.servlet.jsp.jstl.jar:C:/Program Files/Glassfish/glassfish/modules/javax.transaction-api.jar:C:/Program Files/Glassfish/glassfish/modules/javax.websocket-api.jar:C:/Program Files/Glassfish/glassfish/modules/javax.ws.rs-api.jar:C:/Program Files/Glassfish/glassfish/modules/javax.xml.registry-api.jar:C:/Program Files/Glassfish/glassfish/modules/javax.xml.rpc-api.jar:C:/Program Files/Glassfish/glassfish/modules/jaxb-osgi.jar:C:/Program Files/Glassfish/glassfish/modules/webservices-osgi.jar:C:/Program Files/Glassfish/glassfish/modules/weld-osgi-bundle.jar" />
    <property name="testng.mode" value="testng" />
    <property name="libs.JAXB-ENDORSED.maven-pom" value="" />
    <property name="libs.spring-framework.classpath" value="C:\Program Files\NetBeans 7.3.1\ide\modules\org-apache-commons-logging.jar;C:\Program Files\NetBeans 7.3.1\java\modules\ext\cglib-2.2.jar;C:\Program Files\NetBeans 7.3.1\java\modules\ext\spring\spring-2.5.6.SEC03.jar" />
    <property name="libs.eclipselink.maven-pom" value="" />
    <property name="test.binaryincludes" value="&lt;nothing&gt;" />
    <property name="libs.primefaces.javadoc" value="" />
    <property name="libs.spring-framework300.maven-pom" value="" />
    <property name="run.test.classpath" value="../miLibreria/dist/miLibreria.jar:build/classes:C:\Program Files\NetBeans 7.3.1\platform\modules\ext\junit-4.10.jar:build/test/classes" />
    <property name="ant.project.invoked-targets" value="test" />
    <property name="test.binaryexcludes" value="" />
    <property name="libs.swing-layout.javadoc" value="C:\Program Files\NetBeans 7.3.1\platform\docs\swing-layout-1.0.4-doc.zip" />
    <property name="sun.java2d.dpiaware" value="true" />
    <property name="libs.ejb3-persistence.maven-pom" value="" />
    <property name="ant.file.type.miEJB-impl" value="file" />
    <property name="libs.PostgreSQLDriver.maven-pom" value="" />
    <property name="java.class.version" value="51.0" />
    <property name="libs.JAVADB_DRIVER_LABEL.classpath" value="C:\Program Files\glassfish-4.0\javadb\lib\derby.jar;C:\Program Files\glassfish-4.0\javadb\lib\derbyclient.jar;C:\Program Files\glassfish-4.0\javadb\lib\derbynet.jar" />
    <property name="ant.file.miEJB" value="C:\Users\Eugenio\Documents\NetBeansProjects\miEJB\build.xml" />
    <property name="libs.javaee-endorsed-api-6.0.src" value="" />
    <property name="libs.cdc-ant-utils.classpath" value="C:\Program Files\NetBeans 7.3.1\mobility\modules\ext\org-netbeans-modules-j2me-cdc-project.jar" />
    <property name="netbeans.system_http_proxy" value="DIRECT" />
    <property name="libs.eclipselink.javadoc" value="" />
    <property name="libs.jsp-compilation.maven-pom" value="" />
    <property name="user.properties.file" value="C:\Users\Eugenio\AppData\Roaming\NetBeans\7.3.1\build.properties" />
    <property name="libs.spring-framework.src" value="" />
    <property name="libs.javac-api.maven-pom" value="" />
    <property name="file.encoding.pkg" value="sun.io" />
    <property name="sun.cpu.endian" value="little" />
    <property name="libs.JAXB-ENDORSED.javadoc" value="" />
    <property name="j2ee.server.middleware" value="C:/Program Files/Glassfish" />
    <property name="libs.JWSAntTasks.classpath" value="C:\Program Files\NetBeans 7.3.1\java\ant\extra\org-netbeans-modules-javawebstart-anttasks.jar" />
    <property name="libs.spring-framework300.src" value="" />
    <property name="libs.ant-contrib.classpath" value="C:\Program Files\NetBeans 7.3.1\mobility\modules\ext\ant-contrib-1.0b3.jar" />
    <property name="empty.dir" value="C:\Users\Eugenio\Documents\NetBeansProjects\miEJB\build\empty" />
    <property name="version-output" value="java version &quot;1.7" />
    <property name="test.binarytestincludes" value="" />
    <property name="javadoc.preview" value="true" />
    <property name="libs.jpa20-persistence.javadoc" value="" />
    <property name="java.home" value="C:\Program Files\Java\jdk1.7.0_10\jre" />
    <property name="libs.ojec-ant-utils.javadoc" value="" />
    <property name="libs.jsp-compilation.src" value="" />
    <property name="libs.spring-webmvc.src" value="" />
    <property name="libs.ant-contrib.javadoc" value="" />
    <property name="debug.test.classpath" value="../miLibreria/dist/miLibreria.jar:build/classes:C:\Program Files\NetBeans 7.3.1\platform\modules\ext\junit-4.10.jar:build/test/classes" />
    <property name="libs.javaee-endorsed-api-6.0.classpath" value="C:\Program Files\NetBeans 7.3.1\enterprise\modules\ext\javaee6-endorsed\javax.annotation.jar;C:\Program Files\NetBeans 7.3.1\enterprise\modules\ext\javaee6-endorsed\jaxb-api-osgi.jar;C:\Program Files\NetBeans 7.3.1\enterprise\modules\ext\javaee6-endorsed\webservices-api-osgi.jar" />
    <property name="libs.javaee-api-6.0.src" value="" />
    <property name="netbeans.importclass" value="org.netbeans.upgrade.AutoUpgrade" />
    <property name="ant.project.default-target" value="default" />
    <property name="annotation.processing.run.all.processors" value="true" />
    <property name="libs.savaje-ant-utils.classpath" value="C:\Program Files\NetBeans 7.3.1\mobility\modules\ext\org-netbeans-modules-j2me-cdc-project-savaje.jar" />
    <property name="libs.PostgreSQLDriver.javadoc" value="" />
    <property name="libs.restlib.classpath" value="C:\Program Files\NetBeans 7.3.1\enterprise\modules\ext\rest\asm-3.1.jar;C:\Program Files\NetBeans 7.3.1\enterprise\modules\ext\rest\jackson-core-asl-1.9.2.jar;C:\Program Files\NetBeans 7.3.1\enterprise\modules\ext\rest\jackson-jaxrs-1.9.2.jar;C:\Program Files\NetBeans 7.3.1\enterprise\modules\ext\rest\jackson-mapper-asl-1.9.2.jar;C:\Program Files\NetBeans 7.3.1\enterprise\modules\ext\rest\jackson-xc-1.9.2.jar;C:\Program Files\NetBeans 7.3.1\enterprise\modules\ext\rest\jersey-apache-client-1.13.jar;C:\Program Files\NetBeans 7.3.1\enterprise\modules\ext\rest\jersey-atom-abdera-1.13.jar;C:\Program Files\NetBeans 7.3.1\enterprise\modules\ext\rest\jersey-client-1.13.jar;C:\Program Files\NetBeans 7.3.1\enterprise\modules\ext\rest\jersey-core-1.13.jar;C:\Program Files\NetBeans 7.3.1\enterprise\modules\ext\rest\jersey-guice-1.13.jar;C:\Program Files\NetBeans 7.3.1\enterprise\modules\ext\rest\jersey-json-1.13.jar;C:\Program Files\NetBeans 7.3.1\enterprise\modules\ext\rest\jersey-multipart-1.13.jar;C:\Program Files\NetBeans 7.3.1\enterprise\modules\ext\rest\jersey-server-1.13.jar;C:\Program Files\NetBeans 7.3.1\enterprise\modules\ext\rest\jersey-servlet-1.13.jar;C:\Program Files\NetBeans 7.3.1\enterprise\modules\ext\rest\jersey-simple-server-1.13.jar;C:\Program Files\NetBeans 7.3.1\enterprise\modules\ext\rest\jersey-spring-1.13.jar;C:\Program Files\NetBeans 7.3.1\enterprise\modules\ext\rest\jettison-1.1.jar;C:\Program Files\NetBeans 7.3.1\enterprise\modules\ext\rest\oauth-client-1.13.jar;C:\Program Files\NetBeans 7.3.1\enterprise\modules\ext\rest\oauth-server-1.13.jar;C:\Program Files\NetBeans 7.3.1\enterprise\modules\ext\rest\oauth-signature-1.13.jar;C:\Program Files\NetBeans 7.3.1\ide\modules\ext\jaxb\activation.jar;C:\Program Files\NetBeans 7.3.1\ide\modules\ext\jaxb\api\jaxb-api.jar;C:\Program Files\NetBeans 7.3.1\ide\modules\ext\jaxb\api\jsr173_1.0_api.jar" />
    <property name="libs.JMUnit4CLDC11.javadoc" value="C:\Program Files\NetBeans 7.3.1\mobility\modules\docs\jmunit-1.2.1-api.zip" />
    <property name="libs.MySQLDriver.maven-pom" value="" />
    <property name="j2ee.platform.wsgen.classpath" value="C:/Program Files/Glassfish/glassfish/modules/webservices-osgi.jar:C:/Program Files/Glassfish/glassfish/modules/endorsed/webservices-api-osgi.jar:C:/Program Files/Glassfish/glassfish/modules/jaxb-osgi.jar:C:/Program Files/Glassfish/glassfish/modules/endorsed/jaxb-api-osgi.jar" />
    <property name="libs.savaje-ant-utils.src" value="" />
    <property name="libs.junit_4.javadoc" value="C:\Program Files\NetBeans 7.3.1\java\docs\junit-4.10-javadoc.jar" />
    <property name="libs.spring-webmvc.javadoc" value="" />
    <property name="libs.EclipseLink-GlassFish-v3.maven-pom" value="" />
    <property name="libs.javaee-web-api-6.0.maven-pom" value="" />
    <property name="libs.cdc-pp-awt-layout.classpath" value="C:\Program Files\NetBeans 7.3.1\mobility\modules\ext\cdc-pp-awt-layout.jar" />
    <property name="j2ee.deploy.on.save" value="true" />
    <property name="jar.name" value="miEJB.jar" />
    <property name="libs.cdc-agui-swing-layout.src" value="C:\Program Files\NetBeans 7.3.1\mobility\sources\cdc-agui-swing-layout-src.zip" />
    <property name="libs.hibernate-support.src" value="" />
    <property name="jna.boot.library.name" value="jnidispatch-340" />
    <property name="libs.javaee-endorsed-api-6.0.javadoc" value="C:\Program Files\NetBeans 7.3.1\enterprise\docs\javaee-doc-api.jar" />
    <property name="libs.javaee-api-7.0.classpath" value="C:\Program Files\NetBeans 7.3.1\enterprise\modules\ext\javaee-api-7.0.jar" />
    <property name="libs.JMUnit4CLDC11.classpath" value="C:\Program Files\NetBeans 7.3.1\mobility\modules\ext\jmunit4cldc11-1.2.1.jar" />
    <property name="sun.awt.datatransfer.timeout" value="1000" />
    <property name="libs.spring-webmvc3.0.javadoc" value="" />
    <property name="annotation.processing.enabled.in.editor" value="true" />
    <property name="libs.semc-ant-utils.maven-pom" value="" />
    <property name="nb.native.filechooser" value="false" />
    <property name="libs.nokiadeployment.maven-pom" value="" />
    <property name="libs.restapi.src" value="" />
    <property name="sun.management.compiler" value="HotSpot 64-Bit Tiered Compilers" />
    <property name="javac.deprecation" value="false" />
    <property name="javadoc.use" value="true" />
    <property name="sun.java2d.noddraw" value="true" />
    <property name="libs.jsp-compiler.classpath" value="C:\Program Files\NetBeans 7.3.1\enterprise\ant\extra\jspcompile.jar" />
    <property name="javac.processorpath" value="../miLibreria/dist/miLibreria.jar:C:\Program Files\NetBeans 7.3.1\java\modules\ext\eclipselink\eclipselink.jar;C:\Program Files\NetBeans 7.3.1\java\modules\ext\eclipselink\javax.persistence_2.1.0.v201304241213.jar;C:\Program Files\NetBeans 7.3.1\java\modules\ext\eclipselink\org.eclipse.persistence.jpa.jpql_2.5.0.v20130507-3faac2b.jar:C:\Program Files\NetBeans 7.3.1\java\modules\ext\eclipselink\org.eclipse.persistence.jpa.modelgen_2.5.0.v20130507-3faac2b.jar" />
    <property name="libs.spring-webmvc.classpath" value="C:\Program Files\NetBeans 7.3.1\enterprise\modules\ext\spring\spring-webmvc-2.5.6.SEC03.jar" />
    <property name="javac.compilerargs" value="" />
    <property name="ant.file" value="C:\Users\Eugenio\Documents\NetBeansProjects\miEJB\build.xml" />
    <property name="libs.beans-binding.maven-pom" value="" />
    <property name="libs.jsf12.classpath" value="C:\Program Files\NetBeans 7.3.1\enterprise\modules\ext\jsf-1_2\commons-beanutils.jar;C:\Program Files\NetBeans 7.3.1\enterprise\modules\ext\jsf-1_2\commons-collections.jar;C:\Program Files\NetBeans 7.3.1\enterprise\modules\ext\jsf-1_2\commons-digester.jar;C:\Program Files\NetBeans 7.3.1\enterprise\modules\ext\jsf-1_2\commons-logging.jar;C:\Program Files\NetBeans 7.3.1\enterprise\modules\ext\jsf-1_2\jsf-api.jar;C:\Program Files\NetBeans 7.3.1\enterprise\modules\ext\jsf-1_2\jsf-impl.jar" />
    <property name="libs.Java-EE-GlassFish-v3-Prelude.classpath" value="C:\Program Files\Glassfish\mq\lib\jaxm-api.jar;C:\Program Files\Glassfish\glassfish\modules\endorsed\javax.annotation-api.jar;C:\Program Files\Glassfish\glassfish\modules\endorsed\jaxb-api-osgi.jar;C:\Program Files\Glassfish\glassfish\modules\endorsed\webservices-api-osgi.jar;C:\Program Files\Glassfish\glassfish\modules\bean-validator.jar;C:\Program Files\Glassfish\glassfish\modules\javax.batch-api.jar;C:\Program Files\Glassfish\glassfish\modules\javax.ejb-api.jar;C:\Program Files\Glassfish\glassfish\modules\javax.el.jar;C:\Program Files\Glassfish\glassfish\modules\javax.enterprise.concurrent-api.jar;C:\Program Files\Glassfish\glassfish\modules\javax.enterprise.concurrent.jar;C:\Program Files\Glassfish\glassfish\modules\javax.enterprise.deploy-api.jar;C:\Program Files\Glassfish\glassfish\modules\javax.faces.jar;C:\Program Files\Glassfish\glassfish\modules\javax.inject.jar;C:\Program Files\Glassfish\glassfish\modules\javax.interceptor-api.jar;C:\Program Files\Glassfish\glassfish\modules\javax.jms-api.jar;C:\Program Files\Glassfish\glassfish\modules\javax.json.jar;C:\Program Files\Glassfish\glassfish\modules\javax.mail.jar;C:\Program Files\Glassfish\glassfish\modules\javax.management.j2ee-api.jar;C:\Program Files\Glassfish\glassfish\modules\javax.persistence.jar;C:\Program Files\Glassfish\glassfish\modules\javax.resource-api.jar;C:\Program Files\Glassfish\glassfish\modules\javax.security.auth.message-api.jar;C:\Program Files\Glassfish\glassfish\modules\javax.security.jacc-api.jar;C:\Program Files\Glassfish\glassfish\modules\javax.servlet-api.jar;C:\Program Files\Glassfish\glassfish\modules\javax.servlet.jsp-api.jar;C:\Program Files\Glassfish\glassfish\modules\javax.servlet.jsp.jar;C:\Program Files\Glassfish\glassfish\modules\javax.servlet.jsp.jstl-api.jar;C:\Program Files\Glassfish\glassfish\modules\javax.servlet.jsp.jstl.jar;C:\Program Files\Glassfish\glassfish\modules\javax.transaction-api.jar;C:\Program Files\Glassfish\glassfish\modules\javax.websocket-api.jar;C:\Program Files\Glassfish\glassfish\modules\javax.ws.rs-api.jar;C:\Program Files\Glassfish\glassfish\modules\javax.xml.registry-api.jar;C:\Program Files\Glassfish\glassfish\modules\javax.xml.rpc-api.jar;C:\Program Files\Glassfish\glassfish\modules\jaxb-osgi.jar;C:\Program Files\Glassfish\glassfish\modules\webservices-osgi.jar;C:\Program Files\Glassfish\glassfish\modules\weld-osgi-bundle.jar" />
    <property name="has.custom.manifest" value="true" />
    <property name="libs.restapi.maven-pom" value="" />
    <property name="libs.beans-binding.src" value="" />
    <property name="java.vm.specification.vendor" value="Oracle Corporation" />
    <property name="libs.swing-layout.src" value="C:\Program Files\NetBeans 7.3.1\platform\docs\swing-layout-1.0.4-src.zip" />
    <property name="libs.j2me_ant_ext.src" value="" />
    <property name="org.openide.major.version" value="IDE/1" />
    <property name="java.vm.name" value="Java HotSpot(TM) 64-Bit Server VM" />
    <property name="netbeans.user" value="C:\Users\Eugenio\AppData\Roaming\NetBeans\7.3.1" />
    <property name="javadoc.additionalparam" value="" />
    <property name="java.io.tmpdir" value="C:\Users\Eugenio\AppData\Local\Temp\" />
    <property name="java.vendor.url" value="http://java.oracle.com/" />
    <property name="endorsed.classpath.cmd.line.arg" value="-Xbootclasspath/p:&apos;C:\Program Files\NetBeans 7.3.1\enterprise\modules\ext\javaee6-endorsed\javax.annotation.jar;C:\Program Files\NetBeans 7.3.1\enterprise\modules\ext\javaee6-endorsed\jaxb-api-osgi.jar;C:\Program Files\NetBeans 7.3.1\enterprise\modules\ext\javaee6-endorsed\webservices-api-osgi.jar&apos;" />
    <property name="junit.available" value="true" />
    <property name="j2ee.platform.wsit.classpath" value="" />
    <property name="libs.jsp-compiler.src" value="" />
    <property name="deploy.ant.properties.file" value="C:\Users\Eugenio\AppData\Roaming\NetBeans\7.3.1\config\GlassFishEE6\Properties\gfv3-1707176850.properties" />
    <property name="j2ee.platform.wscompile.classpath" value="C:/Program Files/Glassfish/glassfish/modules/webservices-osgi.jar" />
    <property name="sun.boot.library.path" value="C:\Program Files\Java\jdk1.7.0_10\jre\bin" />
    <property name="have.sources" value="true" />
    <property name="debug.classpath" value="../miLibreria/dist/miLibreria.jar:build/classes" />
    <property name="javadoc.private" value="false" />
    <property name="test.src.dir" value="test" />
    <property name="libs.jsf20.classpath" value="C:\Program Files\NetBeans 7.3.1\enterprise\modules\ext\jsf-2_2\javax.faces.jar" />
    <property name="ap.processors.internal" value="" />
    <property name="javadoc.encoding.used" value="UTF-8" />
    <property name="dist.jar" value="dist/miEJB.jar" />
    <property name="java.runtime.name" value="Java(TM) SE Runtime Environment" />
    <property name="ant.project.name" value="miEJB" />
    <property name="netbeans.hash.code" value="unique=NB_CND_GFMOD_JAVA_JC_MOB_PHP_TOMCAT_WEBCOMMON_WEBEE08244f696-81fa-4254-b46a-53ad2803f94a_c65613c4-006f-4f22-a11c-13bf36993a16" />
    <property name="netbeans.default_userdir_root" value="C:\Users\Eugenio\AppData\Roaming\NetBeans" />
    <property name="libs.jsp-compilation-syscp.maven-pom" value="" />
    <property name="libs.j2me_ant_ext.maven-pom" value="" />
    <property name="sun.cpu.isalist" value="amd64" />
    <property name="libs.CopyLibs.javadoc" value="" />
    <property name="j2ee.server.domain" value="C:/Users/Eugenio/AppData/Roaming/NetBeans/7.3.1/config/GF3_1/dominio_pruebas" />
    <property name="org.openide.specification.version" value="6.2" />
    <property name="j2ee.server.home" value="C:/Program Files/Glassfish/glassfish" />
    <property name="libs.hibernate-support.classpath" value="C:\Program Files\NetBeans 7.3.1\java\modules\ext\hibernate\antlr-2.7.6.jar;C:\Program Files\NetBeans 7.3.1\java\modules\ext\hibernate\asm.jar;C:\Program Files\NetBeans 7.3.1\java\modules\ext\hibernate\asm-attrs.jar;C:\Program Files\NetBeans 7.3.1\java\modules\ext\hibernate\cglib-2.1.3.jar;C:\Program Files\NetBeans 7.3.1\java\modules\ext\hibernate\commons-collections-2.1.1.jar;C:\Program Files\NetBeans 7.3.1\ide\modules\org-apache-commons-logging.jar;C:\Program Files\NetBeans 7.3.1\java\modules\ext\hibernate\dom4j-1.6.1.jar;C:\Program Files\NetBeans 7.3.1\java\modules\ext\hibernate\ehcache-1.2.3.jar;C:\Program Files\NetBeans 7.3.1\java\modules\ext\hibernate\jdbc2_0-stdext.jar;C:\Program Files\NetBeans 7.3.1\java\modules\ext\hibernate\jta.jar;C:\Program Files\NetBeans 7.3.1\java\modules\ext\hibernate\hibernate3.jar;C:\Program Files\NetBeans 7.3.1\java\modules\ext\hibernate\hibernate-tools.jar;C:\Program Files\NetBeans 7.3.1\java\modules\ext\hibernate\hibernate-annotations.jar;C:\Program Files\NetBeans 7.3.1\java\modules\ext\hibernate\hibernate-commons-annotations.jar;C:\Program Files\NetBeans 7.3.1\java\modules\ext\hibernate\hibernate-entitymanager.jar;C:\Program Files\NetBeans 7.3.1\java\modules\ext\hibernate\javassist.jar" />
    <property name="user.home" value="C:\Users\Eugenio" />
    <property name="annotation.processing.processors.list" value="" />
    <property name="debug-args-line" value="-Xdebug" />
    <property name="libs.primefaces.maven-pom" value="" />
    <property name="libs.javaee-api-6.0.maven-pom" value="" />
    <property name="libs.JWSAntTasks.src" value="" />
    <property name="libs.CopyLibs.maven-pom" value="" />
    <property name="libs.absolutelayout.javadoc" value="" />
    <property name="libs.hibernate-persistence.maven-pom" value="" />
    <property name="libs.spring-framework300.javadoc" value="" />
    <property name="guice.disable.misplaced.annotation.check" value="true" />
    <property name="java.specification.name" value="Java Platform API Specification" />
    <property name="no.dist.ear.dir" value="true" />
    <property name="libs.jakarta_slide_ant_webdav.maven-pom" value="" />
    <property name="libs.sjmc-ant-utils.src" value="" />
    <property name="java.specification.vendor" value="Oracle Corporation" />
    <property name="libs.cdc-agui-swing-layout.javadoc" value="" />
    <property name="libs.javac-api.classpath" value="C:\Program Files\NetBeans 7.3.1\java\modules\ext\nb-javac-api.jar" />
    <property name="libs.nokiaS80-ant-utils.classpath" value="C:\Program Files\NetBeans 7.3.1\mobility\modules\ext\org-netbeans-modules-j2me-cdc-project-nokiaS80.jar" />
    <property name="java.version" value="1.7.0_10" />
    <property name="javadoc.version" value="false" />
    <property name="run.jvmargs.ide" value="" />
    <property name="libs.MySQLDriver.javadoc" value="" />
    <property name="org.openide.version" value="deprecated" />
    <property name="source.encoding" value="UTF-8" />
    <property name="ap.cmd.line.internal" value="" />
    <property name="libs.eclipselinkmodelgen.maven-pom" value="" />
    <property name="libs.jsp-compilation-syscp.javadoc" value="" />
    <property name="libs.junit.maven-pom" value="" />
    <property name="libs.javaee-endorsed-api-7.0.classpath" value="C:\Program Files\NetBeans 7.3.1\enterprise\modules\ext\javaee7-endorsed\javax.annotation-api.jar;C:\Program Files\NetBeans 7.3.1\enterprise\modules\ext\javaee7-endorsed\javax.xml.soap-api.jar;C:\Program Files\NetBeans 7.3.1\enterprise\modules\ext\javaee7-endorsed\jaxb-api-osgi.jar;C:\Program Files\NetBeans 7.3.1\enterprise\modules\ext\javaee7-endorsed\jaxws-api.jar;C:\Program Files\NetBeans 7.3.1\enterprise\modules\ext\javaee7-endorsed\jsr181-api.jar" />
    <property name="libs.eclipselinkmodelgen.javadoc" value="" />
    <property name="libs.metro.javadoc" value="C:\Program Files\NetBeans 7.3.1\enterprise\docs\metro-1.4-doc.zip" />
    <property name="libs.struts.maven-pom" value="" />
    <property name="netbeans.home+have.tests" value="true" />
    <property name="annotation.processing.processor.options" value="-Aeclipselink.canonicalmodel.use_static_factory=false" />
    <property name="libs.testng.maven-pom" value="" />
    <property name="libs.jaxb.src" value="" />
    <property name="libs.cdc-ant-utils.src" value="" />
    <property name="libs.jaxb.classpath" value="C:\Program Files\NetBeans 7.3.1\ide\modules\ext\jaxb\jaxb-impl.jar;C:\Program Files\NetBeans 7.3.1\ide\modules\ext\jaxb\jaxb-xjc.jar;C:\Program Files\NetBeans 7.3.1\ide\modules\ext\jaxb\jaxb1-impl.jar;C:\Program Files\NetBeans 7.3.1\ide\modules\ext\jaxb\activation.jar;C:\Program Files\NetBeans 7.3.1\ide\modules\ext\jaxb\api\jaxb-api.jar;C:\Program Files\NetBeans 7.3.1\ide\modules\ext\jaxb\api\jsr173_1.0_api.jar" />
    <property name="dist.javadoc.dir" value="dist/javadoc" />
    <property name="classes.dir" value="build/classes" />
    <property name="libs.spring-webmvc3.0.classpath" value="C:\Program Files\NetBeans 7.3.1\java\modules\ext\spring-3.0\spring-webmvc-3.1.1.RELEASE.jar" />
    <property name="libs.swing-layout.classpath" value="C:\Program Files\NetBeans 7.3.1\platform\modules\ext\swing-layout-1.0.4.jar" />
    <property name="libs.javaee-web-api-7.0.maven-pom" value="" />
    <property name="libs.restlib.src" value="" />
    <property name="javac.source" value="1.7" />
    <property name="build.generated.dir" value="build/generated" />
    <property name="line.separator" value="&#xd;&#xa;" />
    <property name="libs.hibernate-persistence.src" value="" />
    <property name="java.specification.version" value="1.7" />
    <property name="libs.jaxws21.maven-pom" value="" />
    <property name="java.vm.info" value="mixed mode" />
    <property name="libs.cdc-ant-utils.javadoc" value="" />
    <property name="nb.junit.batch" value="true" />
    <property name="user.country.format" value="ES" />
    <property name="libs.ojec-ant-utils.classpath" value="C:\Program Files\NetBeans 7.3.1\mobility\modules\ext\org-netbeans-modules-j2me-cdc-project-ojec.jar" />
    <property name="libs.spring-framework.maven-pom" value="" />
    <property name="sun.boot.class.path" value="C:\Program Files\NetBeans 7.3.1\enterprise\modules\ext\javaee6-endorsed\javax.annotation.jar;C:\Program Files\NetBeans 7.3.1\enterprise\modules\ext\javaee6-endorsed\jaxb-api-osgi.jar;C:\Program Files\NetBeans 7.3.1\enterprise\modules\ext\javaee6-endorsed\webservices-api-osgi.jar;C:\Program Files\Java\jdk1.7.0_10\jre\lib\resources.jar;C:\Program Files\Java\jdk1.7.0_10\jre\lib\rt.jar;C:\Program Files\Java\jdk1.7.0_10\jre\lib\sunrsasign.jar;C:\Program Files\Java\jdk1.7.0_10\jre\lib\jsse.jar;C:\Program Files\Java\jdk1.7.0_10\jre\lib\jce.jar;C:\Program Files\Java\jdk1.7.0_10\jre\lib\charsets.jar;C:\Program Files\Java\jdk1.7.0_10\jre\lib\jfr.jar;C:\Program Files\Java\jdk1.7.0_10\jre\classes" />
    <property name="javac.target" value="1.7" />
    <property name="build.test.classes.dir" value="build/test/classes" />
    <property name="src.dir" value="src/java" />
    <property name="annotation.processing.enabled" value="true" />
    <property name="sun.awt.keepWorkingSetOnMinimize" value="true" />
    <property name="libs.jsf20.src" value="" />
    <property name="libs.jpa20-persistence.src" value="" />
    <property name="libs.jsf12.src" value="" />
    <property name="libs.nokiadeployment.src" value="" />
    <property name="j2ee.platform" value="1.7" />
    <property name="ant.file.type.miEJB" value="file" />
    <property name="libs.savaje-ant-utils.javadoc" value="" />
    <property name="libs.JAVADB_DRIVER_LABEL.maven-pom" value="" />
    <property name="libs.struts.javadoc" value="C:\Program Files\NetBeans 7.3.1\enterprise\docs\struts-1.3.10-javadoc.zip" />
    <property name="ignore.failing.tests" value="true" />
    <property name="libs.cdc-ant-utils.maven-pom" value="" />
    <property name="libs.Comet-GlassFish-v3.classpath" value="" />
    <property name="libs.javaee-web-api-7.0.src" value="" />
    <property name="libs.primefaces.src" value="" />
    <property name="libs.cdc-agui-swing-layout.classpath" value="C:\Program Files\NetBeans 7.3.1\mobility\modules\ext\cdc-agui-swing-layout.jar" />
    <property name="ant.file.miEJB-impl" value="C:\Users\Eugenio\Documents\NetBeansProjects\miEJB\nbproject\build-impl.xml" />
    <property name="dist.dir" value="dist" />
    <property name="dist.ear.jar" value="dist/miEJB.jar" />
    <property name="testng.debug.mode" value="" />
    <property name="libs.sjmc-ant-utils.classpath" value="C:\Program Files\NetBeans 7.3.1\mobility\modules\ext\org-netbeans-modules-j2me-cdc-project-sjmc.jar" />
    <property name="javac.fork" value="false" />
    <property name="libs.JMUnit4CLDC10.classpath" value="C:\Program Files\NetBeans 7.3.1\mobility\modules\ext\jmunit4cldc10-1.2.1.jar" />
    <property name="java.awt.printerjob" value="sun.awt.windows.WPrinterJob" />
    <property name="default.javac.source" value="1.7" />
    <property name="debug-transport-by-os" value="dt_shmem" />
    <property name="sun.jnu.encoding" value="Cp1252" />
    <property name="libs.MySQLDriver.src" value="" />
    <property name="libs.ant-contrib.maven-pom" value="" />
    <property name="libs.nokiadeployment.javadoc" value="" />
    <property name="java.runtime.version" value="1.7.0_10-b18" />
    <property name="build.test.results.dir" value="build/test/results" />
    <property name="libs.ejb3-persistence.javadoc" value="" />
    <property name="libs.sjmc-ant-utils.javadoc" value="" />
    <property name="default.javac.target" value="1.7" />
    <property name="libs.junit_4.classpath" value="C:\Program Files\NetBeans 7.3.1\platform\modules\ext\junit-4.10.jar" />
    <property name="user.timezone" value="" />
    <property name="nb.junit.single" value="false" />
    <property name="libs.JAVADB_DRIVER_LABEL.javadoc" value="" />
    <property name="libs.ant-contrib.src" value="" />
    <property name="libs.javaee-endorsed-api-6.0.maven-pom" value="" />
    <property name="netbeans.dirs" value="C:\Program Files\NetBeans 7.3.1\nb;C:\Program Files\NetBeans 7.3.1\ergonomics;C:\Program Files\NetBeans 7.3.1\ide;C:\Program Files\NetBeans 7.3.1\java;C:\Program Files\NetBeans 7.3.1\apisupport;C:\Program Files\NetBeans 7.3.1\webcommon;C:\Program Files\NetBeans 7.3.1\websvccommon;C:\Program Files\NetBeans 7.3.1\enterprise;C:\Program Files\NetBeans 7.3.1\mobility;C:\Program Files\NetBeans 7.3.1\profiler;C:\Program Files\NetBeans 7.3.1\python;C:\Program Files\NetBeans 7.3.1\php;C:\Program Files\NetBeans 7.3.1\identity;C:\Program Files\NetBeans 7.3.1\harness;C:\Program Files\NetBeans 7.3.1\cnd;C:\Program Files\NetBeans 7.3.1\dlight;C:\Program Files\NetBeans 7.3.1\groovy;C:\Program Files\NetBeans 7.3.1\extra;C:\Program Files\NetBeans 7.3.1\javacard;C:\Program Files\NetBeans 7.3.1\javafx" />
    <property name="libs.jsf20.javadoc" value="C:\Program Files\NetBeans 7.3.1\enterprise\docs\javaee-doc-api.jar" />
    <property name="java.ext.dirs" value="C:\Program Files\Java\jdk1.7.0_10\jre\lib\ext;C:\Windows\Sun\Java\lib\ext" />
    <property name="libs.metro.src" value="" />
    <property name="libs.semc-ant-utils.src" value="" />
    <property name="libs.savaje-ant-utils.maven-pom" value="" />
    <property name="endorsed.classpath" value="C:\Program Files\NetBeans 7.3.1\enterprise\modules\ext\javaee6-endorsed\javax.annotation.jar;C:\Program Files\NetBeans 7.3.1\enterprise\modules\ext\javaee6-endorsed\jaxb-api-osgi.jar;C:\Program Files\NetBeans 7.3.1\enterprise\modules\ext\javaee6-endorsed\webservices-api-osgi.jar" />
    <property name="libs.absolutelayout.classpath" value="C:\Program Files\NetBeans 7.3.1\java\modules\ext\AbsoluteLayout.jar" />
    <property name="excludes" value="" />
    <property name="libs.metro.classpath" value="C:\Program Files\NetBeans 7.3.1\ide\modules\ext\jaxb\activation.jar;C:\Program Files\NetBeans 7.3.1\enterprise\modules\ext\metro\webservices-api.jar;C:\Program Files\NetBeans 7.3.1\enterprise\modules\ext\metro\webservices-extra-api.jar;C:\Program Files\NetBeans 7.3.1\enterprise\modules\ext\metro\webservices-extra.jar;C:\Program Files\NetBeans 7.3.1\enterprise\modules\ext\metro\webservices-rt.jar;C:\Program Files\NetBeans 7.3.1\enterprise\modules\ext\metro\webservices-tools.jar" />
    <property name="libs.restlib.maven-pom" value="" />
    <property name="apple.laf.useScreenMenuBar" value="true" />
    <property name="java.class.path" value="C:\Users\Eugenio\Documents\NetBeansProjects\miLibreria\dist\miLibreria.jar;C:\Users\Eugenio\Documents\NetBeansProjects\miEJB\build\classes;C:\Program Files\NetBeans 7.3.1\platform\modules\ext\junit-4.10.jar;C:\Users\Eugenio\Documents\NetBeansProjects\miEJB\build\test\classes;C:\Program Files\Glassfish\mq\lib\jaxm-api.jar;C:\Program Files\Glassfish\glassfish\modules\endorsed\javax.annotation-api.jar;C:\Program Files\Glassfish\glassfish\modules\endorsed\jaxb-api-osgi.jar;C:\Program Files\Glassfish\glassfish\modules\endorsed\webservices-api-osgi.jar;C:\Program Files\Glassfish\glassfish\modules\bean-validator.jar;C:\Program Files\Glassfish\glassfish\modules\javax.batch-api.jar;C:\Program Files\Glassfish\glassfish\modules\javax.ejb-api.jar;C:\Program Files\Glassfish\glassfish\modules\javax.el.jar;C:\Program Files\Glassfish\glassfish\modules\javax.enterprise.concurrent-api.jar;C:\Program Files\Glassfish\glassfish\modules\javax.enterprise.concurrent.jar;C:\Program Files\Glassfish\glassfish\modules\javax.enterprise.deploy-api.jar;C:\Program Files\Glassfish\glassfish\modules\javax.faces.jar;C:\Program Files\Glassfish\glassfish\modules\javax.inject.jar;C:\Program Files\Glassfish\glassfish\modules\javax.interceptor-api.jar;C:\Program Files\Glassfish\glassfish\modules\javax.jms-api.jar;C:\Program Files\Glassfish\glassfish\modules\javax.json.jar;C:\Program Files\Glassfish\glassfish\modules\javax.mail.jar;C:\Program Files\Glassfish\glassfish\modules\javax.management.j2ee-api.jar;C:\Program Files\Glassfish\glassfish\modules\javax.persistence.jar;C:\Program Files\Glassfish\glassfish\modules\javax.resource-api.jar;C:\Program Files\Glassfish\glassfish\modules\javax.security.auth.message-api.jar;C:\Program Files\Glassfish\glassfish\modules\javax.security.jacc-api.jar;C:\Program Files\Glassfish\glassfish\modules\javax.servlet-api.jar;C:\Program Files\Glassfish\glassfish\modules\javax.servlet.jsp-api.jar;C:\Program Files\Glassfish\glassfish\modules\javax.servlet.jsp.jar;C:\Program Files\Glassfish\glassfish\modules\javax.servlet.jsp.jstl-api.jar;C:\Program Files\Glassfish\glassfish\modules\javax.servlet.jsp.jstl.jar;C:\Program Files\Glassfish\glassfish\modules\javax.transaction-api.jar;C:\Program Files\Glassfish\glassfish\modules\javax.websocket-api.jar;C:\Program Files\Glassfish\glassfish\modules\javax.ws.rs-api.jar;C:\Program Files\Glassfish\glassfish\modules\javax.xml.registry-api.jar;C:\Program Files\Glassfish\glassfish\modules\javax.xml.rpc-api.jar;C:\Program Files\Glassfish\glassfish\modules\jaxb-osgi.jar;C:\Program Files\Glassfish\glassfish\modules\webservices-osgi.jar;C:\Program Files\Glassfish\glassfish\modules\weld-osgi-bundle.jar;C:\Program Files\Glassfish\glassfish\lib\embedded\glassfish-embedded-static-shell.jar;C:\Program Files (x86)\TIBCO\studio-community-3.5\tibrv\8.3\lib\tibrvnative.jar;C:\Program Files\NetBeans 7.3.1\java\ant\lib\ant-launcher.jar;C:\Program Files\NetBeans 7.3.1\java\ant\lib\ant.jar;C:\Program Files\NetBeans 7.3.1\java\ant\lib\ant-junit.jar;C:\Program Files\NetBeans 7.3.1\java\ant\lib\ant-junit4.jar" />
    <property name="libs.absolutelayout.src" value="" />
    <property name="libs.jpa20-persistence.classpath" value="C:\Program Files\NetBeans 7.3.1\java\modules\ext\eclipselink\javax.persistence_2.1.0.v201304241213.jar" />
    <property name="j2ee.server.type" value="gfv3ee6" />
    <property name="libs.cdc-pp-awt-layout.maven-pom" value="" />
    <property name="os.version" value="6.2" />
    <property name="libs.EclipseLink-GlassFish-v3.javadoc" value="C:\Program Files\NetBeans 7.3.1\enterprise\docs\javaee-doc-api.jar" />
    <property name="libs.javaee-api-7.0.maven-pom" value="" />
    <property name="sun.awt.enableExtraMouseButtons" value="true" />
    <property name="libs.JMUnit4CLDC11.maven-pom" value="" />
    <property name="sun.desktop" value="windows" />
    <property name="libs.Comet-GlassFish-v3.src" value="" />
    <property name="libs.restlib.javadoc" value="C:\Program Files\NetBeans 7.3.1\enterprise\docs\jersey-1.13-javadoc.zip;C:\Program Files\NetBeans 7.3.1\enterprise\docs\jersey-apache-client-1.13-javadoc.zip;C:\Program Files\NetBeans 7.3.1\enterprise\docs\jersey-atom-abdera-1.13-javadoc.zip;C:\Program Files\NetBeans 7.3.1\enterprise\docs\jersey-guice-1.13-javadoc.zip;C:\Program Files\NetBeans 7.3.1\enterprise\docs\jersey-multipart-1.13-javadoc.zip;C:\Program Files\NetBeans 7.3.1\enterprise\docs\jersey-simple-server-1.13-javadoc.zip;C:\Program Files\NetBeans 7.3.1\enterprise\docs\jersey-spring-1.13-javadoc.zip;C:\Program Files\NetBeans 7.3.1\enterprise\docs\oauth-client-1.13-javadoc.zip;C:\Program Files\NetBeans 7.3.1\enterprise\docs\oauth-server-1.13-javadoc.zip;C:\Program Files\NetBeans 7.3.1\enterprise\docs\oauth-signature-1.13-javadoc.zip" />
    <property name="libs.JAXB-ENDORSED.classpath" value="C:\Program Files\NetBeans 7.3.1\ide\modules\ext\jaxb\api\jaxb-api.jar" />
    <property name="j2ee.platform.embeddableejb.classpath" value="C:/Program Files/Glassfish/glassfish/lib/embedded/glassfish-embedded-static-shell.jar" />
    <property name="libs.eclipselink.classpath" value="C:\Program Files\NetBeans 7.3.1\java\modules\ext\eclipselink\eclipselink.jar;C:\Program Files\NetBeans 7.3.1\java\modules\ext\eclipselink\javax.persistence_2.1.0.v201304241213.jar;C:\Program Files\NetBeans 7.3.1\java\modules\ext\eclipselink\org.eclipse.persistence.jpa.jpql_2.5.0.v20130507-3faac2b.jar" />
    <property name="libs.javaee-api-7.0.javadoc" value="C:\Program Files\NetBeans 7.3.1\enterprise\docs\javaee-doc-api.jar" />
    <property name="libs.beans-binding.javadoc" value="C:\Program Files\NetBeans 7.3.1\java\docs\beansbinding-1.2.1-doc.zip" />
    <property name="java.awt.graphicsenv" value="sun.awt.Win32GraphicsEnvironment" />
    <property name="java.vm.vendor" value="Oracle Corporation" />
    <property name="libs.CopyLibs.classpath" value="C:\Program Files\NetBeans 7.3.1\java\ant\extra\org-netbeans-modules-java-j2seproject-copylibstask.jar" />
    <property name="libs.spring-framework300.classpath" value="C:\Program Files\NetBeans 7.3.1\ide\modules\org-apache-commons-logging.jar;C:\Program Files\NetBeans 7.3.1\java\modules\ext\cglib-2.2.jar;C:\Program Files\NetBeans 7.3.1\java\modules\ext\spring-3.0\spring-aop-3.1.1.RELEASE.jar;C:\Program Files\NetBeans 7.3.1\java\modules\ext\spring-3.0\spring-asm-3.1.1.RELEASE.jar;C:\Program Files\NetBeans 7.3.1\java\modules\ext\spring-3.0\spring-aspects-3.1.1.RELEASE.jar;C:\Program Files\NetBeans 7.3.1\java\modules\ext\spring-3.0\spring-beans-3.1.1.RELEASE.jar;C:\Program Files\NetBeans 7.3.1\java\modules\ext\spring-3.0\spring-context-3.1.1.RELEASE.jar;C:\Program Files\NetBeans 7.3.1\java\modules\ext\spring-3.0\spring-context-support-3.1.1.RELEASE.jar;C:\Program Files\NetBeans 7.3.1\java\modules\ext\spring-3.0\spring-core-3.1.1.RELEASE.jar;C:\Program Files\NetBeans 7.3.1\java\modules\ext\spring-3.0\spring-expression-3.1.1.RELEASE.jar;C:\Program Files\NetBeans 7.3.1\java\modules\ext\spring-3.0\spring-instrument-3.1.1.RELEASE.jar;C:\Program Files\NetBeans 7.3.1\java\modules\ext\spring-3.0\spring-instrument-tomcat-3.1.1.RELEASE.jar;C:\Program Files\NetBeans 7.3.1\java\modules\ext\spring-3.0\spring-jdbc-3.1.1.RELEASE.jar;C:\Program Files\NetBeans 7.3.1\java\modules\ext\spring-3.0\spring-jms-3.1.1.RELEASE.jar;C:\Program Files\NetBeans 7.3.1\java\modules\ext\spring-3.0\spring-orm-3.1.1.RELEASE.jar;C:\Program Files\NetBeans 7.3.1\java\modules\ext\spring-3.0\spring-oxm-3.1.1.RELEASE.jar;C:\Program Files\NetBeans 7.3.1\java\modules\ext\spring-3.0\spring-test-3.1.1.RELEASE.jar;C:\Program Files\NetBeans 7.3.1\java\modules\ext\spring-3.0\spring-tx-3.1.1.RELEASE.jar;C:\Program Files\NetBeans 7.3.1\java\modules\ext\spring-3.0\spring-web-3.1.1.RELEASE.jar;C:\Program Files\NetBeans 7.3.1\java\modules\ext\spring-3.0\spring-webmvc-portlet-3.1.1.RELEASE.jar;C:\Program Files\NetBeans 7.3.1\java\modules\ext\spring-3.0\spring-webmvc-3.1.1.RELEASE.jar;C:\Program Files\NetBeans 7.3.1\java\modules\ext\spring-3.0\spring-struts-3.1.1.RELEASE.jar" />
    <property name="libs.jsp-compiler.maven-pom" value="" />
    <property name="libs.spring-webmvc.maven-pom" value="" />
    <property name="libs.ejb3-persistence.classpath" value="C:\Program Files\NetBeans 7.3.1\java\modules\ext\hibernate\ejb3-persistence.jar" />
    <property name="reference.miLibreria.jar" value="../miLibreria/dist/miLibreria.jar" />
    <property name="libs.JAXB-ENDORSED.src" value="" />
    <property name="libs.spring-framework.javadoc" value="" />
    <property name="libs.testng.javadoc" value="C:\Program Files\NetBeans 7.3.1\platform\docs\testng-6.5.1-javadoc.zip" />
    <property name="user.script" value="" />
    <property name="libs.PostgreSQLDriver.classpath" value="C:\Program Files\NetBeans 7.3.1\ide\modules\ext\postgresql-9.2-1002.jdbc4.jar" />
    <property name="libs.jsf12.maven-pom" value="" />
    <property name="libs.junit.src" value="" />
    <property name="annotation.processing.source.output" value="build/generated-sources/ap-source-output" />
    <property name="libs.CopyLibs.src" value="" />
    <property name="build.dir" value="build" />
    <property name="libs.jsp-compilation.classpath" value="C:\Program Files\NetBeans 7.3.1\java\ant\lib\ant.jar;C:\Program Files\NetBeans 7.3.1\enterprise\modules\ext\servlet3.1-jsp2.3-api.jar;C:\Program Files\NetBeans 7.3.1\enterprise\modules\ext\glassfish-jspparser-4.0.jar;C:\Program Files\NetBeans 7.3.1\enterprise\modules\ext\jsf-2_2\javax.faces.jar;C:\Program Files\NetBeans 7.3.1\enterprise\modules\ext\jstl.jar;C:\Program Files\NetBeans 7.3.1\java\ant\lib\ant-launcher.jar" />
    <property name="ant.version" value="Apache Ant(TM) version 1.8.4 compiled on May 22 2012" />
    <property name="j2ee.platform.is.jsr109" value="true" />
    <property name="build.classes.excludes" value="**/*.java,**/*.form,**/.nbattrs" />
    <property name="file.encoding" value="Cp1252" />
    <property name="javadoc.nonavbar" value="false" />
    <property name="jdkBug6558476" value="false" />
    <property name="platform.active" value="default_platform" />
    <property name="awt.toolkit" value="sun.awt.windows.WToolkit" />
    <property name="libs.javaee-web-api-7.0.javadoc" value="C:\Program Files\NetBeans 7.3.1\enterprise\docs\javaee-doc-api.jar" />
  </properties>
  <testcase classname="junit.framework.TestSuite" name="miEjB.BookFacadeTest" time="0.001">
    <error message="Failed to deploy EJB modules - see log for details" type="javax.ejb.EJBException">javax.ejb.EJBException: Failed to deploy EJB modules - see log for details
	at org.glassfish.ejb.embedded.EJBContainerImpl.deploy(EJBContainerImpl.java:149)
	at org.glassfish.ejb.embedded.EJBContainerProviderImpl.createEJBContainer(EJBContainerProviderImpl.java:134)
	at javax.ejb.embeddable.EJBContainer.createEJBContainer(EJBContainer.java:127)
	at miEjB.BookFacadeTest.setUpClass(BookFacadeTest.java:46)
</error>
  </testcase>
  <system-out><![CDATA[Found populator: org.glassfish.kernel.embedded.EmbeddedDomainXml
JdbcRuntimeExtension,  getAllSystemRAResourcesAndPools = [GlassFishConfigBean.org.glassfish.jdbc.config.JdbcResource, GlassFishConfigBean.org.glassfish.jdbc.config.JdbcResource, GlassFishConfigBean.org.glassfish.jdbc.config.JdbcConnectionPool, GlassFishConfigBean.org.glassfish.jdbc.config.JdbcConnectionPool]
JdbcRuntimeExtension,  getAllSystemRAResourcesAndPools = [GlassFishConfigBean.org.glassfish.jdbc.config.JdbcResource, GlassFishConfigBean.org.glassfish.jdbc.config.JdbcResource, GlassFishConfigBean.org.glassfish.jdbc.config.JdbcConnectionPool, GlassFishConfigBean.org.glassfish.jdbc.config.JdbcConnectionPool]
JdbcRuntimeExtension,  getAllSystemRAResourcesAndPools = [GlassFishConfigBean.org.glassfish.jdbc.config.JdbcResource, GlassFishConfigBean.org.glassfish.jdbc.config.JdbcResource, GlassFishConfigBean.org.glassfish.jdbc.config.JdbcConnectionPool, GlassFishConfigBean.org.glassfish.jdbc.config.JdbcConnectionPool]
]]></system-out>
  <system-err><![CDATA[jul 29, 2013 10:04:50 PM org.glassfish.ejb.embedded.EJBContainerProviderImpl createContainer
INFO: [EJBContainerProviderImpl] Using installation location C:\Program Files\Glassfish\glassfish
jul 29, 2013 10:04:50 PM org.glassfish.ejb.embedded.EJBContainerProviderImpl createContainer
INFO: [EJBContainerProviderImpl] Using config file location: file:/C:/Users/Eugenio/AppData/Local/Temp/domain7249175112635545206xml
jul 29, 2013 10:04:51 PM org.glassfish.ejb.embedded.EJBContainerProviderImpl createContainer
INFO: [EJBContainerProviderImpl] Using runtime class: class com.sun.enterprise.glassfish.bootstrap.StaticGlassFishRuntime
jul 29, 2013 10:05:10 PM org.hibernate.validator.internal.util.Version <clinit>
INFO: HV000001: Hibernate Validator 5.0.0.Final
jul 29, 2013 10:05:11 PM com.sun.enterprise.security.auth.realm.Realm doInstantiate
INFO: realm.loaded.successfully
jul 29, 2013 10:05:11 PM com.sun.enterprise.security.auth.realm.Realm doInstantiate
INFO: realm.loaded.successfully
jul 29, 2013 10:05:11 PM com.sun.enterprise.security.auth.realm.Realm doInstantiate
INFO: realm.loaded.successfully
jul 29, 2013 10:05:12 PM org.glassfish.ha.store.spi.BackingStoreFactoryRegistry register
INFO: Registered org.glassfish.ha.store.adapter.cache.ShoalBackingStoreProxy for persistence-type = replicated in BackingStoreFactoryRegistry
jul 29, 2013 10:05:12 PM com.sun.enterprise.v3.server.AppServerStartup postStartupJob
INFO: GlassFish Server Open Source Edition  4.0  (89) startup time : Embedded (19.222ms), startup services(2.036ms), total(21.258ms)
jul 29, 2013 10:05:12 PM org.glassfish.security.services.impl.authorization.AuthorizationServiceImpl initialize
INFO: Authorization Service has successfully initialized.
jul 29, 2013 10:05:12 PM org.glassfish.admin.mbeanserver.JMXStartupService$JMXConnectorsStarterThread run
INFO: JMXStartupService has disabled JMXConnector system
jul 29, 2013 10:05:13 PM org.glassfish.jersey.server.ApplicationHandler initialize
INFO: Initiating Jersey application, version Jersey: 2.0 2013-05-03 14:50:15...
jul 29, 2013 10:05:13 PM com.sun.enterprise.v3.services.impl.GrizzlyProxy start
INFO: Grizzly Framework 2.3.1 started in: 33ms - bound to [/0.0.0.0:7.676]
jul 29, 2013 10:05:15 PM org.glassfish.admin.mbeanserver.JMXStartupService shutdown
INFO: JMXStartupService and JMXConnectors have been shut down.
jul 29, 2013 10:05:15 PM com.sun.enterprise.v3.server.AppServerStartup stop
INFO: Shutdown procedure finished
jul 29, 2013 10:05:15 PM org.glassfish.ha.store.spi.BackingStoreFactoryRegistry register
INFO: Registered org.glassfish.ha.store.adapter.cache.ShoalBackingStoreProxy for persistence-type = replicated in BackingStoreFactoryRegistry
jul 29, 2013 10:05:15 PM com.sun.enterprise.v3.server.AppServerStartup postStartupJob
INFO: GlassFish Server Open Source Edition  4.0  (89) startup time : Embedded (24.423ms), startup services(35ms), total(24.458ms)
jul 29, 2013 10:05:15 PM org.glassfish.jersey.server.ApplicationHandler initialize
INFO: Initiating Jersey application, version Jersey: 2.0 2013-05-03 14:50:15...
jul 29, 2013 10:05:15 PM org.glassfish.admin.mbeanserver.JMXStartupService$JMXConnectorsStarterThread run
INFO: JMXStartupService has disabled JMXConnector system
jul 29, 2013 10:05:15 PM org.glassfish.ejb.embedded.EJBContainerImpl deploy
INFO: [EJBContainerImpl] Deploying app: build\classes
jul 29, 2013 10:05:15 PM org.glassfish.ejb.embedded.EJBContainerImpl deploy
INFO: [EJBContainerImpl] GlassFish status: STARTED
jul 29, 2013 10:05:15 PM org.glassfish.ejb.embedded.EJBContainerImpl deploy
INFO: [EJBContainerImpl] Deploying as a File
jul 29, 2013 10:05:16 PM com.sun.enterprise.security.SecurityLifecycle <init>
INFO: security.secmgroff
jul 29, 2013 10:05:16 PM com.sun.enterprise.security.SecurityLifecycle onInitialization
INFO: sec.service.startup.enter
jul 29, 2013 10:05:16 PM com.sun.enterprise.security.PolicyLoader loadPolicy
INFO: policy.loading
jul 29, 2013 10:05:16 PM com.sun.enterprise.security.SecurityLifecycle onInitialization
INFO: sec.service.startup.exit
jul 29, 2013 10:05:19 PM org.eclipse.persistence.session.file:/C:/Users/Eugenio/Documents/NetBeansProjects/miEJB/build/classes/_miEJBPU
INFO: EclipseLink, version: Eclipse Persistence Services - 2.5.0.v20130507-3faac2b
jul 29, 2013 10:05:21 PM org.eclipse.persistence.session.file:/C:/Users/Eugenio/Documents/NetBeansProjects/miEJB/build/classes/_miEJBPU.connection
INFO: file:/C:/Users/Eugenio/Documents/NetBeansProjects/miEJB/build/classes/_miEJBPU login successful
jul 29, 2013 10:05:21 PM org.eclipse.persistence.session.file:/C:/Users/Eugenio/Documents/NetBeansProjects/miEJB/build/classes/_miEJBPU.server
WARNING: Failed to find MBean Server: null or empty List returned from MBeanServerFactory.findMBeanServer(null)
jul 29, 2013 10:05:22 PM org.glassfish.persistence.common.Java2DBProcessorHelper executeDDLs
WARNING: PER01000: Got SQLException executing statement "CREATE TABLE BOOK (ID BIGINT NOT NULL, DESCRIPTION VARCHAR(2000), ILLUSTRATIONS SMALLINT DEFAULT 0, ISBN VARCHAR(255), NBOFPAGE INTEGER, PRICE FLOAT, TITLE VARCHAR(255) NOT NULL, PRIMARY KEY (ID))": java.sql.SQLException: Table/View 'BOOK' already exists in Schema 'APP'.
jul 29, 2013 10:05:22 PM org.glassfish.persistence.common.Java2DBProcessorHelper executeDDLs
WARNING: PER01000: Got SQLException executing statement "CREATE TABLE INCIDENCIAS (ID INTEGER NOT NULL, CREACION DATE, DESCRIPCION VARCHAR(255), ESTADO CHAR(1), TITULO VARCHAR(255), TS TIMESTAMP, PRIMARY KEY (ID))": java.sql.SQLException: Table/View 'INCIDENCIAS' already exists in Schema 'APP'.
jul 29, 2013 10:05:22 PM org.glassfish.persistence.common.Java2DBProcessorHelper executeDDLs
WARNING: PER01000: Got SQLException executing statement "CREATE TABLE SEQUENCE (SEQ_NAME VARCHAR(50) NOT NULL, SEQ_COUNT DECIMAL(15), PRIMARY KEY (SEQ_NAME))": java.sql.SQLException: Table/View 'SEQUENCE' already exists in Schema 'APP'.
jul 29, 2013 10:05:22 PM org.glassfish.persistence.common.Java2DBProcessorHelper executeDDLs
WARNING: PER01000: Got SQLException executing statement "INSERT INTO SEQUENCE(SEQ_NAME, SEQ_COUNT) values ('SEQ_GEN', 0)": java.sql.SQLIntegrityConstraintViolationException: The statement was aborted because it would have caused a duplicate key value in a unique or primary key constraint or unique index identified by 'SQL130724021029350' defined on 'SEQUENCE'.
jul 29, 2013 10:05:26 PM com.sun.jts.CosTransactions.DefaultTransactionService setServerName
INFO: jts.startup_msg
jul 29, 2013 10:05:35 PM org.glassfish.enterprise.iiop.impl.CSIv2SSLTaggedComponentHandlerImpl extract
WARNING: Exception getting SocketInfo
java.lang.RuntimeException: Orb initialization erorr
	at org.glassfish.enterprise.iiop.api.GlassFishORBHelper.getORB(GlassFishORBHelper.java:191)
	at com.sun.enterprise.iiop.security.SecurityMechanismSelector.getCtc(SecurityMechanismSelector.java:338)
	at com.sun.enterprise.iiop.security.SecurityMechanismSelector.selectSecurityMechanism(SecurityMechanismSelector.java:990)
	at com.sun.enterprise.iiop.security.SecurityMechanismSelector.getSSLPorts(SecurityMechanismSelector.java:348)
	at com.sun.enterprise.iiop.security.SecurityMechanismSelector.getSSLSocketInfo(SecurityMechanismSelector.java:542)
	at com.sun.enterprise.iiop.security.IIOPSSLUtilImpl.getSSLPortsAsSocketInfo(IIOPSSLUtilImpl.java:143)
	at org.glassfish.enterprise.iiop.impl.CSIv2SSLTaggedComponentHandlerImpl.extract(CSIv2SSLTaggedComponentHandlerImpl.java:152)
	at com.sun.corba.ee.impl.folb.ClientGroupManager.getSocketInfo(ClientGroupManager.java:205)
	at com.sun.corba.ee.impl.transport.ContactInfoListImpl.addRemoteContactInfos(ContactInfoListImpl.java:401)
	at com.sun.corba.ee.impl.transport.ContactInfoListImpl.createContactInfoList(ContactInfoListImpl.java:376)
	at com.sun.corba.ee.impl.transport.ContactInfoListImpl.iterator(ContactInfoListImpl.java:188)
	at com.sun.corba.ee.impl.protocol.ClientDelegateImpl.request(ClientDelegateImpl.java:196)
	at com.sun.corba.ee.impl.resolver.BootstrapResolverImpl.invoke(BootstrapResolverImpl.java:112)
	at com.sun.corba.ee.impl.resolver.BootstrapResolverImpl.resolve(BootstrapResolverImpl.java:145)
	at com.sun.corba.ee.impl.resolver.CompositeResolverImpl.resolve(CompositeResolverImpl.java:61)
	at com.sun.corba.ee.impl.resolver.CompositeResolverImpl.resolve(CompositeResolverImpl.java:61)
	at com.sun.corba.ee.impl.resolver.CompositeResolverImpl.resolve(CompositeResolverImpl.java:61)
	at com.sun.corba.ee.impl.orb.ORBImpl.resolve_initial_references(ORBImpl.java:1259)
	at com.sun.jts.CosTransactions.DefaultTransactionService.createPOAs(DefaultTransactionService.java:388)
	at com.sun.jts.CosTransactions.DefaultTransactionService.identify_ORB(DefaultTransactionService.java:202)
	at com.sun.enterprise.transaction.jts.iiop.TransactionIIOPInterceptorFactory.createInterceptor(TransactionIIOPInterceptorFactory.java:145)
	at com.sun.enterprise.transaction.jts.iiop.TransactionIIOPInterceptorFactory.createClientRequestInterceptor(TransactionIIOPInterceptorFactory.java:97)
	at org.glassfish.enterprise.iiop.impl.GlassFishORBInitializer.post_init(GlassFishORBInitializer.java:132)
	at com.sun.corba.ee.impl.interceptors.PIHandlerImpl.postInitORBInitializers(PIHandlerImpl.java:917)
	at com.sun.corba.ee.impl.interceptors.PIHandlerImpl.initialize(PIHandlerImpl.java:267)
	at com.sun.corba.ee.impl.orb.ORBImpl.postInit(ORBImpl.java:636)
	at com.sun.corba.ee.impl.orb.ORBImpl.set_parameters(ORBImpl.java:697)
	at com.sun.corba.ee.impl.orb.ORBImpl.setParameters(ORBImpl.java:684)
	at com.sun.corba.ee.spi.osgi.ORBFactory.initialize(ORBFactory.java:107)
	at org.glassfish.enterprise.iiop.impl.GlassFishORBManager.initORB(GlassFishORBManager.java:585)
	at org.glassfish.enterprise.iiop.impl.GlassFishORBManager.getORB(GlassFishORBManager.java:264)
	at org.glassfish.enterprise.iiop.impl.GlassFishORBFactoryImpl.createORB(GlassFishORBFactoryImpl.java:93)
	at org.glassfish.enterprise.iiop.api.GlassFishORBHelper.getORB(GlassFishORBHelper.java:163)
	at org.glassfish.enterprise.iiop.api.GlassFishORBHelper.getProtocolManager(GlassFishORBHelper.java:231)
	at com.sun.ejb.containers.BaseContainer.initializeProtocolManager(BaseContainer.java:830)
	at com.sun.ejb.containers.BaseContainer.<init>(BaseContainer.java:590)
	at com.sun.ejb.containers.StatelessSessionContainer.<init>(StatelessSessionContainer.java:143)
	at com.sun.ejb.containers.StatelessSessionContainer.<init>(StatelessSessionContainer.java:137)
	at com.sun.ejb.containers.StatelessContainerFactory.createContainer(StatelessContainerFactory.java:61)
	at org.glassfish.ejb.startup.EjbApplication.loadContainers(EjbApplication.java:221)
	at org.glassfish.ejb.startup.EjbDeployer.load(EjbDeployer.java:291)
	at org.glassfish.ejb.startup.EjbDeployer.load(EjbDeployer.java:99)
	at org.glassfish.internal.data.ModuleInfo.load(ModuleInfo.java:206)
	at org.glassfish.internal.data.ApplicationInfo.load(ApplicationInfo.java:313)
	at com.sun.enterprise.v3.server.ApplicationLifecycle.deploy(ApplicationLifecycle.java:493)
	at com.sun.enterprise.v3.server.ApplicationLifecycle.deploy(ApplicationLifecycle.java:219)
	at org.glassfish.deployment.admin.DeployCommand.execute(DeployCommand.java:491)
	at com.sun.enterprise.v3.admin.CommandRunnerImpl$2$1.run(CommandRunnerImpl.java:527)
	at com.sun.enterprise.v3.admin.CommandRunnerImpl$2$1.run(CommandRunnerImpl.java:523)
	at java.security.AccessController.doPrivileged(Native Method)
	at javax.security.auth.Subject.doAs(Subject.java:356)
	at com.sun.enterprise.v3.admin.CommandRunnerImpl$2.execute(CommandRunnerImpl.java:522)
	at com.sun.enterprise.v3.admin.CommandRunnerImpl.doCommand(CommandRunnerImpl.java:546)
	at com.sun.enterprise.v3.admin.CommandRunnerImpl.doCommand(CommandRunnerImpl.java:1423)
	at com.sun.enterprise.v3.admin.CommandRunnerImpl.access$1500(CommandRunnerImpl.java:108)
	at com.sun.enterprise.v3.admin.CommandRunnerImpl$ExecutionContext.execute(CommandRunnerImpl.java:1762)
	at com.sun.enterprise.v3.admin.CommandRunnerImpl$ExecutionContext.execute(CommandRunnerImpl.java:1674)
	at com.sun.enterprise.admin.cli.embeddable.DeployerImpl.deploy(DeployerImpl.java:133)
	at org.glassfish.ejb.embedded.EJBContainerImpl.deploy(EJBContainerImpl.java:141)
	at org.glassfish.ejb.embedded.EJBContainerProviderImpl.createEJBContainer(EJBContainerProviderImpl.java:134)
	at javax.ejb.embeddable.EJBContainer.createEJBContainer(EJBContainer.java:127)
	at miEjB.BookFacadeTest.setUpClass(BookFacadeTest.java:46)
	at sun.reflect.NativeMethodAccessorImpl.invoke0(Native Method)
	at sun.reflect.NativeMethodAccessorImpl.invoke(NativeMethodAccessorImpl.java:57)
	at sun.reflect.DelegatingMethodAccessorImpl.invoke(DelegatingMethodAccessorImpl.java:43)
	at java.lang.reflect.Method.invoke(Method.java:601)
	at org.junit.runners.model.FrameworkMethod$1.runReflectiveCall(FrameworkMethod.java:45)
	at org.junit.internal.runners.model.ReflectiveCallable.run(ReflectiveCallable.java:15)
	at org.junit.runners.model.FrameworkMethod.invokeExplosively(FrameworkMethod.java:42)
	at org.junit.internal.runners.statements.RunBefores.evaluate(RunBefores.java:27)
	at org.junit.internal.runners.statements.RunAfters.evaluate(RunAfters.java:30)
	at org.junit.runners.ParentRunner.run(ParentRunner.java:300)
	at junit.framework.JUnit4TestAdapter.run(JUnit4TestAdapter.java:39)
	at org.apache.tools.ant.taskdefs.optional.junit.JUnitTestRunner.run(JUnitTestRunner.java:520)
	at org.apache.tools.ant.taskdefs.optional.junit.JUnitTestRunner.launch(JUnitTestRunner.java:1060)
	at org.apache.tools.ant.taskdefs.optional.junit.JUnitTestRunner.main(JUnitTestRunner.java:911)
Caused by: javax.naming.CommunicationException: Cannot connect to ORB [Root exception is org.omg.CORBA.COMM_FAILURE: SEVERE: 00410016: Unable to create IIOP listener on the specified host all interfaces and port 3.700  vmcid: OMG  minor code: 16  completed: No]
	at com.sun.jndi.cosnaming.CNCtx.setOrbAndRootContext(CNCtx.java:400)
	at com.sun.jndi.cosnaming.CNCtx.initOrbAndRootContext(CNCtx.java:274)
	at com.sun.jndi.cosnaming.CNCtx.<init>(CNCtx.java:105)
	at com.sun.jndi.cosnaming.CNCtxFactory.getInitialContext(CNCtxFactory.java:49)
	at javax.naming.spi.NamingManager.getInitialContext(NamingManager.java:684)
	at javax.naming.InitialContext.getDefaultInitCtx(InitialContext.java:307)
	at javax.naming.InitialContext.init(InitialContext.java:242)
	at javax.naming.InitialContext.<init>(InitialContext.java:216)
	at com.sun.enterprise.naming.impl.GlassfishNamingManagerImpl.initializeRemoteNamingSupport(GlassfishNamingManagerImpl.java:166)
	at org.glassfish.enterprise.iiop.api.GlassFishORBHelper.getORB(GlassFishORBHelper.java:182)
	... 75 more
Caused by: org.omg.CORBA.COMM_FAILURE: SEVERE: 00410016: Unable to create IIOP listener on the specified host all interfaces and port 3.700  vmcid: OMG  minor code: 16  completed: No
	at $Proxy183.createListenerFailed(Unknown Source)
	at com.sun.corba.ee.impl.transport.AcceptorImpl.initialize(AcceptorImpl.java:98)
	at com.sun.corba.ee.impl.transport.TransportManagerImpl.getAcceptors(TransportManagerImpl.java:232)
	at com.sun.corba.ee.impl.legacy.connection.LegacyServerSocketManagerImpl.getAcceptorIterator(LegacyServerSocketManagerImpl.java:163)
	at com.sun.corba.ee.impl.legacy.connection.LegacyServerSocketManagerImpl.legacyIsLocalServerPort(LegacyServerSocketManagerImpl.java:130)
	at com.sun.corba.ee.impl.ior.iiop.IIOPProfileImpl.isLocal(IIOPProfileImpl.java:341)
	at com.sun.corba.ee.impl.transport.ContactInfoListImpl.setLocalSubcontract(ContactInfoListImpl.java:444)
	at com.sun.corba.ee.impl.transport.ContactInfoListImpl.setEffectiveTargetIOR(ContactInfoListImpl.java:277)
	at com.sun.corba.ee.impl.transport.ContactInfoListImpl.setTargetIOR(ContactInfoListImpl.java:219)
	at com.sun.corba.ee.impl.transport.ContactInfoListImpl.<init>(ContactInfoListImpl.java:183)
	at com.sun.corba.ee.spi.transport.TransportDefault$1.create(TransportDefault.java:70)
	at com.sun.corba.ee.impl.misc.ORBUtility.makeClientDelegate(ORBUtility.java:803)
	at com.sun.corba.ee.impl.misc.ORBUtility.makeObjectReference(ORBUtility.java:812)
	at com.sun.corba.ee.impl.resolver.INSURLOperationImpl.getIORUsingCorbaloc(INSURLOperationImpl.java:312)
	at com.sun.corba.ee.impl.resolver.INSURLOperationImpl.resolveCorbaloc(INSURLOperationImpl.java:183)
	at com.sun.corba.ee.impl.resolver.INSURLOperationImpl.resolveINSURL(INSURLOperationImpl.java:155)
	at com.sun.corba.ee.impl.resolver.INSURLOperationImpl.operate(INSURLOperationImpl.java:144)
	at com.sun.corba.ee.impl.resolver.ORBInitRefResolverImpl.resolve(ORBInitRefResolverImpl.java:69)
	at com.sun.corba.ee.impl.resolver.CompositeResolverImpl.resolve(CompositeResolverImpl.java:59)
	at com.sun.corba.ee.impl.resolver.CompositeResolverImpl.resolve(CompositeResolverImpl.java:61)
	at com.sun.corba.ee.impl.orb.ORBImpl.resolve_initial_references(ORBImpl.java:1259)
	at com.sun.jndi.cosnaming.CNCtx.setOrbAndRootContext(CNCtx.java:378)
	... 84 more
Caused by: java.net.BindException: Address already in use: bind
	at sun.nio.ch.Net.bind0(Native Method)
	at sun.nio.ch.Net.bind(Net.java:344)
	at sun.nio.ch.Net.bind(Net.java:336)
	at sun.nio.ch.ServerSocketChannelImpl.bind(ServerSocketChannelImpl.java:199)
	at sun.nio.ch.ServerSocketAdaptor.bind(ServerSocketAdaptor.java:74)
	at sun.nio.ch.ServerSocketAdaptor.bind(ServerSocketAdaptor.java:67)
	at org.glassfish.enterprise.iiop.impl.IIOPSSLSocketFactory.createServerSocket(IIOPSSLSocketFactory.java:297)
	at com.sun.corba.ee.impl.transport.AcceptorImpl.initialize(AcceptorImpl.java:91)
	... 104 more

jul 29, 2013 10:05:37 PM com.sun.jts.CosTransactions.DefaultTransactionService identify_ORB
WARNING: jts.unexpected_error_when_creating_poa
org.omg.CORBA.OBJ_ADAPTER: WARNING: 02310002: Error in connecting servant to ORB  vmcid: OMG  minor code: 2  completed: No
	at $Proxy183.orbConnectError(Unknown Source)
	at com.sun.corba.ee.impl.orb.ORBImpl.connect(ORBImpl.java:1692)
	at com.sun.corba.ee.spi.presentation.rmi.StubAdapter.connect(StubAdapter.java:216)
	at com.sun.corba.ee.impl.orb.ORBImpl.getIOR(ORBImpl.java:2082)
	at com.sun.corba.ee.impl.orb.ORBImpl.getFVDCodeBaseIOR(ORBImpl.java:981)
	at com.sun.corba.ee.impl.protocol.ClientRequestDispatcherImpl.addServiceContexts(ClientRequestDispatcherImpl.java:822)
	at com.sun.corba.ee.impl.protocol.ClientRequestDispatcherImpl.beginRequest(ClientRequestDispatcherImpl.java:293)
	at com.sun.corba.ee.impl.protocol.ClientDelegateImpl.request(ClientDelegateImpl.java:227)
	at com.sun.corba.ee.impl.resolver.BootstrapResolverImpl.invoke(BootstrapResolverImpl.java:112)
	at com.sun.corba.ee.impl.resolver.BootstrapResolverImpl.resolve(BootstrapResolverImpl.java:145)
	at com.sun.corba.ee.impl.resolver.CompositeResolverImpl.resolve(CompositeResolverImpl.java:61)
	at com.sun.corba.ee.impl.resolver.CompositeResolverImpl.resolve(CompositeResolverImpl.java:61)
	at com.sun.corba.ee.impl.resolver.CompositeResolverImpl.resolve(CompositeResolverImpl.java:61)
	at com.sun.corba.ee.impl.orb.ORBImpl.resolve_initial_references(ORBImpl.java:1259)
	at com.sun.jts.CosTransactions.DefaultTransactionService.createPOAs(DefaultTransactionService.java:388)
	at com.sun.jts.CosTransactions.DefaultTransactionService.identify_ORB(DefaultTransactionService.java:202)
	at com.sun.enterprise.transaction.jts.iiop.TransactionIIOPInterceptorFactory.createInterceptor(TransactionIIOPInterceptorFactory.java:145)
	at com.sun.enterprise.transaction.jts.iiop.TransactionIIOPInterceptorFactory.createClientRequestInterceptor(TransactionIIOPInterceptorFactory.java:97)
	at org.glassfish.enterprise.iiop.impl.GlassFishORBInitializer.post_init(GlassFishORBInitializer.java:132)
	at com.sun.corba.ee.impl.interceptors.PIHandlerImpl.postInitORBInitializers(PIHandlerImpl.java:917)
	at com.sun.corba.ee.impl.interceptors.PIHandlerImpl.initialize(PIHandlerImpl.java:267)
	at com.sun.corba.ee.impl.orb.ORBImpl.postInit(ORBImpl.java:636)
	at com.sun.corba.ee.impl.orb.ORBImpl.set_parameters(ORBImpl.java:697)
	at com.sun.corba.ee.impl.orb.ORBImpl.setParameters(ORBImpl.java:684)
	at com.sun.corba.ee.spi.osgi.ORBFactory.initialize(ORBFactory.java:107)
	at org.glassfish.enterprise.iiop.impl.GlassFishORBManager.initORB(GlassFishORBManager.java:585)
	at org.glassfish.enterprise.iiop.impl.GlassFishORBManager.getORB(GlassFishORBManager.java:264)
	at org.glassfish.enterprise.iiop.impl.GlassFishORBFactoryImpl.createORB(GlassFishORBFactoryImpl.java:93)
	at org.glassfish.enterprise.iiop.api.GlassFishORBHelper.getORB(GlassFishORBHelper.java:163)
	at org.glassfish.enterprise.iiop.api.GlassFishORBHelper.getProtocolManager(GlassFishORBHelper.java:231)
	at com.sun.ejb.containers.BaseContainer.initializeProtocolManager(BaseContainer.java:830)
	at com.sun.ejb.containers.BaseContainer.<init>(BaseContainer.java:590)
	at com.sun.ejb.containers.StatelessSessionContainer.<init>(StatelessSessionContainer.java:143)
	at com.sun.ejb.containers.StatelessSessionContainer.<init>(StatelessSessionContainer.java:137)
	at com.sun.ejb.containers.StatelessContainerFactory.createContainer(StatelessContainerFactory.java:61)
	at org.glassfish.ejb.startup.EjbApplication.loadContainers(EjbApplication.java:221)
	at org.glassfish.ejb.startup.EjbDeployer.load(EjbDeployer.java:291)
	at org.glassfish.ejb.startup.EjbDeployer.load(EjbDeployer.java:99)
	at org.glassfish.internal.data.ModuleInfo.load(ModuleInfo.java:206)
	at org.glassfish.internal.data.ApplicationInfo.load(ApplicationInfo.java:313)
	at com.sun.enterprise.v3.server.ApplicationLifecycle.deploy(ApplicationLifecycle.java:493)
	at com.sun.enterprise.v3.server.ApplicationLifecycle.deploy(ApplicationLifecycle.java:219)
	at org.glassfish.deployment.admin.DeployCommand.execute(DeployCommand.java:491)
	at com.sun.enterprise.v3.admin.CommandRunnerImpl$2$1.run(CommandRunnerImpl.java:527)
	at com.sun.enterprise.v3.admin.CommandRunnerImpl$2$1.run(CommandRunnerImpl.java:523)
	at java.security.AccessController.doPrivileged(Native Method)
	at javax.security.auth.Subject.doAs(Subject.java:356)
	at com.sun.enterprise.v3.admin.CommandRunnerImpl$2.execute(CommandRunnerImpl.java:522)
	at com.sun.enterprise.v3.admin.CommandRunnerImpl.doCommand(CommandRunnerImpl.java:546)
	at com.sun.enterprise.v3.admin.CommandRunnerImpl.doCommand(CommandRunnerImpl.java:1423)
	at com.sun.enterprise.v3.admin.CommandRunnerImpl.access$1500(CommandRunnerImpl.java:108)
	at com.sun.enterprise.v3.admin.CommandRunnerImpl$ExecutionContext.execute(CommandRunnerImpl.java:1762)
	at com.sun.enterprise.v3.admin.CommandRunnerImpl$ExecutionContext.execute(CommandRunnerImpl.java:1674)
	at com.sun.enterprise.admin.cli.embeddable.DeployerImpl.deploy(DeployerImpl.java:133)
	at org.glassfish.ejb.embedded.EJBContainerImpl.deploy(EJBContainerImpl.java:141)
	at org.glassfish.ejb.embedded.EJBContainerProviderImpl.createEJBContainer(EJBContainerProviderImpl.java:134)
	at javax.ejb.embeddable.EJBContainer.createEJBContainer(EJBContainer.java:127)
	at miEjB.BookFacadeTest.setUpClass(BookFacadeTest.java:46)
	at sun.reflect.NativeMethodAccessorImpl.invoke0(Native Method)
	at sun.reflect.NativeMethodAccessorImpl.invoke(NativeMethodAccessorImpl.java:57)
	at sun.reflect.DelegatingMethodAccessorImpl.invoke(DelegatingMethodAccessorImpl.java:43)
	at java.lang.reflect.Method.invoke(Method.java:601)
	at org.junit.runners.model.FrameworkMethod$1.runReflectiveCall(FrameworkMethod.java:45)
	at org.junit.internal.runners.model.ReflectiveCallable.run(ReflectiveCallable.java:15)
	at org.junit.runners.model.FrameworkMethod.invokeExplosively(FrameworkMethod.java:42)
	at org.junit.internal.runners.statements.RunBefores.evaluate(RunBefores.java:27)
	at org.junit.internal.runners.statements.RunAfters.evaluate(RunAfters.java:30)
	at org.junit.runners.ParentRunner.run(ParentRunner.java:300)
	at junit.framework.JUnit4TestAdapter.run(JUnit4TestAdapter.java:39)
	at org.apache.tools.ant.taskdefs.optional.junit.JUnitTestRunner.run(JUnitTestRunner.java:520)
	at org.apache.tools.ant.taskdefs.optional.junit.JUnitTestRunner.launch(JUnitTestRunner.java:1060)
	at org.apache.tools.ant.taskdefs.optional.junit.JUnitTestRunner.main(JUnitTestRunner.java:911)
Caused by: org.omg.CORBA.COMM_FAILURE: SEVERE: 00410016: Unable to create IIOP listener on the specified host all interfaces and port 3.700  vmcid: OMG  minor code: 16  completed: No
	at $Proxy183.createListenerFailed(Unknown Source)
	at com.sun.corba.ee.impl.transport.AcceptorImpl.initialize(AcceptorImpl.java:98)
	at com.sun.corba.ee.impl.transport.TransportManagerImpl.getAcceptors(TransportManagerImpl.java:232)
	at com.sun.corba.ee.impl.transport.TransportManagerImpl.addToIORTemplate(TransportManagerImpl.java:251)
	at com.sun.corba.ee.spi.oa.ObjectAdapterBase.initializeTemplate(ObjectAdapterBase.java:103)
	at com.sun.corba.ee.impl.oa.toa.TOAImpl.<init>(TOAImpl.java:133)
	at com.sun.corba.ee.impl.oa.toa.TOAFactory.getTOA(TOAFactory.java:118)
	at com.sun.corba.ee.impl.orb.ORBImpl.connect(ORBImpl.java:1690)
	... 70 more
Caused by: java.net.BindException: Address already in use: bind
	at sun.nio.ch.Net.bind0(Native Method)
	at sun.nio.ch.Net.bind(Net.java:344)
	at sun.nio.ch.Net.bind(Net.java:336)
	at sun.nio.ch.ServerSocketChannelImpl.bind(ServerSocketChannelImpl.java:199)
	at sun.nio.ch.ServerSocketAdaptor.bind(ServerSocketAdaptor.java:74)
	at sun.nio.ch.ServerSocketAdaptor.bind(ServerSocketAdaptor.java:67)
	at org.glassfish.enterprise.iiop.impl.IIOPSSLSocketFactory.createServerSocket(IIOPSSLSocketFactory.java:297)
	at com.sun.corba.ee.impl.transport.AcceptorImpl.initialize(AcceptorImpl.java:91)
	... 76 more

jul 29, 2013 10:05:38 PM org.glassfish.enterprise.iiop.impl.GlassFishORBManager initORB
SEVERE: enterprise_util.excep_in_createorb
org.omg.CORBA.OBJ_ADAPTER: WARNING: 02310002: Error in connecting servant to ORB  vmcid: OMG  minor code: 2  completed: No
	at $Proxy183.orbConnectError(Unknown Source)
	at com.sun.corba.ee.impl.orb.ORBImpl.connect(ORBImpl.java:1692)
	at com.sun.corba.ee.spi.presentation.rmi.StubAdapter.connect(StubAdapter.java:216)
	at com.sun.corba.ee.impl.orb.ORBImpl.getIOR(ORBImpl.java:2082)
	at com.sun.corba.ee.impl.orb.ORBImpl.getFVDCodeBaseIOR(ORBImpl.java:981)
	at com.sun.corba.ee.impl.protocol.ClientRequestDispatcherImpl.addServiceContexts(ClientRequestDispatcherImpl.java:822)
	at com.sun.corba.ee.impl.protocol.ClientRequestDispatcherImpl.beginRequest(ClientRequestDispatcherImpl.java:293)
	at com.sun.corba.ee.impl.protocol.ClientDelegateImpl.request(ClientDelegateImpl.java:227)
	at com.sun.corba.ee.impl.resolver.BootstrapResolverImpl.invoke(BootstrapResolverImpl.java:112)
	at com.sun.corba.ee.impl.resolver.BootstrapResolverImpl.resolve(BootstrapResolverImpl.java:145)
	at com.sun.corba.ee.impl.resolver.CompositeResolverImpl.resolve(CompositeResolverImpl.java:61)
	at com.sun.corba.ee.impl.resolver.CompositeResolverImpl.resolve(CompositeResolverImpl.java:61)
	at com.sun.corba.ee.impl.resolver.CompositeResolverImpl.resolve(CompositeResolverImpl.java:61)
	at com.sun.corba.ee.impl.orb.ORBImpl.resolve_initial_references(ORBImpl.java:1259)
	at org.glassfish.enterprise.iiop.impl.GlassFishORBManager.initORB(GlassFishORBManager.java:590)
	at org.glassfish.enterprise.iiop.impl.GlassFishORBManager.getORB(GlassFishORBManager.java:264)
	at org.glassfish.enterprise.iiop.impl.GlassFishORBFactoryImpl.createORB(GlassFishORBFactoryImpl.java:93)
	at org.glassfish.enterprise.iiop.api.GlassFishORBHelper.getORB(GlassFishORBHelper.java:163)
	at org.glassfish.enterprise.iiop.api.GlassFishORBHelper.getProtocolManager(GlassFishORBHelper.java:231)
	at com.sun.ejb.containers.BaseContainer.initializeProtocolManager(BaseContainer.java:830)
	at com.sun.ejb.containers.BaseContainer.<init>(BaseContainer.java:590)
	at com.sun.ejb.containers.StatelessSessionContainer.<init>(StatelessSessionContainer.java:143)
	at com.sun.ejb.containers.StatelessSessionContainer.<init>(StatelessSessionContainer.java:137)
	at com.sun.ejb.containers.StatelessContainerFactory.createContainer(StatelessContainerFactory.java:61)
	at org.glassfish.ejb.startup.EjbApplication.loadContainers(EjbApplication.java:221)
	at org.glassfish.ejb.startup.EjbDeployer.load(EjbDeployer.java:291)
	at org.glassfish.ejb.startup.EjbDeployer.load(EjbDeployer.java:99)
	at org.glassfish.internal.data.ModuleInfo.load(ModuleInfo.java:206)
	at org.glassfish.internal.data.ApplicationInfo.load(ApplicationInfo.java:313)
	at com.sun.enterprise.v3.server.ApplicationLifecycle.deploy(ApplicationLifecycle.java:493)
	at com.sun.enterprise.v3.server.ApplicationLifecycle.deploy(ApplicationLifecycle.java:219)
	at org.glassfish.deployment.admin.DeployCommand.execute(DeployCommand.java:491)
	at com.sun.enterprise.v3.admin.CommandRunnerImpl$2$1.run(CommandRunnerImpl.java:527)
	at com.sun.enterprise.v3.admin.CommandRunnerImpl$2$1.run(CommandRunnerImpl.java:523)
	at java.security.AccessController.doPrivileged(Native Method)
	at javax.security.auth.Subject.doAs(Subject.java:356)
	at com.sun.enterprise.v3.admin.CommandRunnerImpl$2.execute(CommandRunnerImpl.java:522)
	at com.sun.enterprise.v3.admin.CommandRunnerImpl.doCommand(CommandRunnerImpl.java:546)
	at com.sun.enterprise.v3.admin.CommandRunnerImpl.doCommand(CommandRunnerImpl.java:1423)
	at com.sun.enterprise.v3.admin.CommandRunnerImpl.access$1500(CommandRunnerImpl.java:108)
	at com.sun.enterprise.v3.admin.CommandRunnerImpl$ExecutionContext.execute(CommandRunnerImpl.java:1762)
	at com.sun.enterprise.v3.admin.CommandRunnerImpl$ExecutionContext.execute(CommandRunnerImpl.java:1674)
	at com.sun.enterprise.admin.cli.embeddable.DeployerImpl.deploy(DeployerImpl.java:133)
	at org.glassfish.ejb.embedded.EJBContainerImpl.deploy(EJBContainerImpl.java:141)
	at org.glassfish.ejb.embedded.EJBContainerProviderImpl.createEJBContainer(EJBContainerProviderImpl.java:134)
	at javax.ejb.embeddable.EJBContainer.createEJBContainer(EJBContainer.java:127)
	at miEjB.BookFacadeTest.setUpClass(BookFacadeTest.java:46)
	at sun.reflect.NativeMethodAccessorImpl.invoke0(Native Method)
	at sun.reflect.NativeMethodAccessorImpl.invoke(NativeMethodAccessorImpl.java:57)
	at sun.reflect.DelegatingMethodAccessorImpl.invoke(DelegatingMethodAccessorImpl.java:43)
	at java.lang.reflect.Method.invoke(Method.java:601)
	at org.junit.runners.model.FrameworkMethod$1.runReflectiveCall(FrameworkMethod.java:45)
	at org.junit.internal.runners.model.ReflectiveCallable.run(ReflectiveCallable.java:15)
	at org.junit.runners.model.FrameworkMethod.invokeExplosively(FrameworkMethod.java:42)
	at org.junit.internal.runners.statements.RunBefores.evaluate(RunBefores.java:27)
	at org.junit.internal.runners.statements.RunAfters.evaluate(RunAfters.java:30)
	at org.junit.runners.ParentRunner.run(ParentRunner.java:300)
	at junit.framework.JUnit4TestAdapter.run(JUnit4TestAdapter.java:39)
	at org.apache.tools.ant.taskdefs.optional.junit.JUnitTestRunner.run(JUnitTestRunner.java:520)
	at org.apache.tools.ant.taskdefs.optional.junit.JUnitTestRunner.launch(JUnitTestRunner.java:1060)
	at org.apache.tools.ant.taskdefs.optional.junit.JUnitTestRunner.main(JUnitTestRunner.java:911)
Caused by: org.omg.CORBA.COMM_FAILURE: SEVERE: 00410016: Unable to create IIOP listener on the specified host all interfaces and port 3.700  vmcid: OMG  minor code: 16  completed: No
	at $Proxy183.createListenerFailed(Unknown Source)
	at com.sun.corba.ee.impl.transport.AcceptorImpl.initialize(AcceptorImpl.java:98)
	at com.sun.corba.ee.impl.transport.TransportManagerImpl.getAcceptors(TransportManagerImpl.java:232)
	at com.sun.corba.ee.impl.transport.TransportManagerImpl.addToIORTemplate(TransportManagerImpl.java:251)
	at com.sun.corba.ee.spi.oa.ObjectAdapterBase.initializeTemplate(ObjectAdapterBase.java:103)
	at com.sun.corba.ee.impl.oa.toa.TOAImpl.<init>(TOAImpl.java:133)
	at com.sun.corba.ee.impl.oa.toa.TOAFactory.getTOA(TOAFactory.java:118)
	at com.sun.corba.ee.impl.orb.ORBImpl.connect(ORBImpl.java:1690)
	... 59 more
Caused by: java.net.BindException: Address already in use: bind
	at sun.nio.ch.Net.bind0(Native Method)
	at sun.nio.ch.Net.bind(Net.java:344)
	at sun.nio.ch.Net.bind(Net.java:336)
	at sun.nio.ch.ServerSocketChannelImpl.bind(ServerSocketChannelImpl.java:199)
	at sun.nio.ch.ServerSocketAdaptor.bind(ServerSocketAdaptor.java:74)
	at sun.nio.ch.ServerSocketAdaptor.bind(ServerSocketAdaptor.java:67)
	at org.glassfish.enterprise.iiop.impl.IIOPSSLSocketFactory.createServerSocket(IIOPSSLSocketFactory.java:297)
	at com.sun.corba.ee.impl.transport.AcceptorImpl.initialize(AcceptorImpl.java:91)
	... 65 more

jul 29, 2013 10:05:38 PM org.glassfish.internal.data.ModuleInfo load
SEVERE: Exception while invoking class org.glassfish.ejb.startup.EjbDeployer load method
java.lang.RuntimeException: EJB Container initialization error
	at org.glassfish.ejb.startup.EjbApplication.loadContainers(EjbApplication.java:234)
	at org.glassfish.ejb.startup.EjbDeployer.load(EjbDeployer.java:291)
	at org.glassfish.ejb.startup.EjbDeployer.load(EjbDeployer.java:99)
	at org.glassfish.internal.data.ModuleInfo.load(ModuleInfo.java:206)
	at org.glassfish.internal.data.ApplicationInfo.load(ApplicationInfo.java:313)
	at com.sun.enterprise.v3.server.ApplicationLifecycle.deploy(ApplicationLifecycle.java:493)
	at com.sun.enterprise.v3.server.ApplicationLifecycle.deploy(ApplicationLifecycle.java:219)
	at org.glassfish.deployment.admin.DeployCommand.execute(DeployCommand.java:491)
	at com.sun.enterprise.v3.admin.CommandRunnerImpl$2$1.run(CommandRunnerImpl.java:527)
	at com.sun.enterprise.v3.admin.CommandRunnerImpl$2$1.run(CommandRunnerImpl.java:523)
	at java.security.AccessController.doPrivileged(Native Method)
	at javax.security.auth.Subject.doAs(Subject.java:356)
	at com.sun.enterprise.v3.admin.CommandRunnerImpl$2.execute(CommandRunnerImpl.java:522)
	at com.sun.enterprise.v3.admin.CommandRunnerImpl.doCommand(CommandRunnerImpl.java:546)
	at com.sun.enterprise.v3.admin.CommandRunnerImpl.doCommand(CommandRunnerImpl.java:1423)
	at com.sun.enterprise.v3.admin.CommandRunnerImpl.access$1500(CommandRunnerImpl.java:108)
	at com.sun.enterprise.v3.admin.CommandRunnerImpl$ExecutionContext.execute(CommandRunnerImpl.java:1762)
	at com.sun.enterprise.v3.admin.CommandRunnerImpl$ExecutionContext.execute(CommandRunnerImpl.java:1674)
	at com.sun.enterprise.admin.cli.embeddable.DeployerImpl.deploy(DeployerImpl.java:133)
	at org.glassfish.ejb.embedded.EJBContainerImpl.deploy(EJBContainerImpl.java:141)
	at org.glassfish.ejb.embedded.EJBContainerProviderImpl.createEJBContainer(EJBContainerProviderImpl.java:134)
	at javax.ejb.embeddable.EJBContainer.createEJBContainer(EJBContainer.java:127)
	at miEjB.BookFacadeTest.setUpClass(BookFacadeTest.java:46)
	at sun.reflect.NativeMethodAccessorImpl.invoke0(Native Method)
	at sun.reflect.NativeMethodAccessorImpl.invoke(NativeMethodAccessorImpl.java:57)
	at sun.reflect.DelegatingMethodAccessorImpl.invoke(DelegatingMethodAccessorImpl.java:43)
	at java.lang.reflect.Method.invoke(Method.java:601)
	at org.junit.runners.model.FrameworkMethod$1.runReflectiveCall(FrameworkMethod.java:45)
	at org.junit.internal.runners.model.ReflectiveCallable.run(ReflectiveCallable.java:15)
	at org.junit.runners.model.FrameworkMethod.invokeExplosively(FrameworkMethod.java:42)
	at org.junit.internal.runners.statements.RunBefores.evaluate(RunBefores.java:27)
	at org.junit.internal.runners.statements.RunAfters.evaluate(RunAfters.java:30)
	at org.junit.runners.ParentRunner.run(ParentRunner.java:300)
	at junit.framework.JUnit4TestAdapter.run(JUnit4TestAdapter.java:39)
	at org.apache.tools.ant.taskdefs.optional.junit.JUnitTestRunner.run(JUnitTestRunner.java:520)
	at org.apache.tools.ant.taskdefs.optional.junit.JUnitTestRunner.launch(JUnitTestRunner.java:1060)
	at org.apache.tools.ant.taskdefs.optional.junit.JUnitTestRunner.main(JUnitTestRunner.java:911)
Caused by: java.lang.RuntimeException: IIOP Protocol Manager initialization failed.  Possible cause is that ORB is not available in this container
	at com.sun.ejb.containers.BaseContainer.initializeProtocolManager(BaseContainer.java:833)
	at com.sun.ejb.containers.BaseContainer.<init>(BaseContainer.java:590)
	at com.sun.ejb.containers.StatelessSessionContainer.<init>(StatelessSessionContainer.java:143)
	at com.sun.ejb.containers.StatelessSessionContainer.<init>(StatelessSessionContainer.java:137)
	at com.sun.ejb.containers.StatelessContainerFactory.createContainer(StatelessContainerFactory.java:61)
	at org.glassfish.ejb.startup.EjbApplication.loadContainers(EjbApplication.java:221)
	... 36 more
Caused by: java.lang.RuntimeException: Orb initialization erorr
	at org.glassfish.enterprise.iiop.api.GlassFishORBHelper.getORB(GlassFishORBHelper.java:191)
	at org.glassfish.enterprise.iiop.api.GlassFishORBHelper.getProtocolManager(GlassFishORBHelper.java:231)
	at com.sun.ejb.containers.BaseContainer.initializeProtocolManager(BaseContainer.java:830)
	... 41 more
Caused by: java.lang.RuntimeException: org.omg.CORBA.OBJ_ADAPTER: WARNING: 02310002: Error in connecting servant to ORB  vmcid: OMG  minor code: 2  completed: No
	at org.glassfish.enterprise.iiop.impl.GlassFishORBManager.initORB(GlassFishORBManager.java:626)
	at org.glassfish.enterprise.iiop.impl.GlassFishORBManager.getORB(GlassFishORBManager.java:264)
	at org.glassfish.enterprise.iiop.impl.GlassFishORBFactoryImpl.createORB(GlassFishORBFactoryImpl.java:93)
	at org.glassfish.enterprise.iiop.api.GlassFishORBHelper.getORB(GlassFishORBHelper.java:163)
	... 43 more
Caused by: org.omg.CORBA.OBJ_ADAPTER: WARNING: 02310002: Error in connecting servant to ORB  vmcid: OMG  minor code: 2  completed: No
	at $Proxy183.orbConnectError(Unknown Source)
	at com.sun.corba.ee.impl.orb.ORBImpl.connect(ORBImpl.java:1692)
	at com.sun.corba.ee.spi.presentation.rmi.StubAdapter.connect(StubAdapter.java:216)
	at com.sun.corba.ee.impl.orb.ORBImpl.getIOR(ORBImpl.java:2082)
	at com.sun.corba.ee.impl.orb.ORBImpl.getFVDCodeBaseIOR(ORBImpl.java:981)
	at com.sun.corba.ee.impl.protocol.ClientRequestDispatcherImpl.addServiceContexts(ClientRequestDispatcherImpl.java:822)
	at com.sun.corba.ee.impl.protocol.ClientRequestDispatcherImpl.beginRequest(ClientRequestDispatcherImpl.java:293)
	at com.sun.corba.ee.impl.protocol.ClientDelegateImpl.request(ClientDelegateImpl.java:227)
	at com.sun.corba.ee.impl.resolver.BootstrapResolverImpl.invoke(BootstrapResolverImpl.java:112)
	at com.sun.corba.ee.impl.resolver.BootstrapResolverImpl.resolve(BootstrapResolverImpl.java:145)
	at com.sun.corba.ee.impl.resolver.CompositeResolverImpl.resolve(CompositeResolverImpl.java:61)
	at com.sun.corba.ee.impl.resolver.CompositeResolverImpl.resolve(CompositeResolverImpl.java:61)
	at com.sun.corba.ee.impl.resolver.CompositeResolverImpl.resolve(CompositeResolverImpl.java:61)
	at com.sun.corba.ee.impl.orb.ORBImpl.resolve_initial_references(ORBImpl.java:1259)
	at org.glassfish.enterprise.iiop.impl.GlassFishORBManager.initORB(GlassFishORBManager.java:590)
	... 46 more
Caused by: org.omg.CORBA.COMM_FAILURE: SEVERE: 00410016: Unable to create IIOP listener on the specified host all interfaces and port 3.700  vmcid: OMG  minor code: 16  completed: No
	at $Proxy183.createListenerFailed(Unknown Source)
	at com.sun.corba.ee.impl.transport.AcceptorImpl.initialize(AcceptorImpl.java:98)
	at com.sun.corba.ee.impl.transport.TransportManagerImpl.getAcceptors(TransportManagerImpl.java:232)
	at com.sun.corba.ee.impl.transport.TransportManagerImpl.addToIORTemplate(TransportManagerImpl.java:251)
	at com.sun.corba.ee.spi.oa.ObjectAdapterBase.initializeTemplate(ObjectAdapterBase.java:103)
	at com.sun.corba.ee.impl.oa.toa.TOAImpl.<init>(TOAImpl.java:133)
	at com.sun.corba.ee.impl.oa.toa.TOAFactory.getTOA(TOAFactory.java:118)
	at com.sun.corba.ee.impl.orb.ORBImpl.connect(ORBImpl.java:1690)
	... 59 more
Caused by: java.net.BindException: Address already in use: bind
	at sun.nio.ch.Net.bind0(Native Method)
	at sun.nio.ch.Net.bind(Net.java:344)
	at sun.nio.ch.Net.bind(Net.java:336)
	at sun.nio.ch.ServerSocketChannelImpl.bind(ServerSocketChannelImpl.java:199)
	at sun.nio.ch.ServerSocketAdaptor.bind(ServerSocketAdaptor.java:74)
	at sun.nio.ch.ServerSocketAdaptor.bind(ServerSocketAdaptor.java:67)
	at org.glassfish.enterprise.iiop.impl.IIOPSSLSocketFactory.createServerSocket(IIOPSSLSocketFactory.java:297)
	at com.sun.corba.ee.impl.transport.AcceptorImpl.initialize(AcceptorImpl.java:91)
	... 65 more

jul 29, 2013 10:05:38 PM com.sun.enterprise.v3.server.ApplicationLifecycle deploy
SEVERE: Exception during lifecycle processing
java.lang.RuntimeException: EJB Container initialization error
	at org.glassfish.ejb.startup.EjbApplication.loadContainers(EjbApplication.java:234)
	at org.glassfish.ejb.startup.EjbDeployer.load(EjbDeployer.java:291)
	at org.glassfish.ejb.startup.EjbDeployer.load(EjbDeployer.java:99)
	at org.glassfish.internal.data.ModuleInfo.load(ModuleInfo.java:206)
	at org.glassfish.internal.data.ApplicationInfo.load(ApplicationInfo.java:313)
	at com.sun.enterprise.v3.server.ApplicationLifecycle.deploy(ApplicationLifecycle.java:493)
	at com.sun.enterprise.v3.server.ApplicationLifecycle.deploy(ApplicationLifecycle.java:219)
	at org.glassfish.deployment.admin.DeployCommand.execute(DeployCommand.java:491)
	at com.sun.enterprise.v3.admin.CommandRunnerImpl$2$1.run(CommandRunnerImpl.java:527)
	at com.sun.enterprise.v3.admin.CommandRunnerImpl$2$1.run(CommandRunnerImpl.java:523)
	at java.security.AccessController.doPrivileged(Native Method)
	at javax.security.auth.Subject.doAs(Subject.java:356)
	at com.sun.enterprise.v3.admin.CommandRunnerImpl$2.execute(CommandRunnerImpl.java:522)
	at com.sun.enterprise.v3.admin.CommandRunnerImpl.doCommand(CommandRunnerImpl.java:546)
	at com.sun.enterprise.v3.admin.CommandRunnerImpl.doCommand(CommandRunnerImpl.java:1423)
	at com.sun.enterprise.v3.admin.CommandRunnerImpl.access$1500(CommandRunnerImpl.java:108)
	at com.sun.enterprise.v3.admin.CommandRunnerImpl$ExecutionContext.execute(CommandRunnerImpl.java:1762)
	at com.sun.enterprise.v3.admin.CommandRunnerImpl$ExecutionContext.execute(CommandRunnerImpl.java:1674)
	at com.sun.enterprise.admin.cli.embeddable.DeployerImpl.deploy(DeployerImpl.java:133)
	at org.glassfish.ejb.embedded.EJBContainerImpl.deploy(EJBContainerImpl.java:141)
	at org.glassfish.ejb.embedded.EJBContainerProviderImpl.createEJBContainer(EJBContainerProviderImpl.java:134)
	at javax.ejb.embeddable.EJBContainer.createEJBContainer(EJBContainer.java:127)
	at miEjB.BookFacadeTest.setUpClass(BookFacadeTest.java:46)
	at sun.reflect.NativeMethodAccessorImpl.invoke0(Native Method)
	at sun.reflect.NativeMethodAccessorImpl.invoke(NativeMethodAccessorImpl.java:57)
	at sun.reflect.DelegatingMethodAccessorImpl.invoke(DelegatingMethodAccessorImpl.java:43)
	at java.lang.reflect.Method.invoke(Method.java:601)
	at org.junit.runners.model.FrameworkMethod$1.runReflectiveCall(FrameworkMethod.java:45)
	at org.junit.internal.runners.model.ReflectiveCallable.run(ReflectiveCallable.java:15)
	at org.junit.runners.model.FrameworkMethod.invokeExplosively(FrameworkMethod.java:42)
	at org.junit.internal.runners.statements.RunBefores.evaluate(RunBefores.java:27)
	at org.junit.internal.runners.statements.RunAfters.evaluate(RunAfters.java:30)
	at org.junit.runners.ParentRunner.run(ParentRunner.java:300)
	at junit.framework.JUnit4TestAdapter.run(JUnit4TestAdapter.java:39)
	at org.apache.tools.ant.taskdefs.optional.junit.JUnitTestRunner.run(JUnitTestRunner.java:520)
	at org.apache.tools.ant.taskdefs.optional.junit.JUnitTestRunner.launch(JUnitTestRunner.java:1060)
	at org.apache.tools.ant.taskdefs.optional.junit.JUnitTestRunner.main(JUnitTestRunner.java:911)
Caused by: java.lang.RuntimeException: IIOP Protocol Manager initialization failed.  Possible cause is that ORB is not available in this container
	at com.sun.ejb.containers.BaseContainer.initializeProtocolManager(BaseContainer.java:833)
	at com.sun.ejb.containers.BaseContainer.<init>(BaseContainer.java:590)
	at com.sun.ejb.containers.StatelessSessionContainer.<init>(StatelessSessionContainer.java:143)
	at com.sun.ejb.containers.StatelessSessionContainer.<init>(StatelessSessionContainer.java:137)
	at com.sun.ejb.containers.StatelessContainerFactory.createContainer(StatelessContainerFactory.java:61)
	at org.glassfish.ejb.startup.EjbApplication.loadContainers(EjbApplication.java:221)
	... 36 more
Caused by: java.lang.RuntimeException: Orb initialization erorr
	at org.glassfish.enterprise.iiop.api.GlassFishORBHelper.getORB(GlassFishORBHelper.java:191)
	at org.glassfish.enterprise.iiop.api.GlassFishORBHelper.getProtocolManager(GlassFishORBHelper.java:231)
	at com.sun.ejb.containers.BaseContainer.initializeProtocolManager(BaseContainer.java:830)
	... 41 more
Caused by: java.lang.RuntimeException: org.omg.CORBA.OBJ_ADAPTER: WARNING: 02310002: Error in connecting servant to ORB  vmcid: OMG  minor code: 2  completed: No
	at org.glassfish.enterprise.iiop.impl.GlassFishORBManager.initORB(GlassFishORBManager.java:626)
	at org.glassfish.enterprise.iiop.impl.GlassFishORBManager.getORB(GlassFishORBManager.java:264)
	at org.glassfish.enterprise.iiop.impl.GlassFishORBFactoryImpl.createORB(GlassFishORBFactoryImpl.java:93)
	at org.glassfish.enterprise.iiop.api.GlassFishORBHelper.getORB(GlassFishORBHelper.java:163)
	... 43 more
Caused by: org.omg.CORBA.OBJ_ADAPTER: WARNING: 02310002: Error in connecting servant to ORB  vmcid: OMG  minor code: 2  completed: No
	at $Proxy183.orbConnectError(Unknown Source)
	at com.sun.corba.ee.impl.orb.ORBImpl.connect(ORBImpl.java:1692)
	at com.sun.corba.ee.spi.presentation.rmi.StubAdapter.connect(StubAdapter.java:216)
	at com.sun.corba.ee.impl.orb.ORBImpl.getIOR(ORBImpl.java:2082)
	at com.sun.corba.ee.impl.orb.ORBImpl.getFVDCodeBaseIOR(ORBImpl.java:981)
	at com.sun.corba.ee.impl.protocol.ClientRequestDispatcherImpl.addServiceContexts(ClientRequestDispatcherImpl.java:822)
	at com.sun.corba.ee.impl.protocol.ClientRequestDispatcherImpl.beginRequest(ClientRequestDispatcherImpl.java:293)
	at com.sun.corba.ee.impl.protocol.ClientDelegateImpl.request(ClientDelegateImpl.java:227)
	at com.sun.corba.ee.impl.resolver.BootstrapResolverImpl.invoke(BootstrapResolverImpl.java:112)
	at com.sun.corba.ee.impl.resolver.BootstrapResolverImpl.resolve(BootstrapResolverImpl.java:145)
	at com.sun.corba.ee.impl.resolver.CompositeResolverImpl.resolve(CompositeResolverImpl.java:61)
	at com.sun.corba.ee.impl.resolver.CompositeResolverImpl.resolve(CompositeResolverImpl.java:61)
	at com.sun.corba.ee.impl.resolver.CompositeResolverImpl.resolve(CompositeResolverImpl.java:61)
	at com.sun.corba.ee.impl.orb.ORBImpl.resolve_initial_references(ORBImpl.java:1259)
	at org.glassfish.enterprise.iiop.impl.GlassFishORBManager.initORB(GlassFishORBManager.java:590)
	... 46 more
Caused by: org.omg.CORBA.COMM_FAILURE: SEVERE: 00410016: Unable to create IIOP listener on the specified host all interfaces and port 3.700  vmcid: OMG  minor code: 16  completed: No
	at $Proxy183.createListenerFailed(Unknown Source)
	at com.sun.corba.ee.impl.transport.AcceptorImpl.initialize(AcceptorImpl.java:98)
	at com.sun.corba.ee.impl.transport.TransportManagerImpl.getAcceptors(TransportManagerImpl.java:232)
	at com.sun.corba.ee.impl.transport.TransportManagerImpl.addToIORTemplate(TransportManagerImpl.java:251)
	at com.sun.corba.ee.spi.oa.ObjectAdapterBase.initializeTemplate(ObjectAdapterBase.java:103)
	at com.sun.corba.ee.impl.oa.toa.TOAImpl.<init>(TOAImpl.java:133)
	at com.sun.corba.ee.impl.oa.toa.TOAFactory.getTOA(TOAFactory.java:118)
	at com.sun.corba.ee.impl.orb.ORBImpl.connect(ORBImpl.java:1690)
	... 59 more
Caused by: java.net.BindException: Address already in use: bind
	at sun.nio.ch.Net.bind0(Native Method)
	at sun.nio.ch.Net.bind(Net.java:344)
	at sun.nio.ch.Net.bind(Net.java:336)
	at sun.nio.ch.ServerSocketChannelImpl.bind(ServerSocketChannelImpl.java:199)
	at sun.nio.ch.ServerSocketAdaptor.bind(ServerSocketAdaptor.java:74)
	at sun.nio.ch.ServerSocketAdaptor.bind(ServerSocketAdaptor.java:67)
	at org.glassfish.enterprise.iiop.impl.IIOPSSLSocketFactory.createServerSocket(IIOPSSLSocketFactory.java:297)
	at com.sun.corba.ee.impl.transport.AcceptorImpl.initialize(AcceptorImpl.java:91)
	... 65 more

jul 29, 2013 10:05:39 PM org.glassfish.api.ActionReport failure
SEVERE: Exception while loading the app
jul 29, 2013 10:05:39 PM org.eclipse.persistence.session.file:/C:/Users/Eugenio/Documents/NetBeansProjects/miEJB/build/classes/_miEJBPU.connection
INFO: file:/C:/Users/Eugenio/Documents/NetBeansProjects/miEJB/build/classes/_miEJBPU logout successful
jul 29, 2013 10:05:39 PM org.glassfish.deployment.admin.DeployCommand execute
SEVERE: Exception while loading the app : EJB Container initialization error
java.lang.RuntimeException: IIOP Protocol Manager initialization failed.  Possible cause is that ORB is not available in this container
	at com.sun.ejb.containers.BaseContainer.initializeProtocolManager(BaseContainer.java:833)
	at com.sun.ejb.containers.BaseContainer.<init>(BaseContainer.java:590)
	at com.sun.ejb.containers.StatelessSessionContainer.<init>(StatelessSessionContainer.java:143)
	at com.sun.ejb.containers.StatelessSessionContainer.<init>(StatelessSessionContainer.java:137)
	at com.sun.ejb.containers.StatelessContainerFactory.createContainer(StatelessContainerFactory.java:61)
	at org.glassfish.ejb.startup.EjbApplication.loadContainers(EjbApplication.java:221)
	at org.glassfish.ejb.startup.EjbDeployer.load(EjbDeployer.java:291)
	at org.glassfish.ejb.startup.EjbDeployer.load(EjbDeployer.java:99)
	at org.glassfish.internal.data.ModuleInfo.load(ModuleInfo.java:206)
	at org.glassfish.internal.data.ApplicationInfo.load(ApplicationInfo.java:313)
	at com.sun.enterprise.v3.server.ApplicationLifecycle.deploy(ApplicationLifecycle.java:493)
	at com.sun.enterprise.v3.server.ApplicationLifecycle.deploy(ApplicationLifecycle.java:219)
	at org.glassfish.deployment.admin.DeployCommand.execute(DeployCommand.java:491)
	at com.sun.enterprise.v3.admin.CommandRunnerImpl$2$1.run(CommandRunnerImpl.java:527)
	at com.sun.enterprise.v3.admin.CommandRunnerImpl$2$1.run(CommandRunnerImpl.java:523)
	at java.security.AccessController.doPrivileged(Native Method)
	at javax.security.auth.Subject.doAs(Subject.java:356)
	at com.sun.enterprise.v3.admin.CommandRunnerImpl$2.execute(CommandRunnerImpl.java:522)
	at com.sun.enterprise.v3.admin.CommandRunnerImpl.doCommand(CommandRunnerImpl.java:546)
	at com.sun.enterprise.v3.admin.CommandRunnerImpl.doCommand(CommandRunnerImpl.java:1423)
	at com.sun.enterprise.v3.admin.CommandRunnerImpl.access$1500(CommandRunnerImpl.java:108)
	at com.sun.enterprise.v3.admin.CommandRunnerImpl$ExecutionContext.execute(CommandRunnerImpl.java:1762)
	at com.sun.enterprise.v3.admin.CommandRunnerImpl$ExecutionContext.execute(CommandRunnerImpl.java:1674)
	at com.sun.enterprise.admin.cli.embeddable.DeployerImpl.deploy(DeployerImpl.java:133)
	at org.glassfish.ejb.embedded.EJBContainerImpl.deploy(EJBContainerImpl.java:141)
	at org.glassfish.ejb.embedded.EJBContainerProviderImpl.createEJBContainer(EJBContainerProviderImpl.java:134)
	at javax.ejb.embeddable.EJBContainer.createEJBContainer(EJBContainer.java:127)
	at miEjB.BookFacadeTest.setUpClass(BookFacadeTest.java:46)
	at sun.reflect.NativeMethodAccessorImpl.invoke0(Native Method)
	at sun.reflect.NativeMethodAccessorImpl.invoke(NativeMethodAccessorImpl.java:57)
	at sun.reflect.DelegatingMethodAccessorImpl.invoke(DelegatingMethodAccessorImpl.java:43)
	at java.lang.reflect.Method.invoke(Method.java:601)
	at org.junit.runners.model.FrameworkMethod$1.runReflectiveCall(FrameworkMethod.java:45)
	at org.junit.internal.runners.model.ReflectiveCallable.run(ReflectiveCallable.java:15)
	at org.junit.runners.model.FrameworkMethod.invokeExplosively(FrameworkMethod.java:42)
	at org.junit.internal.runners.statements.RunBefores.evaluate(RunBefores.java:27)
	at org.junit.internal.runners.statements.RunAfters.evaluate(RunAfters.java:30)
	at org.junit.runners.ParentRunner.run(ParentRunner.java:300)
	at junit.framework.JUnit4TestAdapter.run(JUnit4TestAdapter.java:39)
	at org.apache.tools.ant.taskdefs.optional.junit.JUnitTestRunner.run(JUnitTestRunner.java:520)
	at org.apache.tools.ant.taskdefs.optional.junit.JUnitTestRunner.launch(JUnitTestRunner.java:1060)
	at org.apache.tools.ant.taskdefs.optional.junit.JUnitTestRunner.main(JUnitTestRunner.java:911)
Caused by: java.lang.RuntimeException: Orb initialization erorr
	at org.glassfish.enterprise.iiop.api.GlassFishORBHelper.getORB(GlassFishORBHelper.java:191)
	at org.glassfish.enterprise.iiop.api.GlassFishORBHelper.getProtocolManager(GlassFishORBHelper.java:231)
	at com.sun.ejb.containers.BaseContainer.initializeProtocolManager(BaseContainer.java:830)
	... 41 more
Caused by: java.lang.RuntimeException: org.omg.CORBA.OBJ_ADAPTER: WARNING: 02310002: Error in connecting servant to ORB  vmcid: OMG  minor code: 2  completed: No
	at org.glassfish.enterprise.iiop.impl.GlassFishORBManager.initORB(GlassFishORBManager.java:626)
	at org.glassfish.enterprise.iiop.impl.GlassFishORBManager.getORB(GlassFishORBManager.java:264)
	at org.glassfish.enterprise.iiop.impl.GlassFishORBFactoryImpl.createORB(GlassFishORBFactoryImpl.java:93)
	at org.glassfish.enterprise.iiop.api.GlassFishORBHelper.getORB(GlassFishORBHelper.java:163)
	... 43 more
Caused by: org.omg.CORBA.OBJ_ADAPTER: WARNING: 02310002: Error in connecting servant to ORB  vmcid: OMG  minor code: 2  completed: No
	at $Proxy183.orbConnectError(Unknown Source)
	at com.sun.corba.ee.impl.orb.ORBImpl.connect(ORBImpl.java:1692)
	at com.sun.corba.ee.spi.presentation.rmi.StubAdapter.connect(StubAdapter.java:216)
	at com.sun.corba.ee.impl.orb.ORBImpl.getIOR(ORBImpl.java:2082)
	at com.sun.corba.ee.impl.orb.ORBImpl.getFVDCodeBaseIOR(ORBImpl.java:981)
	at com.sun.corba.ee.impl.protocol.ClientRequestDispatcherImpl.addServiceContexts(ClientRequestDispatcherImpl.java:822)
	at com.sun.corba.ee.impl.protocol.ClientRequestDispatcherImpl.beginRequest(ClientRequestDispatcherImpl.java:293)
	at com.sun.corba.ee.impl.protocol.ClientDelegateImpl.request(ClientDelegateImpl.java:227)
	at com.sun.corba.ee.impl.resolver.BootstrapResolverImpl.invoke(BootstrapResolverImpl.java:112)
	at com.sun.corba.ee.impl.resolver.BootstrapResolverImpl.resolve(BootstrapResolverImpl.java:145)
	at com.sun.corba.ee.impl.resolver.CompositeResolverImpl.resolve(CompositeResolverImpl.java:61)
	at com.sun.corba.ee.impl.resolver.CompositeResolverImpl.resolve(CompositeResolverImpl.java:61)
	at com.sun.corba.ee.impl.resolver.CompositeResolverImpl.resolve(CompositeResolverImpl.java:61)
	at com.sun.corba.ee.impl.orb.ORBImpl.resolve_initial_references(ORBImpl.java:1259)
	at org.glassfish.enterprise.iiop.impl.GlassFishORBManager.initORB(GlassFishORBManager.java:590)
	... 46 more
Caused by: org.omg.CORBA.COMM_FAILURE: SEVERE: 00410016: Unable to create IIOP listener on the specified host all interfaces and port 3.700  vmcid: OMG  minor code: 16  completed: No
	at $Proxy183.createListenerFailed(Unknown Source)
	at com.sun.corba.ee.impl.transport.AcceptorImpl.initialize(AcceptorImpl.java:98)
	at com.sun.corba.ee.impl.transport.TransportManagerImpl.getAcceptors(TransportManagerImpl.java:232)
	at com.sun.corba.ee.impl.transport.TransportManagerImpl.addToIORTemplate(TransportManagerImpl.java:251)
	at com.sun.corba.ee.spi.oa.ObjectAdapterBase.initializeTemplate(ObjectAdapterBase.java:103)
	at com.sun.corba.ee.impl.oa.toa.TOAImpl.<init>(TOAImpl.java:133)
	at com.sun.corba.ee.impl.oa.toa.TOAFactory.getTOA(TOAFactory.java:118)
	at com.sun.corba.ee.impl.orb.ORBImpl.connect(ORBImpl.java:1690)
	... 59 more
Caused by: java.net.BindException: Address already in use: bind
	at sun.nio.ch.Net.bind0(Native Method)
	at sun.nio.ch.Net.bind(Net.java:344)
	at sun.nio.ch.Net.bind(Net.java:336)
	at sun.nio.ch.ServerSocketChannelImpl.bind(ServerSocketChannelImpl.java:199)
	at sun.nio.ch.ServerSocketAdaptor.bind(ServerSocketAdaptor.java:74)
	at sun.nio.ch.ServerSocketAdaptor.bind(ServerSocketAdaptor.java:67)
	at org.glassfish.enterprise.iiop.impl.IIOPSSLSocketFactory.createServerSocket(IIOPSSLSocketFactory.java:297)
	at com.sun.corba.ee.impl.transport.AcceptorImpl.initialize(AcceptorImpl.java:91)
	... 65 more

jul 29, 2013 10:05:39 PM org.glassfish.ejb.embedded.EJBContainerProviderImpl createEJBContainer
INFO: [EJBContainerProviderImpl] Cleaning up on failure ...
jul 29, 2013 10:05:39 PM com.sun.enterprise.connectors.service.ResourceAdapterAdminServiceImpl sendStopToResourceAdapter
INFO: RAR7094: __ds_jdbc_ra shutdown successful.
jul 29, 2013 10:05:39 PM org.glassfish.admin.mbeanserver.JMXStartupService shutdown
INFO: JMXStartupService and JMXConnectors have been shut down.
jul 29, 2013 10:05:39 PM org.glassfish.admin.mbeanserver.JMXStartupService shutdown
INFO: JMXStartupService and JMXConnectors have been shut down.
jul 29, 2013 10:05:39 PM com.sun.enterprise.v3.server.AppServerStartup stop
INFO: Shutdown procedure finished
]]></system-err>
</testsuite>
