<?xml version="1.0" encoding="UTF-8" ?>
<testsuite failures="0" time="1,247.226" errors="10" skipped="0" tests="10" name="org.beginningee6.book.chapter07.ex01.ItemEJB01Test">
  <properties>
    <property name="java.runtime.name" value="Java(TM) SE Runtime Environment"/>
    <property name="sun.boot.library.path" value="C:\Program Files\Java\jdk1.7.0_10\jre\bin"/>
    <property name="java.vm.version" value="23.6-b04"/>
    <property name="user.country.format" value="ES"/>
    <property name="java.vm.vendor" value="Oracle Corporation"/>
    <property name="java.vendor.url" value="http://java.oracle.com/"/>
    <property name="path.separator" value=";"/>
    <property name="guice.disable.misplaced.annotation.check" value="true"/>
    <property name="java.vm.name" value="Java HotSpot(TM) 64-Bit Server VM"/>
    <property name="file.encoding.pkg" value="sun.io"/>
    <property name="user.script" value=""/>
    <property name="user.country" value="US"/>
    <property name="sun.java.launcher" value="SUN_STANDARD"/>
    <property name="sun.os.patch.level" value=""/>
    <property name="java.vm.specification.name" value="Java Virtual Machine Specification"/>
    <property name="user.dir" value="C:\Users\Eugenio\Documents\Java\BeginningJE6\chapter07"/>
    <property name="java.runtime.version" value="1.7.0_10-b18"/>
    <property name="java.awt.graphicsenv" value="sun.awt.Win32GraphicsEnvironment"/>
    <property name="java.endorsed.dirs" value="C:\Program Files\Java\jdk1.7.0_10\jre\lib\endorsed"/>
    <property name="os.arch" value="amd64"/>
    <property name="java.io.tmpdir" value="C:\Users\Eugenio\AppData\Local\Temp\"/>
    <property name="line.separator" value="
"/>
    <property name="java.vm.specification.vendor" value="Oracle Corporation"/>
    <property name="user.variant" value=""/>
    <property name="os.name" value="Windows 8"/>
    <property name="classworlds.conf" value="C:\Program Files\NetBeans 7.3.1\java\maven\bin\m2.conf"/>
    <property name="sun.jnu.encoding" value="Cp1252"/>
    <property name="java.library.path" value="C:\Program Files\Java\jdk1.7.0_10\bin;C:\Windows\Sun\Java\bin;C:\Windows\system32;C:\Windows;C:\Program Files (x86)\TIBCO\studio-community-3.5\tibrv\8.3\bin;C:\Program Files (x86)\Intel\iCLS Client\;C:\Program Files\Intel\iCLS Client\;C:\Windows\system32;C:\Windows;C:\Windows\System32\Wbem;C:\Windows\System32\WindowsPowerShell\v1.0\;C:\Program Files\Intel\Intel(R) Management Engine Components\DAL;C:\Program Files\Intel\Intel(R) Management Engine Components\IPT;C:\Program Files (x86)\Intel\Intel(R) Management Engine Components\DAL;C:\Program Files (x86)\Intel\Intel(R) Management Engine Components\IPT;C:\Program Files (x86)\Microsoft ASP.NET\ASP.NET Web Pages\v1.0\;C:\Program Files (x86)\Windows Kits\8.0\Windows Performance Toolkit\;C:\Program Files\Microsoft SQL Server\110\Tools\Binn\;C:\Program Files\MATLAB\R2011b\runtime\win64;C:\Program Files\MATLAB\R2011b\bin;C:\Program Files\Microsoft SQL Server\110\DTS\Binn\;C:\Program Files (x86)\Microsoft SQL Server\110\Tools\Binn\ManagementStudio\;C:\Program Files (x86)\Microsoft SQL Server\110\Tools\Binn\;C:\Program Files (x86)\Microsoft Visual Studio 10.0\Common7\IDE\Pr;C:\Program Files\Microsoft\Web Platform Installer\;C:\Program Files (x86)\Microsoft SDKs\Windows Azure\CLI\wbin;C:\Users\Eugenio\AppData\Roaming\npm\;."/>
    <property name="java.specification.name" value="Java Platform API Specification"/>
    <property name="java.class.version" value="51.0"/>
    <property name="sun.management.compiler" value="HotSpot 64-Bit Tiered Compilers"/>
    <property name="os.version" value="6.2"/>
    <property name="user.home" value="C:\Users\Eugenio"/>
    <property name="user.timezone" value="Europe/Paris"/>
    <property name="java.awt.printerjob" value="sun.awt.windows.WPrinterJob"/>
    <property name="java.specification.version" value="1.7"/>
    <property name="file.encoding" value="Cp1252"/>
    <property name="user.name" value="Eugenio"/>
    <property name="java.class.path" value="C:\Program Files\NetBeans 7.3.1\java\maven\boot\plexus-classworlds-2.4.jar"/>
    <property name="java.vm.specification.version" value="1.7"/>
    <property name="sun.arch.data.model" value="64"/>
    <property name="java.home" value="C:\Program Files\Java\jdk1.7.0_10\jre"/>
    <property name="sun.java.command" value="org.codehaus.plexus.classworlds.launcher.Launcher test"/>
    <property name="java.specification.vendor" value="Oracle Corporation"/>
    <property name="user.language" value="en"/>
    <property name="user.language.format" value="es"/>
    <property name="awt.toolkit" value="sun.awt.windows.WToolkit"/>
    <property name="java.vm.info" value="mixed mode"/>
    <property name="java.version" value="1.7.0_10"/>
    <property name="java.ext.dirs" value="C:\Program Files\Java\jdk1.7.0_10\jre\lib\ext;C:\Windows\Sun\Java\lib\ext"/>
    <property name="sun.boot.class.path" value="C:\Program Files\Java\jdk1.7.0_10\jre\lib\resources.jar;C:\Program Files\Java\jdk1.7.0_10\jre\lib\rt.jar;C:\Program Files\Java\jdk1.7.0_10\jre\lib\sunrsasign.jar;C:\Program Files\Java\jdk1.7.0_10\jre\lib\jsse.jar;C:\Program Files\Java\jdk1.7.0_10\jre\lib\jce.jar;C:\Program Files\Java\jdk1.7.0_10\jre\lib\charsets.jar;C:\Program Files\Java\jdk1.7.0_10\jre\lib\jfr.jar;C:\Program Files\Java\jdk1.7.0_10\jre\classes"/>
    <property name="java.vendor" value="Oracle Corporation"/>
    <property name="maven.home" value="C:\Program Files\NetBeans 7.3.1\java\maven"/>
    <property name="file.separator" value="\"/>
    <property name="java.vendor.url.bug" value="http://bugreport.sun.com/bugreport/"/>
    <property name="sun.cpu.endian" value="little"/>
    <property name="sun.io.unicode.encoding" value="UnicodeLittle"/>
    <property name="sun.desktop" value="windows"/>
    <property name="sun.cpu.isalist" value="amd64"/>
  </properties>
  <testcase time="159.411" classname="org.beginningee6.book.chapter07.ex01.ItemEJB01Test" name="testDeleteCD">
    <error message="No EJBContainer provider available
The following providers:
org.glassfish.ejb.embedded.EJBContainerProviderImpl
Returned null from createEJBContainer call.
" type="javax.ejb.EJBException">javax.ejb.EJBException: No EJBContainer provider available
The following providers:
org.glassfish.ejb.embedded.EJBContainerProviderImpl
Returned null from createEJBContainer call.

	at javax.ejb.embeddable.EJBContainer.reportError(EJBContainer.java:186)
	at javax.ejb.embeddable.EJBContainer.createEJBContainer(EJBContainer.java:121)
	at javax.ejb.embeddable.EJBContainer.createEJBContainer(EJBContainer.java:78)
	at org.beginningee6.book.chapter07.ex01.ItemEJB01Test.testDeleteCD(ItemEJB01Test.java:163)
	at sun.reflect.NativeMethodAccessorImpl.invoke0(Native Method)
	at sun.reflect.NativeMethodAccessorImpl.invoke(NativeMethodAccessorImpl.java:57)
	at sun.reflect.DelegatingMethodAccessorImpl.invoke(DelegatingMethodAccessorImpl.java:43)
	at java.lang.reflect.Method.invoke(Method.java:601)
	at org.junit.runners.model.FrameworkMethod$1.runReflectiveCall(FrameworkMethod.java:44)
	at org.junit.internal.runners.model.ReflectiveCallable.run(ReflectiveCallable.java:15)
	at org.junit.runners.model.FrameworkMethod.invokeExplosively(FrameworkMethod.java:41)
	at org.junit.internal.runners.statements.InvokeMethod.evaluate(InvokeMethod.java:20)
	at org.junit.internal.runners.statements.RunBefores.evaluate(RunBefores.java:28)
	at org.junit.internal.runners.statements.RunAfters.evaluate(RunAfters.java:31)
	at org.junit.runners.BlockJUnit4ClassRunner.runNotIgnored(BlockJUnit4ClassRunner.java:79)
	at org.junit.runners.BlockJUnit4ClassRunner.runChild(BlockJUnit4ClassRunner.java:71)
	at org.junit.runners.BlockJUnit4ClassRunner.runChild(BlockJUnit4ClassRunner.java:49)
	at org.junit.runners.ParentRunner$3.run(ParentRunner.java:193)
	at org.junit.runners.ParentRunner$1.schedule(ParentRunner.java:52)
	at org.junit.runners.ParentRunner.runChildren(ParentRunner.java:191)
	at org.junit.runners.ParentRunner.access$000(ParentRunner.java:42)
	at org.junit.runners.ParentRunner$2.evaluate(ParentRunner.java:184)
	at org.junit.internal.runners.statements.RunBefores.evaluate(RunBefores.java:28)
	at org.junit.internal.runners.statements.RunAfters.evaluate(RunAfters.java:31)
	at org.junit.runners.ParentRunner.run(ParentRunner.java:236)
	at org.apache.maven.surefire.junit4.JUnit4TestSet.execute(JUnit4TestSet.java:53)
	at org.apache.maven.surefire.junit4.JUnit4Provider.executeTestSet(JUnit4Provider.java:123)
	at org.apache.maven.surefire.junit4.JUnit4Provider.invoke(JUnit4Provider.java:104)
	at sun.reflect.NativeMethodAccessorImpl.invoke0(Native Method)
	at sun.reflect.NativeMethodAccessorImpl.invoke(NativeMethodAccessorImpl.java:57)
	at sun.reflect.DelegatingMethodAccessorImpl.invoke(DelegatingMethodAccessorImpl.java:43)
	at java.lang.reflect.Method.invoke(Method.java:601)
	at org.apache.maven.surefire.util.ReflectionUtils.invokeMethodWithArray(ReflectionUtils.java:164)
	at org.apache.maven.surefire.booter.ProviderFactory$ProviderProxy.invoke(ProviderFactory.java:110)
	at org.apache.maven.surefire.booter.SurefireStarter.invokeProvider(SurefireStarter.java:175)
	at org.apache.maven.surefire.booter.SurefireStarter.runSuitesInProcessWhenForked(SurefireStarter.java:107)
	at org.apache.maven.surefire.booter.ForkedBooter.main(ForkedBooter.java:68)
</error>
    <system-out>deleteCD
</system-out>
    <system-err>jul 20, 2013 5:18:24 PM org.glassfish.ejb.embedded.EJBContainerProviderImpl getValidFile
SEVERE: ejb.embedded.location_not_exists
jul 20, 2013 5:18:25 PM com.sun.enterprise.v3.server.AppServerStartup run
INFO: GlassFish Server Open Source Edition 3.0.1 (java_re-private) startup time : Embedded(377ms) startup services(291ms) total(668ms)
jul 20, 2013 5:18:25 PM com.sun.enterprise.transaction.JavaEETransactionManagerSimplified initDelegates
INFO: Using com.sun.enterprise.transaction.jts.JavaEETransactionManagerJTSDelegate as the delegate
jul 20, 2013 5:18:25 PM org.glassfish.admin.mbeanserver.JMXStartupService$JMXConnectorsStarterThread run
INFO: JMXStartupService: JMXConnector system is disabled, skipping.
jul 20, 2013 5:18:25 PM AppServerStartup run
INFO: [Thread[GlassFish Kernel Main Thread,5,main]] started
jul 20, 2013 5:21:04 PM com.sun.enterprise.security.SecurityLifecycle &lt;init&gt;
SEVERE: java_security.init_securitylifecycle_fail
java.io.FileNotFoundException: C:\Users\Eugenio\.glassfishv3-GFEJBContainerProviderImpl\config\login.conf (Access is denied)
	at java.io.FileOutputStream.open(Native Method)
	at java.io.FileOutputStream.&lt;init&gt;(FileOutputStream.java:212)
	at java.io.FileOutputStream.&lt;init&gt;(FileOutputStream.java:165)
	at com.sun.enterprise.security.common.Util.writeConfigFileToTempDir(Util.java:154)
	at com.sun.enterprise.security.SecurityLifecycle.&lt;init&gt;(SecurityLifecycle.java:141)
	at sun.reflect.NativeConstructorAccessorImpl.newInstance0(Native Method)
	at sun.reflect.NativeConstructorAccessorImpl.newInstance(NativeConstructorAccessorImpl.java:57)
	at sun.reflect.DelegatingConstructorAccessorImpl.newInstance(DelegatingConstructorAccessorImpl.java:45)
	at java.lang.reflect.Constructor.newInstance(Constructor.java:525)
	at java.lang.Class.newInstance0(Class.java:372)
	at java.lang.Class.newInstance(Class.java:325)
	at com.sun.hk2.component.ConstructorWomb.create(ConstructorWomb.java:68)
	at com.sun.hk2.component.AbstractWombImpl.get(AbstractWombImpl.java:71)
	at com.sun.hk2.component.SingletonInhabitant.get(SingletonInhabitant.java:58)
	at com.sun.hk2.component.LazyInhabitant.get(LazyInhabitant.java:107)
	at com.sun.hk2.component.AbstractInhabitantImpl.get(AbstractInhabitantImpl.java:60)
	at com.sun.enterprise.security.SecuritySniffer.setup(SecuritySniffer.java:105)
	at com.sun.enterprise.v3.server.ContainerStarter.startContainer(ContainerStarter.java:99)
	at com.sun.enterprise.v3.server.ApplicationLifecycle.setupContainer(ApplicationLifecycle.java:703)
	at com.sun.enterprise.v3.server.ApplicationLifecycle.setupContainerInfos(ApplicationLifecycle.java:451)
	at org.glassfish.javaee.full.deployment.EarDeployer.prepareBundle(EarDeployer.java:264)
	at org.glassfish.javaee.full.deployment.EarDeployer.access$200(EarDeployer.java:79)
	at org.glassfish.javaee.full.deployment.EarDeployer$1.doBundle(EarDeployer.java:131)
	at org.glassfish.javaee.full.deployment.EarDeployer$1.doBundle(EarDeployer.java:129)
	at org.glassfish.javaee.full.deployment.EarDeployer.doOnBundles(EarDeployer.java:197)
	at org.glassfish.javaee.full.deployment.EarDeployer.doOnAllTypedBundles(EarDeployer.java:206)
	at org.glassfish.javaee.full.deployment.EarDeployer.doOnAllBundles(EarDeployer.java:232)
	at org.glassfish.javaee.full.deployment.EarDeployer.prepare(EarDeployer.java:129)
	at com.sun.enterprise.v3.server.ApplicationLifecycle.prepareModule(ApplicationLifecycle.java:644)
	at com.sun.enterprise.v3.server.ApplicationLifecycle.deploy(ApplicationLifecycle.java:296)
	at org.glassfish.kernel.embedded.EmbeddedDeployerImpl.deploy(EmbeddedDeployerImpl.java:214)
	at org.glassfish.kernel.embedded.EmbeddedDeployerImpl.deploy(EmbeddedDeployerImpl.java:144)
	at org.glassfish.ejb.embedded.EJBContainerImpl.deploy(EJBContainerImpl.java:128)
	at org.glassfish.ejb.embedded.EJBContainerProviderImpl.createEJBContainer(EJBContainerProviderImpl.java:120)
	at javax.ejb.embeddable.EJBContainer.createEJBContainer(EJBContainer.java:102)
	at javax.ejb.embeddable.EJBContainer.createEJBContainer(EJBContainer.java:78)
	at org.beginningee6.book.chapter07.ex01.ItemEJB01Test.testDeleteCD(ItemEJB01Test.java:163)
	at sun.reflect.NativeMethodAccessorImpl.invoke0(Native Method)
	at sun.reflect.NativeMethodAccessorImpl.invoke(NativeMethodAccessorImpl.java:57)
	at sun.reflect.DelegatingMethodAccessorImpl.invoke(DelegatingMethodAccessorImpl.java:43)
	at java.lang.reflect.Method.invoke(Method.java:601)
	at org.junit.runners.model.FrameworkMethod$1.runReflectiveCall(FrameworkMethod.java:44)
	at org.junit.internal.runners.model.ReflectiveCallable.run(ReflectiveCallable.java:15)
	at org.junit.runners.model.FrameworkMethod.invokeExplosively(FrameworkMethod.java:41)
	at org.junit.internal.runners.statements.InvokeMethod.evaluate(InvokeMethod.java:20)
	at org.junit.internal.runners.statements.RunBefores.evaluate(RunBefores.java:28)
	at org.junit.internal.runners.statements.RunAfters.evaluate(RunAfters.java:31)
	at org.junit.runners.BlockJUnit4ClassRunner.runNotIgnored(BlockJUnit4ClassRunner.java:79)
	at org.junit.runners.BlockJUnit4ClassRunner.runChild(BlockJUnit4ClassRunner.java:71)
	at org.junit.runners.BlockJUnit4ClassRunner.runChild(BlockJUnit4ClassRunner.java:49)
	at org.junit.runners.ParentRunner$3.run(ParentRunner.java:193)
	at org.junit.runners.ParentRunner$1.schedule(ParentRunner.java:52)
	at org.junit.runners.ParentRunner.runChildren(ParentRunner.java:191)
	at org.junit.runners.ParentRunner.access$000(ParentRunner.java:42)
	at org.junit.runners.ParentRunner$2.evaluate(ParentRunner.java:184)
	at org.junit.internal.runners.statements.RunBefores.evaluate(RunBefores.java:28)
	at org.junit.internal.runners.statements.RunAfters.evaluate(RunAfters.java:31)
	at org.junit.runners.ParentRunner.run(ParentRunner.java:236)
	at org.apache.maven.surefire.junit4.JUnit4TestSet.execute(JUnit4TestSet.java:53)
	at org.apache.maven.surefire.junit4.JUnit4Provider.executeTestSet(JUnit4Provider.java:123)
	at org.apache.maven.surefire.junit4.JUnit4Provider.invoke(JUnit4Provider.java:104)
	at sun.reflect.NativeMethodAccessorImpl.invoke0(Native Method)
	at sun.reflect.NativeMethodAccessorImpl.invoke(NativeMethodAccessorImpl.java:57)
	at sun.reflect.DelegatingMethodAccessorImpl.invoke(DelegatingMethodAccessorImpl.java:43)
	at java.lang.reflect.Method.invoke(Method.java:601)
	at org.apache.maven.surefire.util.ReflectionUtils.invokeMethodWithArray(ReflectionUtils.java:164)
	at org.apache.maven.surefire.booter.ProviderFactory$ProviderProxy.invoke(ProviderFactory.java:110)
	at org.apache.maven.surefire.booter.SurefireStarter.invokeProvider(SurefireStarter.java:175)
	at org.apache.maven.surefire.booter.SurefireStarter.runSuitesInProcessWhenForked(SurefireStarter.java:107)
	at org.apache.maven.surefire.booter.ForkedBooter.main(ForkedBooter.java:68)

jul 20, 2013 5:21:04 PM org.glassfish.javaee.full.deployment.EarDeployer prepareBundle
WARNING: Error occurred
org.jvnet.hk2.component.ComponentException: Failed to create class com.sun.enterprise.security.SecurityLifecycle
	at com.sun.hk2.component.ConstructorWomb.create(ConstructorWomb.java:76)
	at com.sun.hk2.component.AbstractWombImpl.get(AbstractWombImpl.java:71)
	at com.sun.hk2.component.SingletonInhabitant.get(SingletonInhabitant.java:58)
	at com.sun.hk2.component.LazyInhabitant.get(LazyInhabitant.java:107)
	at com.sun.hk2.component.AbstractInhabitantImpl.get(AbstractInhabitantImpl.java:60)
	at com.sun.enterprise.security.SecuritySniffer.setup(SecuritySniffer.java:105)
	at com.sun.enterprise.v3.server.ContainerStarter.startContainer(ContainerStarter.java:99)
	at com.sun.enterprise.v3.server.ApplicationLifecycle.setupContainer(ApplicationLifecycle.java:703)
	at com.sun.enterprise.v3.server.ApplicationLifecycle.setupContainerInfos(ApplicationLifecycle.java:451)
	at org.glassfish.javaee.full.deployment.EarDeployer.prepareBundle(EarDeployer.java:264)
	at org.glassfish.javaee.full.deployment.EarDeployer.access$200(EarDeployer.java:79)
	at org.glassfish.javaee.full.deployment.EarDeployer$1.doBundle(EarDeployer.java:131)
	at org.glassfish.javaee.full.deployment.EarDeployer$1.doBundle(EarDeployer.java:129)
	at org.glassfish.javaee.full.deployment.EarDeployer.doOnBundles(EarDeployer.java:197)
	at org.glassfish.javaee.full.deployment.EarDeployer.doOnAllTypedBundles(EarDeployer.java:206)
	at org.glassfish.javaee.full.deployment.EarDeployer.doOnAllBundles(EarDeployer.java:232)
	at org.glassfish.javaee.full.deployment.EarDeployer.prepare(EarDeployer.java:129)
	at com.sun.enterprise.v3.server.ApplicationLifecycle.prepareModule(ApplicationLifecycle.java:644)
	at com.sun.enterprise.v3.server.ApplicationLifecycle.deploy(ApplicationLifecycle.java:296)
	at org.glassfish.kernel.embedded.EmbeddedDeployerImpl.deploy(EmbeddedDeployerImpl.java:214)
	at org.glassfish.kernel.embedded.EmbeddedDeployerImpl.deploy(EmbeddedDeployerImpl.java:144)
	at org.glassfish.ejb.embedded.EJBContainerImpl.deploy(EJBContainerImpl.java:128)
	at org.glassfish.ejb.embedded.EJBContainerProviderImpl.createEJBContainer(EJBContainerProviderImpl.java:120)
	at javax.ejb.embeddable.EJBContainer.createEJBContainer(EJBContainer.java:102)
	at javax.ejb.embeddable.EJBContainer.createEJBContainer(EJBContainer.java:78)
	at org.beginningee6.book.chapter07.ex01.ItemEJB01Test.testDeleteCD(ItemEJB01Test.java:163)
	at sun.reflect.NativeMethodAccessorImpl.invoke0(Native Method)
	at sun.reflect.NativeMethodAccessorImpl.invoke(NativeMethodAccessorImpl.java:57)
	at sun.reflect.DelegatingMethodAccessorImpl.invoke(DelegatingMethodAccessorImpl.java:43)
	at java.lang.reflect.Method.invoke(Method.java:601)
	at org.junit.runners.model.FrameworkMethod$1.runReflectiveCall(FrameworkMethod.java:44)
	at org.junit.internal.runners.model.ReflectiveCallable.run(ReflectiveCallable.java:15)
	at org.junit.runners.model.FrameworkMethod.invokeExplosively(FrameworkMethod.java:41)
	at org.junit.internal.runners.statements.InvokeMethod.evaluate(InvokeMethod.java:20)
	at org.junit.internal.runners.statements.RunBefores.evaluate(RunBefores.java:28)
	at org.junit.internal.runners.statements.RunAfters.evaluate(RunAfters.java:31)
	at org.junit.runners.BlockJUnit4ClassRunner.runNotIgnored(BlockJUnit4ClassRunner.java:79)
	at org.junit.runners.BlockJUnit4ClassRunner.runChild(BlockJUnit4ClassRunner.java:71)
	at org.junit.runners.BlockJUnit4ClassRunner.runChild(BlockJUnit4ClassRunner.java:49)
	at org.junit.runners.ParentRunner$3.run(ParentRunner.java:193)
	at org.junit.runners.ParentRunner$1.schedule(ParentRunner.java:52)
	at org.junit.runners.ParentRunner.runChildren(ParentRunner.java:191)
	at org.junit.runners.ParentRunner.access$000(ParentRunner.java:42)
	at org.junit.runners.ParentRunner$2.evaluate(ParentRunner.java:184)
	at org.junit.internal.runners.statements.RunBefores.evaluate(RunBefores.java:28)
	at org.junit.internal.runners.statements.RunAfters.evaluate(RunAfters.java:31)
	at org.junit.runners.ParentRunner.run(ParentRunner.java:236)
	at org.apache.maven.surefire.junit4.JUnit4TestSet.execute(JUnit4TestSet.java:53)
	at org.apache.maven.surefire.junit4.JUnit4Provider.executeTestSet(JUnit4Provider.java:123)
	at org.apache.maven.surefire.junit4.JUnit4Provider.invoke(JUnit4Provider.java:104)
	at sun.reflect.NativeMethodAccessorImpl.invoke0(Native Method)
	at sun.reflect.NativeMethodAccessorImpl.invoke(NativeMethodAccessorImpl.java:57)
	at sun.reflect.DelegatingMethodAccessorImpl.invoke(DelegatingMethodAccessorImpl.java:43)
	at java.lang.reflect.Method.invoke(Method.java:601)
	at org.apache.maven.surefire.util.ReflectionUtils.invokeMethodWithArray(ReflectionUtils.java:164)
	at org.apache.maven.surefire.booter.ProviderFactory$ProviderProxy.invoke(ProviderFactory.java:110)
	at org.apache.maven.surefire.booter.SurefireStarter.invokeProvider(SurefireStarter.java:175)
	at org.apache.maven.surefire.booter.SurefireStarter.runSuitesInProcessWhenForked(SurefireStarter.java:107)
	at org.apache.maven.surefire.booter.ForkedBooter.main(ForkedBooter.java:68)
Caused by: java.lang.RuntimeException: java.io.FileNotFoundException: C:\Users\Eugenio\.glassfishv3-GFEJBContainerProviderImpl\config\login.conf (Access is denied)
	at com.sun.enterprise.security.SecurityLifecycle.&lt;init&gt;(SecurityLifecycle.java:170)
	at sun.reflect.NativeConstructorAccessorImpl.newInstance0(Native Method)
	at sun.reflect.NativeConstructorAccessorImpl.newInstance(NativeConstructorAccessorImpl.java:57)
	at sun.reflect.DelegatingConstructorAccessorImpl.newInstance(DelegatingConstructorAccessorImpl.java:45)
	at java.lang.reflect.Constructor.newInstance(Constructor.java:525)
	at java.lang.Class.newInstance0(Class.java:372)
	at java.lang.Class.newInstance(Class.java:325)
	at com.sun.hk2.component.ConstructorWomb.create(ConstructorWomb.java:68)
	... 58 more
Caused by: java.io.FileNotFoundException: C:\Users\Eugenio\.glassfishv3-GFEJBContainerProviderImpl\config\login.conf (Access is denied)
	at java.io.FileOutputStream.open(Native Method)
	at java.io.FileOutputStream.&lt;init&gt;(FileOutputStream.java:212)
	at java.io.FileOutputStream.&lt;init&gt;(FileOutputStream.java:165)
	at com.sun.enterprise.security.common.Util.writeConfigFileToTempDir(Util.java:154)
	at com.sun.enterprise.security.SecurityLifecycle.&lt;init&gt;(SecurityLifecycle.java:141)
	... 65 more

jul 20, 2013 5:21:04 PM org.glassfish.api.ActionReport failure
SEVERE: Exception while invoking class org.glassfish.javaee.full.deployment.EarDeployer prepare method
org.glassfish.deployment.common.DeploymentException: Failed to create class com.sun.enterprise.security.SecurityLifecycle
	at org.glassfish.javaee.full.deployment.EarDeployer.prepare(EarDeployer.java:148)
	at com.sun.enterprise.v3.server.ApplicationLifecycle.prepareModule(ApplicationLifecycle.java:644)
	at com.sun.enterprise.v3.server.ApplicationLifecycle.deploy(ApplicationLifecycle.java:296)
	at org.glassfish.kernel.embedded.EmbeddedDeployerImpl.deploy(EmbeddedDeployerImpl.java:214)
	at org.glassfish.kernel.embedded.EmbeddedDeployerImpl.deploy(EmbeddedDeployerImpl.java:144)
	at org.glassfish.ejb.embedded.EJBContainerImpl.deploy(EJBContainerImpl.java:128)
	at org.glassfish.ejb.embedded.EJBContainerProviderImpl.createEJBContainer(EJBContainerProviderImpl.java:120)
	at javax.ejb.embeddable.EJBContainer.createEJBContainer(EJBContainer.java:102)
	at javax.ejb.embeddable.EJBContainer.createEJBContainer(EJBContainer.java:78)
	at org.beginningee6.book.chapter07.ex01.ItemEJB01Test.testDeleteCD(ItemEJB01Test.java:163)
	at sun.reflect.NativeMethodAccessorImpl.invoke0(Native Method)
	at sun.reflect.NativeMethodAccessorImpl.invoke(NativeMethodAccessorImpl.java:57)
	at sun.reflect.DelegatingMethodAccessorImpl.invoke(DelegatingMethodAccessorImpl.java:43)
	at java.lang.reflect.Method.invoke(Method.java:601)
	at org.junit.runners.model.FrameworkMethod$1.runReflectiveCall(FrameworkMethod.java:44)
	at org.junit.internal.runners.model.ReflectiveCallable.run(ReflectiveCallable.java:15)
	at org.junit.runners.model.FrameworkMethod.invokeExplosively(FrameworkMethod.java:41)
	at org.junit.internal.runners.statements.InvokeMethod.evaluate(InvokeMethod.java:20)
	at org.junit.internal.runners.statements.RunBefores.evaluate(RunBefores.java:28)
	at org.junit.internal.runners.statements.RunAfters.evaluate(RunAfters.java:31)
	at org.junit.runners.BlockJUnit4ClassRunner.runNotIgnored(BlockJUnit4ClassRunner.java:79)
	at org.junit.runners.BlockJUnit4ClassRunner.runChild(BlockJUnit4ClassRunner.java:71)
	at org.junit.runners.BlockJUnit4ClassRunner.runChild(BlockJUnit4ClassRunner.java:49)
	at org.junit.runners.ParentRunner$3.run(ParentRunner.java:193)
	at org.junit.runners.ParentRunner$1.schedule(ParentRunner.java:52)
	at org.junit.runners.ParentRunner.runChildren(ParentRunner.java:191)
	at org.junit.runners.ParentRunner.access$000(ParentRunner.java:42)
	at org.junit.runners.ParentRunner$2.evaluate(ParentRunner.java:184)
	at org.junit.internal.runners.statements.RunBefores.evaluate(RunBefores.java:28)
	at org.junit.internal.runners.statements.RunAfters.evaluate(RunAfters.java:31)
	at org.junit.runners.ParentRunner.run(ParentRunner.java:236)
	at org.apache.maven.surefire.junit4.JUnit4TestSet.execute(JUnit4TestSet.java:53)
	at org.apache.maven.surefire.junit4.JUnit4Provider.executeTestSet(JUnit4Provider.java:123)
	at org.apache.maven.surefire.junit4.JUnit4Provider.invoke(JUnit4Provider.java:104)
	at sun.reflect.NativeMethodAccessorImpl.invoke0(Native Method)
	at sun.reflect.NativeMethodAccessorImpl.invoke(NativeMethodAccessorImpl.java:57)
	at sun.reflect.DelegatingMethodAccessorImpl.invoke(DelegatingMethodAccessorImpl.java:43)
	at java.lang.reflect.Method.invoke(Method.java:601)
	at org.apache.maven.surefire.util.ReflectionUtils.invokeMethodWithArray(ReflectionUtils.java:164)
	at org.apache.maven.surefire.booter.ProviderFactory$ProviderProxy.invoke(ProviderFactory.java:110)
	at org.apache.maven.surefire.booter.SurefireStarter.invokeProvider(SurefireStarter.java:175)
	at org.apache.maven.surefire.booter.SurefireStarter.runSuitesInProcessWhenForked(SurefireStarter.java:107)
	at org.apache.maven.surefire.booter.ForkedBooter.main(ForkedBooter.java:68)
Caused by: org.jvnet.hk2.component.ComponentException: Failed to create class com.sun.enterprise.security.SecurityLifecycle
	at com.sun.hk2.component.ConstructorWomb.create(ConstructorWomb.java:76)
	at com.sun.hk2.component.AbstractWombImpl.get(AbstractWombImpl.java:71)
	at com.sun.hk2.component.SingletonInhabitant.get(SingletonInhabitant.java:58)
	at com.sun.hk2.component.LazyInhabitant.get(LazyInhabitant.java:107)
	at com.sun.hk2.component.AbstractInhabitantImpl.get(AbstractInhabitantImpl.java:60)
	at com.sun.enterprise.security.SecuritySniffer.setup(SecuritySniffer.java:105)
	at com.sun.enterprise.v3.server.ContainerStarter.startContainer(ContainerStarter.java:99)
	at com.sun.enterprise.v3.server.ApplicationLifecycle.setupContainer(ApplicationLifecycle.java:703)
	at com.sun.enterprise.v3.server.ApplicationLifecycle.setupContainerInfos(ApplicationLifecycle.java:451)
	at org.glassfish.javaee.full.deployment.EarDeployer.prepareBundle(EarDeployer.java:264)
	at org.glassfish.javaee.full.deployment.EarDeployer.access$200(EarDeployer.java:79)
	at org.glassfish.javaee.full.deployment.EarDeployer$1.doBundle(EarDeployer.java:131)
	at org.glassfish.javaee.full.deployment.EarDeployer$1.doBundle(EarDeployer.java:129)
	at org.glassfish.javaee.full.deployment.EarDeployer.doOnBundles(EarDeployer.java:197)
	at org.glassfish.javaee.full.deployment.EarDeployer.doOnAllTypedBundles(EarDeployer.java:206)
	at org.glassfish.javaee.full.deployment.EarDeployer.doOnAllBundles(EarDeployer.java:232)
	at org.glassfish.javaee.full.deployment.EarDeployer.prepare(EarDeployer.java:129)
	... 42 more
Caused by: java.lang.RuntimeException: java.io.FileNotFoundException: C:\Users\Eugenio\.glassfishv3-GFEJBContainerProviderImpl\config\login.conf (Access is denied)
	at com.sun.enterprise.security.SecurityLifecycle.&lt;init&gt;(SecurityLifecycle.java:170)
	at sun.reflect.NativeConstructorAccessorImpl.newInstance0(Native Method)
	at sun.reflect.NativeConstructorAccessorImpl.newInstance(NativeConstructorAccessorImpl.java:57)
	at sun.reflect.DelegatingConstructorAccessorImpl.newInstance(DelegatingConstructorAccessorImpl.java:45)
	at java.lang.reflect.Constructor.newInstance(Constructor.java:525)
	at java.lang.Class.newInstance0(Class.java:372)
	at java.lang.Class.newInstance(Class.java:325)
	at com.sun.hk2.component.ConstructorWomb.create(ConstructorWomb.java:68)
	... 58 more
Caused by: java.io.FileNotFoundException: C:\Users\Eugenio\.glassfishv3-GFEJBContainerProviderImpl\config\login.conf (Access is denied)
	at java.io.FileOutputStream.open(Native Method)
	at java.io.FileOutputStream.&lt;init&gt;(FileOutputStream.java:212)
	at java.io.FileOutputStream.&lt;init&gt;(FileOutputStream.java:165)
	at com.sun.enterprise.security.common.Util.writeConfigFileToTempDir(Util.java:154)
	at com.sun.enterprise.security.SecurityLifecycle.&lt;init&gt;(SecurityLifecycle.java:141)
	... 65 more

jul 20, 2013 5:21:04 PM org.glassfish.api.ActionReport failure
SEVERE: Exception while preparing the app
org.glassfish.deployment.common.DeploymentException: Failed to create class com.sun.enterprise.security.SecurityLifecycle
	at org.glassfish.javaee.full.deployment.EarDeployer.prepare(EarDeployer.java:148)
	at com.sun.enterprise.v3.server.ApplicationLifecycle.prepareModule(ApplicationLifecycle.java:644)
	at com.sun.enterprise.v3.server.ApplicationLifecycle.deploy(ApplicationLifecycle.java:296)
	at org.glassfish.kernel.embedded.EmbeddedDeployerImpl.deploy(EmbeddedDeployerImpl.java:214)
	at org.glassfish.kernel.embedded.EmbeddedDeployerImpl.deploy(EmbeddedDeployerImpl.java:144)
	at org.glassfish.ejb.embedded.EJBContainerImpl.deploy(EJBContainerImpl.java:128)
	at org.glassfish.ejb.embedded.EJBContainerProviderImpl.createEJBContainer(EJBContainerProviderImpl.java:120)
	at javax.ejb.embeddable.EJBContainer.createEJBContainer(EJBContainer.java:102)
	at javax.ejb.embeddable.EJBContainer.createEJBContainer(EJBContainer.java:78)
	at org.beginningee6.book.chapter07.ex01.ItemEJB01Test.testDeleteCD(ItemEJB01Test.java:163)
	at sun.reflect.NativeMethodAccessorImpl.invoke0(Native Method)
	at sun.reflect.NativeMethodAccessorImpl.invoke(NativeMethodAccessorImpl.java:57)
	at sun.reflect.DelegatingMethodAccessorImpl.invoke(DelegatingMethodAccessorImpl.java:43)
	at java.lang.reflect.Method.invoke(Method.java:601)
	at org.junit.runners.model.FrameworkMethod$1.runReflectiveCall(FrameworkMethod.java:44)
	at org.junit.internal.runners.model.ReflectiveCallable.run(ReflectiveCallable.java:15)
	at org.junit.runners.model.FrameworkMethod.invokeExplosively(FrameworkMethod.java:41)
	at org.junit.internal.runners.statements.InvokeMethod.evaluate(InvokeMethod.java:20)
	at org.junit.internal.runners.statements.RunBefores.evaluate(RunBefores.java:28)
	at org.junit.internal.runners.statements.RunAfters.evaluate(RunAfters.java:31)
	at org.junit.runners.BlockJUnit4ClassRunner.runNotIgnored(BlockJUnit4ClassRunner.java:79)
	at org.junit.runners.BlockJUnit4ClassRunner.runChild(BlockJUnit4ClassRunner.java:71)
	at org.junit.runners.BlockJUnit4ClassRunner.runChild(BlockJUnit4ClassRunner.java:49)
	at org.junit.runners.ParentRunner$3.run(ParentRunner.java:193)
	at org.junit.runners.ParentRunner$1.schedule(ParentRunner.java:52)
	at org.junit.runners.ParentRunner.runChildren(ParentRunner.java:191)
	at org.junit.runners.ParentRunner.access$000(ParentRunner.java:42)
	at org.junit.runners.ParentRunner$2.evaluate(ParentRunner.java:184)
	at org.junit.internal.runners.statements.RunBefores.evaluate(RunBefores.java:28)
	at org.junit.internal.runners.statements.RunAfters.evaluate(RunAfters.java:31)
	at org.junit.runners.ParentRunner.run(ParentRunner.java:236)
	at org.apache.maven.surefire.junit4.JUnit4TestSet.execute(JUnit4TestSet.java:53)
	at org.apache.maven.surefire.junit4.JUnit4Provider.executeTestSet(JUnit4Provider.java:123)
	at org.apache.maven.surefire.junit4.JUnit4Provider.invoke(JUnit4Provider.java:104)
	at sun.reflect.NativeMethodAccessorImpl.invoke0(Native Method)
	at sun.reflect.NativeMethodAccessorImpl.invoke(NativeMethodAccessorImpl.java:57)
	at sun.reflect.DelegatingMethodAccessorImpl.invoke(DelegatingMethodAccessorImpl.java:43)
	at java.lang.reflect.Method.invoke(Method.java:601)
	at org.apache.maven.surefire.util.ReflectionUtils.invokeMethodWithArray(ReflectionUtils.java:164)
	at org.apache.maven.surefire.booter.ProviderFactory$ProviderProxy.invoke(ProviderFactory.java:110)
	at org.apache.maven.surefire.booter.SurefireStarter.invokeProvider(SurefireStarter.java:175)
	at org.apache.maven.surefire.booter.SurefireStarter.runSuitesInProcessWhenForked(SurefireStarter.java:107)
	at org.apache.maven.surefire.booter.ForkedBooter.main(ForkedBooter.java:68)
Caused by: org.jvnet.hk2.component.ComponentException: Failed to create class com.sun.enterprise.security.SecurityLifecycle
	at com.sun.hk2.component.ConstructorWomb.create(ConstructorWomb.java:76)
	at com.sun.hk2.component.AbstractWombImpl.get(AbstractWombImpl.java:71)
	at com.sun.hk2.component.SingletonInhabitant.get(SingletonInhabitant.java:58)
	at com.sun.hk2.component.LazyInhabitant.get(LazyInhabitant.java:107)
	at com.sun.hk2.component.AbstractInhabitantImpl.get(AbstractInhabitantImpl.java:60)
	at com.sun.enterprise.security.SecuritySniffer.setup(SecuritySniffer.java:105)
	at com.sun.enterprise.v3.server.ContainerStarter.startContainer(ContainerStarter.java:99)
	at com.sun.enterprise.v3.server.ApplicationLifecycle.setupContainer(ApplicationLifecycle.java:703)
	at com.sun.enterprise.v3.server.ApplicationLifecycle.setupContainerInfos(ApplicationLifecycle.java:451)
	at org.glassfish.javaee.full.deployment.EarDeployer.prepareBundle(EarDeployer.java:264)
	at org.glassfish.javaee.full.deployment.EarDeployer.access$200(EarDeployer.java:79)
	at org.glassfish.javaee.full.deployment.EarDeployer$1.doBundle(EarDeployer.java:131)
	at org.glassfish.javaee.full.deployment.EarDeployer$1.doBundle(EarDeployer.java:129)
	at org.glassfish.javaee.full.deployment.EarDeployer.doOnBundles(EarDeployer.java:197)
	at org.glassfish.javaee.full.deployment.EarDeployer.doOnAllTypedBundles(EarDeployer.java:206)
	at org.glassfish.javaee.full.deployment.EarDeployer.doOnAllBundles(EarDeployer.java:232)
	at org.glassfish.javaee.full.deployment.EarDeployer.prepare(EarDeployer.java:129)
	... 42 more
Caused by: java.lang.RuntimeException: java.io.FileNotFoundException: C:\Users\Eugenio\.glassfishv3-GFEJBContainerProviderImpl\config\login.conf (Access is denied)
	at com.sun.enterprise.security.SecurityLifecycle.&lt;init&gt;(SecurityLifecycle.java:170)
	at sun.reflect.NativeConstructorAccessorImpl.newInstance0(Native Method)
	at sun.reflect.NativeConstructorAccessorImpl.newInstance(NativeConstructorAccessorImpl.java:57)
	at sun.reflect.DelegatingConstructorAccessorImpl.newInstance(DelegatingConstructorAccessorImpl.java:45)
	at java.lang.reflect.Constructor.newInstance(Constructor.java:525)
	at java.lang.Class.newInstance0(Class.java:372)
	at java.lang.Class.newInstance(Class.java:325)
	at com.sun.hk2.component.ConstructorWomb.create(ConstructorWomb.java:68)
	... 58 more
Caused by: java.io.FileNotFoundException: C:\Users\Eugenio\.glassfishv3-GFEJBContainerProviderImpl\config\login.conf (Access is denied)
	at java.io.FileOutputStream.open(Native Method)
	at java.io.FileOutputStream.&lt;init&gt;(FileOutputStream.java:212)
	at java.io.FileOutputStream.&lt;init&gt;(FileOutputStream.java:165)
	at com.sun.enterprise.security.common.Util.writeConfigFileToTempDir(Util.java:154)
	at com.sun.enterprise.security.SecurityLifecycle.&lt;init&gt;(SecurityLifecycle.java:141)
	... 65 more

jul 20, 2013 5:21:04 PM org.glassfish.ejb.embedded.EJBContainerProviderImpl createEJBContainer
INFO: [EJBContainerProviderImpl] Cleaning up on failure ...
jul 20, 2013 5:21:04 PM org.glassfish.admin.mbeanserver.JMXStartupService shutdown
INFO: JMXStartupService and JMXConnectors have been shut down.
jul 20, 2013 5:21:04 PM com.sun.enterprise.v3.server.AppServerStartup stop
INFO: Shutdown procedure finished
jul 20, 2013 5:21:04 PM AppServerStartup run
INFO: [Thread[GlassFish Kernel Main Thread,5,main]] exiting
jul 20, 2013 5:21:04 PM org.glassfish.ejb.embedded.EJBContainerProviderImpl createEJBContainer
SEVERE: ejb.embedded.exception_instantiating
javax.ejb.EJBException: Failed to deploy EJB modules - see log for details
	at org.glassfish.ejb.embedded.EJBContainerImpl.deploy(EJBContainerImpl.java:135)
	at org.glassfish.ejb.embedded.EJBContainerProviderImpl.createEJBContainer(EJBContainerProviderImpl.java:120)
	at javax.ejb.embeddable.EJBContainer.createEJBContainer(EJBContainer.java:102)
	at javax.ejb.embeddable.EJBContainer.createEJBContainer(EJBContainer.java:78)
	at org.beginningee6.book.chapter07.ex01.ItemEJB01Test.testDeleteCD(ItemEJB01Test.java:163)
	at sun.reflect.NativeMethodAccessorImpl.invoke0(Native Method)
	at sun.reflect.NativeMethodAccessorImpl.invoke(NativeMethodAccessorImpl.java:57)
	at sun.reflect.DelegatingMethodAccessorImpl.invoke(DelegatingMethodAccessorImpl.java:43)
	at java.lang.reflect.Method.invoke(Method.java:601)
	at org.junit.runners.model.FrameworkMethod$1.runReflectiveCall(FrameworkMethod.java:44)
	at org.junit.internal.runners.model.ReflectiveCallable.run(ReflectiveCallable.java:15)
	at org.junit.runners.model.FrameworkMethod.invokeExplosively(FrameworkMethod.java:41)
	at org.junit.internal.runners.statements.InvokeMethod.evaluate(InvokeMethod.java:20)
	at org.junit.internal.runners.statements.RunBefores.evaluate(RunBefores.java:28)
	at org.junit.internal.runners.statements.RunAfters.evaluate(RunAfters.java:31)
	at org.junit.runners.BlockJUnit4ClassRunner.runNotIgnored(BlockJUnit4ClassRunner.java:79)
	at org.junit.runners.BlockJUnit4ClassRunner.runChild(BlockJUnit4ClassRunner.java:71)
	at org.junit.runners.BlockJUnit4ClassRunner.runChild(BlockJUnit4ClassRunner.java:49)
	at org.junit.runners.ParentRunner$3.run(ParentRunner.java:193)
	at org.junit.runners.ParentRunner$1.schedule(ParentRunner.java:52)
	at org.junit.runners.ParentRunner.runChildren(ParentRunner.java:191)
	at org.junit.runners.ParentRunner.access$000(ParentRunner.java:42)
	at org.junit.runners.ParentRunner$2.evaluate(ParentRunner.java:184)
	at org.junit.internal.runners.statements.RunBefores.evaluate(RunBefores.java:28)
	at org.junit.internal.runners.statements.RunAfters.evaluate(RunAfters.java:31)
	at org.junit.runners.ParentRunner.run(ParentRunner.java:236)
	at org.apache.maven.surefire.junit4.JUnit4TestSet.execute(JUnit4TestSet.java:53)
	at org.apache.maven.surefire.junit4.JUnit4Provider.executeTestSet(JUnit4Provider.java:123)
	at org.apache.maven.surefire.junit4.JUnit4Provider.invoke(JUnit4Provider.java:104)
	at sun.reflect.NativeMethodAccessorImpl.invoke0(Native Method)
	at sun.reflect.NativeMethodAccessorImpl.invoke(NativeMethodAccessorImpl.java:57)
	at sun.reflect.DelegatingMethodAccessorImpl.invoke(DelegatingMethodAccessorImpl.java:43)
	at java.lang.reflect.Method.invoke(Method.java:601)
	at org.apache.maven.surefire.util.ReflectionUtils.invokeMethodWithArray(ReflectionUtils.java:164)
	at org.apache.maven.surefire.booter.ProviderFactory$ProviderProxy.invoke(ProviderFactory.java:110)
	at org.apache.maven.surefire.booter.SurefireStarter.invokeProvider(SurefireStarter.java:175)
	at org.apache.maven.surefire.booter.SurefireStarter.runSuitesInProcessWhenForked(SurefireStarter.java:107)
	at org.apache.maven.surefire.booter.ForkedBooter.main(ForkedBooter.java:68)

</system-err>
  </testcase>
  <testcase time="139.438" classname="org.beginningee6.book.chapter07.ex01.ItemEJB01Test" name="testCreateCD">
    <error message="No EJBContainer provider available
The following providers:
org.glassfish.ejb.embedded.EJBContainerProviderImpl
Returned null from createEJBContainer call.
" type="javax.ejb.EJBException">javax.ejb.EJBException: No EJBContainer provider available
The following providers:
org.glassfish.ejb.embedded.EJBContainerProviderImpl
Returned null from createEJBContainer call.

	at javax.ejb.embeddable.EJBContainer.reportError(EJBContainer.java:186)
	at javax.ejb.embeddable.EJBContainer.createEJBContainer(EJBContainer.java:121)
	at javax.ejb.embeddable.EJBContainer.createEJBContainer(EJBContainer.java:78)
	at org.beginningee6.book.chapter07.ex01.ItemEJB01Test.testCreateCD(ItemEJB01Test.java:131)
	at sun.reflect.NativeMethodAccessorImpl.invoke0(Native Method)
	at sun.reflect.NativeMethodAccessorImpl.invoke(NativeMethodAccessorImpl.java:57)
	at sun.reflect.DelegatingMethodAccessorImpl.invoke(DelegatingMethodAccessorImpl.java:43)
	at java.lang.reflect.Method.invoke(Method.java:601)
	at org.junit.runners.model.FrameworkMethod$1.runReflectiveCall(FrameworkMethod.java:44)
	at org.junit.internal.runners.model.ReflectiveCallable.run(ReflectiveCallable.java:15)
	at org.junit.runners.model.FrameworkMethod.invokeExplosively(FrameworkMethod.java:41)
	at org.junit.internal.runners.statements.InvokeMethod.evaluate(InvokeMethod.java:20)
	at org.junit.internal.runners.statements.RunBefores.evaluate(RunBefores.java:28)
	at org.junit.internal.runners.statements.RunAfters.evaluate(RunAfters.java:31)
	at org.junit.runners.BlockJUnit4ClassRunner.runNotIgnored(BlockJUnit4ClassRunner.java:79)
	at org.junit.runners.BlockJUnit4ClassRunner.runChild(BlockJUnit4ClassRunner.java:71)
	at org.junit.runners.BlockJUnit4ClassRunner.runChild(BlockJUnit4ClassRunner.java:49)
	at org.junit.runners.ParentRunner$3.run(ParentRunner.java:193)
	at org.junit.runners.ParentRunner$1.schedule(ParentRunner.java:52)
	at org.junit.runners.ParentRunner.runChildren(ParentRunner.java:191)
	at org.junit.runners.ParentRunner.access$000(ParentRunner.java:42)
	at org.junit.runners.ParentRunner$2.evaluate(ParentRunner.java:184)
	at org.junit.internal.runners.statements.RunBefores.evaluate(RunBefores.java:28)
	at org.junit.internal.runners.statements.RunAfters.evaluate(RunAfters.java:31)
	at org.junit.runners.ParentRunner.run(ParentRunner.java:236)
	at org.apache.maven.surefire.junit4.JUnit4TestSet.execute(JUnit4TestSet.java:53)
	at org.apache.maven.surefire.junit4.JUnit4Provider.executeTestSet(JUnit4Provider.java:123)
	at org.apache.maven.surefire.junit4.JUnit4Provider.invoke(JUnit4Provider.java:104)
	at sun.reflect.NativeMethodAccessorImpl.invoke0(Native Method)
	at sun.reflect.NativeMethodAccessorImpl.invoke(NativeMethodAccessorImpl.java:57)
	at sun.reflect.DelegatingMethodAccessorImpl.invoke(DelegatingMethodAccessorImpl.java:43)
	at java.lang.reflect.Method.invoke(Method.java:601)
	at org.apache.maven.surefire.util.ReflectionUtils.invokeMethodWithArray(ReflectionUtils.java:164)
	at org.apache.maven.surefire.booter.ProviderFactory$ProviderProxy.invoke(ProviderFactory.java:110)
	at org.apache.maven.surefire.booter.SurefireStarter.invokeProvider(SurefireStarter.java:175)
	at org.apache.maven.surefire.booter.SurefireStarter.runSuitesInProcessWhenForked(SurefireStarter.java:107)
	at org.apache.maven.surefire.booter.ForkedBooter.main(ForkedBooter.java:68)
</error>
    <system-out>createCD
</system-out>
    <system-err>jul 20, 2013 5:21:04 PM org.glassfish.ejb.embedded.EJBContainerProviderImpl getValidFile
SEVERE: ejb.embedded.location_not_exists
jul 20, 2013 5:21:04 PM com.sun.enterprise.module.impl.HK2Factory initialize
WARNING: Singleton already initialized as com.sun.enterprise.module.impl.HK2Factory@4964cd4e
jul 20, 2013 5:21:08 PM com.sun.enterprise.v3.server.AppServerStartup run
INFO: GlassFish Server Open Source Edition 3.0.1 (java_re-private) startup time : Embedded(4703ms) startup services(33ms) total(4736ms)
jul 20, 2013 5:21:08 PM com.sun.enterprise.transaction.JavaEETransactionManagerSimplified initDelegates
INFO: Using com.sun.enterprise.transaction.jts.JavaEETransactionManagerJTSDelegate as the delegate
jul 20, 2013 5:21:08 PM org.glassfish.admin.mbeanserver.JMXStartupService$JMXConnectorsStarterThread run
INFO: JMXStartupService: JMXConnector system is disabled, skipping.
jul 20, 2013 5:21:09 PM AppServerStartup run
INFO: [Thread[GlassFish Kernel Main Thread,5,main]] started
jul 20, 2013 5:23:23 PM com.sun.enterprise.security.SecurityLifecycle &lt;init&gt;
SEVERE: java_security.init_securitylifecycle_fail
java.io.FileNotFoundException: C:\Users\Eugenio\.glassfishv3-GFEJBContainerProviderImpl\config\login.conf (Access is denied)
	at java.io.FileOutputStream.open(Native Method)
	at java.io.FileOutputStream.&lt;init&gt;(FileOutputStream.java:212)
	at java.io.FileOutputStream.&lt;init&gt;(FileOutputStream.java:165)
	at com.sun.enterprise.security.common.Util.writeConfigFileToTempDir(Util.java:154)
	at com.sun.enterprise.security.SecurityLifecycle.&lt;init&gt;(SecurityLifecycle.java:141)
	at sun.reflect.NativeConstructorAccessorImpl.newInstance0(Native Method)
	at sun.reflect.NativeConstructorAccessorImpl.newInstance(NativeConstructorAccessorImpl.java:57)
	at sun.reflect.DelegatingConstructorAccessorImpl.newInstance(DelegatingConstructorAccessorImpl.java:45)
	at java.lang.reflect.Constructor.newInstance(Constructor.java:525)
	at java.lang.Class.newInstance0(Class.java:372)
	at java.lang.Class.newInstance(Class.java:325)
	at com.sun.hk2.component.ConstructorWomb.create(ConstructorWomb.java:68)
	at com.sun.hk2.component.AbstractWombImpl.get(AbstractWombImpl.java:71)
	at com.sun.hk2.component.SingletonInhabitant.get(SingletonInhabitant.java:58)
	at com.sun.hk2.component.LazyInhabitant.get(LazyInhabitant.java:107)
	at com.sun.hk2.component.AbstractInhabitantImpl.get(AbstractInhabitantImpl.java:60)
	at com.sun.enterprise.security.SecuritySniffer.setup(SecuritySniffer.java:105)
	at com.sun.enterprise.v3.server.ContainerStarter.startContainer(ContainerStarter.java:99)
	at com.sun.enterprise.v3.server.ApplicationLifecycle.setupContainer(ApplicationLifecycle.java:703)
	at com.sun.enterprise.v3.server.ApplicationLifecycle.setupContainerInfos(ApplicationLifecycle.java:451)
	at org.glassfish.javaee.full.deployment.EarDeployer.prepareBundle(EarDeployer.java:264)
	at org.glassfish.javaee.full.deployment.EarDeployer.access$200(EarDeployer.java:79)
	at org.glassfish.javaee.full.deployment.EarDeployer$1.doBundle(EarDeployer.java:131)
	at org.glassfish.javaee.full.deployment.EarDeployer$1.doBundle(EarDeployer.java:129)
	at org.glassfish.javaee.full.deployment.EarDeployer.doOnBundles(EarDeployer.java:197)
	at org.glassfish.javaee.full.deployment.EarDeployer.doOnAllTypedBundles(EarDeployer.java:206)
	at org.glassfish.javaee.full.deployment.EarDeployer.doOnAllBundles(EarDeployer.java:232)
	at org.glassfish.javaee.full.deployment.EarDeployer.prepare(EarDeployer.java:129)
	at com.sun.enterprise.v3.server.ApplicationLifecycle.prepareModule(ApplicationLifecycle.java:644)
	at com.sun.enterprise.v3.server.ApplicationLifecycle.deploy(ApplicationLifecycle.java:296)
	at org.glassfish.kernel.embedded.EmbeddedDeployerImpl.deploy(EmbeddedDeployerImpl.java:214)
	at org.glassfish.kernel.embedded.EmbeddedDeployerImpl.deploy(EmbeddedDeployerImpl.java:144)
	at org.glassfish.ejb.embedded.EJBContainerImpl.deploy(EJBContainerImpl.java:128)
	at org.glassfish.ejb.embedded.EJBContainerProviderImpl.createEJBContainer(EJBContainerProviderImpl.java:120)
	at javax.ejb.embeddable.EJBContainer.createEJBContainer(EJBContainer.java:102)
	at javax.ejb.embeddable.EJBContainer.createEJBContainer(EJBContainer.java:78)
	at org.beginningee6.book.chapter07.ex01.ItemEJB01Test.testCreateCD(ItemEJB01Test.java:131)
	at sun.reflect.NativeMethodAccessorImpl.invoke0(Native Method)
	at sun.reflect.NativeMethodAccessorImpl.invoke(NativeMethodAccessorImpl.java:57)
	at sun.reflect.DelegatingMethodAccessorImpl.invoke(DelegatingMethodAccessorImpl.java:43)
	at java.lang.reflect.Method.invoke(Method.java:601)
	at org.junit.runners.model.FrameworkMethod$1.runReflectiveCall(FrameworkMethod.java:44)
	at org.junit.internal.runners.model.ReflectiveCallable.run(ReflectiveCallable.java:15)
	at org.junit.runners.model.FrameworkMethod.invokeExplosively(FrameworkMethod.java:41)
	at org.junit.internal.runners.statements.InvokeMethod.evaluate(InvokeMethod.java:20)
	at org.junit.internal.runners.statements.RunBefores.evaluate(RunBefores.java:28)
	at org.junit.internal.runners.statements.RunAfters.evaluate(RunAfters.java:31)
	at org.junit.runners.BlockJUnit4ClassRunner.runNotIgnored(BlockJUnit4ClassRunner.java:79)
	at org.junit.runners.BlockJUnit4ClassRunner.runChild(BlockJUnit4ClassRunner.java:71)
	at org.junit.runners.BlockJUnit4ClassRunner.runChild(BlockJUnit4ClassRunner.java:49)
	at org.junit.runners.ParentRunner$3.run(ParentRunner.java:193)
	at org.junit.runners.ParentRunner$1.schedule(ParentRunner.java:52)
	at org.junit.runners.ParentRunner.runChildren(ParentRunner.java:191)
	at org.junit.runners.ParentRunner.access$000(ParentRunner.java:42)
	at org.junit.runners.ParentRunner$2.evaluate(ParentRunner.java:184)
	at org.junit.internal.runners.statements.RunBefores.evaluate(RunBefores.java:28)
	at org.junit.internal.runners.statements.RunAfters.evaluate(RunAfters.java:31)
	at org.junit.runners.ParentRunner.run(ParentRunner.java:236)
	at org.apache.maven.surefire.junit4.JUnit4TestSet.execute(JUnit4TestSet.java:53)
	at org.apache.maven.surefire.junit4.JUnit4Provider.executeTestSet(JUnit4Provider.java:123)
	at org.apache.maven.surefire.junit4.JUnit4Provider.invoke(JUnit4Provider.java:104)
	at sun.reflect.NativeMethodAccessorImpl.invoke0(Native Method)
	at sun.reflect.NativeMethodAccessorImpl.invoke(NativeMethodAccessorImpl.java:57)
	at sun.reflect.DelegatingMethodAccessorImpl.invoke(DelegatingMethodAccessorImpl.java:43)
	at java.lang.reflect.Method.invoke(Method.java:601)
	at org.apache.maven.surefire.util.ReflectionUtils.invokeMethodWithArray(ReflectionUtils.java:164)
	at org.apache.maven.surefire.booter.ProviderFactory$ProviderProxy.invoke(ProviderFactory.java:110)
	at org.apache.maven.surefire.booter.SurefireStarter.invokeProvider(SurefireStarter.java:175)
	at org.apache.maven.surefire.booter.SurefireStarter.runSuitesInProcessWhenForked(SurefireStarter.java:107)
	at org.apache.maven.surefire.booter.ForkedBooter.main(ForkedBooter.java:68)

jul 20, 2013 5:23:23 PM org.glassfish.javaee.full.deployment.EarDeployer prepareBundle
WARNING: Error occurred
org.jvnet.hk2.component.ComponentException: Failed to create class com.sun.enterprise.security.SecurityLifecycle
	at com.sun.hk2.component.ConstructorWomb.create(ConstructorWomb.java:76)
	at com.sun.hk2.component.AbstractWombImpl.get(AbstractWombImpl.java:71)
	at com.sun.hk2.component.SingletonInhabitant.get(SingletonInhabitant.java:58)
	at com.sun.hk2.component.LazyInhabitant.get(LazyInhabitant.java:107)
	at com.sun.hk2.component.AbstractInhabitantImpl.get(AbstractInhabitantImpl.java:60)
	at com.sun.enterprise.security.SecuritySniffer.setup(SecuritySniffer.java:105)
	at com.sun.enterprise.v3.server.ContainerStarter.startContainer(ContainerStarter.java:99)
	at com.sun.enterprise.v3.server.ApplicationLifecycle.setupContainer(ApplicationLifecycle.java:703)
	at com.sun.enterprise.v3.server.ApplicationLifecycle.setupContainerInfos(ApplicationLifecycle.java:451)
	at org.glassfish.javaee.full.deployment.EarDeployer.prepareBundle(EarDeployer.java:264)
	at org.glassfish.javaee.full.deployment.EarDeployer.access$200(EarDeployer.java:79)
	at org.glassfish.javaee.full.deployment.EarDeployer$1.doBundle(EarDeployer.java:131)
	at org.glassfish.javaee.full.deployment.EarDeployer$1.doBundle(EarDeployer.java:129)
	at org.glassfish.javaee.full.deployment.EarDeployer.doOnBundles(EarDeployer.java:197)
	at org.glassfish.javaee.full.deployment.EarDeployer.doOnAllTypedBundles(EarDeployer.java:206)
	at org.glassfish.javaee.full.deployment.EarDeployer.doOnAllBundles(EarDeployer.java:232)
	at org.glassfish.javaee.full.deployment.EarDeployer.prepare(EarDeployer.java:129)
	at com.sun.enterprise.v3.server.ApplicationLifecycle.prepareModule(ApplicationLifecycle.java:644)
	at com.sun.enterprise.v3.server.ApplicationLifecycle.deploy(ApplicationLifecycle.java:296)
	at org.glassfish.kernel.embedded.EmbeddedDeployerImpl.deploy(EmbeddedDeployerImpl.java:214)
	at org.glassfish.kernel.embedded.EmbeddedDeployerImpl.deploy(EmbeddedDeployerImpl.java:144)
	at org.glassfish.ejb.embedded.EJBContainerImpl.deploy(EJBContainerImpl.java:128)
	at org.glassfish.ejb.embedded.EJBContainerProviderImpl.createEJBContainer(EJBContainerProviderImpl.java:120)
	at javax.ejb.embeddable.EJBContainer.createEJBContainer(EJBContainer.java:102)
	at javax.ejb.embeddable.EJBContainer.createEJBContainer(EJBContainer.java:78)
	at org.beginningee6.book.chapter07.ex01.ItemEJB01Test.testCreateCD(ItemEJB01Test.java:131)
	at sun.reflect.NativeMethodAccessorImpl.invoke0(Native Method)
	at sun.reflect.NativeMethodAccessorImpl.invoke(NativeMethodAccessorImpl.java:57)
	at sun.reflect.DelegatingMethodAccessorImpl.invoke(DelegatingMethodAccessorImpl.java:43)
	at java.lang.reflect.Method.invoke(Method.java:601)
	at org.junit.runners.model.FrameworkMethod$1.runReflectiveCall(FrameworkMethod.java:44)
	at org.junit.internal.runners.model.ReflectiveCallable.run(ReflectiveCallable.java:15)
	at org.junit.runners.model.FrameworkMethod.invokeExplosively(FrameworkMethod.java:41)
	at org.junit.internal.runners.statements.InvokeMethod.evaluate(InvokeMethod.java:20)
	at org.junit.internal.runners.statements.RunBefores.evaluate(RunBefores.java:28)
	at org.junit.internal.runners.statements.RunAfters.evaluate(RunAfters.java:31)
	at org.junit.runners.BlockJUnit4ClassRunner.runNotIgnored(BlockJUnit4ClassRunner.java:79)
	at org.junit.runners.BlockJUnit4ClassRunner.runChild(BlockJUnit4ClassRunner.java:71)
	at org.junit.runners.BlockJUnit4ClassRunner.runChild(BlockJUnit4ClassRunner.java:49)
	at org.junit.runners.ParentRunner$3.run(ParentRunner.java:193)
	at org.junit.runners.ParentRunner$1.schedule(ParentRunner.java:52)
	at org.junit.runners.ParentRunner.runChildren(ParentRunner.java:191)
	at org.junit.runners.ParentRunner.access$000(ParentRunner.java:42)
	at org.junit.runners.ParentRunner$2.evaluate(ParentRunner.java:184)
	at org.junit.internal.runners.statements.RunBefores.evaluate(RunBefores.java:28)
	at org.junit.internal.runners.statements.RunAfters.evaluate(RunAfters.java:31)
	at org.junit.runners.ParentRunner.run(ParentRunner.java:236)
	at org.apache.maven.surefire.junit4.JUnit4TestSet.execute(JUnit4TestSet.java:53)
	at org.apache.maven.surefire.junit4.JUnit4Provider.executeTestSet(JUnit4Provider.java:123)
	at org.apache.maven.surefire.junit4.JUnit4Provider.invoke(JUnit4Provider.java:104)
	at sun.reflect.NativeMethodAccessorImpl.invoke0(Native Method)
	at sun.reflect.NativeMethodAccessorImpl.invoke(NativeMethodAccessorImpl.java:57)
	at sun.reflect.DelegatingMethodAccessorImpl.invoke(DelegatingMethodAccessorImpl.java:43)
	at java.lang.reflect.Method.invoke(Method.java:601)
	at org.apache.maven.surefire.util.ReflectionUtils.invokeMethodWithArray(ReflectionUtils.java:164)
	at org.apache.maven.surefire.booter.ProviderFactory$ProviderProxy.invoke(ProviderFactory.java:110)
	at org.apache.maven.surefire.booter.SurefireStarter.invokeProvider(SurefireStarter.java:175)
	at org.apache.maven.surefire.booter.SurefireStarter.runSuitesInProcessWhenForked(SurefireStarter.java:107)
	at org.apache.maven.surefire.booter.ForkedBooter.main(ForkedBooter.java:68)
Caused by: java.lang.RuntimeException: java.io.FileNotFoundException: C:\Users\Eugenio\.glassfishv3-GFEJBContainerProviderImpl\config\login.conf (Access is denied)
	at com.sun.enterprise.security.SecurityLifecycle.&lt;init&gt;(SecurityLifecycle.java:170)
	at sun.reflect.NativeConstructorAccessorImpl.newInstance0(Native Method)
	at sun.reflect.NativeConstructorAccessorImpl.newInstance(NativeConstructorAccessorImpl.java:57)
	at sun.reflect.DelegatingConstructorAccessorImpl.newInstance(DelegatingConstructorAccessorImpl.java:45)
	at java.lang.reflect.Constructor.newInstance(Constructor.java:525)
	at java.lang.Class.newInstance0(Class.java:372)
	at java.lang.Class.newInstance(Class.java:325)
	at com.sun.hk2.component.ConstructorWomb.create(ConstructorWomb.java:68)
	... 58 more
Caused by: java.io.FileNotFoundException: C:\Users\Eugenio\.glassfishv3-GFEJBContainerProviderImpl\config\login.conf (Access is denied)
	at java.io.FileOutputStream.open(Native Method)
	at java.io.FileOutputStream.&lt;init&gt;(FileOutputStream.java:212)
	at java.io.FileOutputStream.&lt;init&gt;(FileOutputStream.java:165)
	at com.sun.enterprise.security.common.Util.writeConfigFileToTempDir(Util.java:154)
	at com.sun.enterprise.security.SecurityLifecycle.&lt;init&gt;(SecurityLifecycle.java:141)
	... 65 more

jul 20, 2013 5:23:23 PM org.glassfish.api.ActionReport failure
SEVERE: Exception while invoking class org.glassfish.javaee.full.deployment.EarDeployer prepare method
org.glassfish.deployment.common.DeploymentException: Failed to create class com.sun.enterprise.security.SecurityLifecycle
	at org.glassfish.javaee.full.deployment.EarDeployer.prepare(EarDeployer.java:148)
	at com.sun.enterprise.v3.server.ApplicationLifecycle.prepareModule(ApplicationLifecycle.java:644)
	at com.sun.enterprise.v3.server.ApplicationLifecycle.deploy(ApplicationLifecycle.java:296)
	at org.glassfish.kernel.embedded.EmbeddedDeployerImpl.deploy(EmbeddedDeployerImpl.java:214)
	at org.glassfish.kernel.embedded.EmbeddedDeployerImpl.deploy(EmbeddedDeployerImpl.java:144)
	at org.glassfish.ejb.embedded.EJBContainerImpl.deploy(EJBContainerImpl.java:128)
	at org.glassfish.ejb.embedded.EJBContainerProviderImpl.createEJBContainer(EJBContainerProviderImpl.java:120)
	at javax.ejb.embeddable.EJBContainer.createEJBContainer(EJBContainer.java:102)
	at javax.ejb.embeddable.EJBContainer.createEJBContainer(EJBContainer.java:78)
	at org.beginningee6.book.chapter07.ex01.ItemEJB01Test.testCreateCD(ItemEJB01Test.java:131)
	at sun.reflect.NativeMethodAccessorImpl.invoke0(Native Method)
	at sun.reflect.NativeMethodAccessorImpl.invoke(NativeMethodAccessorImpl.java:57)
	at sun.reflect.DelegatingMethodAccessorImpl.invoke(DelegatingMethodAccessorImpl.java:43)
	at java.lang.reflect.Method.invoke(Method.java:601)
	at org.junit.runners.model.FrameworkMethod$1.runReflectiveCall(FrameworkMethod.java:44)
	at org.junit.internal.runners.model.ReflectiveCallable.run(ReflectiveCallable.java:15)
	at org.junit.runners.model.FrameworkMethod.invokeExplosively(FrameworkMethod.java:41)
	at org.junit.internal.runners.statements.InvokeMethod.evaluate(InvokeMethod.java:20)
	at org.junit.internal.runners.statements.RunBefores.evaluate(RunBefores.java:28)
	at org.junit.internal.runners.statements.RunAfters.evaluate(RunAfters.java:31)
	at org.junit.runners.BlockJUnit4ClassRunner.runNotIgnored(BlockJUnit4ClassRunner.java:79)
	at org.junit.runners.BlockJUnit4ClassRunner.runChild(BlockJUnit4ClassRunner.java:71)
	at org.junit.runners.BlockJUnit4ClassRunner.runChild(BlockJUnit4ClassRunner.java:49)
	at org.junit.runners.ParentRunner$3.run(ParentRunner.java:193)
	at org.junit.runners.ParentRunner$1.schedule(ParentRunner.java:52)
	at org.junit.runners.ParentRunner.runChildren(ParentRunner.java:191)
	at org.junit.runners.ParentRunner.access$000(ParentRunner.java:42)
	at org.junit.runners.ParentRunner$2.evaluate(ParentRunner.java:184)
	at org.junit.internal.runners.statements.RunBefores.evaluate(RunBefores.java:28)
	at org.junit.internal.runners.statements.RunAfters.evaluate(RunAfters.java:31)
	at org.junit.runners.ParentRunner.run(ParentRunner.java:236)
	at org.apache.maven.surefire.junit4.JUnit4TestSet.execute(JUnit4TestSet.java:53)
	at org.apache.maven.surefire.junit4.JUnit4Provider.executeTestSet(JUnit4Provider.java:123)
	at org.apache.maven.surefire.junit4.JUnit4Provider.invoke(JUnit4Provider.java:104)
	at sun.reflect.NativeMethodAccessorImpl.invoke0(Native Method)
	at sun.reflect.NativeMethodAccessorImpl.invoke(NativeMethodAccessorImpl.java:57)
	at sun.reflect.DelegatingMethodAccessorImpl.invoke(DelegatingMethodAccessorImpl.java:43)
	at java.lang.reflect.Method.invoke(Method.java:601)
	at org.apache.maven.surefire.util.ReflectionUtils.invokeMethodWithArray(ReflectionUtils.java:164)
	at org.apache.maven.surefire.booter.ProviderFactory$ProviderProxy.invoke(ProviderFactory.java:110)
	at org.apache.maven.surefire.booter.SurefireStarter.invokeProvider(SurefireStarter.java:175)
	at org.apache.maven.surefire.booter.SurefireStarter.runSuitesInProcessWhenForked(SurefireStarter.java:107)
	at org.apache.maven.surefire.booter.ForkedBooter.main(ForkedBooter.java:68)
Caused by: org.jvnet.hk2.component.ComponentException: Failed to create class com.sun.enterprise.security.SecurityLifecycle
	at com.sun.hk2.component.ConstructorWomb.create(ConstructorWomb.java:76)
	at com.sun.hk2.component.AbstractWombImpl.get(AbstractWombImpl.java:71)
	at com.sun.hk2.component.SingletonInhabitant.get(SingletonInhabitant.java:58)
	at com.sun.hk2.component.LazyInhabitant.get(LazyInhabitant.java:107)
	at com.sun.hk2.component.AbstractInhabitantImpl.get(AbstractInhabitantImpl.java:60)
	at com.sun.enterprise.security.SecuritySniffer.setup(SecuritySniffer.java:105)
	at com.sun.enterprise.v3.server.ContainerStarter.startContainer(ContainerStarter.java:99)
	at com.sun.enterprise.v3.server.ApplicationLifecycle.setupContainer(ApplicationLifecycle.java:703)
	at com.sun.enterprise.v3.server.ApplicationLifecycle.setupContainerInfos(ApplicationLifecycle.java:451)
	at org.glassfish.javaee.full.deployment.EarDeployer.prepareBundle(EarDeployer.java:264)
	at org.glassfish.javaee.full.deployment.EarDeployer.access$200(EarDeployer.java:79)
	at org.glassfish.javaee.full.deployment.EarDeployer$1.doBundle(EarDeployer.java:131)
	at org.glassfish.javaee.full.deployment.EarDeployer$1.doBundle(EarDeployer.java:129)
	at org.glassfish.javaee.full.deployment.EarDeployer.doOnBundles(EarDeployer.java:197)
	at org.glassfish.javaee.full.deployment.EarDeployer.doOnAllTypedBundles(EarDeployer.java:206)
	at org.glassfish.javaee.full.deployment.EarDeployer.doOnAllBundles(EarDeployer.java:232)
	at org.glassfish.javaee.full.deployment.EarDeployer.prepare(EarDeployer.java:129)
	... 42 more
Caused by: java.lang.RuntimeException: java.io.FileNotFoundException: C:\Users\Eugenio\.glassfishv3-GFEJBContainerProviderImpl\config\login.conf (Access is denied)
	at com.sun.enterprise.security.SecurityLifecycle.&lt;init&gt;(SecurityLifecycle.java:170)
	at sun.reflect.NativeConstructorAccessorImpl.newInstance0(Native Method)
	at sun.reflect.NativeConstructorAccessorImpl.newInstance(NativeConstructorAccessorImpl.java:57)
	at sun.reflect.DelegatingConstructorAccessorImpl.newInstance(DelegatingConstructorAccessorImpl.java:45)
	at java.lang.reflect.Constructor.newInstance(Constructor.java:525)
	at java.lang.Class.newInstance0(Class.java:372)
	at java.lang.Class.newInstance(Class.java:325)
	at com.sun.hk2.component.ConstructorWomb.create(ConstructorWomb.java:68)
	... 58 more
Caused by: java.io.FileNotFoundException: C:\Users\Eugenio\.glassfishv3-GFEJBContainerProviderImpl\config\login.conf (Access is denied)
	at java.io.FileOutputStream.open(Native Method)
	at java.io.FileOutputStream.&lt;init&gt;(FileOutputStream.java:212)
	at java.io.FileOutputStream.&lt;init&gt;(FileOutputStream.java:165)
	at com.sun.enterprise.security.common.Util.writeConfigFileToTempDir(Util.java:154)
	at com.sun.enterprise.security.SecurityLifecycle.&lt;init&gt;(SecurityLifecycle.java:141)
	... 65 more

jul 20, 2013 5:23:23 PM org.glassfish.api.ActionReport failure
SEVERE: Exception while preparing the app
org.glassfish.deployment.common.DeploymentException: Failed to create class com.sun.enterprise.security.SecurityLifecycle
	at org.glassfish.javaee.full.deployment.EarDeployer.prepare(EarDeployer.java:148)
	at com.sun.enterprise.v3.server.ApplicationLifecycle.prepareModule(ApplicationLifecycle.java:644)
	at com.sun.enterprise.v3.server.ApplicationLifecycle.deploy(ApplicationLifecycle.java:296)
	at org.glassfish.kernel.embedded.EmbeddedDeployerImpl.deploy(EmbeddedDeployerImpl.java:214)
	at org.glassfish.kernel.embedded.EmbeddedDeployerImpl.deploy(EmbeddedDeployerImpl.java:144)
	at org.glassfish.ejb.embedded.EJBContainerImpl.deploy(EJBContainerImpl.java:128)
	at org.glassfish.ejb.embedded.EJBContainerProviderImpl.createEJBContainer(EJBContainerProviderImpl.java:120)
	at javax.ejb.embeddable.EJBContainer.createEJBContainer(EJBContainer.java:102)
	at javax.ejb.embeddable.EJBContainer.createEJBContainer(EJBContainer.java:78)
	at org.beginningee6.book.chapter07.ex01.ItemEJB01Test.testCreateCD(ItemEJB01Test.java:131)
	at sun.reflect.NativeMethodAccessorImpl.invoke0(Native Method)
	at sun.reflect.NativeMethodAccessorImpl.invoke(NativeMethodAccessorImpl.java:57)
	at sun.reflect.DelegatingMethodAccessorImpl.invoke(DelegatingMethodAccessorImpl.java:43)
	at java.lang.reflect.Method.invoke(Method.java:601)
	at org.junit.runners.model.FrameworkMethod$1.runReflectiveCall(FrameworkMethod.java:44)
	at org.junit.internal.runners.model.ReflectiveCallable.run(ReflectiveCallable.java:15)
	at org.junit.runners.model.FrameworkMethod.invokeExplosively(FrameworkMethod.java:41)
	at org.junit.internal.runners.statements.InvokeMethod.evaluate(InvokeMethod.java:20)
	at org.junit.internal.runners.statements.RunBefores.evaluate(RunBefores.java:28)
	at org.junit.internal.runners.statements.RunAfters.evaluate(RunAfters.java:31)
	at org.junit.runners.BlockJUnit4ClassRunner.runNotIgnored(BlockJUnit4ClassRunner.java:79)
	at org.junit.runners.BlockJUnit4ClassRunner.runChild(BlockJUnit4ClassRunner.java:71)
	at org.junit.runners.BlockJUnit4ClassRunner.runChild(BlockJUnit4ClassRunner.java:49)
	at org.junit.runners.ParentRunner$3.run(ParentRunner.java:193)
	at org.junit.runners.ParentRunner$1.schedule(ParentRunner.java:52)
	at org.junit.runners.ParentRunner.runChildren(ParentRunner.java:191)
	at org.junit.runners.ParentRunner.access$000(ParentRunner.java:42)
	at org.junit.runners.ParentRunner$2.evaluate(ParentRunner.java:184)
	at org.junit.internal.runners.statements.RunBefores.evaluate(RunBefores.java:28)
	at org.junit.internal.runners.statements.RunAfters.evaluate(RunAfters.java:31)
	at org.junit.runners.ParentRunner.run(ParentRunner.java:236)
	at org.apache.maven.surefire.junit4.JUnit4TestSet.execute(JUnit4TestSet.java:53)
	at org.apache.maven.surefire.junit4.JUnit4Provider.executeTestSet(JUnit4Provider.java:123)
	at org.apache.maven.surefire.junit4.JUnit4Provider.invoke(JUnit4Provider.java:104)
	at sun.reflect.NativeMethodAccessorImpl.invoke0(Native Method)
	at sun.reflect.NativeMethodAccessorImpl.invoke(NativeMethodAccessorImpl.java:57)
	at sun.reflect.DelegatingMethodAccessorImpl.invoke(DelegatingMethodAccessorImpl.java:43)
	at java.lang.reflect.Method.invoke(Method.java:601)
	at org.apache.maven.surefire.util.ReflectionUtils.invokeMethodWithArray(ReflectionUtils.java:164)
	at org.apache.maven.surefire.booter.ProviderFactory$ProviderProxy.invoke(ProviderFactory.java:110)
	at org.apache.maven.surefire.booter.SurefireStarter.invokeProvider(SurefireStarter.java:175)
	at org.apache.maven.surefire.booter.SurefireStarter.runSuitesInProcessWhenForked(SurefireStarter.java:107)
	at org.apache.maven.surefire.booter.ForkedBooter.main(ForkedBooter.java:68)
Caused by: org.jvnet.hk2.component.ComponentException: Failed to create class com.sun.enterprise.security.SecurityLifecycle
	at com.sun.hk2.component.ConstructorWomb.create(ConstructorWomb.java:76)
	at com.sun.hk2.component.AbstractWombImpl.get(AbstractWombImpl.java:71)
	at com.sun.hk2.component.SingletonInhabitant.get(SingletonInhabitant.java:58)
	at com.sun.hk2.component.LazyInhabitant.get(LazyInhabitant.java:107)
	at com.sun.hk2.component.AbstractInhabitantImpl.get(AbstractInhabitantImpl.java:60)
	at com.sun.enterprise.security.SecuritySniffer.setup(SecuritySniffer.java:105)
	at com.sun.enterprise.v3.server.ContainerStarter.startContainer(ContainerStarter.java:99)
	at com.sun.enterprise.v3.server.ApplicationLifecycle.setupContainer(ApplicationLifecycle.java:703)
	at com.sun.enterprise.v3.server.ApplicationLifecycle.setupContainerInfos(ApplicationLifecycle.java:451)
	at org.glassfish.javaee.full.deployment.EarDeployer.prepareBundle(EarDeployer.java:264)
	at org.glassfish.javaee.full.deployment.EarDeployer.access$200(EarDeployer.java:79)
	at org.glassfish.javaee.full.deployment.EarDeployer$1.doBundle(EarDeployer.java:131)
	at org.glassfish.javaee.full.deployment.EarDeployer$1.doBundle(EarDeployer.java:129)
	at org.glassfish.javaee.full.deployment.EarDeployer.doOnBundles(EarDeployer.java:197)
	at org.glassfish.javaee.full.deployment.EarDeployer.doOnAllTypedBundles(EarDeployer.java:206)
	at org.glassfish.javaee.full.deployment.EarDeployer.doOnAllBundles(EarDeployer.java:232)
	at org.glassfish.javaee.full.deployment.EarDeployer.prepare(EarDeployer.java:129)
	... 42 more
Caused by: java.lang.RuntimeException: java.io.FileNotFoundException: C:\Users\Eugenio\.glassfishv3-GFEJBContainerProviderImpl\config\login.conf (Access is denied)
	at com.sun.enterprise.security.SecurityLifecycle.&lt;init&gt;(SecurityLifecycle.java:170)
	at sun.reflect.NativeConstructorAccessorImpl.newInstance0(Native Method)
	at sun.reflect.NativeConstructorAccessorImpl.newInstance(NativeConstructorAccessorImpl.java:57)
	at sun.reflect.DelegatingConstructorAccessorImpl.newInstance(DelegatingConstructorAccessorImpl.java:45)
	at java.lang.reflect.Constructor.newInstance(Constructor.java:525)
	at java.lang.Class.newInstance0(Class.java:372)
	at java.lang.Class.newInstance(Class.java:325)
	at com.sun.hk2.component.ConstructorWomb.create(ConstructorWomb.java:68)
	... 58 more
Caused by: java.io.FileNotFoundException: C:\Users\Eugenio\.glassfishv3-GFEJBContainerProviderImpl\config\login.conf (Access is denied)
	at java.io.FileOutputStream.open(Native Method)
	at java.io.FileOutputStream.&lt;init&gt;(FileOutputStream.java:212)
	at java.io.FileOutputStream.&lt;init&gt;(FileOutputStream.java:165)
	at com.sun.enterprise.security.common.Util.writeConfigFileToTempDir(Util.java:154)
	at com.sun.enterprise.security.SecurityLifecycle.&lt;init&gt;(SecurityLifecycle.java:141)
	... 65 more

jul 20, 2013 5:23:23 PM org.glassfish.ejb.embedded.EJBContainerProviderImpl createEJBContainer
INFO: [EJBContainerProviderImpl] Cleaning up on failure ...
jul 20, 2013 5:23:23 PM org.glassfish.admin.mbeanserver.JMXStartupService shutdown
INFO: JMXStartupService and JMXConnectors have been shut down.
jul 20, 2013 5:23:23 PM com.sun.enterprise.v3.server.AppServerStartup stop
INFO: Shutdown procedure finished
jul 20, 2013 5:23:23 PM AppServerStartup run
INFO: [Thread[GlassFish Kernel Main Thread,5,main]] exiting
jul 20, 2013 5:23:23 PM org.glassfish.ejb.embedded.EJBContainerProviderImpl createEJBContainer
SEVERE: ejb.embedded.exception_instantiating
javax.ejb.EJBException: Failed to deploy EJB modules - see log for details
	at org.glassfish.ejb.embedded.EJBContainerImpl.deploy(EJBContainerImpl.java:135)
	at org.glassfish.ejb.embedded.EJBContainerProviderImpl.createEJBContainer(EJBContainerProviderImpl.java:120)
	at javax.ejb.embeddable.EJBContainer.createEJBContainer(EJBContainer.java:102)
	at javax.ejb.embeddable.EJBContainer.createEJBContainer(EJBContainer.java:78)
	at org.beginningee6.book.chapter07.ex01.ItemEJB01Test.testCreateCD(ItemEJB01Test.java:131)
	at sun.reflect.NativeMethodAccessorImpl.invoke0(Native Method)
	at sun.reflect.NativeMethodAccessorImpl.invoke(NativeMethodAccessorImpl.java:57)
	at sun.reflect.DelegatingMethodAccessorImpl.invoke(DelegatingMethodAccessorImpl.java:43)
	at java.lang.reflect.Method.invoke(Method.java:601)
	at org.junit.runners.model.FrameworkMethod$1.runReflectiveCall(FrameworkMethod.java:44)
	at org.junit.internal.runners.model.ReflectiveCallable.run(ReflectiveCallable.java:15)
	at org.junit.runners.model.FrameworkMethod.invokeExplosively(FrameworkMethod.java:41)
	at org.junit.internal.runners.statements.InvokeMethod.evaluate(InvokeMethod.java:20)
	at org.junit.internal.runners.statements.RunBefores.evaluate(RunBefores.java:28)
	at org.junit.internal.runners.statements.RunAfters.evaluate(RunAfters.java:31)
	at org.junit.runners.BlockJUnit4ClassRunner.runNotIgnored(BlockJUnit4ClassRunner.java:79)
	at org.junit.runners.BlockJUnit4ClassRunner.runChild(BlockJUnit4ClassRunner.java:71)
	at org.junit.runners.BlockJUnit4ClassRunner.runChild(BlockJUnit4ClassRunner.java:49)
	at org.junit.runners.ParentRunner$3.run(ParentRunner.java:193)
	at org.junit.runners.ParentRunner$1.schedule(ParentRunner.java:52)
	at org.junit.runners.ParentRunner.runChildren(ParentRunner.java:191)
	at org.junit.runners.ParentRunner.access$000(ParentRunner.java:42)
	at org.junit.runners.ParentRunner$2.evaluate(ParentRunner.java:184)
	at org.junit.internal.runners.statements.RunBefores.evaluate(RunBefores.java:28)
	at org.junit.internal.runners.statements.RunAfters.evaluate(RunAfters.java:31)
	at org.junit.runners.ParentRunner.run(ParentRunner.java:236)
	at org.apache.maven.surefire.junit4.JUnit4TestSet.execute(JUnit4TestSet.java:53)
	at org.apache.maven.surefire.junit4.JUnit4Provider.executeTestSet(JUnit4Provider.java:123)
	at org.apache.maven.surefire.junit4.JUnit4Provider.invoke(JUnit4Provider.java:104)
	at sun.reflect.NativeMethodAccessorImpl.invoke0(Native Method)
	at sun.reflect.NativeMethodAccessorImpl.invoke(NativeMethodAccessorImpl.java:57)
	at sun.reflect.DelegatingMethodAccessorImpl.invoke(DelegatingMethodAccessorImpl.java:43)
	at java.lang.reflect.Method.invoke(Method.java:601)
	at org.apache.maven.surefire.util.ReflectionUtils.invokeMethodWithArray(ReflectionUtils.java:164)
	at org.apache.maven.surefire.booter.ProviderFactory$ProviderProxy.invoke(ProviderFactory.java:110)
	at org.apache.maven.surefire.booter.SurefireStarter.invokeProvider(SurefireStarter.java:175)
	at org.apache.maven.surefire.booter.SurefireStarter.runSuitesInProcessWhenForked(SurefireStarter.java:107)
	at org.apache.maven.surefire.booter.ForkedBooter.main(ForkedBooter.java:68)

</system-err>
  </testcase>
  <testcase time="125.293" classname="org.beginningee6.book.chapter07.ex01.ItemEJB01Test" name="testUpdateCD">
    <error message="No EJBContainer provider available
The following providers:
org.glassfish.ejb.embedded.EJBContainerProviderImpl
Returned null from createEJBContainer call.
" type="javax.ejb.EJBException">javax.ejb.EJBException: No EJBContainer provider available
The following providers:
org.glassfish.ejb.embedded.EJBContainerProviderImpl
Returned null from createEJBContainer call.

	at javax.ejb.embeddable.EJBContainer.reportError(EJBContainer.java:186)
	at javax.ejb.embeddable.EJBContainer.createEJBContainer(EJBContainer.java:121)
	at javax.ejb.embeddable.EJBContainer.createEJBContainer(EJBContainer.java:78)
	at org.beginningee6.book.chapter07.ex01.ItemEJB01Test.testUpdateCD(ItemEJB01Test.java:195)
	at sun.reflect.NativeMethodAccessorImpl.invoke0(Native Method)
	at sun.reflect.NativeMethodAccessorImpl.invoke(NativeMethodAccessorImpl.java:57)
	at sun.reflect.DelegatingMethodAccessorImpl.invoke(DelegatingMethodAccessorImpl.java:43)
	at java.lang.reflect.Method.invoke(Method.java:601)
	at org.junit.runners.model.FrameworkMethod$1.runReflectiveCall(FrameworkMethod.java:44)
	at org.junit.internal.runners.model.ReflectiveCallable.run(ReflectiveCallable.java:15)
	at org.junit.runners.model.FrameworkMethod.invokeExplosively(FrameworkMethod.java:41)
	at org.junit.internal.runners.statements.InvokeMethod.evaluate(InvokeMethod.java:20)
	at org.junit.internal.runners.statements.RunBefores.evaluate(RunBefores.java:28)
	at org.junit.internal.runners.statements.RunAfters.evaluate(RunAfters.java:31)
	at org.junit.runners.BlockJUnit4ClassRunner.runNotIgnored(BlockJUnit4ClassRunner.java:79)
	at org.junit.runners.BlockJUnit4ClassRunner.runChild(BlockJUnit4ClassRunner.java:71)
	at org.junit.runners.BlockJUnit4ClassRunner.runChild(BlockJUnit4ClassRunner.java:49)
	at org.junit.runners.ParentRunner$3.run(ParentRunner.java:193)
	at org.junit.runners.ParentRunner$1.schedule(ParentRunner.java:52)
	at org.junit.runners.ParentRunner.runChildren(ParentRunner.java:191)
	at org.junit.runners.ParentRunner.access$000(ParentRunner.java:42)
	at org.junit.runners.ParentRunner$2.evaluate(ParentRunner.java:184)
	at org.junit.internal.runners.statements.RunBefores.evaluate(RunBefores.java:28)
	at org.junit.internal.runners.statements.RunAfters.evaluate(RunAfters.java:31)
	at org.junit.runners.ParentRunner.run(ParentRunner.java:236)
	at org.apache.maven.surefire.junit4.JUnit4TestSet.execute(JUnit4TestSet.java:53)
	at org.apache.maven.surefire.junit4.JUnit4Provider.executeTestSet(JUnit4Provider.java:123)
	at org.apache.maven.surefire.junit4.JUnit4Provider.invoke(JUnit4Provider.java:104)
	at sun.reflect.NativeMethodAccessorImpl.invoke0(Native Method)
	at sun.reflect.NativeMethodAccessorImpl.invoke(NativeMethodAccessorImpl.java:57)
	at sun.reflect.DelegatingMethodAccessorImpl.invoke(DelegatingMethodAccessorImpl.java:43)
	at java.lang.reflect.Method.invoke(Method.java:601)
	at org.apache.maven.surefire.util.ReflectionUtils.invokeMethodWithArray(ReflectionUtils.java:164)
	at org.apache.maven.surefire.booter.ProviderFactory$ProviderProxy.invoke(ProviderFactory.java:110)
	at org.apache.maven.surefire.booter.SurefireStarter.invokeProvider(SurefireStarter.java:175)
	at org.apache.maven.surefire.booter.SurefireStarter.runSuitesInProcessWhenForked(SurefireStarter.java:107)
	at org.apache.maven.surefire.booter.ForkedBooter.main(ForkedBooter.java:68)
</error>
    <system-out>updateCD
</system-out>
    <system-err>jul 20, 2013 5:23:23 PM org.glassfish.ejb.embedded.EJBContainerProviderImpl getValidFile
SEVERE: ejb.embedded.location_not_exists
jul 20, 2013 5:23:23 PM com.sun.enterprise.module.impl.HK2Factory initialize
WARNING: Singleton already initialized as com.sun.enterprise.module.impl.HK2Factory@b0345e7
jul 20, 2013 5:23:28 PM com.sun.enterprise.v3.server.AppServerStartup run
INFO: GlassFish Server Open Source Edition 3.0.1 (java_re-private) startup time : Embedded(4708ms) startup services(24ms) total(4732ms)
jul 20, 2013 5:23:28 PM com.sun.enterprise.transaction.JavaEETransactionManagerSimplified initDelegates
INFO: Using com.sun.enterprise.transaction.jts.JavaEETransactionManagerJTSDelegate as the delegate
jul 20, 2013 5:23:28 PM org.glassfish.admin.mbeanserver.JMXStartupService$JMXConnectorsStarterThread run
INFO: JMXStartupService: JMXConnector system is disabled, skipping.
jul 20, 2013 5:23:28 PM AppServerStartup run
INFO: [Thread[GlassFish Kernel Main Thread,5,main]] started
jul 20, 2013 5:25:28 PM com.sun.enterprise.security.SecurityLifecycle &lt;init&gt;
SEVERE: java_security.init_securitylifecycle_fail
java.io.FileNotFoundException: C:\Users\Eugenio\.glassfishv3-GFEJBContainerProviderImpl\config\login.conf (Access is denied)
	at java.io.FileOutputStream.open(Native Method)
	at java.io.FileOutputStream.&lt;init&gt;(FileOutputStream.java:212)
	at java.io.FileOutputStream.&lt;init&gt;(FileOutputStream.java:165)
	at com.sun.enterprise.security.common.Util.writeConfigFileToTempDir(Util.java:154)
	at com.sun.enterprise.security.SecurityLifecycle.&lt;init&gt;(SecurityLifecycle.java:141)
	at sun.reflect.NativeConstructorAccessorImpl.newInstance0(Native Method)
	at sun.reflect.NativeConstructorAccessorImpl.newInstance(NativeConstructorAccessorImpl.java:57)
	at sun.reflect.DelegatingConstructorAccessorImpl.newInstance(DelegatingConstructorAccessorImpl.java:45)
	at java.lang.reflect.Constructor.newInstance(Constructor.java:525)
	at java.lang.Class.newInstance0(Class.java:372)
	at java.lang.Class.newInstance(Class.java:325)
	at com.sun.hk2.component.ConstructorWomb.create(ConstructorWomb.java:68)
	at com.sun.hk2.component.AbstractWombImpl.get(AbstractWombImpl.java:71)
	at com.sun.hk2.component.SingletonInhabitant.get(SingletonInhabitant.java:58)
	at com.sun.hk2.component.LazyInhabitant.get(LazyInhabitant.java:107)
	at com.sun.hk2.component.AbstractInhabitantImpl.get(AbstractInhabitantImpl.java:60)
	at com.sun.enterprise.security.SecuritySniffer.setup(SecuritySniffer.java:105)
	at com.sun.enterprise.v3.server.ContainerStarter.startContainer(ContainerStarter.java:99)
	at com.sun.enterprise.v3.server.ApplicationLifecycle.setupContainer(ApplicationLifecycle.java:703)
	at com.sun.enterprise.v3.server.ApplicationLifecycle.setupContainerInfos(ApplicationLifecycle.java:451)
	at org.glassfish.javaee.full.deployment.EarDeployer.prepareBundle(EarDeployer.java:264)
	at org.glassfish.javaee.full.deployment.EarDeployer.access$200(EarDeployer.java:79)
	at org.glassfish.javaee.full.deployment.EarDeployer$1.doBundle(EarDeployer.java:131)
	at org.glassfish.javaee.full.deployment.EarDeployer$1.doBundle(EarDeployer.java:129)
	at org.glassfish.javaee.full.deployment.EarDeployer.doOnBundles(EarDeployer.java:197)
	at org.glassfish.javaee.full.deployment.EarDeployer.doOnAllTypedBundles(EarDeployer.java:206)
	at org.glassfish.javaee.full.deployment.EarDeployer.doOnAllBundles(EarDeployer.java:232)
	at org.glassfish.javaee.full.deployment.EarDeployer.prepare(EarDeployer.java:129)
	at com.sun.enterprise.v3.server.ApplicationLifecycle.prepareModule(ApplicationLifecycle.java:644)
	at com.sun.enterprise.v3.server.ApplicationLifecycle.deploy(ApplicationLifecycle.java:296)
	at org.glassfish.kernel.embedded.EmbeddedDeployerImpl.deploy(EmbeddedDeployerImpl.java:214)
	at org.glassfish.kernel.embedded.EmbeddedDeployerImpl.deploy(EmbeddedDeployerImpl.java:144)
	at org.glassfish.ejb.embedded.EJBContainerImpl.deploy(EJBContainerImpl.java:128)
	at org.glassfish.ejb.embedded.EJBContainerProviderImpl.createEJBContainer(EJBContainerProviderImpl.java:120)
	at javax.ejb.embeddable.EJBContainer.createEJBContainer(EJBContainer.java:102)
	at javax.ejb.embeddable.EJBContainer.createEJBContainer(EJBContainer.java:78)
	at org.beginningee6.book.chapter07.ex01.ItemEJB01Test.testUpdateCD(ItemEJB01Test.java:195)
	at sun.reflect.NativeMethodAccessorImpl.invoke0(Native Method)
	at sun.reflect.NativeMethodAccessorImpl.invoke(NativeMethodAccessorImpl.java:57)
	at sun.reflect.DelegatingMethodAccessorImpl.invoke(DelegatingMethodAccessorImpl.java:43)
	at java.lang.reflect.Method.invoke(Method.java:601)
	at org.junit.runners.model.FrameworkMethod$1.runReflectiveCall(FrameworkMethod.java:44)
	at org.junit.internal.runners.model.ReflectiveCallable.run(ReflectiveCallable.java:15)
	at org.junit.runners.model.FrameworkMethod.invokeExplosively(FrameworkMethod.java:41)
	at org.junit.internal.runners.statements.InvokeMethod.evaluate(InvokeMethod.java:20)
	at org.junit.internal.runners.statements.RunBefores.evaluate(RunBefores.java:28)
	at org.junit.internal.runners.statements.RunAfters.evaluate(RunAfters.java:31)
	at org.junit.runners.BlockJUnit4ClassRunner.runNotIgnored(BlockJUnit4ClassRunner.java:79)
	at org.junit.runners.BlockJUnit4ClassRunner.runChild(BlockJUnit4ClassRunner.java:71)
	at org.junit.runners.BlockJUnit4ClassRunner.runChild(BlockJUnit4ClassRunner.java:49)
	at org.junit.runners.ParentRunner$3.run(ParentRunner.java:193)
	at org.junit.runners.ParentRunner$1.schedule(ParentRunner.java:52)
	at org.junit.runners.ParentRunner.runChildren(ParentRunner.java:191)
	at org.junit.runners.ParentRunner.access$000(ParentRunner.java:42)
	at org.junit.runners.ParentRunner$2.evaluate(ParentRunner.java:184)
	at org.junit.internal.runners.statements.RunBefores.evaluate(RunBefores.java:28)
	at org.junit.internal.runners.statements.RunAfters.evaluate(RunAfters.java:31)
	at org.junit.runners.ParentRunner.run(ParentRunner.java:236)
	at org.apache.maven.surefire.junit4.JUnit4TestSet.execute(JUnit4TestSet.java:53)
	at org.apache.maven.surefire.junit4.JUnit4Provider.executeTestSet(JUnit4Provider.java:123)
	at org.apache.maven.surefire.junit4.JUnit4Provider.invoke(JUnit4Provider.java:104)
	at sun.reflect.NativeMethodAccessorImpl.invoke0(Native Method)
	at sun.reflect.NativeMethodAccessorImpl.invoke(NativeMethodAccessorImpl.java:57)
	at sun.reflect.DelegatingMethodAccessorImpl.invoke(DelegatingMethodAccessorImpl.java:43)
	at java.lang.reflect.Method.invoke(Method.java:601)
	at org.apache.maven.surefire.util.ReflectionUtils.invokeMethodWithArray(ReflectionUtils.java:164)
	at org.apache.maven.surefire.booter.ProviderFactory$ProviderProxy.invoke(ProviderFactory.java:110)
	at org.apache.maven.surefire.booter.SurefireStarter.invokeProvider(SurefireStarter.java:175)
	at org.apache.maven.surefire.booter.SurefireStarter.runSuitesInProcessWhenForked(SurefireStarter.java:107)
	at org.apache.maven.surefire.booter.ForkedBooter.main(ForkedBooter.java:68)

jul 20, 2013 5:25:28 PM org.glassfish.javaee.full.deployment.EarDeployer prepareBundle
WARNING: Error occurred
org.jvnet.hk2.component.ComponentException: Failed to create class com.sun.enterprise.security.SecurityLifecycle
	at com.sun.hk2.component.ConstructorWomb.create(ConstructorWomb.java:76)
	at com.sun.hk2.component.AbstractWombImpl.get(AbstractWombImpl.java:71)
	at com.sun.hk2.component.SingletonInhabitant.get(SingletonInhabitant.java:58)
	at com.sun.hk2.component.LazyInhabitant.get(LazyInhabitant.java:107)
	at com.sun.hk2.component.AbstractInhabitantImpl.get(AbstractInhabitantImpl.java:60)
	at com.sun.enterprise.security.SecuritySniffer.setup(SecuritySniffer.java:105)
	at com.sun.enterprise.v3.server.ContainerStarter.startContainer(ContainerStarter.java:99)
	at com.sun.enterprise.v3.server.ApplicationLifecycle.setupContainer(ApplicationLifecycle.java:703)
	at com.sun.enterprise.v3.server.ApplicationLifecycle.setupContainerInfos(ApplicationLifecycle.java:451)
	at org.glassfish.javaee.full.deployment.EarDeployer.prepareBundle(EarDeployer.java:264)
	at org.glassfish.javaee.full.deployment.EarDeployer.access$200(EarDeployer.java:79)
	at org.glassfish.javaee.full.deployment.EarDeployer$1.doBundle(EarDeployer.java:131)
	at org.glassfish.javaee.full.deployment.EarDeployer$1.doBundle(EarDeployer.java:129)
	at org.glassfish.javaee.full.deployment.EarDeployer.doOnBundles(EarDeployer.java:197)
	at org.glassfish.javaee.full.deployment.EarDeployer.doOnAllTypedBundles(EarDeployer.java:206)
	at org.glassfish.javaee.full.deployment.EarDeployer.doOnAllBundles(EarDeployer.java:232)
	at org.glassfish.javaee.full.deployment.EarDeployer.prepare(EarDeployer.java:129)
	at com.sun.enterprise.v3.server.ApplicationLifecycle.prepareModule(ApplicationLifecycle.java:644)
	at com.sun.enterprise.v3.server.ApplicationLifecycle.deploy(ApplicationLifecycle.java:296)
	at org.glassfish.kernel.embedded.EmbeddedDeployerImpl.deploy(EmbeddedDeployerImpl.java:214)
	at org.glassfish.kernel.embedded.EmbeddedDeployerImpl.deploy(EmbeddedDeployerImpl.java:144)
	at org.glassfish.ejb.embedded.EJBContainerImpl.deploy(EJBContainerImpl.java:128)
	at org.glassfish.ejb.embedded.EJBContainerProviderImpl.createEJBContainer(EJBContainerProviderImpl.java:120)
	at javax.ejb.embeddable.EJBContainer.createEJBContainer(EJBContainer.java:102)
	at javax.ejb.embeddable.EJBContainer.createEJBContainer(EJBContainer.java:78)
	at org.beginningee6.book.chapter07.ex01.ItemEJB01Test.testUpdateCD(ItemEJB01Test.java:195)
	at sun.reflect.NativeMethodAccessorImpl.invoke0(Native Method)
	at sun.reflect.NativeMethodAccessorImpl.invoke(NativeMethodAccessorImpl.java:57)
	at sun.reflect.DelegatingMethodAccessorImpl.invoke(DelegatingMethodAccessorImpl.java:43)
	at java.lang.reflect.Method.invoke(Method.java:601)
	at org.junit.runners.model.FrameworkMethod$1.runReflectiveCall(FrameworkMethod.java:44)
	at org.junit.internal.runners.model.ReflectiveCallable.run(ReflectiveCallable.java:15)
	at org.junit.runners.model.FrameworkMethod.invokeExplosively(FrameworkMethod.java:41)
	at org.junit.internal.runners.statements.InvokeMethod.evaluate(InvokeMethod.java:20)
	at org.junit.internal.runners.statements.RunBefores.evaluate(RunBefores.java:28)
	at org.junit.internal.runners.statements.RunAfters.evaluate(RunAfters.java:31)
	at org.junit.runners.BlockJUnit4ClassRunner.runNotIgnored(BlockJUnit4ClassRunner.java:79)
	at org.junit.runners.BlockJUnit4ClassRunner.runChild(BlockJUnit4ClassRunner.java:71)
	at org.junit.runners.BlockJUnit4ClassRunner.runChild(BlockJUnit4ClassRunner.java:49)
	at org.junit.runners.ParentRunner$3.run(ParentRunner.java:193)
	at org.junit.runners.ParentRunner$1.schedule(ParentRunner.java:52)
	at org.junit.runners.ParentRunner.runChildren(ParentRunner.java:191)
	at org.junit.runners.ParentRunner.access$000(ParentRunner.java:42)
	at org.junit.runners.ParentRunner$2.evaluate(ParentRunner.java:184)
	at org.junit.internal.runners.statements.RunBefores.evaluate(RunBefores.java:28)
	at org.junit.internal.runners.statements.RunAfters.evaluate(RunAfters.java:31)
	at org.junit.runners.ParentRunner.run(ParentRunner.java:236)
	at org.apache.maven.surefire.junit4.JUnit4TestSet.execute(JUnit4TestSet.java:53)
	at org.apache.maven.surefire.junit4.JUnit4Provider.executeTestSet(JUnit4Provider.java:123)
	at org.apache.maven.surefire.junit4.JUnit4Provider.invoke(JUnit4Provider.java:104)
	at sun.reflect.NativeMethodAccessorImpl.invoke0(Native Method)
	at sun.reflect.NativeMethodAccessorImpl.invoke(NativeMethodAccessorImpl.java:57)
	at sun.reflect.DelegatingMethodAccessorImpl.invoke(DelegatingMethodAccessorImpl.java:43)
	at java.lang.reflect.Method.invoke(Method.java:601)
	at org.apache.maven.surefire.util.ReflectionUtils.invokeMethodWithArray(ReflectionUtils.java:164)
	at org.apache.maven.surefire.booter.ProviderFactory$ProviderProxy.invoke(ProviderFactory.java:110)
	at org.apache.maven.surefire.booter.SurefireStarter.invokeProvider(SurefireStarter.java:175)
	at org.apache.maven.surefire.booter.SurefireStarter.runSuitesInProcessWhenForked(SurefireStarter.java:107)
	at org.apache.maven.surefire.booter.ForkedBooter.main(ForkedBooter.java:68)
Caused by: java.lang.RuntimeException: java.io.FileNotFoundException: C:\Users\Eugenio\.glassfishv3-GFEJBContainerProviderImpl\config\login.conf (Access is denied)
	at com.sun.enterprise.security.SecurityLifecycle.&lt;init&gt;(SecurityLifecycle.java:170)
	at sun.reflect.NativeConstructorAccessorImpl.newInstance0(Native Method)
	at sun.reflect.NativeConstructorAccessorImpl.newInstance(NativeConstructorAccessorImpl.java:57)
	at sun.reflect.DelegatingConstructorAccessorImpl.newInstance(DelegatingConstructorAccessorImpl.java:45)
	at java.lang.reflect.Constructor.newInstance(Constructor.java:525)
	at java.lang.Class.newInstance0(Class.java:372)
	at java.lang.Class.newInstance(Class.java:325)
	at com.sun.hk2.component.ConstructorWomb.create(ConstructorWomb.java:68)
	... 58 more
Caused by: java.io.FileNotFoundException: C:\Users\Eugenio\.glassfishv3-GFEJBContainerProviderImpl\config\login.conf (Access is denied)
	at java.io.FileOutputStream.open(Native Method)
	at java.io.FileOutputStream.&lt;init&gt;(FileOutputStream.java:212)
	at java.io.FileOutputStream.&lt;init&gt;(FileOutputStream.java:165)
	at com.sun.enterprise.security.common.Util.writeConfigFileToTempDir(Util.java:154)
	at com.sun.enterprise.security.SecurityLifecycle.&lt;init&gt;(SecurityLifecycle.java:141)
	... 65 more

jul 20, 2013 5:25:28 PM org.glassfish.api.ActionReport failure
SEVERE: Exception while invoking class org.glassfish.javaee.full.deployment.EarDeployer prepare method
org.glassfish.deployment.common.DeploymentException: Failed to create class com.sun.enterprise.security.SecurityLifecycle
	at org.glassfish.javaee.full.deployment.EarDeployer.prepare(EarDeployer.java:148)
	at com.sun.enterprise.v3.server.ApplicationLifecycle.prepareModule(ApplicationLifecycle.java:644)
	at com.sun.enterprise.v3.server.ApplicationLifecycle.deploy(ApplicationLifecycle.java:296)
	at org.glassfish.kernel.embedded.EmbeddedDeployerImpl.deploy(EmbeddedDeployerImpl.java:214)
	at org.glassfish.kernel.embedded.EmbeddedDeployerImpl.deploy(EmbeddedDeployerImpl.java:144)
	at org.glassfish.ejb.embedded.EJBContainerImpl.deploy(EJBContainerImpl.java:128)
	at org.glassfish.ejb.embedded.EJBContainerProviderImpl.createEJBContainer(EJBContainerProviderImpl.java:120)
	at javax.ejb.embeddable.EJBContainer.createEJBContainer(EJBContainer.java:102)
	at javax.ejb.embeddable.EJBContainer.createEJBContainer(EJBContainer.java:78)
	at org.beginningee6.book.chapter07.ex01.ItemEJB01Test.testUpdateCD(ItemEJB01Test.java:195)
	at sun.reflect.NativeMethodAccessorImpl.invoke0(Native Method)
	at sun.reflect.NativeMethodAccessorImpl.invoke(NativeMethodAccessorImpl.java:57)
	at sun.reflect.DelegatingMethodAccessorImpl.invoke(DelegatingMethodAccessorImpl.java:43)
	at java.lang.reflect.Method.invoke(Method.java:601)
	at org.junit.runners.model.FrameworkMethod$1.runReflectiveCall(FrameworkMethod.java:44)
	at org.junit.internal.runners.model.ReflectiveCallable.run(ReflectiveCallable.java:15)
	at org.junit.runners.model.FrameworkMethod.invokeExplosively(FrameworkMethod.java:41)
	at org.junit.internal.runners.statements.InvokeMethod.evaluate(InvokeMethod.java:20)
	at org.junit.internal.runners.statements.RunBefores.evaluate(RunBefores.java:28)
	at org.junit.internal.runners.statements.RunAfters.evaluate(RunAfters.java:31)
	at org.junit.runners.BlockJUnit4ClassRunner.runNotIgnored(BlockJUnit4ClassRunner.java:79)
	at org.junit.runners.BlockJUnit4ClassRunner.runChild(BlockJUnit4ClassRunner.java:71)
	at org.junit.runners.BlockJUnit4ClassRunner.runChild(BlockJUnit4ClassRunner.java:49)
	at org.junit.runners.ParentRunner$3.run(ParentRunner.java:193)
	at org.junit.runners.ParentRunner$1.schedule(ParentRunner.java:52)
	at org.junit.runners.ParentRunner.runChildren(ParentRunner.java:191)
	at org.junit.runners.ParentRunner.access$000(ParentRunner.java:42)
	at org.junit.runners.ParentRunner$2.evaluate(ParentRunner.java:184)
	at org.junit.internal.runners.statements.RunBefores.evaluate(RunBefores.java:28)
	at org.junit.internal.runners.statements.RunAfters.evaluate(RunAfters.java:31)
	at org.junit.runners.ParentRunner.run(ParentRunner.java:236)
	at org.apache.maven.surefire.junit4.JUnit4TestSet.execute(JUnit4TestSet.java:53)
	at org.apache.maven.surefire.junit4.JUnit4Provider.executeTestSet(JUnit4Provider.java:123)
	at org.apache.maven.surefire.junit4.JUnit4Provider.invoke(JUnit4Provider.java:104)
	at sun.reflect.NativeMethodAccessorImpl.invoke0(Native Method)
	at sun.reflect.NativeMethodAccessorImpl.invoke(NativeMethodAccessorImpl.java:57)
	at sun.reflect.DelegatingMethodAccessorImpl.invoke(DelegatingMethodAccessorImpl.java:43)
	at java.lang.reflect.Method.invoke(Method.java:601)
	at org.apache.maven.surefire.util.ReflectionUtils.invokeMethodWithArray(ReflectionUtils.java:164)
	at org.apache.maven.surefire.booter.ProviderFactory$ProviderProxy.invoke(ProviderFactory.java:110)
	at org.apache.maven.surefire.booter.SurefireStarter.invokeProvider(SurefireStarter.java:175)
	at org.apache.maven.surefire.booter.SurefireStarter.runSuitesInProcessWhenForked(SurefireStarter.java:107)
	at org.apache.maven.surefire.booter.ForkedBooter.main(ForkedBooter.java:68)
Caused by: org.jvnet.hk2.component.ComponentException: Failed to create class com.sun.enterprise.security.SecurityLifecycle
	at com.sun.hk2.component.ConstructorWomb.create(ConstructorWomb.java:76)
	at com.sun.hk2.component.AbstractWombImpl.get(AbstractWombImpl.java:71)
	at com.sun.hk2.component.SingletonInhabitant.get(SingletonInhabitant.java:58)
	at com.sun.hk2.component.LazyInhabitant.get(LazyInhabitant.java:107)
	at com.sun.hk2.component.AbstractInhabitantImpl.get(AbstractInhabitantImpl.java:60)
	at com.sun.enterprise.security.SecuritySniffer.setup(SecuritySniffer.java:105)
	at com.sun.enterprise.v3.server.ContainerStarter.startContainer(ContainerStarter.java:99)
	at com.sun.enterprise.v3.server.ApplicationLifecycle.setupContainer(ApplicationLifecycle.java:703)
	at com.sun.enterprise.v3.server.ApplicationLifecycle.setupContainerInfos(ApplicationLifecycle.java:451)
	at org.glassfish.javaee.full.deployment.EarDeployer.prepareBundle(EarDeployer.java:264)
	at org.glassfish.javaee.full.deployment.EarDeployer.access$200(EarDeployer.java:79)
	at org.glassfish.javaee.full.deployment.EarDeployer$1.doBundle(EarDeployer.java:131)
	at org.glassfish.javaee.full.deployment.EarDeployer$1.doBundle(EarDeployer.java:129)
	at org.glassfish.javaee.full.deployment.EarDeployer.doOnBundles(EarDeployer.java:197)
	at org.glassfish.javaee.full.deployment.EarDeployer.doOnAllTypedBundles(EarDeployer.java:206)
	at org.glassfish.javaee.full.deployment.EarDeployer.doOnAllBundles(EarDeployer.java:232)
	at org.glassfish.javaee.full.deployment.EarDeployer.prepare(EarDeployer.java:129)
	... 42 more
Caused by: java.lang.RuntimeException: java.io.FileNotFoundException: C:\Users\Eugenio\.glassfishv3-GFEJBContainerProviderImpl\config\login.conf (Access is denied)
	at com.sun.enterprise.security.SecurityLifecycle.&lt;init&gt;(SecurityLifecycle.java:170)
	at sun.reflect.NativeConstructorAccessorImpl.newInstance0(Native Method)
	at sun.reflect.NativeConstructorAccessorImpl.newInstance(NativeConstructorAccessorImpl.java:57)
	at sun.reflect.DelegatingConstructorAccessorImpl.newInstance(DelegatingConstructorAccessorImpl.java:45)
	at java.lang.reflect.Constructor.newInstance(Constructor.java:525)
	at java.lang.Class.newInstance0(Class.java:372)
	at java.lang.Class.newInstance(Class.java:325)
	at com.sun.hk2.component.ConstructorWomb.create(ConstructorWomb.java:68)
	... 58 more
Caused by: java.io.FileNotFoundException: C:\Users\Eugenio\.glassfishv3-GFEJBContainerProviderImpl\config\login.conf (Access is denied)
	at java.io.FileOutputStream.open(Native Method)
	at java.io.FileOutputStream.&lt;init&gt;(FileOutputStream.java:212)
	at java.io.FileOutputStream.&lt;init&gt;(FileOutputStream.java:165)
	at com.sun.enterprise.security.common.Util.writeConfigFileToTempDir(Util.java:154)
	at com.sun.enterprise.security.SecurityLifecycle.&lt;init&gt;(SecurityLifecycle.java:141)
	... 65 more

jul 20, 2013 5:25:28 PM org.glassfish.api.ActionReport failure
SEVERE: Exception while preparing the app
org.glassfish.deployment.common.DeploymentException: Failed to create class com.sun.enterprise.security.SecurityLifecycle
	at org.glassfish.javaee.full.deployment.EarDeployer.prepare(EarDeployer.java:148)
	at com.sun.enterprise.v3.server.ApplicationLifecycle.prepareModule(ApplicationLifecycle.java:644)
	at com.sun.enterprise.v3.server.ApplicationLifecycle.deploy(ApplicationLifecycle.java:296)
	at org.glassfish.kernel.embedded.EmbeddedDeployerImpl.deploy(EmbeddedDeployerImpl.java:214)
	at org.glassfish.kernel.embedded.EmbeddedDeployerImpl.deploy(EmbeddedDeployerImpl.java:144)
	at org.glassfish.ejb.embedded.EJBContainerImpl.deploy(EJBContainerImpl.java:128)
	at org.glassfish.ejb.embedded.EJBContainerProviderImpl.createEJBContainer(EJBContainerProviderImpl.java:120)
	at javax.ejb.embeddable.EJBContainer.createEJBContainer(EJBContainer.java:102)
	at javax.ejb.embeddable.EJBContainer.createEJBContainer(EJBContainer.java:78)
	at org.beginningee6.book.chapter07.ex01.ItemEJB01Test.testUpdateCD(ItemEJB01Test.java:195)
	at sun.reflect.NativeMethodAccessorImpl.invoke0(Native Method)
	at sun.reflect.NativeMethodAccessorImpl.invoke(NativeMethodAccessorImpl.java:57)
	at sun.reflect.DelegatingMethodAccessorImpl.invoke(DelegatingMethodAccessorImpl.java:43)
	at java.lang.reflect.Method.invoke(Method.java:601)
	at org.junit.runners.model.FrameworkMethod$1.runReflectiveCall(FrameworkMethod.java:44)
	at org.junit.internal.runners.model.ReflectiveCallable.run(ReflectiveCallable.java:15)
	at org.junit.runners.model.FrameworkMethod.invokeExplosively(FrameworkMethod.java:41)
	at org.junit.internal.runners.statements.InvokeMethod.evaluate(InvokeMethod.java:20)
	at org.junit.internal.runners.statements.RunBefores.evaluate(RunBefores.java:28)
	at org.junit.internal.runners.statements.RunAfters.evaluate(RunAfters.java:31)
	at org.junit.runners.BlockJUnit4ClassRunner.runNotIgnored(BlockJUnit4ClassRunner.java:79)
	at org.junit.runners.BlockJUnit4ClassRunner.runChild(BlockJUnit4ClassRunner.java:71)
	at org.junit.runners.BlockJUnit4ClassRunner.runChild(BlockJUnit4ClassRunner.java:49)
	at org.junit.runners.ParentRunner$3.run(ParentRunner.java:193)
	at org.junit.runners.ParentRunner$1.schedule(ParentRunner.java:52)
	at org.junit.runners.ParentRunner.runChildren(ParentRunner.java:191)
	at org.junit.runners.ParentRunner.access$000(ParentRunner.java:42)
	at org.junit.runners.ParentRunner$2.evaluate(ParentRunner.java:184)
	at org.junit.internal.runners.statements.RunBefores.evaluate(RunBefores.java:28)
	at org.junit.internal.runners.statements.RunAfters.evaluate(RunAfters.java:31)
	at org.junit.runners.ParentRunner.run(ParentRunner.java:236)
	at org.apache.maven.surefire.junit4.JUnit4TestSet.execute(JUnit4TestSet.java:53)
	at org.apache.maven.surefire.junit4.JUnit4Provider.executeTestSet(JUnit4Provider.java:123)
	at org.apache.maven.surefire.junit4.JUnit4Provider.invoke(JUnit4Provider.java:104)
	at sun.reflect.NativeMethodAccessorImpl.invoke0(Native Method)
	at sun.reflect.NativeMethodAccessorImpl.invoke(NativeMethodAccessorImpl.java:57)
	at sun.reflect.DelegatingMethodAccessorImpl.invoke(DelegatingMethodAccessorImpl.java:43)
	at java.lang.reflect.Method.invoke(Method.java:601)
	at org.apache.maven.surefire.util.ReflectionUtils.invokeMethodWithArray(ReflectionUtils.java:164)
	at org.apache.maven.surefire.booter.ProviderFactory$ProviderProxy.invoke(ProviderFactory.java:110)
	at org.apache.maven.surefire.booter.SurefireStarter.invokeProvider(SurefireStarter.java:175)
	at org.apache.maven.surefire.booter.SurefireStarter.runSuitesInProcessWhenForked(SurefireStarter.java:107)
	at org.apache.maven.surefire.booter.ForkedBooter.main(ForkedBooter.java:68)
Caused by: org.jvnet.hk2.component.ComponentException: Failed to create class com.sun.enterprise.security.SecurityLifecycle
	at com.sun.hk2.component.ConstructorWomb.create(ConstructorWomb.java:76)
	at com.sun.hk2.component.AbstractWombImpl.get(AbstractWombImpl.java:71)
	at com.sun.hk2.component.SingletonInhabitant.get(SingletonInhabitant.java:58)
	at com.sun.hk2.component.LazyInhabitant.get(LazyInhabitant.java:107)
	at com.sun.hk2.component.AbstractInhabitantImpl.get(AbstractInhabitantImpl.java:60)
	at com.sun.enterprise.security.SecuritySniffer.setup(SecuritySniffer.java:105)
	at com.sun.enterprise.v3.server.ContainerStarter.startContainer(ContainerStarter.java:99)
	at com.sun.enterprise.v3.server.ApplicationLifecycle.setupContainer(ApplicationLifecycle.java:703)
	at com.sun.enterprise.v3.server.ApplicationLifecycle.setupContainerInfos(ApplicationLifecycle.java:451)
	at org.glassfish.javaee.full.deployment.EarDeployer.prepareBundle(EarDeployer.java:264)
	at org.glassfish.javaee.full.deployment.EarDeployer.access$200(EarDeployer.java:79)
	at org.glassfish.javaee.full.deployment.EarDeployer$1.doBundle(EarDeployer.java:131)
	at org.glassfish.javaee.full.deployment.EarDeployer$1.doBundle(EarDeployer.java:129)
	at org.glassfish.javaee.full.deployment.EarDeployer.doOnBundles(EarDeployer.java:197)
	at org.glassfish.javaee.full.deployment.EarDeployer.doOnAllTypedBundles(EarDeployer.java:206)
	at org.glassfish.javaee.full.deployment.EarDeployer.doOnAllBundles(EarDeployer.java:232)
	at org.glassfish.javaee.full.deployment.EarDeployer.prepare(EarDeployer.java:129)
	... 42 more
Caused by: java.lang.RuntimeException: java.io.FileNotFoundException: C:\Users\Eugenio\.glassfishv3-GFEJBContainerProviderImpl\config\login.conf (Access is denied)
	at com.sun.enterprise.security.SecurityLifecycle.&lt;init&gt;(SecurityLifecycle.java:170)
	at sun.reflect.NativeConstructorAccessorImpl.newInstance0(Native Method)
	at sun.reflect.NativeConstructorAccessorImpl.newInstance(NativeConstructorAccessorImpl.java:57)
	at sun.reflect.DelegatingConstructorAccessorImpl.newInstance(DelegatingConstructorAccessorImpl.java:45)
	at java.lang.reflect.Constructor.newInstance(Constructor.java:525)
	at java.lang.Class.newInstance0(Class.java:372)
	at java.lang.Class.newInstance(Class.java:325)
	at com.sun.hk2.component.ConstructorWomb.create(ConstructorWomb.java:68)
	... 58 more
Caused by: java.io.FileNotFoundException: C:\Users\Eugenio\.glassfishv3-GFEJBContainerProviderImpl\config\login.conf (Access is denied)
	at java.io.FileOutputStream.open(Native Method)
	at java.io.FileOutputStream.&lt;init&gt;(FileOutputStream.java:212)
	at java.io.FileOutputStream.&lt;init&gt;(FileOutputStream.java:165)
	at com.sun.enterprise.security.common.Util.writeConfigFileToTempDir(Util.java:154)
	at com.sun.enterprise.security.SecurityLifecycle.&lt;init&gt;(SecurityLifecycle.java:141)
	... 65 more

jul 20, 2013 5:25:28 PM org.glassfish.ejb.embedded.EJBContainerProviderImpl createEJBContainer
INFO: [EJBContainerProviderImpl] Cleaning up on failure ...
jul 20, 2013 5:25:28 PM org.glassfish.admin.mbeanserver.JMXStartupService shutdown
INFO: JMXStartupService and JMXConnectors have been shut down.
jul 20, 2013 5:25:28 PM com.sun.enterprise.v3.server.AppServerStartup stop
INFO: Shutdown procedure finished
jul 20, 2013 5:25:28 PM AppServerStartup run
INFO: [Thread[GlassFish Kernel Main Thread,5,main]] exiting
jul 20, 2013 5:25:28 PM org.glassfish.ejb.embedded.EJBContainerProviderImpl createEJBContainer
SEVERE: ejb.embedded.exception_instantiating
javax.ejb.EJBException: Failed to deploy EJB modules - see log for details
	at org.glassfish.ejb.embedded.EJBContainerImpl.deploy(EJBContainerImpl.java:135)
	at org.glassfish.ejb.embedded.EJBContainerProviderImpl.createEJBContainer(EJBContainerProviderImpl.java:120)
	at javax.ejb.embeddable.EJBContainer.createEJBContainer(EJBContainer.java:102)
	at javax.ejb.embeddable.EJBContainer.createEJBContainer(EJBContainer.java:78)
	at org.beginningee6.book.chapter07.ex01.ItemEJB01Test.testUpdateCD(ItemEJB01Test.java:195)
	at sun.reflect.NativeMethodAccessorImpl.invoke0(Native Method)
	at sun.reflect.NativeMethodAccessorImpl.invoke(NativeMethodAccessorImpl.java:57)
	at sun.reflect.DelegatingMethodAccessorImpl.invoke(DelegatingMethodAccessorImpl.java:43)
	at java.lang.reflect.Method.invoke(Method.java:601)
	at org.junit.runners.model.FrameworkMethod$1.runReflectiveCall(FrameworkMethod.java:44)
	at org.junit.internal.runners.model.ReflectiveCallable.run(ReflectiveCallable.java:15)
	at org.junit.runners.model.FrameworkMethod.invokeExplosively(FrameworkMethod.java:41)
	at org.junit.internal.runners.statements.InvokeMethod.evaluate(InvokeMethod.java:20)
	at org.junit.internal.runners.statements.RunBefores.evaluate(RunBefores.java:28)
	at org.junit.internal.runners.statements.RunAfters.evaluate(RunAfters.java:31)
	at org.junit.runners.BlockJUnit4ClassRunner.runNotIgnored(BlockJUnit4ClassRunner.java:79)
	at org.junit.runners.BlockJUnit4ClassRunner.runChild(BlockJUnit4ClassRunner.java:71)
	at org.junit.runners.BlockJUnit4ClassRunner.runChild(BlockJUnit4ClassRunner.java:49)
	at org.junit.runners.ParentRunner$3.run(ParentRunner.java:193)
	at org.junit.runners.ParentRunner$1.schedule(ParentRunner.java:52)
	at org.junit.runners.ParentRunner.runChildren(ParentRunner.java:191)
	at org.junit.runners.ParentRunner.access$000(ParentRunner.java:42)
	at org.junit.runners.ParentRunner$2.evaluate(ParentRunner.java:184)
	at org.junit.internal.runners.statements.RunBefores.evaluate(RunBefores.java:28)
	at org.junit.internal.runners.statements.RunAfters.evaluate(RunAfters.java:31)
	at org.junit.runners.ParentRunner.run(ParentRunner.java:236)
	at org.apache.maven.surefire.junit4.JUnit4TestSet.execute(JUnit4TestSet.java:53)
	at org.apache.maven.surefire.junit4.JUnit4Provider.executeTestSet(JUnit4Provider.java:123)
	at org.apache.maven.surefire.junit4.JUnit4Provider.invoke(JUnit4Provider.java:104)
	at sun.reflect.NativeMethodAccessorImpl.invoke0(Native Method)
	at sun.reflect.NativeMethodAccessorImpl.invoke(NativeMethodAccessorImpl.java:57)
	at sun.reflect.DelegatingMethodAccessorImpl.invoke(DelegatingMethodAccessorImpl.java:43)
	at java.lang.reflect.Method.invoke(Method.java:601)
	at org.apache.maven.surefire.util.ReflectionUtils.invokeMethodWithArray(ReflectionUtils.java:164)
	at org.apache.maven.surefire.booter.ProviderFactory$ProviderProxy.invoke(ProviderFactory.java:110)
	at org.apache.maven.surefire.booter.SurefireStarter.invokeProvider(SurefireStarter.java:175)
	at org.apache.maven.surefire.booter.SurefireStarter.runSuitesInProcessWhenForked(SurefireStarter.java:107)
	at org.apache.maven.surefire.booter.ForkedBooter.main(ForkedBooter.java:68)

</system-err>
  </testcase>
  <testcase time="126.335" classname="org.beginningee6.book.chapter07.ex01.ItemEJB01Test" name="testFindCDs">
    <error message="No EJBContainer provider available
The following providers:
org.glassfish.ejb.embedded.EJBContainerProviderImpl
Returned null from createEJBContainer call.
" type="javax.ejb.EJBException">javax.ejb.EJBException: No EJBContainer provider available
The following providers:
org.glassfish.ejb.embedded.EJBContainerProviderImpl
Returned null from createEJBContainer call.

	at javax.ejb.embeddable.EJBContainer.reportError(EJBContainer.java:186)
	at javax.ejb.embeddable.EJBContainer.createEJBContainer(EJBContainer.java:121)
	at javax.ejb.embeddable.EJBContainer.createEJBContainer(EJBContainer.java:78)
	at org.beginningee6.book.chapter07.ex01.ItemEJB01Test.testFindCDs(ItemEJB01Test.java:63)
	at sun.reflect.NativeMethodAccessorImpl.invoke0(Native Method)
	at sun.reflect.NativeMethodAccessorImpl.invoke(NativeMethodAccessorImpl.java:57)
	at sun.reflect.DelegatingMethodAccessorImpl.invoke(DelegatingMethodAccessorImpl.java:43)
	at java.lang.reflect.Method.invoke(Method.java:601)
	at org.junit.runners.model.FrameworkMethod$1.runReflectiveCall(FrameworkMethod.java:44)
	at org.junit.internal.runners.model.ReflectiveCallable.run(ReflectiveCallable.java:15)
	at org.junit.runners.model.FrameworkMethod.invokeExplosively(FrameworkMethod.java:41)
	at org.junit.internal.runners.statements.InvokeMethod.evaluate(InvokeMethod.java:20)
	at org.junit.internal.runners.statements.RunBefores.evaluate(RunBefores.java:28)
	at org.junit.internal.runners.statements.RunAfters.evaluate(RunAfters.java:31)
	at org.junit.runners.BlockJUnit4ClassRunner.runNotIgnored(BlockJUnit4ClassRunner.java:79)
	at org.junit.runners.BlockJUnit4ClassRunner.runChild(BlockJUnit4ClassRunner.java:71)
	at org.junit.runners.BlockJUnit4ClassRunner.runChild(BlockJUnit4ClassRunner.java:49)
	at org.junit.runners.ParentRunner$3.run(ParentRunner.java:193)
	at org.junit.runners.ParentRunner$1.schedule(ParentRunner.java:52)
	at org.junit.runners.ParentRunner.runChildren(ParentRunner.java:191)
	at org.junit.runners.ParentRunner.access$000(ParentRunner.java:42)
	at org.junit.runners.ParentRunner$2.evaluate(ParentRunner.java:184)
	at org.junit.internal.runners.statements.RunBefores.evaluate(RunBefores.java:28)
	at org.junit.internal.runners.statements.RunAfters.evaluate(RunAfters.java:31)
	at org.junit.runners.ParentRunner.run(ParentRunner.java:236)
	at org.apache.maven.surefire.junit4.JUnit4TestSet.execute(JUnit4TestSet.java:53)
	at org.apache.maven.surefire.junit4.JUnit4Provider.executeTestSet(JUnit4Provider.java:123)
	at org.apache.maven.surefire.junit4.JUnit4Provider.invoke(JUnit4Provider.java:104)
	at sun.reflect.NativeMethodAccessorImpl.invoke0(Native Method)
	at sun.reflect.NativeMethodAccessorImpl.invoke(NativeMethodAccessorImpl.java:57)
	at sun.reflect.DelegatingMethodAccessorImpl.invoke(DelegatingMethodAccessorImpl.java:43)
	at java.lang.reflect.Method.invoke(Method.java:601)
	at org.apache.maven.surefire.util.ReflectionUtils.invokeMethodWithArray(ReflectionUtils.java:164)
	at org.apache.maven.surefire.booter.ProviderFactory$ProviderProxy.invoke(ProviderFactory.java:110)
	at org.apache.maven.surefire.booter.SurefireStarter.invokeProvider(SurefireStarter.java:175)
	at org.apache.maven.surefire.booter.SurefireStarter.runSuitesInProcessWhenForked(SurefireStarter.java:107)
	at org.apache.maven.surefire.booter.ForkedBooter.main(ForkedBooter.java:68)
</error>
    <system-out>findCDs
</system-out>
    <system-err>jul 20, 2013 5:25:28 PM org.glassfish.ejb.embedded.EJBContainerProviderImpl getValidFile
SEVERE: ejb.embedded.location_not_exists
jul 20, 2013 5:25:28 PM com.sun.enterprise.module.impl.HK2Factory initialize
WARNING: Singleton already initialized as com.sun.enterprise.module.impl.HK2Factory@7bf26c9e
jul 20, 2013 5:25:33 PM com.sun.enterprise.v3.server.AppServerStartup run
INFO: GlassFish Server Open Source Edition 3.0.1 (java_re-private) startup time : Embedded(4637ms) startup services(22ms) total(4659ms)
jul 20, 2013 5:25:33 PM com.sun.enterprise.transaction.JavaEETransactionManagerSimplified initDelegates
INFO: Using com.sun.enterprise.transaction.jts.JavaEETransactionManagerJTSDelegate as the delegate
jul 20, 2013 5:25:33 PM org.glassfish.admin.mbeanserver.JMXStartupService$JMXConnectorsStarterThread run
INFO: JMXStartupService: JMXConnector system is disabled, skipping.
jul 20, 2013 5:25:33 PM AppServerStartup run
INFO: [Thread[GlassFish Kernel Main Thread,5,main]] started
jul 20, 2013 5:27:35 PM com.sun.enterprise.security.SecurityLifecycle &lt;init&gt;
SEVERE: java_security.init_securitylifecycle_fail
java.io.FileNotFoundException: C:\Users\Eugenio\.glassfishv3-GFEJBContainerProviderImpl\config\login.conf (Access is denied)
	at java.io.FileOutputStream.open(Native Method)
	at java.io.FileOutputStream.&lt;init&gt;(FileOutputStream.java:212)
	at java.io.FileOutputStream.&lt;init&gt;(FileOutputStream.java:165)
	at com.sun.enterprise.security.common.Util.writeConfigFileToTempDir(Util.java:154)
	at com.sun.enterprise.security.SecurityLifecycle.&lt;init&gt;(SecurityLifecycle.java:141)
	at sun.reflect.NativeConstructorAccessorImpl.newInstance0(Native Method)
	at sun.reflect.NativeConstructorAccessorImpl.newInstance(NativeConstructorAccessorImpl.java:57)
	at sun.reflect.DelegatingConstructorAccessorImpl.newInstance(DelegatingConstructorAccessorImpl.java:45)
	at java.lang.reflect.Constructor.newInstance(Constructor.java:525)
	at java.lang.Class.newInstance0(Class.java:372)
	at java.lang.Class.newInstance(Class.java:325)
	at com.sun.hk2.component.ConstructorWomb.create(ConstructorWomb.java:68)
	at com.sun.hk2.component.AbstractWombImpl.get(AbstractWombImpl.java:71)
	at com.sun.hk2.component.SingletonInhabitant.get(SingletonInhabitant.java:58)
	at com.sun.hk2.component.LazyInhabitant.get(LazyInhabitant.java:107)
	at com.sun.hk2.component.AbstractInhabitantImpl.get(AbstractInhabitantImpl.java:60)
	at com.sun.enterprise.security.SecuritySniffer.setup(SecuritySniffer.java:105)
	at com.sun.enterprise.v3.server.ContainerStarter.startContainer(ContainerStarter.java:99)
	at com.sun.enterprise.v3.server.ApplicationLifecycle.setupContainer(ApplicationLifecycle.java:703)
	at com.sun.enterprise.v3.server.ApplicationLifecycle.setupContainerInfos(ApplicationLifecycle.java:451)
	at org.glassfish.javaee.full.deployment.EarDeployer.prepareBundle(EarDeployer.java:264)
	at org.glassfish.javaee.full.deployment.EarDeployer.access$200(EarDeployer.java:79)
	at org.glassfish.javaee.full.deployment.EarDeployer$1.doBundle(EarDeployer.java:131)
	at org.glassfish.javaee.full.deployment.EarDeployer$1.doBundle(EarDeployer.java:129)
	at org.glassfish.javaee.full.deployment.EarDeployer.doOnBundles(EarDeployer.java:197)
	at org.glassfish.javaee.full.deployment.EarDeployer.doOnAllTypedBundles(EarDeployer.java:206)
	at org.glassfish.javaee.full.deployment.EarDeployer.doOnAllBundles(EarDeployer.java:232)
	at org.glassfish.javaee.full.deployment.EarDeployer.prepare(EarDeployer.java:129)
	at com.sun.enterprise.v3.server.ApplicationLifecycle.prepareModule(ApplicationLifecycle.java:644)
	at com.sun.enterprise.v3.server.ApplicationLifecycle.deploy(ApplicationLifecycle.java:296)
	at org.glassfish.kernel.embedded.EmbeddedDeployerImpl.deploy(EmbeddedDeployerImpl.java:214)
	at org.glassfish.kernel.embedded.EmbeddedDeployerImpl.deploy(EmbeddedDeployerImpl.java:144)
	at org.glassfish.ejb.embedded.EJBContainerImpl.deploy(EJBContainerImpl.java:128)
	at org.glassfish.ejb.embedded.EJBContainerProviderImpl.createEJBContainer(EJBContainerProviderImpl.java:120)
	at javax.ejb.embeddable.EJBContainer.createEJBContainer(EJBContainer.java:102)
	at javax.ejb.embeddable.EJBContainer.createEJBContainer(EJBContainer.java:78)
	at org.beginningee6.book.chapter07.ex01.ItemEJB01Test.testFindCDs(ItemEJB01Test.java:63)
	at sun.reflect.NativeMethodAccessorImpl.invoke0(Native Method)
	at sun.reflect.NativeMethodAccessorImpl.invoke(NativeMethodAccessorImpl.java:57)
	at sun.reflect.DelegatingMethodAccessorImpl.invoke(DelegatingMethodAccessorImpl.java:43)
	at java.lang.reflect.Method.invoke(Method.java:601)
	at org.junit.runners.model.FrameworkMethod$1.runReflectiveCall(FrameworkMethod.java:44)
	at org.junit.internal.runners.model.ReflectiveCallable.run(ReflectiveCallable.java:15)
	at org.junit.runners.model.FrameworkMethod.invokeExplosively(FrameworkMethod.java:41)
	at org.junit.internal.runners.statements.InvokeMethod.evaluate(InvokeMethod.java:20)
	at org.junit.internal.runners.statements.RunBefores.evaluate(RunBefores.java:28)
	at org.junit.internal.runners.statements.RunAfters.evaluate(RunAfters.java:31)
	at org.junit.runners.BlockJUnit4ClassRunner.runNotIgnored(BlockJUnit4ClassRunner.java:79)
	at org.junit.runners.BlockJUnit4ClassRunner.runChild(BlockJUnit4ClassRunner.java:71)
	at org.junit.runners.BlockJUnit4ClassRunner.runChild(BlockJUnit4ClassRunner.java:49)
	at org.junit.runners.ParentRunner$3.run(ParentRunner.java:193)
	at org.junit.runners.ParentRunner$1.schedule(ParentRunner.java:52)
	at org.junit.runners.ParentRunner.runChildren(ParentRunner.java:191)
	at org.junit.runners.ParentRunner.access$000(ParentRunner.java:42)
	at org.junit.runners.ParentRunner$2.evaluate(ParentRunner.java:184)
	at org.junit.internal.runners.statements.RunBefores.evaluate(RunBefores.java:28)
	at org.junit.internal.runners.statements.RunAfters.evaluate(RunAfters.java:31)
	at org.junit.runners.ParentRunner.run(ParentRunner.java:236)
	at org.apache.maven.surefire.junit4.JUnit4TestSet.execute(JUnit4TestSet.java:53)
	at org.apache.maven.surefire.junit4.JUnit4Provider.executeTestSet(JUnit4Provider.java:123)
	at org.apache.maven.surefire.junit4.JUnit4Provider.invoke(JUnit4Provider.java:104)
	at sun.reflect.NativeMethodAccessorImpl.invoke0(Native Method)
	at sun.reflect.NativeMethodAccessorImpl.invoke(NativeMethodAccessorImpl.java:57)
	at sun.reflect.DelegatingMethodAccessorImpl.invoke(DelegatingMethodAccessorImpl.java:43)
	at java.lang.reflect.Method.invoke(Method.java:601)
	at org.apache.maven.surefire.util.ReflectionUtils.invokeMethodWithArray(ReflectionUtils.java:164)
	at org.apache.maven.surefire.booter.ProviderFactory$ProviderProxy.invoke(ProviderFactory.java:110)
	at org.apache.maven.surefire.booter.SurefireStarter.invokeProvider(SurefireStarter.java:175)
	at org.apache.maven.surefire.booter.SurefireStarter.runSuitesInProcessWhenForked(SurefireStarter.java:107)
	at org.apache.maven.surefire.booter.ForkedBooter.main(ForkedBooter.java:68)

jul 20, 2013 5:27:35 PM org.glassfish.javaee.full.deployment.EarDeployer prepareBundle
WARNING: Error occurred
org.jvnet.hk2.component.ComponentException: Failed to create class com.sun.enterprise.security.SecurityLifecycle
	at com.sun.hk2.component.ConstructorWomb.create(ConstructorWomb.java:76)
	at com.sun.hk2.component.AbstractWombImpl.get(AbstractWombImpl.java:71)
	at com.sun.hk2.component.SingletonInhabitant.get(SingletonInhabitant.java:58)
	at com.sun.hk2.component.LazyInhabitant.get(LazyInhabitant.java:107)
	at com.sun.hk2.component.AbstractInhabitantImpl.get(AbstractInhabitantImpl.java:60)
	at com.sun.enterprise.security.SecuritySniffer.setup(SecuritySniffer.java:105)
	at com.sun.enterprise.v3.server.ContainerStarter.startContainer(ContainerStarter.java:99)
	at com.sun.enterprise.v3.server.ApplicationLifecycle.setupContainer(ApplicationLifecycle.java:703)
	at com.sun.enterprise.v3.server.ApplicationLifecycle.setupContainerInfos(ApplicationLifecycle.java:451)
	at org.glassfish.javaee.full.deployment.EarDeployer.prepareBundle(EarDeployer.java:264)
	at org.glassfish.javaee.full.deployment.EarDeployer.access$200(EarDeployer.java:79)
	at org.glassfish.javaee.full.deployment.EarDeployer$1.doBundle(EarDeployer.java:131)
	at org.glassfish.javaee.full.deployment.EarDeployer$1.doBundle(EarDeployer.java:129)
	at org.glassfish.javaee.full.deployment.EarDeployer.doOnBundles(EarDeployer.java:197)
	at org.glassfish.javaee.full.deployment.EarDeployer.doOnAllTypedBundles(EarDeployer.java:206)
	at org.glassfish.javaee.full.deployment.EarDeployer.doOnAllBundles(EarDeployer.java:232)
	at org.glassfish.javaee.full.deployment.EarDeployer.prepare(EarDeployer.java:129)
	at com.sun.enterprise.v3.server.ApplicationLifecycle.prepareModule(ApplicationLifecycle.java:644)
	at com.sun.enterprise.v3.server.ApplicationLifecycle.deploy(ApplicationLifecycle.java:296)
	at org.glassfish.kernel.embedded.EmbeddedDeployerImpl.deploy(EmbeddedDeployerImpl.java:214)
	at org.glassfish.kernel.embedded.EmbeddedDeployerImpl.deploy(EmbeddedDeployerImpl.java:144)
	at org.glassfish.ejb.embedded.EJBContainerImpl.deploy(EJBContainerImpl.java:128)
	at org.glassfish.ejb.embedded.EJBContainerProviderImpl.createEJBContainer(EJBContainerProviderImpl.java:120)
	at javax.ejb.embeddable.EJBContainer.createEJBContainer(EJBContainer.java:102)
	at javax.ejb.embeddable.EJBContainer.createEJBContainer(EJBContainer.java:78)
	at org.beginningee6.book.chapter07.ex01.ItemEJB01Test.testFindCDs(ItemEJB01Test.java:63)
	at sun.reflect.NativeMethodAccessorImpl.invoke0(Native Method)
	at sun.reflect.NativeMethodAccessorImpl.invoke(NativeMethodAccessorImpl.java:57)
	at sun.reflect.DelegatingMethodAccessorImpl.invoke(DelegatingMethodAccessorImpl.java:43)
	at java.lang.reflect.Method.invoke(Method.java:601)
	at org.junit.runners.model.FrameworkMethod$1.runReflectiveCall(FrameworkMethod.java:44)
	at org.junit.internal.runners.model.ReflectiveCallable.run(ReflectiveCallable.java:15)
	at org.junit.runners.model.FrameworkMethod.invokeExplosively(FrameworkMethod.java:41)
	at org.junit.internal.runners.statements.InvokeMethod.evaluate(InvokeMethod.java:20)
	at org.junit.internal.runners.statements.RunBefores.evaluate(RunBefores.java:28)
	at org.junit.internal.runners.statements.RunAfters.evaluate(RunAfters.java:31)
	at org.junit.runners.BlockJUnit4ClassRunner.runNotIgnored(BlockJUnit4ClassRunner.java:79)
	at org.junit.runners.BlockJUnit4ClassRunner.runChild(BlockJUnit4ClassRunner.java:71)
	at org.junit.runners.BlockJUnit4ClassRunner.runChild(BlockJUnit4ClassRunner.java:49)
	at org.junit.runners.ParentRunner$3.run(ParentRunner.java:193)
	at org.junit.runners.ParentRunner$1.schedule(ParentRunner.java:52)
	at org.junit.runners.ParentRunner.runChildren(ParentRunner.java:191)
	at org.junit.runners.ParentRunner.access$000(ParentRunner.java:42)
	at org.junit.runners.ParentRunner$2.evaluate(ParentRunner.java:184)
	at org.junit.internal.runners.statements.RunBefores.evaluate(RunBefores.java:28)
	at org.junit.internal.runners.statements.RunAfters.evaluate(RunAfters.java:31)
	at org.junit.runners.ParentRunner.run(ParentRunner.java:236)
	at org.apache.maven.surefire.junit4.JUnit4TestSet.execute(JUnit4TestSet.java:53)
	at org.apache.maven.surefire.junit4.JUnit4Provider.executeTestSet(JUnit4Provider.java:123)
	at org.apache.maven.surefire.junit4.JUnit4Provider.invoke(JUnit4Provider.java:104)
	at sun.reflect.NativeMethodAccessorImpl.invoke0(Native Method)
	at sun.reflect.NativeMethodAccessorImpl.invoke(NativeMethodAccessorImpl.java:57)
	at sun.reflect.DelegatingMethodAccessorImpl.invoke(DelegatingMethodAccessorImpl.java:43)
	at java.lang.reflect.Method.invoke(Method.java:601)
	at org.apache.maven.surefire.util.ReflectionUtils.invokeMethodWithArray(ReflectionUtils.java:164)
	at org.apache.maven.surefire.booter.ProviderFactory$ProviderProxy.invoke(ProviderFactory.java:110)
	at org.apache.maven.surefire.booter.SurefireStarter.invokeProvider(SurefireStarter.java:175)
	at org.apache.maven.surefire.booter.SurefireStarter.runSuitesInProcessWhenForked(SurefireStarter.java:107)
	at org.apache.maven.surefire.booter.ForkedBooter.main(ForkedBooter.java:68)
Caused by: java.lang.RuntimeException: java.io.FileNotFoundException: C:\Users\Eugenio\.glassfishv3-GFEJBContainerProviderImpl\config\login.conf (Access is denied)
	at com.sun.enterprise.security.SecurityLifecycle.&lt;init&gt;(SecurityLifecycle.java:170)
	at sun.reflect.NativeConstructorAccessorImpl.newInstance0(Native Method)
	at sun.reflect.NativeConstructorAccessorImpl.newInstance(NativeConstructorAccessorImpl.java:57)
	at sun.reflect.DelegatingConstructorAccessorImpl.newInstance(DelegatingConstructorAccessorImpl.java:45)
	at java.lang.reflect.Constructor.newInstance(Constructor.java:525)
	at java.lang.Class.newInstance0(Class.java:372)
	at java.lang.Class.newInstance(Class.java:325)
	at com.sun.hk2.component.ConstructorWomb.create(ConstructorWomb.java:68)
	... 58 more
Caused by: java.io.FileNotFoundException: C:\Users\Eugenio\.glassfishv3-GFEJBContainerProviderImpl\config\login.conf (Access is denied)
	at java.io.FileOutputStream.open(Native Method)
	at java.io.FileOutputStream.&lt;init&gt;(FileOutputStream.java:212)
	at java.io.FileOutputStream.&lt;init&gt;(FileOutputStream.java:165)
	at com.sun.enterprise.security.common.Util.writeConfigFileToTempDir(Util.java:154)
	at com.sun.enterprise.security.SecurityLifecycle.&lt;init&gt;(SecurityLifecycle.java:141)
	... 65 more

jul 20, 2013 5:27:35 PM org.glassfish.api.ActionReport failure
SEVERE: Exception while invoking class org.glassfish.javaee.full.deployment.EarDeployer prepare method
org.glassfish.deployment.common.DeploymentException: Failed to create class com.sun.enterprise.security.SecurityLifecycle
	at org.glassfish.javaee.full.deployment.EarDeployer.prepare(EarDeployer.java:148)
	at com.sun.enterprise.v3.server.ApplicationLifecycle.prepareModule(ApplicationLifecycle.java:644)
	at com.sun.enterprise.v3.server.ApplicationLifecycle.deploy(ApplicationLifecycle.java:296)
	at org.glassfish.kernel.embedded.EmbeddedDeployerImpl.deploy(EmbeddedDeployerImpl.java:214)
	at org.glassfish.kernel.embedded.EmbeddedDeployerImpl.deploy(EmbeddedDeployerImpl.java:144)
	at org.glassfish.ejb.embedded.EJBContainerImpl.deploy(EJBContainerImpl.java:128)
	at org.glassfish.ejb.embedded.EJBContainerProviderImpl.createEJBContainer(EJBContainerProviderImpl.java:120)
	at javax.ejb.embeddable.EJBContainer.createEJBContainer(EJBContainer.java:102)
	at javax.ejb.embeddable.EJBContainer.createEJBContainer(EJBContainer.java:78)
	at org.beginningee6.book.chapter07.ex01.ItemEJB01Test.testFindCDs(ItemEJB01Test.java:63)
	at sun.reflect.NativeMethodAccessorImpl.invoke0(Native Method)
	at sun.reflect.NativeMethodAccessorImpl.invoke(NativeMethodAccessorImpl.java:57)
	at sun.reflect.DelegatingMethodAccessorImpl.invoke(DelegatingMethodAccessorImpl.java:43)
	at java.lang.reflect.Method.invoke(Method.java:601)
	at org.junit.runners.model.FrameworkMethod$1.runReflectiveCall(FrameworkMethod.java:44)
	at org.junit.internal.runners.model.ReflectiveCallable.run(ReflectiveCallable.java:15)
	at org.junit.runners.model.FrameworkMethod.invokeExplosively(FrameworkMethod.java:41)
	at org.junit.internal.runners.statements.InvokeMethod.evaluate(InvokeMethod.java:20)
	at org.junit.internal.runners.statements.RunBefores.evaluate(RunBefores.java:28)
	at org.junit.internal.runners.statements.RunAfters.evaluate(RunAfters.java:31)
	at org.junit.runners.BlockJUnit4ClassRunner.runNotIgnored(BlockJUnit4ClassRunner.java:79)
	at org.junit.runners.BlockJUnit4ClassRunner.runChild(BlockJUnit4ClassRunner.java:71)
	at org.junit.runners.BlockJUnit4ClassRunner.runChild(BlockJUnit4ClassRunner.java:49)
	at org.junit.runners.ParentRunner$3.run(ParentRunner.java:193)
	at org.junit.runners.ParentRunner$1.schedule(ParentRunner.java:52)
	at org.junit.runners.ParentRunner.runChildren(ParentRunner.java:191)
	at org.junit.runners.ParentRunner.access$000(ParentRunner.java:42)
	at org.junit.runners.ParentRunner$2.evaluate(ParentRunner.java:184)
	at org.junit.internal.runners.statements.RunBefores.evaluate(RunBefores.java:28)
	at org.junit.internal.runners.statements.RunAfters.evaluate(RunAfters.java:31)
	at org.junit.runners.ParentRunner.run(ParentRunner.java:236)
	at org.apache.maven.surefire.junit4.JUnit4TestSet.execute(JUnit4TestSet.java:53)
	at org.apache.maven.surefire.junit4.JUnit4Provider.executeTestSet(JUnit4Provider.java:123)
	at org.apache.maven.surefire.junit4.JUnit4Provider.invoke(JUnit4Provider.java:104)
	at sun.reflect.NativeMethodAccessorImpl.invoke0(Native Method)
	at sun.reflect.NativeMethodAccessorImpl.invoke(NativeMethodAccessorImpl.java:57)
	at sun.reflect.DelegatingMethodAccessorImpl.invoke(DelegatingMethodAccessorImpl.java:43)
	at java.lang.reflect.Method.invoke(Method.java:601)
	at org.apache.maven.surefire.util.ReflectionUtils.invokeMethodWithArray(ReflectionUtils.java:164)
	at org.apache.maven.surefire.booter.ProviderFactory$ProviderProxy.invoke(ProviderFactory.java:110)
	at org.apache.maven.surefire.booter.SurefireStarter.invokeProvider(SurefireStarter.java:175)
	at org.apache.maven.surefire.booter.SurefireStarter.runSuitesInProcessWhenForked(SurefireStarter.java:107)
	at org.apache.maven.surefire.booter.ForkedBooter.main(ForkedBooter.java:68)
Caused by: org.jvnet.hk2.component.ComponentException: Failed to create class com.sun.enterprise.security.SecurityLifecycle
	at com.sun.hk2.component.ConstructorWomb.create(ConstructorWomb.java:76)
	at com.sun.hk2.component.AbstractWombImpl.get(AbstractWombImpl.java:71)
	at com.sun.hk2.component.SingletonInhabitant.get(SingletonInhabitant.java:58)
	at com.sun.hk2.component.LazyInhabitant.get(LazyInhabitant.java:107)
	at com.sun.hk2.component.AbstractInhabitantImpl.get(AbstractInhabitantImpl.java:60)
	at com.sun.enterprise.security.SecuritySniffer.setup(SecuritySniffer.java:105)
	at com.sun.enterprise.v3.server.ContainerStarter.startContainer(ContainerStarter.java:99)
	at com.sun.enterprise.v3.server.ApplicationLifecycle.setupContainer(ApplicationLifecycle.java:703)
	at com.sun.enterprise.v3.server.ApplicationLifecycle.setupContainerInfos(ApplicationLifecycle.java:451)
	at org.glassfish.javaee.full.deployment.EarDeployer.prepareBundle(EarDeployer.java:264)
	at org.glassfish.javaee.full.deployment.EarDeployer.access$200(EarDeployer.java:79)
	at org.glassfish.javaee.full.deployment.EarDeployer$1.doBundle(EarDeployer.java:131)
	at org.glassfish.javaee.full.deployment.EarDeployer$1.doBundle(EarDeployer.java:129)
	at org.glassfish.javaee.full.deployment.EarDeployer.doOnBundles(EarDeployer.java:197)
	at org.glassfish.javaee.full.deployment.EarDeployer.doOnAllTypedBundles(EarDeployer.java:206)
	at org.glassfish.javaee.full.deployment.EarDeployer.doOnAllBundles(EarDeployer.java:232)
	at org.glassfish.javaee.full.deployment.EarDeployer.prepare(EarDeployer.java:129)
	... 42 more
Caused by: java.lang.RuntimeException: java.io.FileNotFoundException: C:\Users\Eugenio\.glassfishv3-GFEJBContainerProviderImpl\config\login.conf (Access is denied)
	at com.sun.enterprise.security.SecurityLifecycle.&lt;init&gt;(SecurityLifecycle.java:170)
	at sun.reflect.NativeConstructorAccessorImpl.newInstance0(Native Method)
	at sun.reflect.NativeConstructorAccessorImpl.newInstance(NativeConstructorAccessorImpl.java:57)
	at sun.reflect.DelegatingConstructorAccessorImpl.newInstance(DelegatingConstructorAccessorImpl.java:45)
	at java.lang.reflect.Constructor.newInstance(Constructor.java:525)
	at java.lang.Class.newInstance0(Class.java:372)
	at java.lang.Class.newInstance(Class.java:325)
	at com.sun.hk2.component.ConstructorWomb.create(ConstructorWomb.java:68)
	... 58 more
Caused by: java.io.FileNotFoundException: C:\Users\Eugenio\.glassfishv3-GFEJBContainerProviderImpl\config\login.conf (Access is denied)
	at java.io.FileOutputStream.open(Native Method)
	at java.io.FileOutputStream.&lt;init&gt;(FileOutputStream.java:212)
	at java.io.FileOutputStream.&lt;init&gt;(FileOutputStream.java:165)
	at com.sun.enterprise.security.common.Util.writeConfigFileToTempDir(Util.java:154)
	at com.sun.enterprise.security.SecurityLifecycle.&lt;init&gt;(SecurityLifecycle.java:141)
	... 65 more

jul 20, 2013 5:27:35 PM org.glassfish.api.ActionReport failure
SEVERE: Exception while preparing the app
org.glassfish.deployment.common.DeploymentException: Failed to create class com.sun.enterprise.security.SecurityLifecycle
	at org.glassfish.javaee.full.deployment.EarDeployer.prepare(EarDeployer.java:148)
	at com.sun.enterprise.v3.server.ApplicationLifecycle.prepareModule(ApplicationLifecycle.java:644)
	at com.sun.enterprise.v3.server.ApplicationLifecycle.deploy(ApplicationLifecycle.java:296)
	at org.glassfish.kernel.embedded.EmbeddedDeployerImpl.deploy(EmbeddedDeployerImpl.java:214)
	at org.glassfish.kernel.embedded.EmbeddedDeployerImpl.deploy(EmbeddedDeployerImpl.java:144)
	at org.glassfish.ejb.embedded.EJBContainerImpl.deploy(EJBContainerImpl.java:128)
	at org.glassfish.ejb.embedded.EJBContainerProviderImpl.createEJBContainer(EJBContainerProviderImpl.java:120)
	at javax.ejb.embeddable.EJBContainer.createEJBContainer(EJBContainer.java:102)
	at javax.ejb.embeddable.EJBContainer.createEJBContainer(EJBContainer.java:78)
	at org.beginningee6.book.chapter07.ex01.ItemEJB01Test.testFindCDs(ItemEJB01Test.java:63)
	at sun.reflect.NativeMethodAccessorImpl.invoke0(Native Method)
	at sun.reflect.NativeMethodAccessorImpl.invoke(NativeMethodAccessorImpl.java:57)
	at sun.reflect.DelegatingMethodAccessorImpl.invoke(DelegatingMethodAccessorImpl.java:43)
	at java.lang.reflect.Method.invoke(Method.java:601)
	at org.junit.runners.model.FrameworkMethod$1.runReflectiveCall(FrameworkMethod.java:44)
	at org.junit.internal.runners.model.ReflectiveCallable.run(ReflectiveCallable.java:15)
	at org.junit.runners.model.FrameworkMethod.invokeExplosively(FrameworkMethod.java:41)
	at org.junit.internal.runners.statements.InvokeMethod.evaluate(InvokeMethod.java:20)
	at org.junit.internal.runners.statements.RunBefores.evaluate(RunBefores.java:28)
	at org.junit.internal.runners.statements.RunAfters.evaluate(RunAfters.java:31)
	at org.junit.runners.BlockJUnit4ClassRunner.runNotIgnored(BlockJUnit4ClassRunner.java:79)
	at org.junit.runners.BlockJUnit4ClassRunner.runChild(BlockJUnit4ClassRunner.java:71)
	at org.junit.runners.BlockJUnit4ClassRunner.runChild(BlockJUnit4ClassRunner.java:49)
	at org.junit.runners.ParentRunner$3.run(ParentRunner.java:193)
	at org.junit.runners.ParentRunner$1.schedule(ParentRunner.java:52)
	at org.junit.runners.ParentRunner.runChildren(ParentRunner.java:191)
	at org.junit.runners.ParentRunner.access$000(ParentRunner.java:42)
	at org.junit.runners.ParentRunner$2.evaluate(ParentRunner.java:184)
	at org.junit.internal.runners.statements.RunBefores.evaluate(RunBefores.java:28)
	at org.junit.internal.runners.statements.RunAfters.evaluate(RunAfters.java:31)
	at org.junit.runners.ParentRunner.run(ParentRunner.java:236)
	at org.apache.maven.surefire.junit4.JUnit4TestSet.execute(JUnit4TestSet.java:53)
	at org.apache.maven.surefire.junit4.JUnit4Provider.executeTestSet(JUnit4Provider.java:123)
	at org.apache.maven.surefire.junit4.JUnit4Provider.invoke(JUnit4Provider.java:104)
	at sun.reflect.NativeMethodAccessorImpl.invoke0(Native Method)
	at sun.reflect.NativeMethodAccessorImpl.invoke(NativeMethodAccessorImpl.java:57)
	at sun.reflect.DelegatingMethodAccessorImpl.invoke(DelegatingMethodAccessorImpl.java:43)
	at java.lang.reflect.Method.invoke(Method.java:601)
	at org.apache.maven.surefire.util.ReflectionUtils.invokeMethodWithArray(ReflectionUtils.java:164)
	at org.apache.maven.surefire.booter.ProviderFactory$ProviderProxy.invoke(ProviderFactory.java:110)
	at org.apache.maven.surefire.booter.SurefireStarter.invokeProvider(SurefireStarter.java:175)
	at org.apache.maven.surefire.booter.SurefireStarter.runSuitesInProcessWhenForked(SurefireStarter.java:107)
	at org.apache.maven.surefire.booter.ForkedBooter.main(ForkedBooter.java:68)
Caused by: org.jvnet.hk2.component.ComponentException: Failed to create class com.sun.enterprise.security.SecurityLifecycle
	at com.sun.hk2.component.ConstructorWomb.create(ConstructorWomb.java:76)
	at com.sun.hk2.component.AbstractWombImpl.get(AbstractWombImpl.java:71)
	at com.sun.hk2.component.SingletonInhabitant.get(SingletonInhabitant.java:58)
	at com.sun.hk2.component.LazyInhabitant.get(LazyInhabitant.java:107)
	at com.sun.hk2.component.AbstractInhabitantImpl.get(AbstractInhabitantImpl.java:60)
	at com.sun.enterprise.security.SecuritySniffer.setup(SecuritySniffer.java:105)
	at com.sun.enterprise.v3.server.ContainerStarter.startContainer(ContainerStarter.java:99)
	at com.sun.enterprise.v3.server.ApplicationLifecycle.setupContainer(ApplicationLifecycle.java:703)
	at com.sun.enterprise.v3.server.ApplicationLifecycle.setupContainerInfos(ApplicationLifecycle.java:451)
	at org.glassfish.javaee.full.deployment.EarDeployer.prepareBundle(EarDeployer.java:264)
	at org.glassfish.javaee.full.deployment.EarDeployer.access$200(EarDeployer.java:79)
	at org.glassfish.javaee.full.deployment.EarDeployer$1.doBundle(EarDeployer.java:131)
	at org.glassfish.javaee.full.deployment.EarDeployer$1.doBundle(EarDeployer.java:129)
	at org.glassfish.javaee.full.deployment.EarDeployer.doOnBundles(EarDeployer.java:197)
	at org.glassfish.javaee.full.deployment.EarDeployer.doOnAllTypedBundles(EarDeployer.java:206)
	at org.glassfish.javaee.full.deployment.EarDeployer.doOnAllBundles(EarDeployer.java:232)
	at org.glassfish.javaee.full.deployment.EarDeployer.prepare(EarDeployer.java:129)
	... 42 more
Caused by: java.lang.RuntimeException: java.io.FileNotFoundException: C:\Users\Eugenio\.glassfishv3-GFEJBContainerProviderImpl\config\login.conf (Access is denied)
	at com.sun.enterprise.security.SecurityLifecycle.&lt;init&gt;(SecurityLifecycle.java:170)
	at sun.reflect.NativeConstructorAccessorImpl.newInstance0(Native Method)
	at sun.reflect.NativeConstructorAccessorImpl.newInstance(NativeConstructorAccessorImpl.java:57)
	at sun.reflect.DelegatingConstructorAccessorImpl.newInstance(DelegatingConstructorAccessorImpl.java:45)
	at java.lang.reflect.Constructor.newInstance(Constructor.java:525)
	at java.lang.Class.newInstance0(Class.java:372)
	at java.lang.Class.newInstance(Class.java:325)
	at com.sun.hk2.component.ConstructorWomb.create(ConstructorWomb.java:68)
	... 58 more
Caused by: java.io.FileNotFoundException: C:\Users\Eugenio\.glassfishv3-GFEJBContainerProviderImpl\config\login.conf (Access is denied)
	at java.io.FileOutputStream.open(Native Method)
	at java.io.FileOutputStream.&lt;init&gt;(FileOutputStream.java:212)
	at java.io.FileOutputStream.&lt;init&gt;(FileOutputStream.java:165)
	at com.sun.enterprise.security.common.Util.writeConfigFileToTempDir(Util.java:154)
	at com.sun.enterprise.security.SecurityLifecycle.&lt;init&gt;(SecurityLifecycle.java:141)
	... 65 more

jul 20, 2013 5:27:35 PM org.glassfish.ejb.embedded.EJBContainerProviderImpl createEJBContainer
INFO: [EJBContainerProviderImpl] Cleaning up on failure ...
jul 20, 2013 5:27:35 PM org.glassfish.admin.mbeanserver.JMXStartupService shutdown
INFO: JMXStartupService and JMXConnectors have been shut down.
jul 20, 2013 5:27:35 PM com.sun.enterprise.v3.server.AppServerStartup stop
INFO: Shutdown procedure finished
jul 20, 2013 5:27:35 PM AppServerStartup run
INFO: [Thread[GlassFish Kernel Main Thread,5,main]] exiting
jul 20, 2013 5:27:35 PM org.glassfish.ejb.embedded.EJBContainerProviderImpl createEJBContainer
SEVERE: ejb.embedded.exception_instantiating
javax.ejb.EJBException: Failed to deploy EJB modules - see log for details
	at org.glassfish.ejb.embedded.EJBContainerImpl.deploy(EJBContainerImpl.java:135)
	at org.glassfish.ejb.embedded.EJBContainerProviderImpl.createEJBContainer(EJBContainerProviderImpl.java:120)
	at javax.ejb.embeddable.EJBContainer.createEJBContainer(EJBContainer.java:102)
	at javax.ejb.embeddable.EJBContainer.createEJBContainer(EJBContainer.java:78)
	at org.beginningee6.book.chapter07.ex01.ItemEJB01Test.testFindCDs(ItemEJB01Test.java:63)
	at sun.reflect.NativeMethodAccessorImpl.invoke0(Native Method)
	at sun.reflect.NativeMethodAccessorImpl.invoke(NativeMethodAccessorImpl.java:57)
	at sun.reflect.DelegatingMethodAccessorImpl.invoke(DelegatingMethodAccessorImpl.java:43)
	at java.lang.reflect.Method.invoke(Method.java:601)
	at org.junit.runners.model.FrameworkMethod$1.runReflectiveCall(FrameworkMethod.java:44)
	at org.junit.internal.runners.model.ReflectiveCallable.run(ReflectiveCallable.java:15)
	at org.junit.runners.model.FrameworkMethod.invokeExplosively(FrameworkMethod.java:41)
	at org.junit.internal.runners.statements.InvokeMethod.evaluate(InvokeMethod.java:20)
	at org.junit.internal.runners.statements.RunBefores.evaluate(RunBefores.java:28)
	at org.junit.internal.runners.statements.RunAfters.evaluate(RunAfters.java:31)
	at org.junit.runners.BlockJUnit4ClassRunner.runNotIgnored(BlockJUnit4ClassRunner.java:79)
	at org.junit.runners.BlockJUnit4ClassRunner.runChild(BlockJUnit4ClassRunner.java:71)
	at org.junit.runners.BlockJUnit4ClassRunner.runChild(BlockJUnit4ClassRunner.java:49)
	at org.junit.runners.ParentRunner$3.run(ParentRunner.java:193)
	at org.junit.runners.ParentRunner$1.schedule(ParentRunner.java:52)
	at org.junit.runners.ParentRunner.runChildren(ParentRunner.java:191)
	at org.junit.runners.ParentRunner.access$000(ParentRunner.java:42)
	at org.junit.runners.ParentRunner$2.evaluate(ParentRunner.java:184)
	at org.junit.internal.runners.statements.RunBefores.evaluate(RunBefores.java:28)
	at org.junit.internal.runners.statements.RunAfters.evaluate(RunAfters.java:31)
	at org.junit.runners.ParentRunner.run(ParentRunner.java:236)
	at org.apache.maven.surefire.junit4.JUnit4TestSet.execute(JUnit4TestSet.java:53)
	at org.apache.maven.surefire.junit4.JUnit4Provider.executeTestSet(JUnit4Provider.java:123)
	at org.apache.maven.surefire.junit4.JUnit4Provider.invoke(JUnit4Provider.java:104)
	at sun.reflect.NativeMethodAccessorImpl.invoke0(Native Method)
	at sun.reflect.NativeMethodAccessorImpl.invoke(NativeMethodAccessorImpl.java:57)
	at sun.reflect.DelegatingMethodAccessorImpl.invoke(DelegatingMethodAccessorImpl.java:43)
	at java.lang.reflect.Method.invoke(Method.java:601)
	at org.apache.maven.surefire.util.ReflectionUtils.invokeMethodWithArray(ReflectionUtils.java:164)
	at org.apache.maven.surefire.booter.ProviderFactory$ProviderProxy.invoke(ProviderFactory.java:110)
	at org.apache.maven.surefire.booter.SurefireStarter.invokeProvider(SurefireStarter.java:175)
	at org.apache.maven.surefire.booter.SurefireStarter.runSuitesInProcessWhenForked(SurefireStarter.java:107)
	at org.apache.maven.surefire.booter.ForkedBooter.main(ForkedBooter.java:68)

</system-err>
  </testcase>
  <testcase time="120.601" classname="org.beginningee6.book.chapter07.ex01.ItemEJB01Test" name="testFindBooks">
    <error message="No EJBContainer provider available
The following providers:
org.glassfish.ejb.embedded.EJBContainerProviderImpl
Returned null from createEJBContainer call.
" type="javax.ejb.EJBException">javax.ejb.EJBException: No EJBContainer provider available
The following providers:
org.glassfish.ejb.embedded.EJBContainerProviderImpl
Returned null from createEJBContainer call.

	at javax.ejb.embeddable.EJBContainer.reportError(EJBContainer.java:186)
	at javax.ejb.embeddable.EJBContainer.createEJBContainer(EJBContainer.java:121)
	at javax.ejb.embeddable.EJBContainer.createEJBContainer(EJBContainer.java:78)
	at org.beginningee6.book.chapter07.ex01.ItemEJB01Test.testFindBooks(ItemEJB01Test.java:47)
	at sun.reflect.NativeMethodAccessorImpl.invoke0(Native Method)
	at sun.reflect.NativeMethodAccessorImpl.invoke(NativeMethodAccessorImpl.java:57)
	at sun.reflect.DelegatingMethodAccessorImpl.invoke(DelegatingMethodAccessorImpl.java:43)
	at java.lang.reflect.Method.invoke(Method.java:601)
	at org.junit.runners.model.FrameworkMethod$1.runReflectiveCall(FrameworkMethod.java:44)
	at org.junit.internal.runners.model.ReflectiveCallable.run(ReflectiveCallable.java:15)
	at org.junit.runners.model.FrameworkMethod.invokeExplosively(FrameworkMethod.java:41)
	at org.junit.internal.runners.statements.InvokeMethod.evaluate(InvokeMethod.java:20)
	at org.junit.internal.runners.statements.RunBefores.evaluate(RunBefores.java:28)
	at org.junit.internal.runners.statements.RunAfters.evaluate(RunAfters.java:31)
	at org.junit.runners.BlockJUnit4ClassRunner.runNotIgnored(BlockJUnit4ClassRunner.java:79)
	at org.junit.runners.BlockJUnit4ClassRunner.runChild(BlockJUnit4ClassRunner.java:71)
	at org.junit.runners.BlockJUnit4ClassRunner.runChild(BlockJUnit4ClassRunner.java:49)
	at org.junit.runners.ParentRunner$3.run(ParentRunner.java:193)
	at org.junit.runners.ParentRunner$1.schedule(ParentRunner.java:52)
	at org.junit.runners.ParentRunner.runChildren(ParentRunner.java:191)
	at org.junit.runners.ParentRunner.access$000(ParentRunner.java:42)
	at org.junit.runners.ParentRunner$2.evaluate(ParentRunner.java:184)
	at org.junit.internal.runners.statements.RunBefores.evaluate(RunBefores.java:28)
	at org.junit.internal.runners.statements.RunAfters.evaluate(RunAfters.java:31)
	at org.junit.runners.ParentRunner.run(ParentRunner.java:236)
	at org.apache.maven.surefire.junit4.JUnit4TestSet.execute(JUnit4TestSet.java:53)
	at org.apache.maven.surefire.junit4.JUnit4Provider.executeTestSet(JUnit4Provider.java:123)
	at org.apache.maven.surefire.junit4.JUnit4Provider.invoke(JUnit4Provider.java:104)
	at sun.reflect.NativeMethodAccessorImpl.invoke0(Native Method)
	at sun.reflect.NativeMethodAccessorImpl.invoke(NativeMethodAccessorImpl.java:57)
	at sun.reflect.DelegatingMethodAccessorImpl.invoke(DelegatingMethodAccessorImpl.java:43)
	at java.lang.reflect.Method.invoke(Method.java:601)
	at org.apache.maven.surefire.util.ReflectionUtils.invokeMethodWithArray(ReflectionUtils.java:164)
	at org.apache.maven.surefire.booter.ProviderFactory$ProviderProxy.invoke(ProviderFactory.java:110)
	at org.apache.maven.surefire.booter.SurefireStarter.invokeProvider(SurefireStarter.java:175)
	at org.apache.maven.surefire.booter.SurefireStarter.runSuitesInProcessWhenForked(SurefireStarter.java:107)
	at org.apache.maven.surefire.booter.ForkedBooter.main(ForkedBooter.java:68)
</error>
    <system-out>findBooks
</system-out>
    <system-err>jul 20, 2013 5:27:35 PM org.glassfish.ejb.embedded.EJBContainerProviderImpl getValidFile
SEVERE: ejb.embedded.location_not_exists
jul 20, 2013 5:27:35 PM com.sun.enterprise.module.impl.HK2Factory initialize
WARNING: Singleton already initialized as com.sun.enterprise.module.impl.HK2Factory@587fd6bc
jul 20, 2013 5:27:39 PM com.sun.enterprise.v3.server.AppServerStartup run
INFO: GlassFish Server Open Source Edition 3.0.1 (java_re-private) startup time : Embedded(4668ms) startup services(20ms) total(4688ms)
jul 20, 2013 5:27:39 PM com.sun.enterprise.transaction.JavaEETransactionManagerSimplified initDelegates
INFO: Using com.sun.enterprise.transaction.jts.JavaEETransactionManagerJTSDelegate as the delegate
jul 20, 2013 5:27:39 PM org.glassfish.admin.mbeanserver.JMXStartupService$JMXConnectorsStarterThread run
INFO: JMXStartupService: JMXConnector system is disabled, skipping.
jul 20, 2013 5:27:40 PM AppServerStartup run
INFO: [Thread[GlassFish Kernel Main Thread,5,main]] started
jul 20, 2013 5:29:35 PM com.sun.enterprise.security.SecurityLifecycle &lt;init&gt;
SEVERE: java_security.init_securitylifecycle_fail
java.io.FileNotFoundException: C:\Users\Eugenio\.glassfishv3-GFEJBContainerProviderImpl\config\login.conf (Access is denied)
	at java.io.FileOutputStream.open(Native Method)
	at java.io.FileOutputStream.&lt;init&gt;(FileOutputStream.java:212)
	at java.io.FileOutputStream.&lt;init&gt;(FileOutputStream.java:165)
	at com.sun.enterprise.security.common.Util.writeConfigFileToTempDir(Util.java:154)
	at com.sun.enterprise.security.SecurityLifecycle.&lt;init&gt;(SecurityLifecycle.java:141)
	at sun.reflect.NativeConstructorAccessorImpl.newInstance0(Native Method)
	at sun.reflect.NativeConstructorAccessorImpl.newInstance(NativeConstructorAccessorImpl.java:57)
	at sun.reflect.DelegatingConstructorAccessorImpl.newInstance(DelegatingConstructorAccessorImpl.java:45)
	at java.lang.reflect.Constructor.newInstance(Constructor.java:525)
	at java.lang.Class.newInstance0(Class.java:372)
	at java.lang.Class.newInstance(Class.java:325)
	at com.sun.hk2.component.ConstructorWomb.create(ConstructorWomb.java:68)
	at com.sun.hk2.component.AbstractWombImpl.get(AbstractWombImpl.java:71)
	at com.sun.hk2.component.SingletonInhabitant.get(SingletonInhabitant.java:58)
	at com.sun.hk2.component.LazyInhabitant.get(LazyInhabitant.java:107)
	at com.sun.hk2.component.AbstractInhabitantImpl.get(AbstractInhabitantImpl.java:60)
	at com.sun.enterprise.security.SecuritySniffer.setup(SecuritySniffer.java:105)
	at com.sun.enterprise.v3.server.ContainerStarter.startContainer(ContainerStarter.java:99)
	at com.sun.enterprise.v3.server.ApplicationLifecycle.setupContainer(ApplicationLifecycle.java:703)
	at com.sun.enterprise.v3.server.ApplicationLifecycle.setupContainerInfos(ApplicationLifecycle.java:451)
	at org.glassfish.javaee.full.deployment.EarDeployer.prepareBundle(EarDeployer.java:264)
	at org.glassfish.javaee.full.deployment.EarDeployer.access$200(EarDeployer.java:79)
	at org.glassfish.javaee.full.deployment.EarDeployer$1.doBundle(EarDeployer.java:131)
	at org.glassfish.javaee.full.deployment.EarDeployer$1.doBundle(EarDeployer.java:129)
	at org.glassfish.javaee.full.deployment.EarDeployer.doOnBundles(EarDeployer.java:197)
	at org.glassfish.javaee.full.deployment.EarDeployer.doOnAllTypedBundles(EarDeployer.java:206)
	at org.glassfish.javaee.full.deployment.EarDeployer.doOnAllBundles(EarDeployer.java:232)
	at org.glassfish.javaee.full.deployment.EarDeployer.prepare(EarDeployer.java:129)
	at com.sun.enterprise.v3.server.ApplicationLifecycle.prepareModule(ApplicationLifecycle.java:644)
	at com.sun.enterprise.v3.server.ApplicationLifecycle.deploy(ApplicationLifecycle.java:296)
	at org.glassfish.kernel.embedded.EmbeddedDeployerImpl.deploy(EmbeddedDeployerImpl.java:214)
	at org.glassfish.kernel.embedded.EmbeddedDeployerImpl.deploy(EmbeddedDeployerImpl.java:144)
	at org.glassfish.ejb.embedded.EJBContainerImpl.deploy(EJBContainerImpl.java:128)
	at org.glassfish.ejb.embedded.EJBContainerProviderImpl.createEJBContainer(EJBContainerProviderImpl.java:120)
	at javax.ejb.embeddable.EJBContainer.createEJBContainer(EJBContainer.java:102)
	at javax.ejb.embeddable.EJBContainer.createEJBContainer(EJBContainer.java:78)
	at org.beginningee6.book.chapter07.ex01.ItemEJB01Test.testFindBooks(ItemEJB01Test.java:47)
	at sun.reflect.NativeMethodAccessorImpl.invoke0(Native Method)
	at sun.reflect.NativeMethodAccessorImpl.invoke(NativeMethodAccessorImpl.java:57)
	at sun.reflect.DelegatingMethodAccessorImpl.invoke(DelegatingMethodAccessorImpl.java:43)
	at java.lang.reflect.Method.invoke(Method.java:601)
	at org.junit.runners.model.FrameworkMethod$1.runReflectiveCall(FrameworkMethod.java:44)
	at org.junit.internal.runners.model.ReflectiveCallable.run(ReflectiveCallable.java:15)
	at org.junit.runners.model.FrameworkMethod.invokeExplosively(FrameworkMethod.java:41)
	at org.junit.internal.runners.statements.InvokeMethod.evaluate(InvokeMethod.java:20)
	at org.junit.internal.runners.statements.RunBefores.evaluate(RunBefores.java:28)
	at org.junit.internal.runners.statements.RunAfters.evaluate(RunAfters.java:31)
	at org.junit.runners.BlockJUnit4ClassRunner.runNotIgnored(BlockJUnit4ClassRunner.java:79)
	at org.junit.runners.BlockJUnit4ClassRunner.runChild(BlockJUnit4ClassRunner.java:71)
	at org.junit.runners.BlockJUnit4ClassRunner.runChild(BlockJUnit4ClassRunner.java:49)
	at org.junit.runners.ParentRunner$3.run(ParentRunner.java:193)
	at org.junit.runners.ParentRunner$1.schedule(ParentRunner.java:52)
	at org.junit.runners.ParentRunner.runChildren(ParentRunner.java:191)
	at org.junit.runners.ParentRunner.access$000(ParentRunner.java:42)
	at org.junit.runners.ParentRunner$2.evaluate(ParentRunner.java:184)
	at org.junit.internal.runners.statements.RunBefores.evaluate(RunBefores.java:28)
	at org.junit.internal.runners.statements.RunAfters.evaluate(RunAfters.java:31)
	at org.junit.runners.ParentRunner.run(ParentRunner.java:236)
	at org.apache.maven.surefire.junit4.JUnit4TestSet.execute(JUnit4TestSet.java:53)
	at org.apache.maven.surefire.junit4.JUnit4Provider.executeTestSet(JUnit4Provider.java:123)
	at org.apache.maven.surefire.junit4.JUnit4Provider.invoke(JUnit4Provider.java:104)
	at sun.reflect.NativeMethodAccessorImpl.invoke0(Native Method)
	at sun.reflect.NativeMethodAccessorImpl.invoke(NativeMethodAccessorImpl.java:57)
	at sun.reflect.DelegatingMethodAccessorImpl.invoke(DelegatingMethodAccessorImpl.java:43)
	at java.lang.reflect.Method.invoke(Method.java:601)
	at org.apache.maven.surefire.util.ReflectionUtils.invokeMethodWithArray(ReflectionUtils.java:164)
	at org.apache.maven.surefire.booter.ProviderFactory$ProviderProxy.invoke(ProviderFactory.java:110)
	at org.apache.maven.surefire.booter.SurefireStarter.invokeProvider(SurefireStarter.java:175)
	at org.apache.maven.surefire.booter.SurefireStarter.runSuitesInProcessWhenForked(SurefireStarter.java:107)
	at org.apache.maven.surefire.booter.ForkedBooter.main(ForkedBooter.java:68)

jul 20, 2013 5:29:35 PM org.glassfish.javaee.full.deployment.EarDeployer prepareBundle
WARNING: Error occurred
org.jvnet.hk2.component.ComponentException: Failed to create class com.sun.enterprise.security.SecurityLifecycle
	at com.sun.hk2.component.ConstructorWomb.create(ConstructorWomb.java:76)
	at com.sun.hk2.component.AbstractWombImpl.get(AbstractWombImpl.java:71)
	at com.sun.hk2.component.SingletonInhabitant.get(SingletonInhabitant.java:58)
	at com.sun.hk2.component.LazyInhabitant.get(LazyInhabitant.java:107)
	at com.sun.hk2.component.AbstractInhabitantImpl.get(AbstractInhabitantImpl.java:60)
	at com.sun.enterprise.security.SecuritySniffer.setup(SecuritySniffer.java:105)
	at com.sun.enterprise.v3.server.ContainerStarter.startContainer(ContainerStarter.java:99)
	at com.sun.enterprise.v3.server.ApplicationLifecycle.setupContainer(ApplicationLifecycle.java:703)
	at com.sun.enterprise.v3.server.ApplicationLifecycle.setupContainerInfos(ApplicationLifecycle.java:451)
	at org.glassfish.javaee.full.deployment.EarDeployer.prepareBundle(EarDeployer.java:264)
	at org.glassfish.javaee.full.deployment.EarDeployer.access$200(EarDeployer.java:79)
	at org.glassfish.javaee.full.deployment.EarDeployer$1.doBundle(EarDeployer.java:131)
	at org.glassfish.javaee.full.deployment.EarDeployer$1.doBundle(EarDeployer.java:129)
	at org.glassfish.javaee.full.deployment.EarDeployer.doOnBundles(EarDeployer.java:197)
	at org.glassfish.javaee.full.deployment.EarDeployer.doOnAllTypedBundles(EarDeployer.java:206)
	at org.glassfish.javaee.full.deployment.EarDeployer.doOnAllBundles(EarDeployer.java:232)
	at org.glassfish.javaee.full.deployment.EarDeployer.prepare(EarDeployer.java:129)
	at com.sun.enterprise.v3.server.ApplicationLifecycle.prepareModule(ApplicationLifecycle.java:644)
	at com.sun.enterprise.v3.server.ApplicationLifecycle.deploy(ApplicationLifecycle.java:296)
	at org.glassfish.kernel.embedded.EmbeddedDeployerImpl.deploy(EmbeddedDeployerImpl.java:214)
	at org.glassfish.kernel.embedded.EmbeddedDeployerImpl.deploy(EmbeddedDeployerImpl.java:144)
	at org.glassfish.ejb.embedded.EJBContainerImpl.deploy(EJBContainerImpl.java:128)
	at org.glassfish.ejb.embedded.EJBContainerProviderImpl.createEJBContainer(EJBContainerProviderImpl.java:120)
	at javax.ejb.embeddable.EJBContainer.createEJBContainer(EJBContainer.java:102)
	at javax.ejb.embeddable.EJBContainer.createEJBContainer(EJBContainer.java:78)
	at org.beginningee6.book.chapter07.ex01.ItemEJB01Test.testFindBooks(ItemEJB01Test.java:47)
	at sun.reflect.NativeMethodAccessorImpl.invoke0(Native Method)
	at sun.reflect.NativeMethodAccessorImpl.invoke(NativeMethodAccessorImpl.java:57)
	at sun.reflect.DelegatingMethodAccessorImpl.invoke(DelegatingMethodAccessorImpl.java:43)
	at java.lang.reflect.Method.invoke(Method.java:601)
	at org.junit.runners.model.FrameworkMethod$1.runReflectiveCall(FrameworkMethod.java:44)
	at org.junit.internal.runners.model.ReflectiveCallable.run(ReflectiveCallable.java:15)
	at org.junit.runners.model.FrameworkMethod.invokeExplosively(FrameworkMethod.java:41)
	at org.junit.internal.runners.statements.InvokeMethod.evaluate(InvokeMethod.java:20)
	at org.junit.internal.runners.statements.RunBefores.evaluate(RunBefores.java:28)
	at org.junit.internal.runners.statements.RunAfters.evaluate(RunAfters.java:31)
	at org.junit.runners.BlockJUnit4ClassRunner.runNotIgnored(BlockJUnit4ClassRunner.java:79)
	at org.junit.runners.BlockJUnit4ClassRunner.runChild(BlockJUnit4ClassRunner.java:71)
	at org.junit.runners.BlockJUnit4ClassRunner.runChild(BlockJUnit4ClassRunner.java:49)
	at org.junit.runners.ParentRunner$3.run(ParentRunner.java:193)
	at org.junit.runners.ParentRunner$1.schedule(ParentRunner.java:52)
	at org.junit.runners.ParentRunner.runChildren(ParentRunner.java:191)
	at org.junit.runners.ParentRunner.access$000(ParentRunner.java:42)
	at org.junit.runners.ParentRunner$2.evaluate(ParentRunner.java:184)
	at org.junit.internal.runners.statements.RunBefores.evaluate(RunBefores.java:28)
	at org.junit.internal.runners.statements.RunAfters.evaluate(RunAfters.java:31)
	at org.junit.runners.ParentRunner.run(ParentRunner.java:236)
	at org.apache.maven.surefire.junit4.JUnit4TestSet.execute(JUnit4TestSet.java:53)
	at org.apache.maven.surefire.junit4.JUnit4Provider.executeTestSet(JUnit4Provider.java:123)
	at org.apache.maven.surefire.junit4.JUnit4Provider.invoke(JUnit4Provider.java:104)
	at sun.reflect.NativeMethodAccessorImpl.invoke0(Native Method)
	at sun.reflect.NativeMethodAccessorImpl.invoke(NativeMethodAccessorImpl.java:57)
	at sun.reflect.DelegatingMethodAccessorImpl.invoke(DelegatingMethodAccessorImpl.java:43)
	at java.lang.reflect.Method.invoke(Method.java:601)
	at org.apache.maven.surefire.util.ReflectionUtils.invokeMethodWithArray(ReflectionUtils.java:164)
	at org.apache.maven.surefire.booter.ProviderFactory$ProviderProxy.invoke(ProviderFactory.java:110)
	at org.apache.maven.surefire.booter.SurefireStarter.invokeProvider(SurefireStarter.java:175)
	at org.apache.maven.surefire.booter.SurefireStarter.runSuitesInProcessWhenForked(SurefireStarter.java:107)
	at org.apache.maven.surefire.booter.ForkedBooter.main(ForkedBooter.java:68)
Caused by: java.lang.RuntimeException: java.io.FileNotFoundException: C:\Users\Eugenio\.glassfishv3-GFEJBContainerProviderImpl\config\login.conf (Access is denied)
	at com.sun.enterprise.security.SecurityLifecycle.&lt;init&gt;(SecurityLifecycle.java:170)
	at sun.reflect.NativeConstructorAccessorImpl.newInstance0(Native Method)
	at sun.reflect.NativeConstructorAccessorImpl.newInstance(NativeConstructorAccessorImpl.java:57)
	at sun.reflect.DelegatingConstructorAccessorImpl.newInstance(DelegatingConstructorAccessorImpl.java:45)
	at java.lang.reflect.Constructor.newInstance(Constructor.java:525)
	at java.lang.Class.newInstance0(Class.java:372)
	at java.lang.Class.newInstance(Class.java:325)
	at com.sun.hk2.component.ConstructorWomb.create(ConstructorWomb.java:68)
	... 58 more
Caused by: java.io.FileNotFoundException: C:\Users\Eugenio\.glassfishv3-GFEJBContainerProviderImpl\config\login.conf (Access is denied)
	at java.io.FileOutputStream.open(Native Method)
	at java.io.FileOutputStream.&lt;init&gt;(FileOutputStream.java:212)
	at java.io.FileOutputStream.&lt;init&gt;(FileOutputStream.java:165)
	at com.sun.enterprise.security.common.Util.writeConfigFileToTempDir(Util.java:154)
	at com.sun.enterprise.security.SecurityLifecycle.&lt;init&gt;(SecurityLifecycle.java:141)
	... 65 more

jul 20, 2013 5:29:35 PM org.glassfish.api.ActionReport failure
SEVERE: Exception while invoking class org.glassfish.javaee.full.deployment.EarDeployer prepare method
org.glassfish.deployment.common.DeploymentException: Failed to create class com.sun.enterprise.security.SecurityLifecycle
	at org.glassfish.javaee.full.deployment.EarDeployer.prepare(EarDeployer.java:148)
	at com.sun.enterprise.v3.server.ApplicationLifecycle.prepareModule(ApplicationLifecycle.java:644)
	at com.sun.enterprise.v3.server.ApplicationLifecycle.deploy(ApplicationLifecycle.java:296)
	at org.glassfish.kernel.embedded.EmbeddedDeployerImpl.deploy(EmbeddedDeployerImpl.java:214)
	at org.glassfish.kernel.embedded.EmbeddedDeployerImpl.deploy(EmbeddedDeployerImpl.java:144)
	at org.glassfish.ejb.embedded.EJBContainerImpl.deploy(EJBContainerImpl.java:128)
	at org.glassfish.ejb.embedded.EJBContainerProviderImpl.createEJBContainer(EJBContainerProviderImpl.java:120)
	at javax.ejb.embeddable.EJBContainer.createEJBContainer(EJBContainer.java:102)
	at javax.ejb.embeddable.EJBContainer.createEJBContainer(EJBContainer.java:78)
	at org.beginningee6.book.chapter07.ex01.ItemEJB01Test.testFindBooks(ItemEJB01Test.java:47)
	at sun.reflect.NativeMethodAccessorImpl.invoke0(Native Method)
	at sun.reflect.NativeMethodAccessorImpl.invoke(NativeMethodAccessorImpl.java:57)
	at sun.reflect.DelegatingMethodAccessorImpl.invoke(DelegatingMethodAccessorImpl.java:43)
	at java.lang.reflect.Method.invoke(Method.java:601)
	at org.junit.runners.model.FrameworkMethod$1.runReflectiveCall(FrameworkMethod.java:44)
	at org.junit.internal.runners.model.ReflectiveCallable.run(ReflectiveCallable.java:15)
	at org.junit.runners.model.FrameworkMethod.invokeExplosively(FrameworkMethod.java:41)
	at org.junit.internal.runners.statements.InvokeMethod.evaluate(InvokeMethod.java:20)
	at org.junit.internal.runners.statements.RunBefores.evaluate(RunBefores.java:28)
	at org.junit.internal.runners.statements.RunAfters.evaluate(RunAfters.java:31)
	at org.junit.runners.BlockJUnit4ClassRunner.runNotIgnored(BlockJUnit4ClassRunner.java:79)
	at org.junit.runners.BlockJUnit4ClassRunner.runChild(BlockJUnit4ClassRunner.java:71)
	at org.junit.runners.BlockJUnit4ClassRunner.runChild(BlockJUnit4ClassRunner.java:49)
	at org.junit.runners.ParentRunner$3.run(ParentRunner.java:193)
	at org.junit.runners.ParentRunner$1.schedule(ParentRunner.java:52)
	at org.junit.runners.ParentRunner.runChildren(ParentRunner.java:191)
	at org.junit.runners.ParentRunner.access$000(ParentRunner.java:42)
	at org.junit.runners.ParentRunner$2.evaluate(ParentRunner.java:184)
	at org.junit.internal.runners.statements.RunBefores.evaluate(RunBefores.java:28)
	at org.junit.internal.runners.statements.RunAfters.evaluate(RunAfters.java:31)
	at org.junit.runners.ParentRunner.run(ParentRunner.java:236)
	at org.apache.maven.surefire.junit4.JUnit4TestSet.execute(JUnit4TestSet.java:53)
	at org.apache.maven.surefire.junit4.JUnit4Provider.executeTestSet(JUnit4Provider.java:123)
	at org.apache.maven.surefire.junit4.JUnit4Provider.invoke(JUnit4Provider.java:104)
	at sun.reflect.NativeMethodAccessorImpl.invoke0(Native Method)
	at sun.reflect.NativeMethodAccessorImpl.invoke(NativeMethodAccessorImpl.java:57)
	at sun.reflect.DelegatingMethodAccessorImpl.invoke(DelegatingMethodAccessorImpl.java:43)
	at java.lang.reflect.Method.invoke(Method.java:601)
	at org.apache.maven.surefire.util.ReflectionUtils.invokeMethodWithArray(ReflectionUtils.java:164)
	at org.apache.maven.surefire.booter.ProviderFactory$ProviderProxy.invoke(ProviderFactory.java:110)
	at org.apache.maven.surefire.booter.SurefireStarter.invokeProvider(SurefireStarter.java:175)
	at org.apache.maven.surefire.booter.SurefireStarter.runSuitesInProcessWhenForked(SurefireStarter.java:107)
	at org.apache.maven.surefire.booter.ForkedBooter.main(ForkedBooter.java:68)
Caused by: org.jvnet.hk2.component.ComponentException: Failed to create class com.sun.enterprise.security.SecurityLifecycle
	at com.sun.hk2.component.ConstructorWomb.create(ConstructorWomb.java:76)
	at com.sun.hk2.component.AbstractWombImpl.get(AbstractWombImpl.java:71)
	at com.sun.hk2.component.SingletonInhabitant.get(SingletonInhabitant.java:58)
	at com.sun.hk2.component.LazyInhabitant.get(LazyInhabitant.java:107)
	at com.sun.hk2.component.AbstractInhabitantImpl.get(AbstractInhabitantImpl.java:60)
	at com.sun.enterprise.security.SecuritySniffer.setup(SecuritySniffer.java:105)
	at com.sun.enterprise.v3.server.ContainerStarter.startContainer(ContainerStarter.java:99)
	at com.sun.enterprise.v3.server.ApplicationLifecycle.setupContainer(ApplicationLifecycle.java:703)
	at com.sun.enterprise.v3.server.ApplicationLifecycle.setupContainerInfos(ApplicationLifecycle.java:451)
	at org.glassfish.javaee.full.deployment.EarDeployer.prepareBundle(EarDeployer.java:264)
	at org.glassfish.javaee.full.deployment.EarDeployer.access$200(EarDeployer.java:79)
	at org.glassfish.javaee.full.deployment.EarDeployer$1.doBundle(EarDeployer.java:131)
	at org.glassfish.javaee.full.deployment.EarDeployer$1.doBundle(EarDeployer.java:129)
	at org.glassfish.javaee.full.deployment.EarDeployer.doOnBundles(EarDeployer.java:197)
	at org.glassfish.javaee.full.deployment.EarDeployer.doOnAllTypedBundles(EarDeployer.java:206)
	at org.glassfish.javaee.full.deployment.EarDeployer.doOnAllBundles(EarDeployer.java:232)
	at org.glassfish.javaee.full.deployment.EarDeployer.prepare(EarDeployer.java:129)
	... 42 more
Caused by: java.lang.RuntimeException: java.io.FileNotFoundException: C:\Users\Eugenio\.glassfishv3-GFEJBContainerProviderImpl\config\login.conf (Access is denied)
	at com.sun.enterprise.security.SecurityLifecycle.&lt;init&gt;(SecurityLifecycle.java:170)
	at sun.reflect.NativeConstructorAccessorImpl.newInstance0(Native Method)
	at sun.reflect.NativeConstructorAccessorImpl.newInstance(NativeConstructorAccessorImpl.java:57)
	at sun.reflect.DelegatingConstructorAccessorImpl.newInstance(DelegatingConstructorAccessorImpl.java:45)
	at java.lang.reflect.Constructor.newInstance(Constructor.java:525)
	at java.lang.Class.newInstance0(Class.java:372)
	at java.lang.Class.newInstance(Class.java:325)
	at com.sun.hk2.component.ConstructorWomb.create(ConstructorWomb.java:68)
	... 58 more
Caused by: java.io.FileNotFoundException: C:\Users\Eugenio\.glassfishv3-GFEJBContainerProviderImpl\config\login.conf (Access is denied)
	at java.io.FileOutputStream.open(Native Method)
	at java.io.FileOutputStream.&lt;init&gt;(FileOutputStream.java:212)
	at java.io.FileOutputStream.&lt;init&gt;(FileOutputStream.java:165)
	at com.sun.enterprise.security.common.Util.writeConfigFileToTempDir(Util.java:154)
	at com.sun.enterprise.security.SecurityLifecycle.&lt;init&gt;(SecurityLifecycle.java:141)
	... 65 more

jul 20, 2013 5:29:35 PM org.glassfish.api.ActionReport failure
SEVERE: Exception while preparing the app
org.glassfish.deployment.common.DeploymentException: Failed to create class com.sun.enterprise.security.SecurityLifecycle
	at org.glassfish.javaee.full.deployment.EarDeployer.prepare(EarDeployer.java:148)
	at com.sun.enterprise.v3.server.ApplicationLifecycle.prepareModule(ApplicationLifecycle.java:644)
	at com.sun.enterprise.v3.server.ApplicationLifecycle.deploy(ApplicationLifecycle.java:296)
	at org.glassfish.kernel.embedded.EmbeddedDeployerImpl.deploy(EmbeddedDeployerImpl.java:214)
	at org.glassfish.kernel.embedded.EmbeddedDeployerImpl.deploy(EmbeddedDeployerImpl.java:144)
	at org.glassfish.ejb.embedded.EJBContainerImpl.deploy(EJBContainerImpl.java:128)
	at org.glassfish.ejb.embedded.EJBContainerProviderImpl.createEJBContainer(EJBContainerProviderImpl.java:120)
	at javax.ejb.embeddable.EJBContainer.createEJBContainer(EJBContainer.java:102)
	at javax.ejb.embeddable.EJBContainer.createEJBContainer(EJBContainer.java:78)
	at org.beginningee6.book.chapter07.ex01.ItemEJB01Test.testFindBooks(ItemEJB01Test.java:47)
	at sun.reflect.NativeMethodAccessorImpl.invoke0(Native Method)
	at sun.reflect.NativeMethodAccessorImpl.invoke(NativeMethodAccessorImpl.java:57)
	at sun.reflect.DelegatingMethodAccessorImpl.invoke(DelegatingMethodAccessorImpl.java:43)
	at java.lang.reflect.Method.invoke(Method.java:601)
	at org.junit.runners.model.FrameworkMethod$1.runReflectiveCall(FrameworkMethod.java:44)
	at org.junit.internal.runners.model.ReflectiveCallable.run(ReflectiveCallable.java:15)
	at org.junit.runners.model.FrameworkMethod.invokeExplosively(FrameworkMethod.java:41)
	at org.junit.internal.runners.statements.InvokeMethod.evaluate(InvokeMethod.java:20)
	at org.junit.internal.runners.statements.RunBefores.evaluate(RunBefores.java:28)
	at org.junit.internal.runners.statements.RunAfters.evaluate(RunAfters.java:31)
	at org.junit.runners.BlockJUnit4ClassRunner.runNotIgnored(BlockJUnit4ClassRunner.java:79)
	at org.junit.runners.BlockJUnit4ClassRunner.runChild(BlockJUnit4ClassRunner.java:71)
	at org.junit.runners.BlockJUnit4ClassRunner.runChild(BlockJUnit4ClassRunner.java:49)
	at org.junit.runners.ParentRunner$3.run(ParentRunner.java:193)
	at org.junit.runners.ParentRunner$1.schedule(ParentRunner.java:52)
	at org.junit.runners.ParentRunner.runChildren(ParentRunner.java:191)
	at org.junit.runners.ParentRunner.access$000(ParentRunner.java:42)
	at org.junit.runners.ParentRunner$2.evaluate(ParentRunner.java:184)
	at org.junit.internal.runners.statements.RunBefores.evaluate(RunBefores.java:28)
	at org.junit.internal.runners.statements.RunAfters.evaluate(RunAfters.java:31)
	at org.junit.runners.ParentRunner.run(ParentRunner.java:236)
	at org.apache.maven.surefire.junit4.JUnit4TestSet.execute(JUnit4TestSet.java:53)
	at org.apache.maven.surefire.junit4.JUnit4Provider.executeTestSet(JUnit4Provider.java:123)
	at org.apache.maven.surefire.junit4.JUnit4Provider.invoke(JUnit4Provider.java:104)
	at sun.reflect.NativeMethodAccessorImpl.invoke0(Native Method)
	at sun.reflect.NativeMethodAccessorImpl.invoke(NativeMethodAccessorImpl.java:57)
	at sun.reflect.DelegatingMethodAccessorImpl.invoke(DelegatingMethodAccessorImpl.java:43)
	at java.lang.reflect.Method.invoke(Method.java:601)
	at org.apache.maven.surefire.util.ReflectionUtils.invokeMethodWithArray(ReflectionUtils.java:164)
	at org.apache.maven.surefire.booter.ProviderFactory$ProviderProxy.invoke(ProviderFactory.java:110)
	at org.apache.maven.surefire.booter.SurefireStarter.invokeProvider(SurefireStarter.java:175)
	at org.apache.maven.surefire.booter.SurefireStarter.runSuitesInProcessWhenForked(SurefireStarter.java:107)
	at org.apache.maven.surefire.booter.ForkedBooter.main(ForkedBooter.java:68)
Caused by: org.jvnet.hk2.component.ComponentException: Failed to create class com.sun.enterprise.security.SecurityLifecycle
	at com.sun.hk2.component.ConstructorWomb.create(ConstructorWomb.java:76)
	at com.sun.hk2.component.AbstractWombImpl.get(AbstractWombImpl.java:71)
	at com.sun.hk2.component.SingletonInhabitant.get(SingletonInhabitant.java:58)
	at com.sun.hk2.component.LazyInhabitant.get(LazyInhabitant.java:107)
	at com.sun.hk2.component.AbstractInhabitantImpl.get(AbstractInhabitantImpl.java:60)
	at com.sun.enterprise.security.SecuritySniffer.setup(SecuritySniffer.java:105)
	at com.sun.enterprise.v3.server.ContainerStarter.startContainer(ContainerStarter.java:99)
	at com.sun.enterprise.v3.server.ApplicationLifecycle.setupContainer(ApplicationLifecycle.java:703)
	at com.sun.enterprise.v3.server.ApplicationLifecycle.setupContainerInfos(ApplicationLifecycle.java:451)
	at org.glassfish.javaee.full.deployment.EarDeployer.prepareBundle(EarDeployer.java:264)
	at org.glassfish.javaee.full.deployment.EarDeployer.access$200(EarDeployer.java:79)
	at org.glassfish.javaee.full.deployment.EarDeployer$1.doBundle(EarDeployer.java:131)
	at org.glassfish.javaee.full.deployment.EarDeployer$1.doBundle(EarDeployer.java:129)
	at org.glassfish.javaee.full.deployment.EarDeployer.doOnBundles(EarDeployer.java:197)
	at org.glassfish.javaee.full.deployment.EarDeployer.doOnAllTypedBundles(EarDeployer.java:206)
	at org.glassfish.javaee.full.deployment.EarDeployer.doOnAllBundles(EarDeployer.java:232)
	at org.glassfish.javaee.full.deployment.EarDeployer.prepare(EarDeployer.java:129)
	... 42 more
Caused by: java.lang.RuntimeException: java.io.FileNotFoundException: C:\Users\Eugenio\.glassfishv3-GFEJBContainerProviderImpl\config\login.conf (Access is denied)
	at com.sun.enterprise.security.SecurityLifecycle.&lt;init&gt;(SecurityLifecycle.java:170)
	at sun.reflect.NativeConstructorAccessorImpl.newInstance0(Native Method)
	at sun.reflect.NativeConstructorAccessorImpl.newInstance(NativeConstructorAccessorImpl.java:57)
	at sun.reflect.DelegatingConstructorAccessorImpl.newInstance(DelegatingConstructorAccessorImpl.java:45)
	at java.lang.reflect.Constructor.newInstance(Constructor.java:525)
	at java.lang.Class.newInstance0(Class.java:372)
	at java.lang.Class.newInstance(Class.java:325)
	at com.sun.hk2.component.ConstructorWomb.create(ConstructorWomb.java:68)
	... 58 more
Caused by: java.io.FileNotFoundException: C:\Users\Eugenio\.glassfishv3-GFEJBContainerProviderImpl\config\login.conf (Access is denied)
	at java.io.FileOutputStream.open(Native Method)
	at java.io.FileOutputStream.&lt;init&gt;(FileOutputStream.java:212)
	at java.io.FileOutputStream.&lt;init&gt;(FileOutputStream.java:165)
	at com.sun.enterprise.security.common.Util.writeConfigFileToTempDir(Util.java:154)
	at com.sun.enterprise.security.SecurityLifecycle.&lt;init&gt;(SecurityLifecycle.java:141)
	... 65 more

jul 20, 2013 5:29:35 PM org.glassfish.ejb.embedded.EJBContainerProviderImpl createEJBContainer
INFO: [EJBContainerProviderImpl] Cleaning up on failure ...
jul 20, 2013 5:29:35 PM org.glassfish.admin.mbeanserver.JMXStartupService shutdown
INFO: JMXStartupService and JMXConnectors have been shut down.
jul 20, 2013 5:29:35 PM com.sun.enterprise.v3.server.AppServerStartup stop
INFO: Shutdown procedure finished
jul 20, 2013 5:29:35 PM AppServerStartup run
INFO: [Thread[GlassFish Kernel Main Thread,5,main]] exiting
jul 20, 2013 5:29:35 PM org.glassfish.ejb.embedded.EJBContainerProviderImpl createEJBContainer
SEVERE: ejb.embedded.exception_instantiating
javax.ejb.EJBException: Failed to deploy EJB modules - see log for details
	at org.glassfish.ejb.embedded.EJBContainerImpl.deploy(EJBContainerImpl.java:135)
	at org.glassfish.ejb.embedded.EJBContainerProviderImpl.createEJBContainer(EJBContainerProviderImpl.java:120)
	at javax.ejb.embeddable.EJBContainer.createEJBContainer(EJBContainer.java:102)
	at javax.ejb.embeddable.EJBContainer.createEJBContainer(EJBContainer.java:78)
	at org.beginningee6.book.chapter07.ex01.ItemEJB01Test.testFindBooks(ItemEJB01Test.java:47)
	at sun.reflect.NativeMethodAccessorImpl.invoke0(Native Method)
	at sun.reflect.NativeMethodAccessorImpl.invoke(NativeMethodAccessorImpl.java:57)
	at sun.reflect.DelegatingMethodAccessorImpl.invoke(DelegatingMethodAccessorImpl.java:43)
	at java.lang.reflect.Method.invoke(Method.java:601)
	at org.junit.runners.model.FrameworkMethod$1.runReflectiveCall(FrameworkMethod.java:44)
	at org.junit.internal.runners.model.ReflectiveCallable.run(ReflectiveCallable.java:15)
	at org.junit.runners.model.FrameworkMethod.invokeExplosively(FrameworkMethod.java:41)
	at org.junit.internal.runners.statements.InvokeMethod.evaluate(InvokeMethod.java:20)
	at org.junit.internal.runners.statements.RunBefores.evaluate(RunBefores.java:28)
	at org.junit.internal.runners.statements.RunAfters.evaluate(RunAfters.java:31)
	at org.junit.runners.BlockJUnit4ClassRunner.runNotIgnored(BlockJUnit4ClassRunner.java:79)
	at org.junit.runners.BlockJUnit4ClassRunner.runChild(BlockJUnit4ClassRunner.java:71)
	at org.junit.runners.BlockJUnit4ClassRunner.runChild(BlockJUnit4ClassRunner.java:49)
	at org.junit.runners.ParentRunner$3.run(ParentRunner.java:193)
	at org.junit.runners.ParentRunner$1.schedule(ParentRunner.java:52)
	at org.junit.runners.ParentRunner.runChildren(ParentRunner.java:191)
	at org.junit.runners.ParentRunner.access$000(ParentRunner.java:42)
	at org.junit.runners.ParentRunner$2.evaluate(ParentRunner.java:184)
	at org.junit.internal.runners.statements.RunBefores.evaluate(RunBefores.java:28)
	at org.junit.internal.runners.statements.RunAfters.evaluate(RunAfters.java:31)
	at org.junit.runners.ParentRunner.run(ParentRunner.java:236)
	at org.apache.maven.surefire.junit4.JUnit4TestSet.execute(JUnit4TestSet.java:53)
	at org.apache.maven.surefire.junit4.JUnit4Provider.executeTestSet(JUnit4Provider.java:123)
	at org.apache.maven.surefire.junit4.JUnit4Provider.invoke(JUnit4Provider.java:104)
	at sun.reflect.NativeMethodAccessorImpl.invoke0(Native Method)
	at sun.reflect.NativeMethodAccessorImpl.invoke(NativeMethodAccessorImpl.java:57)
	at sun.reflect.DelegatingMethodAccessorImpl.invoke(DelegatingMethodAccessorImpl.java:43)
	at java.lang.reflect.Method.invoke(Method.java:601)
	at org.apache.maven.surefire.util.ReflectionUtils.invokeMethodWithArray(ReflectionUtils.java:164)
	at org.apache.maven.surefire.booter.ProviderFactory$ProviderProxy.invoke(ProviderFactory.java:110)
	at org.apache.maven.surefire.booter.SurefireStarter.invokeProvider(SurefireStarter.java:175)
	at org.apache.maven.surefire.booter.SurefireStarter.runSuitesInProcessWhenForked(SurefireStarter.java:107)
	at org.apache.maven.surefire.booter.ForkedBooter.main(ForkedBooter.java:68)

</system-err>
  </testcase>
  <testcase time="162.334" classname="org.beginningee6.book.chapter07.ex01.ItemEJB01Test" name="testUpdateBook">
    <error message="No EJBContainer provider available
The following providers:
org.glassfish.ejb.embedded.EJBContainerProviderImpl
Returned null from createEJBContainer call.
" type="javax.ejb.EJBException">javax.ejb.EJBException: No EJBContainer provider available
The following providers:
org.glassfish.ejb.embedded.EJBContainerProviderImpl
Returned null from createEJBContainer call.

	at javax.ejb.embeddable.EJBContainer.reportError(EJBContainer.java:186)
	at javax.ejb.embeddable.EJBContainer.createEJBContainer(EJBContainer.java:121)
	at javax.ejb.embeddable.EJBContainer.createEJBContainer(EJBContainer.java:78)
	at org.beginningee6.book.chapter07.ex01.ItemEJB01Test.testUpdateBook(ItemEJB01Test.java:178)
	at sun.reflect.NativeMethodAccessorImpl.invoke0(Native Method)
	at sun.reflect.NativeMethodAccessorImpl.invoke(NativeMethodAccessorImpl.java:57)
	at sun.reflect.DelegatingMethodAccessorImpl.invoke(DelegatingMethodAccessorImpl.java:43)
	at java.lang.reflect.Method.invoke(Method.java:601)
	at org.junit.runners.model.FrameworkMethod$1.runReflectiveCall(FrameworkMethod.java:44)
	at org.junit.internal.runners.model.ReflectiveCallable.run(ReflectiveCallable.java:15)
	at org.junit.runners.model.FrameworkMethod.invokeExplosively(FrameworkMethod.java:41)
	at org.junit.internal.runners.statements.InvokeMethod.evaluate(InvokeMethod.java:20)
	at org.junit.internal.runners.statements.RunBefores.evaluate(RunBefores.java:28)
	at org.junit.internal.runners.statements.RunAfters.evaluate(RunAfters.java:31)
	at org.junit.runners.BlockJUnit4ClassRunner.runNotIgnored(BlockJUnit4ClassRunner.java:79)
	at org.junit.runners.BlockJUnit4ClassRunner.runChild(BlockJUnit4ClassRunner.java:71)
	at org.junit.runners.BlockJUnit4ClassRunner.runChild(BlockJUnit4ClassRunner.java:49)
	at org.junit.runners.ParentRunner$3.run(ParentRunner.java:193)
	at org.junit.runners.ParentRunner$1.schedule(ParentRunner.java:52)
	at org.junit.runners.ParentRunner.runChildren(ParentRunner.java:191)
	at org.junit.runners.ParentRunner.access$000(ParentRunner.java:42)
	at org.junit.runners.ParentRunner$2.evaluate(ParentRunner.java:184)
	at org.junit.internal.runners.statements.RunBefores.evaluate(RunBefores.java:28)
	at org.junit.internal.runners.statements.RunAfters.evaluate(RunAfters.java:31)
	at org.junit.runners.ParentRunner.run(ParentRunner.java:236)
	at org.apache.maven.surefire.junit4.JUnit4TestSet.execute(JUnit4TestSet.java:53)
	at org.apache.maven.surefire.junit4.JUnit4Provider.executeTestSet(JUnit4Provider.java:123)
	at org.apache.maven.surefire.junit4.JUnit4Provider.invoke(JUnit4Provider.java:104)
	at sun.reflect.NativeMethodAccessorImpl.invoke0(Native Method)
	at sun.reflect.NativeMethodAccessorImpl.invoke(NativeMethodAccessorImpl.java:57)
	at sun.reflect.DelegatingMethodAccessorImpl.invoke(DelegatingMethodAccessorImpl.java:43)
	at java.lang.reflect.Method.invoke(Method.java:601)
	at org.apache.maven.surefire.util.ReflectionUtils.invokeMethodWithArray(ReflectionUtils.java:164)
	at org.apache.maven.surefire.booter.ProviderFactory$ProviderProxy.invoke(ProviderFactory.java:110)
	at org.apache.maven.surefire.booter.SurefireStarter.invokeProvider(SurefireStarter.java:175)
	at org.apache.maven.surefire.booter.SurefireStarter.runSuitesInProcessWhenForked(SurefireStarter.java:107)
	at org.apache.maven.surefire.booter.ForkedBooter.main(ForkedBooter.java:68)
</error>
    <system-out>updateBook
</system-out>
    <system-err>jul 20, 2013 5:29:35 PM org.glassfish.ejb.embedded.EJBContainerProviderImpl getValidFile
SEVERE: ejb.embedded.location_not_exists
jul 20, 2013 5:29:35 PM com.sun.enterprise.module.impl.HK2Factory initialize
WARNING: Singleton already initialized as com.sun.enterprise.module.impl.HK2Factory@14740e2f
jul 20, 2013 5:29:40 PM com.sun.enterprise.v3.server.AppServerStartup run
INFO: GlassFish Server Open Source Edition 3.0.1 (java_re-private) startup time : Embedded(4702ms) startup services(18ms) total(4720ms)
jul 20, 2013 5:29:40 PM com.sun.enterprise.transaction.JavaEETransactionManagerSimplified initDelegates
INFO: Using com.sun.enterprise.transaction.jts.JavaEETransactionManagerJTSDelegate as the delegate
jul 20, 2013 5:29:40 PM org.glassfish.admin.mbeanserver.JMXStartupService$JMXConnectorsStarterThread run
INFO: JMXStartupService: JMXConnector system is disabled, skipping.
jul 20, 2013 5:29:40 PM AppServerStartup run
INFO: [Thread[GlassFish Kernel Main Thread,5,main]] started
jul 20, 2013 5:32:18 PM com.sun.enterprise.deployment.io.DeploymentDescriptorFile read
SEVERE: enterprise.deployment.backend.saxParserError
jul 20, 2013 5:32:18 PM org.glassfish.api.ActionReport failure
SEVERE: Exception while deploying the app
java.io.IOException: Unable to locate the DTD to validate your deployment descriptor file [META-INF/sun-ejb-jar.xml] in archive [glassfish-embedded-all-3_0_1-b20_jar]. Please make sure the DOCTYPE is correct (no typo in public ID or system ID) and you have proper access to the Internet.
	at com.sun.enterprise.deployment.io.DeploymentDescriptorFile.read(DeploymentDescriptorFile.java:335)
	at com.sun.enterprise.deployment.archivist.Archivist.readRuntimeDeploymentDescriptor(Archivist.java:662)
	at com.sun.enterprise.deployment.archivist.ApplicationArchivist.readRuntimeDeploymentDescriptor(ApplicationArchivist.java:703)
	at com.sun.enterprise.deployment.archivist.ApplicationArchivist.openWith(ApplicationArchivist.java:249)
	at com.sun.enterprise.deployment.archivist.ApplicationFactory.openWith(ApplicationFactory.java:222)
	at org.glassfish.javaee.core.deployment.DolProvider.load(DolProvider.java:152)
	at org.glassfish.javaee.core.deployment.DolProvider.load(DolProvider.java:79)
	at com.sun.enterprise.v3.server.ApplicationLifecycle.loadDeployer(ApplicationLifecycle.java:612)
	at com.sun.enterprise.v3.server.ApplicationLifecycle.setupContainerInfos(ApplicationLifecycle.java:554)
	at com.sun.enterprise.v3.server.ApplicationLifecycle.deploy(ApplicationLifecycle.java:262)
	at org.glassfish.kernel.embedded.EmbeddedDeployerImpl.deploy(EmbeddedDeployerImpl.java:214)
	at org.glassfish.kernel.embedded.EmbeddedDeployerImpl.deploy(EmbeddedDeployerImpl.java:144)
	at org.glassfish.ejb.embedded.EJBContainerImpl.deploy(EJBContainerImpl.java:128)
	at org.glassfish.ejb.embedded.EJBContainerProviderImpl.createEJBContainer(EJBContainerProviderImpl.java:120)
	at javax.ejb.embeddable.EJBContainer.createEJBContainer(EJBContainer.java:102)
	at javax.ejb.embeddable.EJBContainer.createEJBContainer(EJBContainer.java:78)
	at org.beginningee6.book.chapter07.ex01.ItemEJB01Test.testUpdateBook(ItemEJB01Test.java:178)
	at sun.reflect.NativeMethodAccessorImpl.invoke0(Native Method)
	at sun.reflect.NativeMethodAccessorImpl.invoke(NativeMethodAccessorImpl.java:57)
	at sun.reflect.DelegatingMethodAccessorImpl.invoke(DelegatingMethodAccessorImpl.java:43)
	at java.lang.reflect.Method.invoke(Method.java:601)
	at org.junit.runners.model.FrameworkMethod$1.runReflectiveCall(FrameworkMethod.java:44)
	at org.junit.internal.runners.model.ReflectiveCallable.run(ReflectiveCallable.java:15)
	at org.junit.runners.model.FrameworkMethod.invokeExplosively(FrameworkMethod.java:41)
	at org.junit.internal.runners.statements.InvokeMethod.evaluate(InvokeMethod.java:20)
	at org.junit.internal.runners.statements.RunBefores.evaluate(RunBefores.java:28)
	at org.junit.internal.runners.statements.RunAfters.evaluate(RunAfters.java:31)
	at org.junit.runners.BlockJUnit4ClassRunner.runNotIgnored(BlockJUnit4ClassRunner.java:79)
	at org.junit.runners.BlockJUnit4ClassRunner.runChild(BlockJUnit4ClassRunner.java:71)
	at org.junit.runners.BlockJUnit4ClassRunner.runChild(BlockJUnit4ClassRunner.java:49)
	at org.junit.runners.ParentRunner$3.run(ParentRunner.java:193)
	at org.junit.runners.ParentRunner$1.schedule(ParentRunner.java:52)
	at org.junit.runners.ParentRunner.runChildren(ParentRunner.java:191)
	at org.junit.runners.ParentRunner.access$000(ParentRunner.java:42)
	at org.junit.runners.ParentRunner$2.evaluate(ParentRunner.java:184)
	at org.junit.internal.runners.statements.RunBefores.evaluate(RunBefores.java:28)
	at org.junit.internal.runners.statements.RunAfters.evaluate(RunAfters.java:31)
	at org.junit.runners.ParentRunner.run(ParentRunner.java:236)
	at org.apache.maven.surefire.junit4.JUnit4TestSet.execute(JUnit4TestSet.java:53)
	at org.apache.maven.surefire.junit4.JUnit4Provider.executeTestSet(JUnit4Provider.java:123)
	at org.apache.maven.surefire.junit4.JUnit4Provider.invoke(JUnit4Provider.java:104)
	at sun.reflect.NativeMethodAccessorImpl.invoke0(Native Method)
	at sun.reflect.NativeMethodAccessorImpl.invoke(NativeMethodAccessorImpl.java:57)
	at sun.reflect.DelegatingMethodAccessorImpl.invoke(DelegatingMethodAccessorImpl.java:43)
	at java.lang.reflect.Method.invoke(Method.java:601)
	at org.apache.maven.surefire.util.ReflectionUtils.invokeMethodWithArray(ReflectionUtils.java:164)
	at org.apache.maven.surefire.booter.ProviderFactory$ProviderProxy.invoke(ProviderFactory.java:110)
	at org.apache.maven.surefire.booter.SurefireStarter.invokeProvider(SurefireStarter.java:175)
	at org.apache.maven.surefire.booter.SurefireStarter.runSuitesInProcessWhenForked(SurefireStarter.java:107)
	at org.apache.maven.surefire.booter.ForkedBooter.main(ForkedBooter.java:68)
Caused by: java.net.UnknownHostException: www.sun.com
	at java.net.AbstractPlainSocketImpl.connect(AbstractPlainSocketImpl.java:178)
	at java.net.PlainSocketImpl.connect(PlainSocketImpl.java:157)
	at java.net.SocksSocketImpl.connect(SocksSocketImpl.java:391)
	at java.net.Socket.connect(Socket.java:579)
	at java.net.Socket.connect(Socket.java:528)
	at sun.net.NetworkClient.doConnect(NetworkClient.java:180)
	at sun.net.www.http.HttpClient.openServer(HttpClient.java:378)
	at sun.net.www.http.HttpClient.openServer(HttpClient.java:473)
	at sun.net.www.http.HttpClient.&lt;init&gt;(HttpClient.java:203)
	at sun.net.www.http.HttpClient.New(HttpClient.java:290)
	at sun.net.www.http.HttpClient.New(HttpClient.java:306)
	at sun.net.www.protocol.http.HttpURLConnection.getNewHttpClient(HttpURLConnection.java:995)
	at sun.net.www.protocol.http.HttpURLConnection.plainConnect(HttpURLConnection.java:931)
	at sun.net.www.protocol.http.HttpURLConnection.connect(HttpURLConnection.java:849)
	at sun.net.www.protocol.http.HttpURLConnection.getInputStream(HttpURLConnection.java:1299)
	at com.sun.org.apache.xerces.internal.impl.XMLEntityManager.setupCurrentEntity(XMLEntityManager.java:632)
	at com.sun.org.apache.xerces.internal.impl.XMLEntityManager.startEntity(XMLEntityManager.java:1270)
	at com.sun.org.apache.xerces.internal.impl.XMLEntityManager.startDTDEntity(XMLEntityManager.java:1237)
	at com.sun.org.apache.xerces.internal.impl.XMLDTDScannerImpl.setInputSource(XMLDTDScannerImpl.java:260)
	at com.sun.org.apache.xerces.internal.impl.XMLDocumentScannerImpl$DTDDriver.dispatch(XMLDocumentScannerImpl.java:1153)
	at com.sun.org.apache.xerces.internal.impl.XMLDocumentScannerImpl$DTDDriver.next(XMLDocumentScannerImpl.java:1049)
	at com.sun.org.apache.xerces.internal.impl.XMLDocumentScannerImpl$PrologDriver.next(XMLDocumentScannerImpl.java:962)
	at com.sun.org.apache.xerces.internal.impl.XMLDocumentScannerImpl.next(XMLDocumentScannerImpl.java:607)
	at com.sun.org.apache.xerces.internal.impl.XMLNSDocumentScannerImpl.next(XMLNSDocumentScannerImpl.java:116)
	at com.sun.org.apache.xerces.internal.impl.XMLDocumentFragmentScannerImpl.scanDocument(XMLDocumentFragmentScannerImpl.java:489)
	at com.sun.org.apache.xerces.internal.parsers.XML11Configuration.parse(XML11Configuration.java:835)
	at com.sun.org.apache.xerces.internal.parsers.XML11Configuration.parse(XML11Configuration.java:764)
	at com.sun.org.apache.xerces.internal.parsers.XMLParser.parse(XMLParser.java:123)
	at com.sun.org.apache.xerces.internal.parsers.AbstractSAXParser.parse(AbstractSAXParser.java:1210)
	at com.sun.org.apache.xerces.internal.jaxp.SAXParserImpl$JAXPSAXParser.parse(SAXParserImpl.java:568)
	at com.sun.org.apache.xerces.internal.jaxp.SAXParserImpl.parse(SAXParserImpl.java:302)
	at com.sun.enterprise.deployment.io.DeploymentDescriptorFile.read(DeploymentDescriptorFile.java:298)
	... 49 more

jul 20, 2013 5:32:18 PM org.glassfish.ejb.embedded.EJBContainerProviderImpl createEJBContainer
INFO: [EJBContainerProviderImpl] Cleaning up on failure ...
jul 20, 2013 5:32:18 PM org.glassfish.admin.mbeanserver.JMXStartupService shutdown
INFO: JMXStartupService and JMXConnectors have been shut down.
jul 20, 2013 5:32:18 PM com.sun.enterprise.v3.server.AppServerStartup stop
INFO: Shutdown procedure finished
jul 20, 2013 5:32:18 PM AppServerStartup run
INFO: [Thread[GlassFish Kernel Main Thread,5,main]] exiting
jul 20, 2013 5:32:18 PM org.glassfish.ejb.embedded.EJBContainerProviderImpl createEJBContainer
SEVERE: ejb.embedded.exception_instantiating
javax.ejb.EJBException: Failed to deploy EJB modules - see log for details
	at org.glassfish.ejb.embedded.EJBContainerImpl.deploy(EJBContainerImpl.java:135)
	at org.glassfish.ejb.embedded.EJBContainerProviderImpl.createEJBContainer(EJBContainerProviderImpl.java:120)
	at javax.ejb.embeddable.EJBContainer.createEJBContainer(EJBContainer.java:102)
	at javax.ejb.embeddable.EJBContainer.createEJBContainer(EJBContainer.java:78)
	at org.beginningee6.book.chapter07.ex01.ItemEJB01Test.testUpdateBook(ItemEJB01Test.java:178)
	at sun.reflect.NativeMethodAccessorImpl.invoke0(Native Method)
	at sun.reflect.NativeMethodAccessorImpl.invoke(NativeMethodAccessorImpl.java:57)
	at sun.reflect.DelegatingMethodAccessorImpl.invoke(DelegatingMethodAccessorImpl.java:43)
	at java.lang.reflect.Method.invoke(Method.java:601)
	at org.junit.runners.model.FrameworkMethod$1.runReflectiveCall(FrameworkMethod.java:44)
	at org.junit.internal.runners.model.ReflectiveCallable.run(ReflectiveCallable.java:15)
	at org.junit.runners.model.FrameworkMethod.invokeExplosively(FrameworkMethod.java:41)
	at org.junit.internal.runners.statements.InvokeMethod.evaluate(InvokeMethod.java:20)
	at org.junit.internal.runners.statements.RunBefores.evaluate(RunBefores.java:28)
	at org.junit.internal.runners.statements.RunAfters.evaluate(RunAfters.java:31)
	at org.junit.runners.BlockJUnit4ClassRunner.runNotIgnored(BlockJUnit4ClassRunner.java:79)
	at org.junit.runners.BlockJUnit4ClassRunner.runChild(BlockJUnit4ClassRunner.java:71)
	at org.junit.runners.BlockJUnit4ClassRunner.runChild(BlockJUnit4ClassRunner.java:49)
	at org.junit.runners.ParentRunner$3.run(ParentRunner.java:193)
	at org.junit.runners.ParentRunner$1.schedule(ParentRunner.java:52)
	at org.junit.runners.ParentRunner.runChildren(ParentRunner.java:191)
	at org.junit.runners.ParentRunner.access$000(ParentRunner.java:42)
	at org.junit.runners.ParentRunner$2.evaluate(ParentRunner.java:184)
	at org.junit.internal.runners.statements.RunBefores.evaluate(RunBefores.java:28)
	at org.junit.internal.runners.statements.RunAfters.evaluate(RunAfters.java:31)
	at org.junit.runners.ParentRunner.run(ParentRunner.java:236)
	at org.apache.maven.surefire.junit4.JUnit4TestSet.execute(JUnit4TestSet.java:53)
	at org.apache.maven.surefire.junit4.JUnit4Provider.executeTestSet(JUnit4Provider.java:123)
	at org.apache.maven.surefire.junit4.JUnit4Provider.invoke(JUnit4Provider.java:104)
	at sun.reflect.NativeMethodAccessorImpl.invoke0(Native Method)
	at sun.reflect.NativeMethodAccessorImpl.invoke(NativeMethodAccessorImpl.java:57)
	at sun.reflect.DelegatingMethodAccessorImpl.invoke(DelegatingMethodAccessorImpl.java:43)
	at java.lang.reflect.Method.invoke(Method.java:601)
	at org.apache.maven.surefire.util.ReflectionUtils.invokeMethodWithArray(ReflectionUtils.java:164)
	at org.apache.maven.surefire.booter.ProviderFactory$ProviderProxy.invoke(ProviderFactory.java:110)
	at org.apache.maven.surefire.booter.SurefireStarter.invokeProvider(SurefireStarter.java:175)
	at org.apache.maven.surefire.booter.SurefireStarter.runSuitesInProcessWhenForked(SurefireStarter.java:107)
	at org.apache.maven.surefire.booter.ForkedBooter.main(ForkedBooter.java:68)

</system-err>
  </testcase>
  <testcase time="110.292" classname="org.beginningee6.book.chapter07.ex01.ItemEJB01Test" name="testCreateBook">
    <error message="No EJBContainer provider available
The following providers:
org.glassfish.ejb.embedded.EJBContainerProviderImpl
Returned null from createEJBContainer call.
" type="javax.ejb.EJBException">javax.ejb.EJBException: No EJBContainer provider available
The following providers:
org.glassfish.ejb.embedded.EJBContainerProviderImpl
Returned null from createEJBContainer call.

	at javax.ejb.embeddable.EJBContainer.reportError(EJBContainer.java:186)
	at javax.ejb.embeddable.EJBContainer.createEJBContainer(EJBContainer.java:121)
	at javax.ejb.embeddable.EJBContainer.createEJBContainer(EJBContainer.java:78)
	at org.beginningee6.book.chapter07.ex01.ItemEJB01Test.testCreateBook(ItemEJB01Test.java:114)
	at sun.reflect.NativeMethodAccessorImpl.invoke0(Native Method)
	at sun.reflect.NativeMethodAccessorImpl.invoke(NativeMethodAccessorImpl.java:57)
	at sun.reflect.DelegatingMethodAccessorImpl.invoke(DelegatingMethodAccessorImpl.java:43)
	at java.lang.reflect.Method.invoke(Method.java:601)
	at org.junit.runners.model.FrameworkMethod$1.runReflectiveCall(FrameworkMethod.java:44)
	at org.junit.internal.runners.model.ReflectiveCallable.run(ReflectiveCallable.java:15)
	at org.junit.runners.model.FrameworkMethod.invokeExplosively(FrameworkMethod.java:41)
	at org.junit.internal.runners.statements.InvokeMethod.evaluate(InvokeMethod.java:20)
	at org.junit.internal.runners.statements.RunBefores.evaluate(RunBefores.java:28)
	at org.junit.internal.runners.statements.RunAfters.evaluate(RunAfters.java:31)
	at org.junit.runners.BlockJUnit4ClassRunner.runNotIgnored(BlockJUnit4ClassRunner.java:79)
	at org.junit.runners.BlockJUnit4ClassRunner.runChild(BlockJUnit4ClassRunner.java:71)
	at org.junit.runners.BlockJUnit4ClassRunner.runChild(BlockJUnit4ClassRunner.java:49)
	at org.junit.runners.ParentRunner$3.run(ParentRunner.java:193)
	at org.junit.runners.ParentRunner$1.schedule(ParentRunner.java:52)
	at org.junit.runners.ParentRunner.runChildren(ParentRunner.java:191)
	at org.junit.runners.ParentRunner.access$000(ParentRunner.java:42)
	at org.junit.runners.ParentRunner$2.evaluate(ParentRunner.java:184)
	at org.junit.internal.runners.statements.RunBefores.evaluate(RunBefores.java:28)
	at org.junit.internal.runners.statements.RunAfters.evaluate(RunAfters.java:31)
	at org.junit.runners.ParentRunner.run(ParentRunner.java:236)
	at org.apache.maven.surefire.junit4.JUnit4TestSet.execute(JUnit4TestSet.java:53)
	at org.apache.maven.surefire.junit4.JUnit4Provider.executeTestSet(JUnit4Provider.java:123)
	at org.apache.maven.surefire.junit4.JUnit4Provider.invoke(JUnit4Provider.java:104)
	at sun.reflect.NativeMethodAccessorImpl.invoke0(Native Method)
	at sun.reflect.NativeMethodAccessorImpl.invoke(NativeMethodAccessorImpl.java:57)
	at sun.reflect.DelegatingMethodAccessorImpl.invoke(DelegatingMethodAccessorImpl.java:43)
	at java.lang.reflect.Method.invoke(Method.java:601)
	at org.apache.maven.surefire.util.ReflectionUtils.invokeMethodWithArray(ReflectionUtils.java:164)
	at org.apache.maven.surefire.booter.ProviderFactory$ProviderProxy.invoke(ProviderFactory.java:110)
	at org.apache.maven.surefire.booter.SurefireStarter.invokeProvider(SurefireStarter.java:175)
	at org.apache.maven.surefire.booter.SurefireStarter.runSuitesInProcessWhenForked(SurefireStarter.java:107)
	at org.apache.maven.surefire.booter.ForkedBooter.main(ForkedBooter.java:68)
</error>
    <system-out>createBook
</system-out>
    <system-err>jul 20, 2013 5:32:18 PM org.glassfish.ejb.embedded.EJBContainerProviderImpl getValidFile
SEVERE: ejb.embedded.location_not_exists
jul 20, 2013 5:32:18 PM com.sun.enterprise.module.impl.HK2Factory initialize
WARNING: Singleton already initialized as com.sun.enterprise.module.impl.HK2Factory@38a539a0
jul 20, 2013 5:32:18 PM com.sun.enterprise.v3.server.AppServerStartup run
INFO: GlassFish Server Open Source Edition 3.0.1 (java_re-private) startup time : Embedded(37ms) startup services(20ms) total(57ms)
jul 20, 2013 5:32:18 PM com.sun.enterprise.transaction.JavaEETransactionManagerSimplified initDelegates
INFO: Using com.sun.enterprise.transaction.jts.JavaEETransactionManagerJTSDelegate as the delegate
jul 20, 2013 5:32:18 PM org.glassfish.admin.mbeanserver.JMXStartupService$JMXConnectorsStarterThread run
INFO: JMXStartupService: JMXConnector system is disabled, skipping.
jul 20, 2013 5:32:18 PM AppServerStartup run
INFO: [Thread[GlassFish Kernel Main Thread,5,main]] started
jul 20, 2013 5:34:08 PM com.sun.enterprise.deployment.io.DeploymentDescriptorFile read
SEVERE: enterprise.deployment.backend.saxParserError
jul 20, 2013 5:34:08 PM org.glassfish.api.ActionReport failure
SEVERE: Exception while deploying the app
java.io.IOException: Unable to locate the DTD to validate your deployment descriptor file [META-INF/sun-ejb-jar.xml] in archive [glassfish-embedded-all-3_0_1-b20_jar]. Please make sure the DOCTYPE is correct (no typo in public ID or system ID) and you have proper access to the Internet.
	at com.sun.enterprise.deployment.io.DeploymentDescriptorFile.read(DeploymentDescriptorFile.java:335)
	at com.sun.enterprise.deployment.archivist.Archivist.readRuntimeDeploymentDescriptor(Archivist.java:662)
	at com.sun.enterprise.deployment.archivist.ApplicationArchivist.readRuntimeDeploymentDescriptor(ApplicationArchivist.java:703)
	at com.sun.enterprise.deployment.archivist.ApplicationArchivist.openWith(ApplicationArchivist.java:249)
	at com.sun.enterprise.deployment.archivist.ApplicationFactory.openWith(ApplicationFactory.java:222)
	at org.glassfish.javaee.core.deployment.DolProvider.load(DolProvider.java:152)
	at org.glassfish.javaee.core.deployment.DolProvider.load(DolProvider.java:79)
	at com.sun.enterprise.v3.server.ApplicationLifecycle.loadDeployer(ApplicationLifecycle.java:612)
	at com.sun.enterprise.v3.server.ApplicationLifecycle.setupContainerInfos(ApplicationLifecycle.java:554)
	at com.sun.enterprise.v3.server.ApplicationLifecycle.deploy(ApplicationLifecycle.java:262)
	at org.glassfish.kernel.embedded.EmbeddedDeployerImpl.deploy(EmbeddedDeployerImpl.java:214)
	at org.glassfish.kernel.embedded.EmbeddedDeployerImpl.deploy(EmbeddedDeployerImpl.java:144)
	at org.glassfish.ejb.embedded.EJBContainerImpl.deploy(EJBContainerImpl.java:128)
	at org.glassfish.ejb.embedded.EJBContainerProviderImpl.createEJBContainer(EJBContainerProviderImpl.java:120)
	at javax.ejb.embeddable.EJBContainer.createEJBContainer(EJBContainer.java:102)
	at javax.ejb.embeddable.EJBContainer.createEJBContainer(EJBContainer.java:78)
	at org.beginningee6.book.chapter07.ex01.ItemEJB01Test.testCreateBook(ItemEJB01Test.java:114)
	at sun.reflect.NativeMethodAccessorImpl.invoke0(Native Method)
	at sun.reflect.NativeMethodAccessorImpl.invoke(NativeMethodAccessorImpl.java:57)
	at sun.reflect.DelegatingMethodAccessorImpl.invoke(DelegatingMethodAccessorImpl.java:43)
	at java.lang.reflect.Method.invoke(Method.java:601)
	at org.junit.runners.model.FrameworkMethod$1.runReflectiveCall(FrameworkMethod.java:44)
	at org.junit.internal.runners.model.ReflectiveCallable.run(ReflectiveCallable.java:15)
	at org.junit.runners.model.FrameworkMethod.invokeExplosively(FrameworkMethod.java:41)
	at org.junit.internal.runners.statements.InvokeMethod.evaluate(InvokeMethod.java:20)
	at org.junit.internal.runners.statements.RunBefores.evaluate(RunBefores.java:28)
	at org.junit.internal.runners.statements.RunAfters.evaluate(RunAfters.java:31)
	at org.junit.runners.BlockJUnit4ClassRunner.runNotIgnored(BlockJUnit4ClassRunner.java:79)
	at org.junit.runners.BlockJUnit4ClassRunner.runChild(BlockJUnit4ClassRunner.java:71)
	at org.junit.runners.BlockJUnit4ClassRunner.runChild(BlockJUnit4ClassRunner.java:49)
	at org.junit.runners.ParentRunner$3.run(ParentRunner.java:193)
	at org.junit.runners.ParentRunner$1.schedule(ParentRunner.java:52)
	at org.junit.runners.ParentRunner.runChildren(ParentRunner.java:191)
	at org.junit.runners.ParentRunner.access$000(ParentRunner.java:42)
	at org.junit.runners.ParentRunner$2.evaluate(ParentRunner.java:184)
	at org.junit.internal.runners.statements.RunBefores.evaluate(RunBefores.java:28)
	at org.junit.internal.runners.statements.RunAfters.evaluate(RunAfters.java:31)
	at org.junit.runners.ParentRunner.run(ParentRunner.java:236)
	at org.apache.maven.surefire.junit4.JUnit4TestSet.execute(JUnit4TestSet.java:53)
	at org.apache.maven.surefire.junit4.JUnit4Provider.executeTestSet(JUnit4Provider.java:123)
	at org.apache.maven.surefire.junit4.JUnit4Provider.invoke(JUnit4Provider.java:104)
	at sun.reflect.NativeMethodAccessorImpl.invoke0(Native Method)
	at sun.reflect.NativeMethodAccessorImpl.invoke(NativeMethodAccessorImpl.java:57)
	at sun.reflect.DelegatingMethodAccessorImpl.invoke(DelegatingMethodAccessorImpl.java:43)
	at java.lang.reflect.Method.invoke(Method.java:601)
	at org.apache.maven.surefire.util.ReflectionUtils.invokeMethodWithArray(ReflectionUtils.java:164)
	at org.apache.maven.surefire.booter.ProviderFactory$ProviderProxy.invoke(ProviderFactory.java:110)
	at org.apache.maven.surefire.booter.SurefireStarter.invokeProvider(SurefireStarter.java:175)
	at org.apache.maven.surefire.booter.SurefireStarter.runSuitesInProcessWhenForked(SurefireStarter.java:107)
	at org.apache.maven.surefire.booter.ForkedBooter.main(ForkedBooter.java:68)
Caused by: java.net.UnknownHostException: www.sun.com
	at java.net.AbstractPlainSocketImpl.connect(AbstractPlainSocketImpl.java:178)
	at java.net.PlainSocketImpl.connect(PlainSocketImpl.java:157)
	at java.net.SocksSocketImpl.connect(SocksSocketImpl.java:391)
	at java.net.Socket.connect(Socket.java:579)
	at java.net.Socket.connect(Socket.java:528)
	at sun.net.NetworkClient.doConnect(NetworkClient.java:180)
	at sun.net.www.http.HttpClient.openServer(HttpClient.java:378)
	at sun.net.www.http.HttpClient.openServer(HttpClient.java:473)
	at sun.net.www.http.HttpClient.&lt;init&gt;(HttpClient.java:203)
	at sun.net.www.http.HttpClient.New(HttpClient.java:290)
	at sun.net.www.http.HttpClient.New(HttpClient.java:306)
	at sun.net.www.protocol.http.HttpURLConnection.getNewHttpClient(HttpURLConnection.java:995)
	at sun.net.www.protocol.http.HttpURLConnection.plainConnect(HttpURLConnection.java:931)
	at sun.net.www.protocol.http.HttpURLConnection.connect(HttpURLConnection.java:849)
	at sun.net.www.protocol.http.HttpURLConnection.getInputStream(HttpURLConnection.java:1299)
	at com.sun.org.apache.xerces.internal.impl.XMLEntityManager.setupCurrentEntity(XMLEntityManager.java:632)
	at com.sun.org.apache.xerces.internal.impl.XMLEntityManager.startEntity(XMLEntityManager.java:1270)
	at com.sun.org.apache.xerces.internal.impl.XMLEntityManager.startDTDEntity(XMLEntityManager.java:1237)
	at com.sun.org.apache.xerces.internal.impl.XMLDTDScannerImpl.setInputSource(XMLDTDScannerImpl.java:260)
	at com.sun.org.apache.xerces.internal.impl.XMLDocumentScannerImpl$DTDDriver.dispatch(XMLDocumentScannerImpl.java:1153)
	at com.sun.org.apache.xerces.internal.impl.XMLDocumentScannerImpl$DTDDriver.next(XMLDocumentScannerImpl.java:1049)
	at com.sun.org.apache.xerces.internal.impl.XMLDocumentScannerImpl$PrologDriver.next(XMLDocumentScannerImpl.java:962)
	at com.sun.org.apache.xerces.internal.impl.XMLDocumentScannerImpl.next(XMLDocumentScannerImpl.java:607)
	at com.sun.org.apache.xerces.internal.impl.XMLNSDocumentScannerImpl.next(XMLNSDocumentScannerImpl.java:116)
	at com.sun.org.apache.xerces.internal.impl.XMLDocumentFragmentScannerImpl.scanDocument(XMLDocumentFragmentScannerImpl.java:489)
	at com.sun.org.apache.xerces.internal.parsers.XML11Configuration.parse(XML11Configuration.java:835)
	at com.sun.org.apache.xerces.internal.parsers.XML11Configuration.parse(XML11Configuration.java:764)
	at com.sun.org.apache.xerces.internal.parsers.XMLParser.parse(XMLParser.java:123)
	at com.sun.org.apache.xerces.internal.parsers.AbstractSAXParser.parse(AbstractSAXParser.java:1210)
	at com.sun.org.apache.xerces.internal.jaxp.SAXParserImpl$JAXPSAXParser.parse(SAXParserImpl.java:568)
	at com.sun.org.apache.xerces.internal.jaxp.SAXParserImpl.parse(SAXParserImpl.java:302)
	at com.sun.enterprise.deployment.io.DeploymentDescriptorFile.read(DeploymentDescriptorFile.java:298)
	... 49 more

jul 20, 2013 5:34:08 PM org.glassfish.ejb.embedded.EJBContainerProviderImpl createEJBContainer
INFO: [EJBContainerProviderImpl] Cleaning up on failure ...
jul 20, 2013 5:34:08 PM org.glassfish.admin.mbeanserver.JMXStartupService shutdown
INFO: JMXStartupService and JMXConnectors have been shut down.
jul 20, 2013 5:34:08 PM com.sun.enterprise.v3.server.AppServerStartup stop
INFO: Shutdown procedure finished
jul 20, 2013 5:34:08 PM AppServerStartup run
INFO: [Thread[GlassFish Kernel Main Thread,5,main]] exiting
jul 20, 2013 5:34:08 PM org.glassfish.ejb.embedded.EJBContainerProviderImpl createEJBContainer
SEVERE: ejb.embedded.exception_instantiating
javax.ejb.EJBException: Failed to deploy EJB modules - see log for details
	at org.glassfish.ejb.embedded.EJBContainerImpl.deploy(EJBContainerImpl.java:135)
	at org.glassfish.ejb.embedded.EJBContainerProviderImpl.createEJBContainer(EJBContainerProviderImpl.java:120)
	at javax.ejb.embeddable.EJBContainer.createEJBContainer(EJBContainer.java:102)
	at javax.ejb.embeddable.EJBContainer.createEJBContainer(EJBContainer.java:78)
	at org.beginningee6.book.chapter07.ex01.ItemEJB01Test.testCreateBook(ItemEJB01Test.java:114)
	at sun.reflect.NativeMethodAccessorImpl.invoke0(Native Method)
	at sun.reflect.NativeMethodAccessorImpl.invoke(NativeMethodAccessorImpl.java:57)
	at sun.reflect.DelegatingMethodAccessorImpl.invoke(DelegatingMethodAccessorImpl.java:43)
	at java.lang.reflect.Method.invoke(Method.java:601)
	at org.junit.runners.model.FrameworkMethod$1.runReflectiveCall(FrameworkMethod.java:44)
	at org.junit.internal.runners.model.ReflectiveCallable.run(ReflectiveCallable.java:15)
	at org.junit.runners.model.FrameworkMethod.invokeExplosively(FrameworkMethod.java:41)
	at org.junit.internal.runners.statements.InvokeMethod.evaluate(InvokeMethod.java:20)
	at org.junit.internal.runners.statements.RunBefores.evaluate(RunBefores.java:28)
	at org.junit.internal.runners.statements.RunAfters.evaluate(RunAfters.java:31)
	at org.junit.runners.BlockJUnit4ClassRunner.runNotIgnored(BlockJUnit4ClassRunner.java:79)
	at org.junit.runners.BlockJUnit4ClassRunner.runChild(BlockJUnit4ClassRunner.java:71)
	at org.junit.runners.BlockJUnit4ClassRunner.runChild(BlockJUnit4ClassRunner.java:49)
	at org.junit.runners.ParentRunner$3.run(ParentRunner.java:193)
	at org.junit.runners.ParentRunner$1.schedule(ParentRunner.java:52)
	at org.junit.runners.ParentRunner.runChildren(ParentRunner.java:191)
	at org.junit.runners.ParentRunner.access$000(ParentRunner.java:42)
	at org.junit.runners.ParentRunner$2.evaluate(ParentRunner.java:184)
	at org.junit.internal.runners.statements.RunBefores.evaluate(RunBefores.java:28)
	at org.junit.internal.runners.statements.RunAfters.evaluate(RunAfters.java:31)
	at org.junit.runners.ParentRunner.run(ParentRunner.java:236)
	at org.apache.maven.surefire.junit4.JUnit4TestSet.execute(JUnit4TestSet.java:53)
	at org.apache.maven.surefire.junit4.JUnit4Provider.executeTestSet(JUnit4Provider.java:123)
	at org.apache.maven.surefire.junit4.JUnit4Provider.invoke(JUnit4Provider.java:104)
	at sun.reflect.NativeMethodAccessorImpl.invoke0(Native Method)
	at sun.reflect.NativeMethodAccessorImpl.invoke(NativeMethodAccessorImpl.java:57)
	at sun.reflect.DelegatingMethodAccessorImpl.invoke(DelegatingMethodAccessorImpl.java:43)
	at java.lang.reflect.Method.invoke(Method.java:601)
	at org.apache.maven.surefire.util.ReflectionUtils.invokeMethodWithArray(ReflectionUtils.java:164)
	at org.apache.maven.surefire.booter.ProviderFactory$ProviderProxy.invoke(ProviderFactory.java:110)
	at org.apache.maven.surefire.booter.SurefireStarter.invokeProvider(SurefireStarter.java:175)
	at org.apache.maven.surefire.booter.SurefireStarter.runSuitesInProcessWhenForked(SurefireStarter.java:107)
	at org.apache.maven.surefire.booter.ForkedBooter.main(ForkedBooter.java:68)

</system-err>
  </testcase>
  <testcase time="101.085" classname="org.beginningee6.book.chapter07.ex01.ItemEJB01Test" name="testDeleteBook">
    <error message="No EJBContainer provider available
The following providers:
org.glassfish.ejb.embedded.EJBContainerProviderImpl
Returned null from createEJBContainer call.
" type="javax.ejb.EJBException">javax.ejb.EJBException: No EJBContainer provider available
The following providers:
org.glassfish.ejb.embedded.EJBContainerProviderImpl
Returned null from createEJBContainer call.

	at javax.ejb.embeddable.EJBContainer.reportError(EJBContainer.java:186)
	at javax.ejb.embeddable.EJBContainer.createEJBContainer(EJBContainer.java:121)
	at javax.ejb.embeddable.EJBContainer.createEJBContainer(EJBContainer.java:78)
	at org.beginningee6.book.chapter07.ex01.ItemEJB01Test.testDeleteBook(ItemEJB01Test.java:148)
	at sun.reflect.NativeMethodAccessorImpl.invoke0(Native Method)
	at sun.reflect.NativeMethodAccessorImpl.invoke(NativeMethodAccessorImpl.java:57)
	at sun.reflect.DelegatingMethodAccessorImpl.invoke(DelegatingMethodAccessorImpl.java:43)
	at java.lang.reflect.Method.invoke(Method.java:601)
	at org.junit.runners.model.FrameworkMethod$1.runReflectiveCall(FrameworkMethod.java:44)
	at org.junit.internal.runners.model.ReflectiveCallable.run(ReflectiveCallable.java:15)
	at org.junit.runners.model.FrameworkMethod.invokeExplosively(FrameworkMethod.java:41)
	at org.junit.internal.runners.statements.InvokeMethod.evaluate(InvokeMethod.java:20)
	at org.junit.internal.runners.statements.RunBefores.evaluate(RunBefores.java:28)
	at org.junit.internal.runners.statements.RunAfters.evaluate(RunAfters.java:31)
	at org.junit.runners.BlockJUnit4ClassRunner.runNotIgnored(BlockJUnit4ClassRunner.java:79)
	at org.junit.runners.BlockJUnit4ClassRunner.runChild(BlockJUnit4ClassRunner.java:71)
	at org.junit.runners.BlockJUnit4ClassRunner.runChild(BlockJUnit4ClassRunner.java:49)
	at org.junit.runners.ParentRunner$3.run(ParentRunner.java:193)
	at org.junit.runners.ParentRunner$1.schedule(ParentRunner.java:52)
	at org.junit.runners.ParentRunner.runChildren(ParentRunner.java:191)
	at org.junit.runners.ParentRunner.access$000(ParentRunner.java:42)
	at org.junit.runners.ParentRunner$2.evaluate(ParentRunner.java:184)
	at org.junit.internal.runners.statements.RunBefores.evaluate(RunBefores.java:28)
	at org.junit.internal.runners.statements.RunAfters.evaluate(RunAfters.java:31)
	at org.junit.runners.ParentRunner.run(ParentRunner.java:236)
	at org.apache.maven.surefire.junit4.JUnit4TestSet.execute(JUnit4TestSet.java:53)
	at org.apache.maven.surefire.junit4.JUnit4Provider.executeTestSet(JUnit4Provider.java:123)
	at org.apache.maven.surefire.junit4.JUnit4Provider.invoke(JUnit4Provider.java:104)
	at sun.reflect.NativeMethodAccessorImpl.invoke0(Native Method)
	at sun.reflect.NativeMethodAccessorImpl.invoke(NativeMethodAccessorImpl.java:57)
	at sun.reflect.DelegatingMethodAccessorImpl.invoke(DelegatingMethodAccessorImpl.java:43)
	at java.lang.reflect.Method.invoke(Method.java:601)
	at org.apache.maven.surefire.util.ReflectionUtils.invokeMethodWithArray(ReflectionUtils.java:164)
	at org.apache.maven.surefire.booter.ProviderFactory$ProviderProxy.invoke(ProviderFactory.java:110)
	at org.apache.maven.surefire.booter.SurefireStarter.invokeProvider(SurefireStarter.java:175)
	at org.apache.maven.surefire.booter.SurefireStarter.runSuitesInProcessWhenForked(SurefireStarter.java:107)
	at org.apache.maven.surefire.booter.ForkedBooter.main(ForkedBooter.java:68)
</error>
    <system-out>deleteBook
</system-out>
    <system-err>jul 20, 2013 5:34:08 PM org.glassfish.ejb.embedded.EJBContainerProviderImpl getValidFile
SEVERE: ejb.embedded.location_not_exists
jul 20, 2013 5:34:08 PM com.sun.enterprise.module.impl.HK2Factory initialize
WARNING: Singleton already initialized as com.sun.enterprise.module.impl.HK2Factory@13be28e0
jul 20, 2013 5:34:08 PM com.sun.enterprise.v3.server.AppServerStartup run
INFO: GlassFish Server Open Source Edition 3.0.1 (java_re-private) startup time : Embedded(37ms) startup services(23ms) total(60ms)
jul 20, 2013 5:34:08 PM com.sun.enterprise.transaction.JavaEETransactionManagerSimplified initDelegates
INFO: Using com.sun.enterprise.transaction.jts.JavaEETransactionManagerJTSDelegate as the delegate
jul 20, 2013 5:34:08 PM org.glassfish.admin.mbeanserver.JMXStartupService$JMXConnectorsStarterThread run
INFO: JMXStartupService: JMXConnector system is disabled, skipping.
jul 20, 2013 5:34:08 PM AppServerStartup run
INFO: [Thread[GlassFish Kernel Main Thread,5,main]] started
jul 20, 2013 5:35:49 PM com.sun.enterprise.deployment.io.DeploymentDescriptorFile read
SEVERE: enterprise.deployment.backend.saxParserError
jul 20, 2013 5:35:49 PM org.glassfish.api.ActionReport failure
SEVERE: Exception while deploying the app
java.io.IOException: Unable to locate the DTD to validate your deployment descriptor file [META-INF/sun-ejb-jar.xml] in archive [glassfish-embedded-all-3_0_1-b20_jar]. Please make sure the DOCTYPE is correct (no typo in public ID or system ID) and you have proper access to the Internet.
	at com.sun.enterprise.deployment.io.DeploymentDescriptorFile.read(DeploymentDescriptorFile.java:335)
	at com.sun.enterprise.deployment.archivist.Archivist.readRuntimeDeploymentDescriptor(Archivist.java:662)
	at com.sun.enterprise.deployment.archivist.ApplicationArchivist.readRuntimeDeploymentDescriptor(ApplicationArchivist.java:703)
	at com.sun.enterprise.deployment.archivist.ApplicationArchivist.openWith(ApplicationArchivist.java:249)
	at com.sun.enterprise.deployment.archivist.ApplicationFactory.openWith(ApplicationFactory.java:222)
	at org.glassfish.javaee.core.deployment.DolProvider.load(DolProvider.java:152)
	at org.glassfish.javaee.core.deployment.DolProvider.load(DolProvider.java:79)
	at com.sun.enterprise.v3.server.ApplicationLifecycle.loadDeployer(ApplicationLifecycle.java:612)
	at com.sun.enterprise.v3.server.ApplicationLifecycle.setupContainerInfos(ApplicationLifecycle.java:554)
	at com.sun.enterprise.v3.server.ApplicationLifecycle.deploy(ApplicationLifecycle.java:262)
	at org.glassfish.kernel.embedded.EmbeddedDeployerImpl.deploy(EmbeddedDeployerImpl.java:214)
	at org.glassfish.kernel.embedded.EmbeddedDeployerImpl.deploy(EmbeddedDeployerImpl.java:144)
	at org.glassfish.ejb.embedded.EJBContainerImpl.deploy(EJBContainerImpl.java:128)
	at org.glassfish.ejb.embedded.EJBContainerProviderImpl.createEJBContainer(EJBContainerProviderImpl.java:120)
	at javax.ejb.embeddable.EJBContainer.createEJBContainer(EJBContainer.java:102)
	at javax.ejb.embeddable.EJBContainer.createEJBContainer(EJBContainer.java:78)
	at org.beginningee6.book.chapter07.ex01.ItemEJB01Test.testDeleteBook(ItemEJB01Test.java:148)
	at sun.reflect.NativeMethodAccessorImpl.invoke0(Native Method)
	at sun.reflect.NativeMethodAccessorImpl.invoke(NativeMethodAccessorImpl.java:57)
	at sun.reflect.DelegatingMethodAccessorImpl.invoke(DelegatingMethodAccessorImpl.java:43)
	at java.lang.reflect.Method.invoke(Method.java:601)
	at org.junit.runners.model.FrameworkMethod$1.runReflectiveCall(FrameworkMethod.java:44)
	at org.junit.internal.runners.model.ReflectiveCallable.run(ReflectiveCallable.java:15)
	at org.junit.runners.model.FrameworkMethod.invokeExplosively(FrameworkMethod.java:41)
	at org.junit.internal.runners.statements.InvokeMethod.evaluate(InvokeMethod.java:20)
	at org.junit.internal.runners.statements.RunBefores.evaluate(RunBefores.java:28)
	at org.junit.internal.runners.statements.RunAfters.evaluate(RunAfters.java:31)
	at org.junit.runners.BlockJUnit4ClassRunner.runNotIgnored(BlockJUnit4ClassRunner.java:79)
	at org.junit.runners.BlockJUnit4ClassRunner.runChild(BlockJUnit4ClassRunner.java:71)
	at org.junit.runners.BlockJUnit4ClassRunner.runChild(BlockJUnit4ClassRunner.java:49)
	at org.junit.runners.ParentRunner$3.run(ParentRunner.java:193)
	at org.junit.runners.ParentRunner$1.schedule(ParentRunner.java:52)
	at org.junit.runners.ParentRunner.runChildren(ParentRunner.java:191)
	at org.junit.runners.ParentRunner.access$000(ParentRunner.java:42)
	at org.junit.runners.ParentRunner$2.evaluate(ParentRunner.java:184)
	at org.junit.internal.runners.statements.RunBefores.evaluate(RunBefores.java:28)
	at org.junit.internal.runners.statements.RunAfters.evaluate(RunAfters.java:31)
	at org.junit.runners.ParentRunner.run(ParentRunner.java:236)
	at org.apache.maven.surefire.junit4.JUnit4TestSet.execute(JUnit4TestSet.java:53)
	at org.apache.maven.surefire.junit4.JUnit4Provider.executeTestSet(JUnit4Provider.java:123)
	at org.apache.maven.surefire.junit4.JUnit4Provider.invoke(JUnit4Provider.java:104)
	at sun.reflect.NativeMethodAccessorImpl.invoke0(Native Method)
	at sun.reflect.NativeMethodAccessorImpl.invoke(NativeMethodAccessorImpl.java:57)
	at sun.reflect.DelegatingMethodAccessorImpl.invoke(DelegatingMethodAccessorImpl.java:43)
	at java.lang.reflect.Method.invoke(Method.java:601)
	at org.apache.maven.surefire.util.ReflectionUtils.invokeMethodWithArray(ReflectionUtils.java:164)
	at org.apache.maven.surefire.booter.ProviderFactory$ProviderProxy.invoke(ProviderFactory.java:110)
	at org.apache.maven.surefire.booter.SurefireStarter.invokeProvider(SurefireStarter.java:175)
	at org.apache.maven.surefire.booter.SurefireStarter.runSuitesInProcessWhenForked(SurefireStarter.java:107)
	at org.apache.maven.surefire.booter.ForkedBooter.main(ForkedBooter.java:68)
Caused by: java.net.UnknownHostException: www.sun.com
	at java.net.AbstractPlainSocketImpl.connect(AbstractPlainSocketImpl.java:178)
	at java.net.PlainSocketImpl.connect(PlainSocketImpl.java:157)
	at java.net.SocksSocketImpl.connect(SocksSocketImpl.java:391)
	at java.net.Socket.connect(Socket.java:579)
	at java.net.Socket.connect(Socket.java:528)
	at sun.net.NetworkClient.doConnect(NetworkClient.java:180)
	at sun.net.www.http.HttpClient.openServer(HttpClient.java:378)
	at sun.net.www.http.HttpClient.openServer(HttpClient.java:473)
	at sun.net.www.http.HttpClient.&lt;init&gt;(HttpClient.java:203)
	at sun.net.www.http.HttpClient.New(HttpClient.java:290)
	at sun.net.www.http.HttpClient.New(HttpClient.java:306)
	at sun.net.www.protocol.http.HttpURLConnection.getNewHttpClient(HttpURLConnection.java:995)
	at sun.net.www.protocol.http.HttpURLConnection.plainConnect(HttpURLConnection.java:931)
	at sun.net.www.protocol.http.HttpURLConnection.connect(HttpURLConnection.java:849)
	at sun.net.www.protocol.http.HttpURLConnection.getInputStream(HttpURLConnection.java:1299)
	at com.sun.org.apache.xerces.internal.impl.XMLEntityManager.setupCurrentEntity(XMLEntityManager.java:632)
	at com.sun.org.apache.xerces.internal.impl.XMLEntityManager.startEntity(XMLEntityManager.java:1270)
	at com.sun.org.apache.xerces.internal.impl.XMLEntityManager.startDTDEntity(XMLEntityManager.java:1237)
	at com.sun.org.apache.xerces.internal.impl.XMLDTDScannerImpl.setInputSource(XMLDTDScannerImpl.java:260)
	at com.sun.org.apache.xerces.internal.impl.XMLDocumentScannerImpl$DTDDriver.dispatch(XMLDocumentScannerImpl.java:1153)
	at com.sun.org.apache.xerces.internal.impl.XMLDocumentScannerImpl$DTDDriver.next(XMLDocumentScannerImpl.java:1049)
	at com.sun.org.apache.xerces.internal.impl.XMLDocumentScannerImpl$PrologDriver.next(XMLDocumentScannerImpl.java:962)
	at com.sun.org.apache.xerces.internal.impl.XMLDocumentScannerImpl.next(XMLDocumentScannerImpl.java:607)
	at com.sun.org.apache.xerces.internal.impl.XMLNSDocumentScannerImpl.next(XMLNSDocumentScannerImpl.java:116)
	at com.sun.org.apache.xerces.internal.impl.XMLDocumentFragmentScannerImpl.scanDocument(XMLDocumentFragmentScannerImpl.java:489)
	at com.sun.org.apache.xerces.internal.parsers.XML11Configuration.parse(XML11Configuration.java:835)
	at com.sun.org.apache.xerces.internal.parsers.XML11Configuration.parse(XML11Configuration.java:764)
	at com.sun.org.apache.xerces.internal.parsers.XMLParser.parse(XMLParser.java:123)
	at com.sun.org.apache.xerces.internal.parsers.AbstractSAXParser.parse(AbstractSAXParser.java:1210)
	at com.sun.org.apache.xerces.internal.jaxp.SAXParserImpl$JAXPSAXParser.parse(SAXParserImpl.java:568)
	at com.sun.org.apache.xerces.internal.jaxp.SAXParserImpl.parse(SAXParserImpl.java:302)
	at com.sun.enterprise.deployment.io.DeploymentDescriptorFile.read(DeploymentDescriptorFile.java:298)
	... 49 more

jul 20, 2013 5:35:49 PM org.glassfish.ejb.embedded.EJBContainerProviderImpl createEJBContainer
INFO: [EJBContainerProviderImpl] Cleaning up on failure ...
jul 20, 2013 5:35:49 PM org.glassfish.admin.mbeanserver.JMXStartupService shutdown
INFO: JMXStartupService and JMXConnectors have been shut down.
jul 20, 2013 5:35:49 PM com.sun.enterprise.v3.server.AppServerStartup stop
INFO: Shutdown procedure finished
jul 20, 2013 5:35:49 PM AppServerStartup run
INFO: [Thread[GlassFish Kernel Main Thread,5,main]] exiting
jul 20, 2013 5:35:49 PM org.glassfish.ejb.embedded.EJBContainerProviderImpl createEJBContainer
SEVERE: ejb.embedded.exception_instantiating
javax.ejb.EJBException: Failed to deploy EJB modules - see log for details
	at org.glassfish.ejb.embedded.EJBContainerImpl.deploy(EJBContainerImpl.java:135)
	at org.glassfish.ejb.embedded.EJBContainerProviderImpl.createEJBContainer(EJBContainerProviderImpl.java:120)
	at javax.ejb.embeddable.EJBContainer.createEJBContainer(EJBContainer.java:102)
	at javax.ejb.embeddable.EJBContainer.createEJBContainer(EJBContainer.java:78)
	at org.beginningee6.book.chapter07.ex01.ItemEJB01Test.testDeleteBook(ItemEJB01Test.java:148)
	at sun.reflect.NativeMethodAccessorImpl.invoke0(Native Method)
	at sun.reflect.NativeMethodAccessorImpl.invoke(NativeMethodAccessorImpl.java:57)
	at sun.reflect.DelegatingMethodAccessorImpl.invoke(DelegatingMethodAccessorImpl.java:43)
	at java.lang.reflect.Method.invoke(Method.java:601)
	at org.junit.runners.model.FrameworkMethod$1.runReflectiveCall(FrameworkMethod.java:44)
	at org.junit.internal.runners.model.ReflectiveCallable.run(ReflectiveCallable.java:15)
	at org.junit.runners.model.FrameworkMethod.invokeExplosively(FrameworkMethod.java:41)
	at org.junit.internal.runners.statements.InvokeMethod.evaluate(InvokeMethod.java:20)
	at org.junit.internal.runners.statements.RunBefores.evaluate(RunBefores.java:28)
	at org.junit.internal.runners.statements.RunAfters.evaluate(RunAfters.java:31)
	at org.junit.runners.BlockJUnit4ClassRunner.runNotIgnored(BlockJUnit4ClassRunner.java:79)
	at org.junit.runners.BlockJUnit4ClassRunner.runChild(BlockJUnit4ClassRunner.java:71)
	at org.junit.runners.BlockJUnit4ClassRunner.runChild(BlockJUnit4ClassRunner.java:49)
	at org.junit.runners.ParentRunner$3.run(ParentRunner.java:193)
	at org.junit.runners.ParentRunner$1.schedule(ParentRunner.java:52)
	at org.junit.runners.ParentRunner.runChildren(ParentRunner.java:191)
	at org.junit.runners.ParentRunner.access$000(ParentRunner.java:42)
	at org.junit.runners.ParentRunner$2.evaluate(ParentRunner.java:184)
	at org.junit.internal.runners.statements.RunBefores.evaluate(RunBefores.java:28)
	at org.junit.internal.runners.statements.RunAfters.evaluate(RunAfters.java:31)
	at org.junit.runners.ParentRunner.run(ParentRunner.java:236)
	at org.apache.maven.surefire.junit4.JUnit4TestSet.execute(JUnit4TestSet.java:53)
	at org.apache.maven.surefire.junit4.JUnit4Provider.executeTestSet(JUnit4Provider.java:123)
	at org.apache.maven.surefire.junit4.JUnit4Provider.invoke(JUnit4Provider.java:104)
	at sun.reflect.NativeMethodAccessorImpl.invoke0(Native Method)
	at sun.reflect.NativeMethodAccessorImpl.invoke(NativeMethodAccessorImpl.java:57)
	at sun.reflect.DelegatingMethodAccessorImpl.invoke(DelegatingMethodAccessorImpl.java:43)
	at java.lang.reflect.Method.invoke(Method.java:601)
	at org.apache.maven.surefire.util.ReflectionUtils.invokeMethodWithArray(ReflectionUtils.java:164)
	at org.apache.maven.surefire.booter.ProviderFactory$ProviderProxy.invoke(ProviderFactory.java:110)
	at org.apache.maven.surefire.booter.SurefireStarter.invokeProvider(SurefireStarter.java:175)
	at org.apache.maven.surefire.booter.SurefireStarter.runSuitesInProcessWhenForked(SurefireStarter.java:107)
	at org.apache.maven.surefire.booter.ForkedBooter.main(ForkedBooter.java:68)

</system-err>
  </testcase>
  <testcase time="100.403" classname="org.beginningee6.book.chapter07.ex01.ItemEJB01Test" name="testFindBookById">
    <error message="No EJBContainer provider available
The following providers:
org.glassfish.ejb.embedded.EJBContainerProviderImpl
Returned null from createEJBContainer call.
" type="javax.ejb.EJBException">javax.ejb.EJBException: No EJBContainer provider available
The following providers:
org.glassfish.ejb.embedded.EJBContainerProviderImpl
Returned null from createEJBContainer call.

	at javax.ejb.embeddable.EJBContainer.reportError(EJBContainer.java:186)
	at javax.ejb.embeddable.EJBContainer.createEJBContainer(EJBContainer.java:121)
	at javax.ejb.embeddable.EJBContainer.createEJBContainer(EJBContainer.java:78)
	at org.beginningee6.book.chapter07.ex01.ItemEJB01Test.testFindBookById(ItemEJB01Test.java:80)
	at sun.reflect.NativeMethodAccessorImpl.invoke0(Native Method)
	at sun.reflect.NativeMethodAccessorImpl.invoke(NativeMethodAccessorImpl.java:57)
	at sun.reflect.DelegatingMethodAccessorImpl.invoke(DelegatingMethodAccessorImpl.java:43)
	at java.lang.reflect.Method.invoke(Method.java:601)
	at org.junit.runners.model.FrameworkMethod$1.runReflectiveCall(FrameworkMethod.java:44)
	at org.junit.internal.runners.model.ReflectiveCallable.run(ReflectiveCallable.java:15)
	at org.junit.runners.model.FrameworkMethod.invokeExplosively(FrameworkMethod.java:41)
	at org.junit.internal.runners.statements.InvokeMethod.evaluate(InvokeMethod.java:20)
	at org.junit.internal.runners.statements.RunBefores.evaluate(RunBefores.java:28)
	at org.junit.internal.runners.statements.RunAfters.evaluate(RunAfters.java:31)
	at org.junit.runners.BlockJUnit4ClassRunner.runNotIgnored(BlockJUnit4ClassRunner.java:79)
	at org.junit.runners.BlockJUnit4ClassRunner.runChild(BlockJUnit4ClassRunner.java:71)
	at org.junit.runners.BlockJUnit4ClassRunner.runChild(BlockJUnit4ClassRunner.java:49)
	at org.junit.runners.ParentRunner$3.run(ParentRunner.java:193)
	at org.junit.runners.ParentRunner$1.schedule(ParentRunner.java:52)
	at org.junit.runners.ParentRunner.runChildren(ParentRunner.java:191)
	at org.junit.runners.ParentRunner.access$000(ParentRunner.java:42)
	at org.junit.runners.ParentRunner$2.evaluate(ParentRunner.java:184)
	at org.junit.internal.runners.statements.RunBefores.evaluate(RunBefores.java:28)
	at org.junit.internal.runners.statements.RunAfters.evaluate(RunAfters.java:31)
	at org.junit.runners.ParentRunner.run(ParentRunner.java:236)
	at org.apache.maven.surefire.junit4.JUnit4TestSet.execute(JUnit4TestSet.java:53)
	at org.apache.maven.surefire.junit4.JUnit4Provider.executeTestSet(JUnit4Provider.java:123)
	at org.apache.maven.surefire.junit4.JUnit4Provider.invoke(JUnit4Provider.java:104)
	at sun.reflect.NativeMethodAccessorImpl.invoke0(Native Method)
	at sun.reflect.NativeMethodAccessorImpl.invoke(NativeMethodAccessorImpl.java:57)
	at sun.reflect.DelegatingMethodAccessorImpl.invoke(DelegatingMethodAccessorImpl.java:43)
	at java.lang.reflect.Method.invoke(Method.java:601)
	at org.apache.maven.surefire.util.ReflectionUtils.invokeMethodWithArray(ReflectionUtils.java:164)
	at org.apache.maven.surefire.booter.ProviderFactory$ProviderProxy.invoke(ProviderFactory.java:110)
	at org.apache.maven.surefire.booter.SurefireStarter.invokeProvider(SurefireStarter.java:175)
	at org.apache.maven.surefire.booter.SurefireStarter.runSuitesInProcessWhenForked(SurefireStarter.java:107)
	at org.apache.maven.surefire.booter.ForkedBooter.main(ForkedBooter.java:68)
</error>
    <system-out>findBookById
</system-out>
    <system-err>jul 20, 2013 5:35:49 PM org.glassfish.ejb.embedded.EJBContainerProviderImpl getValidFile
SEVERE: ejb.embedded.location_not_exists
jul 20, 2013 5:35:49 PM com.sun.enterprise.module.impl.HK2Factory initialize
WARNING: Singleton already initialized as com.sun.enterprise.module.impl.HK2Factory@3f24aa7a
jul 20, 2013 5:35:49 PM com.sun.enterprise.v3.server.AppServerStartup run
INFO: GlassFish Server Open Source Edition 3.0.1 (java_re-private) startup time : Embedded(50ms) startup services(23ms) total(73ms)
jul 20, 2013 5:35:49 PM com.sun.enterprise.transaction.JavaEETransactionManagerSimplified initDelegates
INFO: Using com.sun.enterprise.transaction.jts.JavaEETransactionManagerJTSDelegate as the delegate
jul 20, 2013 5:35:49 PM org.glassfish.admin.mbeanserver.JMXStartupService$JMXConnectorsStarterThread run
INFO: JMXStartupService: JMXConnector system is disabled, skipping.
jul 20, 2013 5:35:49 PM AppServerStartup run
INFO: [Thread[GlassFish Kernel Main Thread,5,main]] started
jul 20, 2013 5:37:29 PM com.sun.enterprise.deployment.io.DeploymentDescriptorFile read
SEVERE: enterprise.deployment.backend.saxParserError
jul 20, 2013 5:37:29 PM org.glassfish.api.ActionReport failure
SEVERE: Exception while deploying the app
java.io.IOException: Unable to locate the DTD to validate your deployment descriptor file [META-INF/sun-ejb-jar.xml] in archive [glassfish-embedded-all-3_0_1-b20_jar]. Please make sure the DOCTYPE is correct (no typo in public ID or system ID) and you have proper access to the Internet.
	at com.sun.enterprise.deployment.io.DeploymentDescriptorFile.read(DeploymentDescriptorFile.java:335)
	at com.sun.enterprise.deployment.archivist.Archivist.readRuntimeDeploymentDescriptor(Archivist.java:662)
	at com.sun.enterprise.deployment.archivist.ApplicationArchivist.readRuntimeDeploymentDescriptor(ApplicationArchivist.java:703)
	at com.sun.enterprise.deployment.archivist.ApplicationArchivist.openWith(ApplicationArchivist.java:249)
	at com.sun.enterprise.deployment.archivist.ApplicationFactory.openWith(ApplicationFactory.java:222)
	at org.glassfish.javaee.core.deployment.DolProvider.load(DolProvider.java:152)
	at org.glassfish.javaee.core.deployment.DolProvider.load(DolProvider.java:79)
	at com.sun.enterprise.v3.server.ApplicationLifecycle.loadDeployer(ApplicationLifecycle.java:612)
	at com.sun.enterprise.v3.server.ApplicationLifecycle.setupContainerInfos(ApplicationLifecycle.java:554)
	at com.sun.enterprise.v3.server.ApplicationLifecycle.deploy(ApplicationLifecycle.java:262)
	at org.glassfish.kernel.embedded.EmbeddedDeployerImpl.deploy(EmbeddedDeployerImpl.java:214)
	at org.glassfish.kernel.embedded.EmbeddedDeployerImpl.deploy(EmbeddedDeployerImpl.java:144)
	at org.glassfish.ejb.embedded.EJBContainerImpl.deploy(EJBContainerImpl.java:128)
	at org.glassfish.ejb.embedded.EJBContainerProviderImpl.createEJBContainer(EJBContainerProviderImpl.java:120)
	at javax.ejb.embeddable.EJBContainer.createEJBContainer(EJBContainer.java:102)
	at javax.ejb.embeddable.EJBContainer.createEJBContainer(EJBContainer.java:78)
	at org.beginningee6.book.chapter07.ex01.ItemEJB01Test.testFindBookById(ItemEJB01Test.java:80)
	at sun.reflect.NativeMethodAccessorImpl.invoke0(Native Method)
	at sun.reflect.NativeMethodAccessorImpl.invoke(NativeMethodAccessorImpl.java:57)
	at sun.reflect.DelegatingMethodAccessorImpl.invoke(DelegatingMethodAccessorImpl.java:43)
	at java.lang.reflect.Method.invoke(Method.java:601)
	at org.junit.runners.model.FrameworkMethod$1.runReflectiveCall(FrameworkMethod.java:44)
	at org.junit.internal.runners.model.ReflectiveCallable.run(ReflectiveCallable.java:15)
	at org.junit.runners.model.FrameworkMethod.invokeExplosively(FrameworkMethod.java:41)
	at org.junit.internal.runners.statements.InvokeMethod.evaluate(InvokeMethod.java:20)
	at org.junit.internal.runners.statements.RunBefores.evaluate(RunBefores.java:28)
	at org.junit.internal.runners.statements.RunAfters.evaluate(RunAfters.java:31)
	at org.junit.runners.BlockJUnit4ClassRunner.runNotIgnored(BlockJUnit4ClassRunner.java:79)
	at org.junit.runners.BlockJUnit4ClassRunner.runChild(BlockJUnit4ClassRunner.java:71)
	at org.junit.runners.BlockJUnit4ClassRunner.runChild(BlockJUnit4ClassRunner.java:49)
	at org.junit.runners.ParentRunner$3.run(ParentRunner.java:193)
	at org.junit.runners.ParentRunner$1.schedule(ParentRunner.java:52)
	at org.junit.runners.ParentRunner.runChildren(ParentRunner.java:191)
	at org.junit.runners.ParentRunner.access$000(ParentRunner.java:42)
	at org.junit.runners.ParentRunner$2.evaluate(ParentRunner.java:184)
	at org.junit.internal.runners.statements.RunBefores.evaluate(RunBefores.java:28)
	at org.junit.internal.runners.statements.RunAfters.evaluate(RunAfters.java:31)
	at org.junit.runners.ParentRunner.run(ParentRunner.java:236)
	at org.apache.maven.surefire.junit4.JUnit4TestSet.execute(JUnit4TestSet.java:53)
	at org.apache.maven.surefire.junit4.JUnit4Provider.executeTestSet(JUnit4Provider.java:123)
	at org.apache.maven.surefire.junit4.JUnit4Provider.invoke(JUnit4Provider.java:104)
	at sun.reflect.NativeMethodAccessorImpl.invoke0(Native Method)
	at sun.reflect.NativeMethodAccessorImpl.invoke(NativeMethodAccessorImpl.java:57)
	at sun.reflect.DelegatingMethodAccessorImpl.invoke(DelegatingMethodAccessorImpl.java:43)
	at java.lang.reflect.Method.invoke(Method.java:601)
	at org.apache.maven.surefire.util.ReflectionUtils.invokeMethodWithArray(ReflectionUtils.java:164)
	at org.apache.maven.surefire.booter.ProviderFactory$ProviderProxy.invoke(ProviderFactory.java:110)
	at org.apache.maven.surefire.booter.SurefireStarter.invokeProvider(SurefireStarter.java:175)
	at org.apache.maven.surefire.booter.SurefireStarter.runSuitesInProcessWhenForked(SurefireStarter.java:107)
	at org.apache.maven.surefire.booter.ForkedBooter.main(ForkedBooter.java:68)
Caused by: java.net.UnknownHostException: www.sun.com
	at java.net.AbstractPlainSocketImpl.connect(AbstractPlainSocketImpl.java:178)
	at java.net.PlainSocketImpl.connect(PlainSocketImpl.java:157)
	at java.net.SocksSocketImpl.connect(SocksSocketImpl.java:391)
	at java.net.Socket.connect(Socket.java:579)
	at java.net.Socket.connect(Socket.java:528)
	at sun.net.NetworkClient.doConnect(NetworkClient.java:180)
	at sun.net.www.http.HttpClient.openServer(HttpClient.java:378)
	at sun.net.www.http.HttpClient.openServer(HttpClient.java:473)
	at sun.net.www.http.HttpClient.&lt;init&gt;(HttpClient.java:203)
	at sun.net.www.http.HttpClient.New(HttpClient.java:290)
	at sun.net.www.http.HttpClient.New(HttpClient.java:306)
	at sun.net.www.protocol.http.HttpURLConnection.getNewHttpClient(HttpURLConnection.java:995)
	at sun.net.www.protocol.http.HttpURLConnection.plainConnect(HttpURLConnection.java:931)
	at sun.net.www.protocol.http.HttpURLConnection.connect(HttpURLConnection.java:849)
	at sun.net.www.protocol.http.HttpURLConnection.getInputStream(HttpURLConnection.java:1299)
	at com.sun.org.apache.xerces.internal.impl.XMLEntityManager.setupCurrentEntity(XMLEntityManager.java:632)
	at com.sun.org.apache.xerces.internal.impl.XMLEntityManager.startEntity(XMLEntityManager.java:1270)
	at com.sun.org.apache.xerces.internal.impl.XMLEntityManager.startDTDEntity(XMLEntityManager.java:1237)
	at com.sun.org.apache.xerces.internal.impl.XMLDTDScannerImpl.setInputSource(XMLDTDScannerImpl.java:260)
	at com.sun.org.apache.xerces.internal.impl.XMLDocumentScannerImpl$DTDDriver.dispatch(XMLDocumentScannerImpl.java:1153)
	at com.sun.org.apache.xerces.internal.impl.XMLDocumentScannerImpl$DTDDriver.next(XMLDocumentScannerImpl.java:1049)
	at com.sun.org.apache.xerces.internal.impl.XMLDocumentScannerImpl$PrologDriver.next(XMLDocumentScannerImpl.java:962)
	at com.sun.org.apache.xerces.internal.impl.XMLDocumentScannerImpl.next(XMLDocumentScannerImpl.java:607)
	at com.sun.org.apache.xerces.internal.impl.XMLNSDocumentScannerImpl.next(XMLNSDocumentScannerImpl.java:116)
	at com.sun.org.apache.xerces.internal.impl.XMLDocumentFragmentScannerImpl.scanDocument(XMLDocumentFragmentScannerImpl.java:489)
	at com.sun.org.apache.xerces.internal.parsers.XML11Configuration.parse(XML11Configuration.java:835)
	at com.sun.org.apache.xerces.internal.parsers.XML11Configuration.parse(XML11Configuration.java:764)
	at com.sun.org.apache.xerces.internal.parsers.XMLParser.parse(XMLParser.java:123)
	at com.sun.org.apache.xerces.internal.parsers.AbstractSAXParser.parse(AbstractSAXParser.java:1210)
	at com.sun.org.apache.xerces.internal.jaxp.SAXParserImpl$JAXPSAXParser.parse(SAXParserImpl.java:568)
	at com.sun.org.apache.xerces.internal.jaxp.SAXParserImpl.parse(SAXParserImpl.java:302)
	at com.sun.enterprise.deployment.io.DeploymentDescriptorFile.read(DeploymentDescriptorFile.java:298)
	... 49 more

jul 20, 2013 5:37:29 PM org.glassfish.ejb.embedded.EJBContainerProviderImpl createEJBContainer
INFO: [EJBContainerProviderImpl] Cleaning up on failure ...
jul 20, 2013 5:37:29 PM org.glassfish.admin.mbeanserver.JMXStartupService shutdown
INFO: JMXStartupService and JMXConnectors have been shut down.
jul 20, 2013 5:37:29 PM com.sun.enterprise.v3.server.AppServerStartup stop
INFO: Shutdown procedure finished
jul 20, 2013 5:37:29 PM AppServerStartup run
INFO: [Thread[GlassFish Kernel Main Thread,5,main]] exiting
jul 20, 2013 5:37:29 PM org.glassfish.ejb.embedded.EJBContainerProviderImpl createEJBContainer
SEVERE: ejb.embedded.exception_instantiating
javax.ejb.EJBException: Failed to deploy EJB modules - see log for details
	at org.glassfish.ejb.embedded.EJBContainerImpl.deploy(EJBContainerImpl.java:135)
	at org.glassfish.ejb.embedded.EJBContainerProviderImpl.createEJBContainer(EJBContainerProviderImpl.java:120)
	at javax.ejb.embeddable.EJBContainer.createEJBContainer(EJBContainer.java:102)
	at javax.ejb.embeddable.EJBContainer.createEJBContainer(EJBContainer.java:78)
	at org.beginningee6.book.chapter07.ex01.ItemEJB01Test.testFindBookById(ItemEJB01Test.java:80)
	at sun.reflect.NativeMethodAccessorImpl.invoke0(Native Method)
	at sun.reflect.NativeMethodAccessorImpl.invoke(NativeMethodAccessorImpl.java:57)
	at sun.reflect.DelegatingMethodAccessorImpl.invoke(DelegatingMethodAccessorImpl.java:43)
	at java.lang.reflect.Method.invoke(Method.java:601)
	at org.junit.runners.model.FrameworkMethod$1.runReflectiveCall(FrameworkMethod.java:44)
	at org.junit.internal.runners.model.ReflectiveCallable.run(ReflectiveCallable.java:15)
	at org.junit.runners.model.FrameworkMethod.invokeExplosively(FrameworkMethod.java:41)
	at org.junit.internal.runners.statements.InvokeMethod.evaluate(InvokeMethod.java:20)
	at org.junit.internal.runners.statements.RunBefores.evaluate(RunBefores.java:28)
	at org.junit.internal.runners.statements.RunAfters.evaluate(RunAfters.java:31)
	at org.junit.runners.BlockJUnit4ClassRunner.runNotIgnored(BlockJUnit4ClassRunner.java:79)
	at org.junit.runners.BlockJUnit4ClassRunner.runChild(BlockJUnit4ClassRunner.java:71)
	at org.junit.runners.BlockJUnit4ClassRunner.runChild(BlockJUnit4ClassRunner.java:49)
	at org.junit.runners.ParentRunner$3.run(ParentRunner.java:193)
	at org.junit.runners.ParentRunner$1.schedule(ParentRunner.java:52)
	at org.junit.runners.ParentRunner.runChildren(ParentRunner.java:191)
	at org.junit.runners.ParentRunner.access$000(ParentRunner.java:42)
	at org.junit.runners.ParentRunner$2.evaluate(ParentRunner.java:184)
	at org.junit.internal.runners.statements.RunBefores.evaluate(RunBefores.java:28)
	at org.junit.internal.runners.statements.RunAfters.evaluate(RunAfters.java:31)
	at org.junit.runners.ParentRunner.run(ParentRunner.java:236)
	at org.apache.maven.surefire.junit4.JUnit4TestSet.execute(JUnit4TestSet.java:53)
	at org.apache.maven.surefire.junit4.JUnit4Provider.executeTestSet(JUnit4Provider.java:123)
	at org.apache.maven.surefire.junit4.JUnit4Provider.invoke(JUnit4Provider.java:104)
	at sun.reflect.NativeMethodAccessorImpl.invoke0(Native Method)
	at sun.reflect.NativeMethodAccessorImpl.invoke(NativeMethodAccessorImpl.java:57)
	at sun.reflect.DelegatingMethodAccessorImpl.invoke(DelegatingMethodAccessorImpl.java:43)
	at java.lang.reflect.Method.invoke(Method.java:601)
	at org.apache.maven.surefire.util.ReflectionUtils.invokeMethodWithArray(ReflectionUtils.java:164)
	at org.apache.maven.surefire.booter.ProviderFactory$ProviderProxy.invoke(ProviderFactory.java:110)
	at org.apache.maven.surefire.booter.SurefireStarter.invokeProvider(SurefireStarter.java:175)
	at org.apache.maven.surefire.booter.SurefireStarter.runSuitesInProcessWhenForked(SurefireStarter.java:107)
	at org.apache.maven.surefire.booter.ForkedBooter.main(ForkedBooter.java:68)

</system-err>
  </testcase>
  <testcase time="101.954" classname="org.beginningee6.book.chapter07.ex01.ItemEJB01Test" name="testFindCDById">
    <error message="No EJBContainer provider available
The following providers:
org.glassfish.ejb.embedded.EJBContainerProviderImpl
Returned null from createEJBContainer call.
" type="javax.ejb.EJBException">javax.ejb.EJBException: No EJBContainer provider available
The following providers:
org.glassfish.ejb.embedded.EJBContainerProviderImpl
Returned null from createEJBContainer call.

	at javax.ejb.embeddable.EJBContainer.reportError(EJBContainer.java:186)
	at javax.ejb.embeddable.EJBContainer.createEJBContainer(EJBContainer.java:121)
	at javax.ejb.embeddable.EJBContainer.createEJBContainer(EJBContainer.java:78)
	at org.beginningee6.book.chapter07.ex01.ItemEJB01Test.testFindCDById(ItemEJB01Test.java:97)
	at sun.reflect.NativeMethodAccessorImpl.invoke0(Native Method)
	at sun.reflect.NativeMethodAccessorImpl.invoke(NativeMethodAccessorImpl.java:57)
	at sun.reflect.DelegatingMethodAccessorImpl.invoke(DelegatingMethodAccessorImpl.java:43)
	at java.lang.reflect.Method.invoke(Method.java:601)
	at org.junit.runners.model.FrameworkMethod$1.runReflectiveCall(FrameworkMethod.java:44)
	at org.junit.internal.runners.model.ReflectiveCallable.run(ReflectiveCallable.java:15)
	at org.junit.runners.model.FrameworkMethod.invokeExplosively(FrameworkMethod.java:41)
	at org.junit.internal.runners.statements.InvokeMethod.evaluate(InvokeMethod.java:20)
	at org.junit.internal.runners.statements.RunBefores.evaluate(RunBefores.java:28)
	at org.junit.internal.runners.statements.RunAfters.evaluate(RunAfters.java:31)
	at org.junit.runners.BlockJUnit4ClassRunner.runNotIgnored(BlockJUnit4ClassRunner.java:79)
	at org.junit.runners.BlockJUnit4ClassRunner.runChild(BlockJUnit4ClassRunner.java:71)
	at org.junit.runners.BlockJUnit4ClassRunner.runChild(BlockJUnit4ClassRunner.java:49)
	at org.junit.runners.ParentRunner$3.run(ParentRunner.java:193)
	at org.junit.runners.ParentRunner$1.schedule(ParentRunner.java:52)
	at org.junit.runners.ParentRunner.runChildren(ParentRunner.java:191)
	at org.junit.runners.ParentRunner.access$000(ParentRunner.java:42)
	at org.junit.runners.ParentRunner$2.evaluate(ParentRunner.java:184)
	at org.junit.internal.runners.statements.RunBefores.evaluate(RunBefores.java:28)
	at org.junit.internal.runners.statements.RunAfters.evaluate(RunAfters.java:31)
	at org.junit.runners.ParentRunner.run(ParentRunner.java:236)
	at org.apache.maven.surefire.junit4.JUnit4TestSet.execute(JUnit4TestSet.java:53)
	at org.apache.maven.surefire.junit4.JUnit4Provider.executeTestSet(JUnit4Provider.java:123)
	at org.apache.maven.surefire.junit4.JUnit4Provider.invoke(JUnit4Provider.java:104)
	at sun.reflect.NativeMethodAccessorImpl.invoke0(Native Method)
	at sun.reflect.NativeMethodAccessorImpl.invoke(NativeMethodAccessorImpl.java:57)
	at sun.reflect.DelegatingMethodAccessorImpl.invoke(DelegatingMethodAccessorImpl.java:43)
	at java.lang.reflect.Method.invoke(Method.java:601)
	at org.apache.maven.surefire.util.ReflectionUtils.invokeMethodWithArray(ReflectionUtils.java:164)
	at org.apache.maven.surefire.booter.ProviderFactory$ProviderProxy.invoke(ProviderFactory.java:110)
	at org.apache.maven.surefire.booter.SurefireStarter.invokeProvider(SurefireStarter.java:175)
	at org.apache.maven.surefire.booter.SurefireStarter.runSuitesInProcessWhenForked(SurefireStarter.java:107)
	at org.apache.maven.surefire.booter.ForkedBooter.main(ForkedBooter.java:68)
</error>
    <system-out>findCDById
</system-out>
    <system-err>jul 20, 2013 5:37:29 PM org.glassfish.ejb.embedded.EJBContainerProviderImpl getValidFile
SEVERE: ejb.embedded.location_not_exists
jul 20, 2013 5:37:30 PM com.sun.enterprise.module.impl.HK2Factory initialize
WARNING: Singleton already initialized as com.sun.enterprise.module.impl.HK2Factory@3c9a1023
jul 20, 2013 5:37:30 PM com.sun.enterprise.v3.server.AppServerStartup run
INFO: GlassFish Server Open Source Edition 3.0.1 (java_re-private) startup time : Embedded(28ms) startup services(20ms) total(48ms)
jul 20, 2013 5:37:30 PM com.sun.enterprise.transaction.JavaEETransactionManagerSimplified initDelegates
INFO: Using com.sun.enterprise.transaction.jts.JavaEETransactionManagerJTSDelegate as the delegate
jul 20, 2013 5:37:30 PM org.glassfish.admin.mbeanserver.JMXStartupService$JMXConnectorsStarterThread run
INFO: JMXStartupService: JMXConnector system is disabled, skipping.
jul 20, 2013 5:37:30 PM AppServerStartup run
INFO: [Thread[GlassFish Kernel Main Thread,5,main]] started
jul 20, 2013 5:39:11 PM com.sun.enterprise.deployment.io.DeploymentDescriptorFile read
SEVERE: enterprise.deployment.backend.saxParserError
jul 20, 2013 5:39:11 PM org.glassfish.api.ActionReport failure
SEVERE: Exception while deploying the app
java.io.IOException: Unable to locate the DTD to validate your deployment descriptor file [META-INF/sun-ejb-jar.xml] in archive [glassfish-embedded-all-3_0_1-b20_jar]. Please make sure the DOCTYPE is correct (no typo in public ID or system ID) and you have proper access to the Internet.
	at com.sun.enterprise.deployment.io.DeploymentDescriptorFile.read(DeploymentDescriptorFile.java:335)
	at com.sun.enterprise.deployment.archivist.Archivist.readRuntimeDeploymentDescriptor(Archivist.java:662)
	at com.sun.enterprise.deployment.archivist.ApplicationArchivist.readRuntimeDeploymentDescriptor(ApplicationArchivist.java:703)
	at com.sun.enterprise.deployment.archivist.ApplicationArchivist.openWith(ApplicationArchivist.java:249)
	at com.sun.enterprise.deployment.archivist.ApplicationFactory.openWith(ApplicationFactory.java:222)
	at org.glassfish.javaee.core.deployment.DolProvider.load(DolProvider.java:152)
	at org.glassfish.javaee.core.deployment.DolProvider.load(DolProvider.java:79)
	at com.sun.enterprise.v3.server.ApplicationLifecycle.loadDeployer(ApplicationLifecycle.java:612)
	at com.sun.enterprise.v3.server.ApplicationLifecycle.setupContainerInfos(ApplicationLifecycle.java:554)
	at com.sun.enterprise.v3.server.ApplicationLifecycle.deploy(ApplicationLifecycle.java:262)
	at org.glassfish.kernel.embedded.EmbeddedDeployerImpl.deploy(EmbeddedDeployerImpl.java:214)
	at org.glassfish.kernel.embedded.EmbeddedDeployerImpl.deploy(EmbeddedDeployerImpl.java:144)
	at org.glassfish.ejb.embedded.EJBContainerImpl.deploy(EJBContainerImpl.java:128)
	at org.glassfish.ejb.embedded.EJBContainerProviderImpl.createEJBContainer(EJBContainerProviderImpl.java:120)
	at javax.ejb.embeddable.EJBContainer.createEJBContainer(EJBContainer.java:102)
	at javax.ejb.embeddable.EJBContainer.createEJBContainer(EJBContainer.java:78)
	at org.beginningee6.book.chapter07.ex01.ItemEJB01Test.testFindCDById(ItemEJB01Test.java:97)
	at sun.reflect.NativeMethodAccessorImpl.invoke0(Native Method)
	at sun.reflect.NativeMethodAccessorImpl.invoke(NativeMethodAccessorImpl.java:57)
	at sun.reflect.DelegatingMethodAccessorImpl.invoke(DelegatingMethodAccessorImpl.java:43)
	at java.lang.reflect.Method.invoke(Method.java:601)
	at org.junit.runners.model.FrameworkMethod$1.runReflectiveCall(FrameworkMethod.java:44)
	at org.junit.internal.runners.model.ReflectiveCallable.run(ReflectiveCallable.java:15)
	at org.junit.runners.model.FrameworkMethod.invokeExplosively(FrameworkMethod.java:41)
	at org.junit.internal.runners.statements.InvokeMethod.evaluate(InvokeMethod.java:20)
	at org.junit.internal.runners.statements.RunBefores.evaluate(RunBefores.java:28)
	at org.junit.internal.runners.statements.RunAfters.evaluate(RunAfters.java:31)
	at org.junit.runners.BlockJUnit4ClassRunner.runNotIgnored(BlockJUnit4ClassRunner.java:79)
	at org.junit.runners.BlockJUnit4ClassRunner.runChild(BlockJUnit4ClassRunner.java:71)
	at org.junit.runners.BlockJUnit4ClassRunner.runChild(BlockJUnit4ClassRunner.java:49)
	at org.junit.runners.ParentRunner$3.run(ParentRunner.java:193)
	at org.junit.runners.ParentRunner$1.schedule(ParentRunner.java:52)
	at org.junit.runners.ParentRunner.runChildren(ParentRunner.java:191)
	at org.junit.runners.ParentRunner.access$000(ParentRunner.java:42)
	at org.junit.runners.ParentRunner$2.evaluate(ParentRunner.java:184)
	at org.junit.internal.runners.statements.RunBefores.evaluate(RunBefores.java:28)
	at org.junit.internal.runners.statements.RunAfters.evaluate(RunAfters.java:31)
	at org.junit.runners.ParentRunner.run(ParentRunner.java:236)
	at org.apache.maven.surefire.junit4.JUnit4TestSet.execute(JUnit4TestSet.java:53)
	at org.apache.maven.surefire.junit4.JUnit4Provider.executeTestSet(JUnit4Provider.java:123)
	at org.apache.maven.surefire.junit4.JUnit4Provider.invoke(JUnit4Provider.java:104)
	at sun.reflect.NativeMethodAccessorImpl.invoke0(Native Method)
	at sun.reflect.NativeMethodAccessorImpl.invoke(NativeMethodAccessorImpl.java:57)
	at sun.reflect.DelegatingMethodAccessorImpl.invoke(DelegatingMethodAccessorImpl.java:43)
	at java.lang.reflect.Method.invoke(Method.java:601)
	at org.apache.maven.surefire.util.ReflectionUtils.invokeMethodWithArray(ReflectionUtils.java:164)
	at org.apache.maven.surefire.booter.ProviderFactory$ProviderProxy.invoke(ProviderFactory.java:110)
	at org.apache.maven.surefire.booter.SurefireStarter.invokeProvider(SurefireStarter.java:175)
	at org.apache.maven.surefire.booter.SurefireStarter.runSuitesInProcessWhenForked(SurefireStarter.java:107)
	at org.apache.maven.surefire.booter.ForkedBooter.main(ForkedBooter.java:68)
Caused by: java.net.UnknownHostException: www.sun.com
	at java.net.AbstractPlainSocketImpl.connect(AbstractPlainSocketImpl.java:178)
	at java.net.PlainSocketImpl.connect(PlainSocketImpl.java:157)
	at java.net.SocksSocketImpl.connect(SocksSocketImpl.java:391)
	at java.net.Socket.connect(Socket.java:579)
	at java.net.Socket.connect(Socket.java:528)
	at sun.net.NetworkClient.doConnect(NetworkClient.java:180)
	at sun.net.www.http.HttpClient.openServer(HttpClient.java:378)
	at sun.net.www.http.HttpClient.openServer(HttpClient.java:473)
	at sun.net.www.http.HttpClient.&lt;init&gt;(HttpClient.java:203)
	at sun.net.www.http.HttpClient.New(HttpClient.java:290)
	at sun.net.www.http.HttpClient.New(HttpClient.java:306)
	at sun.net.www.protocol.http.HttpURLConnection.getNewHttpClient(HttpURLConnection.java:995)
	at sun.net.www.protocol.http.HttpURLConnection.plainConnect(HttpURLConnection.java:931)
	at sun.net.www.protocol.http.HttpURLConnection.connect(HttpURLConnection.java:849)
	at sun.net.www.protocol.http.HttpURLConnection.getInputStream(HttpURLConnection.java:1299)
	at com.sun.org.apache.xerces.internal.impl.XMLEntityManager.setupCurrentEntity(XMLEntityManager.java:632)
	at com.sun.org.apache.xerces.internal.impl.XMLEntityManager.startEntity(XMLEntityManager.java:1270)
	at com.sun.org.apache.xerces.internal.impl.XMLEntityManager.startDTDEntity(XMLEntityManager.java:1237)
	at com.sun.org.apache.xerces.internal.impl.XMLDTDScannerImpl.setInputSource(XMLDTDScannerImpl.java:260)
	at com.sun.org.apache.xerces.internal.impl.XMLDocumentScannerImpl$DTDDriver.dispatch(XMLDocumentScannerImpl.java:1153)
	at com.sun.org.apache.xerces.internal.impl.XMLDocumentScannerImpl$DTDDriver.next(XMLDocumentScannerImpl.java:1049)
	at com.sun.org.apache.xerces.internal.impl.XMLDocumentScannerImpl$PrologDriver.next(XMLDocumentScannerImpl.java:962)
	at com.sun.org.apache.xerces.internal.impl.XMLDocumentScannerImpl.next(XMLDocumentScannerImpl.java:607)
	at com.sun.org.apache.xerces.internal.impl.XMLNSDocumentScannerImpl.next(XMLNSDocumentScannerImpl.java:116)
	at com.sun.org.apache.xerces.internal.impl.XMLDocumentFragmentScannerImpl.scanDocument(XMLDocumentFragmentScannerImpl.java:489)
	at com.sun.org.apache.xerces.internal.parsers.XML11Configuration.parse(XML11Configuration.java:835)
	at com.sun.org.apache.xerces.internal.parsers.XML11Configuration.parse(XML11Configuration.java:764)
	at com.sun.org.apache.xerces.internal.parsers.XMLParser.parse(XMLParser.java:123)
	at com.sun.org.apache.xerces.internal.parsers.AbstractSAXParser.parse(AbstractSAXParser.java:1210)
	at com.sun.org.apache.xerces.internal.jaxp.SAXParserImpl$JAXPSAXParser.parse(SAXParserImpl.java:568)
	at com.sun.org.apache.xerces.internal.jaxp.SAXParserImpl.parse(SAXParserImpl.java:302)
	at com.sun.enterprise.deployment.io.DeploymentDescriptorFile.read(DeploymentDescriptorFile.java:298)
	... 49 more

jul 20, 2013 5:39:11 PM org.glassfish.ejb.embedded.EJBContainerProviderImpl createEJBContainer
INFO: [EJBContainerProviderImpl] Cleaning up on failure ...
jul 20, 2013 5:39:11 PM org.glassfish.admin.mbeanserver.JMXStartupService shutdown
INFO: JMXStartupService and JMXConnectors have been shut down.
jul 20, 2013 5:39:11 PM com.sun.enterprise.v3.server.AppServerStartup stop
INFO: Shutdown procedure finished
jul 20, 2013 5:39:11 PM AppServerStartup run
INFO: [Thread[GlassFish Kernel Main Thread,5,main]] exiting
jul 20, 2013 5:39:11 PM org.glassfish.ejb.embedded.EJBContainerProviderImpl createEJBContainer
SEVERE: ejb.embedded.exception_instantiating
javax.ejb.EJBException: Failed to deploy EJB modules - see log for details
	at org.glassfish.ejb.embedded.EJBContainerImpl.deploy(EJBContainerImpl.java:135)
	at org.glassfish.ejb.embedded.EJBContainerProviderImpl.createEJBContainer(EJBContainerProviderImpl.java:120)
	at javax.ejb.embeddable.EJBContainer.createEJBContainer(EJBContainer.java:102)
	at javax.ejb.embeddable.EJBContainer.createEJBContainer(EJBContainer.java:78)
	at org.beginningee6.book.chapter07.ex01.ItemEJB01Test.testFindCDById(ItemEJB01Test.java:97)
	at sun.reflect.NativeMethodAccessorImpl.invoke0(Native Method)
	at sun.reflect.NativeMethodAccessorImpl.invoke(NativeMethodAccessorImpl.java:57)
	at sun.reflect.DelegatingMethodAccessorImpl.invoke(DelegatingMethodAccessorImpl.java:43)
	at java.lang.reflect.Method.invoke(Method.java:601)
	at org.junit.runners.model.FrameworkMethod$1.runReflectiveCall(FrameworkMethod.java:44)
	at org.junit.internal.runners.model.ReflectiveCallable.run(ReflectiveCallable.java:15)
	at org.junit.runners.model.FrameworkMethod.invokeExplosively(FrameworkMethod.java:41)
	at org.junit.internal.runners.statements.InvokeMethod.evaluate(InvokeMethod.java:20)
	at org.junit.internal.runners.statements.RunBefores.evaluate(RunBefores.java:28)
	at org.junit.internal.runners.statements.RunAfters.evaluate(RunAfters.java:31)
	at org.junit.runners.BlockJUnit4ClassRunner.runNotIgnored(BlockJUnit4ClassRunner.java:79)
	at org.junit.runners.BlockJUnit4ClassRunner.runChild(BlockJUnit4ClassRunner.java:71)
	at org.junit.runners.BlockJUnit4ClassRunner.runChild(BlockJUnit4ClassRunner.java:49)
	at org.junit.runners.ParentRunner$3.run(ParentRunner.java:193)
	at org.junit.runners.ParentRunner$1.schedule(ParentRunner.java:52)
	at org.junit.runners.ParentRunner.runChildren(ParentRunner.java:191)
	at org.junit.runners.ParentRunner.access$000(ParentRunner.java:42)
	at org.junit.runners.ParentRunner$2.evaluate(ParentRunner.java:184)
	at org.junit.internal.runners.statements.RunBefores.evaluate(RunBefores.java:28)
	at org.junit.internal.runners.statements.RunAfters.evaluate(RunAfters.java:31)
	at org.junit.runners.ParentRunner.run(ParentRunner.java:236)
	at org.apache.maven.surefire.junit4.JUnit4TestSet.execute(JUnit4TestSet.java:53)
	at org.apache.maven.surefire.junit4.JUnit4Provider.executeTestSet(JUnit4Provider.java:123)
	at org.apache.maven.surefire.junit4.JUnit4Provider.invoke(JUnit4Provider.java:104)
	at sun.reflect.NativeMethodAccessorImpl.invoke0(Native Method)
	at sun.reflect.NativeMethodAccessorImpl.invoke(NativeMethodAccessorImpl.java:57)
	at sun.reflect.DelegatingMethodAccessorImpl.invoke(DelegatingMethodAccessorImpl.java:43)
	at java.lang.reflect.Method.invoke(Method.java:601)
	at org.apache.maven.surefire.util.ReflectionUtils.invokeMethodWithArray(ReflectionUtils.java:164)
	at org.apache.maven.surefire.booter.ProviderFactory$ProviderProxy.invoke(ProviderFactory.java:110)
	at org.apache.maven.surefire.booter.SurefireStarter.invokeProvider(SurefireStarter.java:175)
	at org.apache.maven.surefire.booter.SurefireStarter.runSuitesInProcessWhenForked(SurefireStarter.java:107)
	at org.apache.maven.surefire.booter.ForkedBooter.main(ForkedBooter.java:68)

</system-err>
  </testcase>
</testsuite>